2019-12-02 09:30:22.355785: W tensorflow/stream_executor/platform/default/dso_loader.cc:55] Could not load dynamic library 'libcuda.so.1'; dlerror: libcuda.so.1: cannot open shared object file: No such file or directory; LD_LIBRARY_PATH: /share/apps/anaconda3/4.3.1/lib:/share/apps/cudnn/8.0v6.0/lib64:/share/apps/cuda/8.0.44/extras/CUPTI/lib64:/share/apps/cuda/8.0.44/lib64:/share/apps/centos/7/usr/lib64:/opt/slurm/lib64
2019-12-02 09:30:22.355922: E tensorflow/stream_executor/cuda/cuda_driver.cc:318] failed call to cuInit: UNKNOWN ERROR (303)
2019-12-02 09:30:22.355952: I tensorflow/stream_executor/cuda/cuda_diagnostics.cc:156] kernel driver does not appear to be running on this host (c29-01): /proc/driver/nvidia/version does not exist
2019-12-02 09:30:22.363395: I tensorflow/core/platform/profile_utils/cpu_utils.cc:94] CPU Frequency: 2999790000 Hz
2019-12-02 09:30:22.363569: I tensorflow/compiler/xla/service/service.cc:168] XLA service 0x5d31bd0 executing computations on platform Host. Devices:
2019-12-02 09:30:22.363587: I tensorflow/compiler/xla/service/service.cc:175]   StreamExecutor device (0): Host, Default Version
Using TensorFlow backend.
  0%|          | 0/6000 [00:00<?, ?it/s] 60%|█████▉    | 3577/6000 [00:00<00:00, 34947.97it/s]100%|██████████| 6000/6000 [00:00<00:00, 49779.89it/s]
  0%|          | 0/2000 [00:00<?, ?it/s]100%|██████████| 2000/2000 [00:00<00:00, 134415.59it/s]Fit model...
Epoch 1/150
 - 226s - loss: 0.3079 - accuracy: 0.8821 - val_loss: 0.1655 - val_accuracy: 0.8861
Epoch 2/150
 - 221s - loss: 0.1973 - accuracy: 0.9281 - val_loss: 0.2684 - val_accuracy: 0.8875
Epoch 3/150
 - 222s - loss: 0.1782 - accuracy: 0.9370 - val_loss: 0.1147 - val_accuracy: 0.8845
Epoch 4/150
 - 223s - loss: 0.1586 - accuracy: 0.9455 - val_loss: 0.2310 - val_accuracy: 0.8900
Epoch 5/150
 - 221s - loss: 0.1634 - accuracy: 0.9430 - val_loss: 0.1775 - val_accuracy: 0.8912
Epoch 6/150
 - 224s - loss: 0.1446 - accuracy: 0.9504 - val_loss: 0.0349 - val_accuracy: 0.8849
Epoch 7/150
 - 225s - loss: 0.1351 - accuracy: 0.9552 - val_loss: 0.0801 - val_accuracy: 0.8940
Epoch 8/150
 - 228s - loss: 0.1341 - accuracy: 0.9553 - val_loss: 0.4331 - val_accuracy: 0.8973
Epoch 9/150
 - 226s - loss: 0.1316 - accuracy: 0.9574 - val_loss: 0.3028 - val_accuracy: 0.8971
Epoch 10/150
 - 223s - loss: 0.1313 - accuracy: 0.9575 - val_loss: 0.1865 - val_accuracy: 0.8983
Epoch 11/150
 - 225s - loss: 0.1381 - accuracy: 0.9536 - val_loss: 0.1609 - val_accuracy: 0.8951
Epoch 12/150
 - 228s - loss: 0.1361 - accuracy: 0.9551 - val_loss: 0.4684 - val_accuracy: 0.8852
Epoch 13/150
 - 228s - loss: 0.1427 - accuracy: 0.9529 - val_loss: 0.0373 - val_accuracy: 0.8922
Epoch 14/150
 - 223s - loss: 0.1330 - accuracy: 0.9560 - val_loss: 0.0180 - val_accuracy: 0.8926
Epoch 15/150
 - 213s - loss: 0.1529 - accuracy: 0.9479 - val_loss: 0.3394 - val_accuracy: 0.8924
Epoch 16/150
 - 208s - loss: 0.1339 - accuracy: 0.9561 - val_loss: 0.6898 - val_accuracy: 0.9032
Epoch 17/150
 - 207s - loss: 0.1387 - accuracy: 0.9545 - val_loss: 0.4359 - val_accuracy: 0.8895
Epoch 18/150
 - 207s - loss: 0.1281 - accuracy: 0.9594 - val_loss: 0.6139 - val_accuracy: 0.8870
Epoch 19/150
 - 207s - loss: 0.1375 - accuracy: 0.9542 - val_loss: 0.2379 - val_accuracy: 0.8915
Epoch 20/150
 - 207s - loss: 0.1085 - accuracy: 0.9669 - val_loss: 0.4020 - val_accuracy: 0.8982
Epoch 21/150
 - 207s - loss: 0.1176 - accuracy: 0.9628 - val_loss: 0.3606 - val_accuracy: 0.8989
Epoch 22/150
 - 206s - loss: 0.1419 - accuracy: 0.9529 - val_loss: 0.0777 - val_accuracy: 0.8982
Epoch 23/150
 - 206s - loss: 0.1172 - accuracy: 0.9627 - val_loss: 0.4025 - val_accuracy: 0.8987
Epoch 24/150
 - 204s - loss: 0.1157 - accuracy: 0.9640 - val_loss: 0.1409 - val_accuracy: 0.9046
Epoch 25/150
 - 205s - loss: 0.1171 - accuracy: 0.9615 - val_loss: 0.1646 - val_accuracy: 0.8952
Epoch 26/150
 - 204s - loss: 0.1377 - accuracy: 0.9529 - val_loss: 0.2258 - val_accuracy: 0.8962
Epoch 27/150
 - 206s - loss: 0.1310 - accuracy: 0.9572 - val_loss: 0.3957 - val_accuracy: 0.8989
Epoch 28/150
 - 205s - loss: 0.1246 - accuracy: 0.9599 - val_loss: 0.4620 - val_accuracy: 0.8994
Epoch 29/150
 - 205s - loss: 0.1169 - accuracy: 0.9621 - val_loss: 0.1673 - val_accuracy: 0.8998
Epoch 30/150
 - 205s - loss: 0.1282 - accuracy: 0.9582 - val_loss: 0.3948 - val_accuracy: 0.9084
Epoch 31/150
 - 205s - loss: 0.1220 - accuracy: 0.9593 - val_loss: 0.4520 - val_accuracy: 0.9019
Epoch 32/150
 - 206s - loss: 0.1268 - accuracy: 0.9583 - val_loss: 0.4548 - val_accuracy: 0.9029
Epoch 33/150
 - 206s - loss: 0.1407 - accuracy: 0.9516 - val_loss: 0.1366 - val_accuracy: 0.8984
Epoch 34/150
 - 209s - loss: 0.1270 - accuracy: 0.9589 - val_loss: 0.1096 - val_accuracy: 0.8986
Epoch 35/150
 - 207s - loss: 0.1381 - accuracy: 0.9547 - val_loss: 0.1777 - val_accuracy: 0.8994
Epoch 36/150
 - 208s - loss: 0.1197 - accuracy: 0.9604 - val_loss: 0.2318 - val_accuracy: 0.9046
Epoch 37/150
 - 208s - loss: 0.1360 - accuracy: 0.9542 - val_loss: 0.5020 - val_accuracy: 0.9026
Epoch 38/150
 - 207s - loss: 0.1383 - accuracy: 0.9551 - val_loss: 0.0392 - val_accuracy: 0.9079
Epoch 39/150
 - 208s - loss: 0.1485 - accuracy: 0.9486 - val_loss: 0.3414 - val_accuracy: 0.9036
Epoch 40/150
 - 208s - loss: 0.1413 - accuracy: 0.9523 - val_loss: 0.0285 - val_accuracy: 0.8935
Epoch 41/150
 - 206s - loss: 0.1260 - accuracy: 0.9556 - val_loss: 0.3012 - val_accuracy: 0.9095
Epoch 42/150
 - 206s - loss: 0.1321 - accuracy: 0.9564 - val_loss: 0.5786 - val_accuracy: 0.9055
Epoch 43/150
 - 206s - loss: 0.1419 - accuracy: 0.9525 - val_loss: 0.5670 - val_accuracy: 0.8980
Epoch 44/150
 - 205s - loss: 0.1543 - accuracy: 0.9454 - val_loss: 0.5090 - val_accuracy: 0.8957
Epoch 45/150
 - 207s - loss: 0.1354 - accuracy: 0.9545 - val_loss: 0.1089 - val_accuracy: 0.9028
Epoch 46/150
 - 206s - loss: 0.1453 - accuracy: 0.9497 - val_loss: 0.2069 - val_accuracy: 0.9073
Epoch 47/150
 - 205s - loss: 0.1568 - accuracy: 0.9456 - val_loss: 0.2044 - val_accuracy: 0.9073
Epoch 48/150
 - 206s - loss: 0.1184 - accuracy: 0.9611 - val_loss: 0.1439 - val_accuracy: 0.9065
Epoch 49/150
 - 211s - loss: 0.1625 - accuracy: 0.9440 - val_loss: 0.5083 - val_accuracy: 0.8983
Epoch 50/150
 - 206s - loss: 0.1368 - accuracy: 0.9542 - val_loss: 0.2925 - val_accuracy: 0.8939
Epoch 51/150
 - 207s - loss: 0.1415 - accuracy: 0.9517 - val_loss: 0.0263 - val_accuracy: 0.9007
Epoch 52/150
 - 206s - loss: 0.1418 - accuracy: 0.9524 - val_loss: 0.0470 - val_accuracy: 0.8980
Epoch 53/150
 - 209s - loss: 0.1569 - accuracy: 0.9453 - val_loss: 0.4998 - val_accuracy: 0.9042
Epoch 54/150
 - 207s - loss: 0.1431 - accuracy: 0.9526 - val_loss: 0.0635 - val_accuracy: 0.8980
Epoch 55/150
 - 208s - loss: 0.1651 - accuracy: 0.9428 - val_loss: 0.3649 - val_accuracy: 0.9045
Epoch 56/150
 - 209s - loss: 0.1315 - accuracy: 0.9540 - val_loss: 0.3178 - val_accuracy: 0.9033
Epoch 57/150
 - 207s - loss: 0.1293 - accuracy: 0.9560 - val_loss: 0.3447 - val_accuracy: 0.8997
Epoch 58/150
 - 208s - loss: 0.1522 - accuracy: 0.9476 - val_loss: 0.3276 - val_accuracy: 0.9002
Epoch 59/150
 - 207s - loss: 0.1560 - accuracy: 0.9436 - val_loss: 0.4413 - val_accuracy: 0.9022
Epoch 60/150
 - 207s - loss: 0.1537 - accuracy: 0.9440 - val_loss: 0.4403 - val_accuracy: 0.8924
Epoch 61/150
 - 207s - loss: 0.1589 - accuracy: 0.9430 - val_loss: 0.3533 - val_accuracy: 0.8959
Epoch 62/150
 - 207s - loss: 0.1499 - accuracy: 0.9466 - val_loss: 0.3506 - val_accuracy: 0.9115
Epoch 63/150
 - 207s - loss: 0.1392 - accuracy: 0.9514 - val_loss: 0.8780 - val_accuracy: 0.9117
Epoch 64/150
 - 207s - loss: 0.1357 - accuracy: 0.9553 - val_loss: 0.2280 - val_accuracy: 0.8992
Epoch 65/150
 - 207s - loss: 0.1413 - accuracy: 0.9502 - val_loss: 0.0710 - val_accuracy: 0.9048
Epoch 66/150
 - 208s - loss: 0.1670 - accuracy: 0.9403 - val_loss: 0.1276 - val_accuracy: 0.9030
Epoch 67/150
 - 207s - loss: 0.1655 - accuracy: 0.9395 - val_loss: 0.4537 - val_accuracy: 0.9100
Epoch 68/150
 - 208s - loss: 0.1519 - accuracy: 0.9454 - val_loss: 0.3143 - val_accuracy: 0.8942
Epoch 69/150
 - 207s - loss: 0.1311 - accuracy: 0.9547 - val_loss: 0.3771 - val_accuracy: 0.8998
Epoch 70/150
 - 208s - loss: 0.1543 - accuracy: 0.9452 - val_loss: 0.6188 - val_accuracy: 0.9002
Epoch 71/150
 - 206s - loss: 0.1372 - accuracy: 0.9525 - val_loss: 0.3609 - val_accuracy: 0.9073
Epoch 72/150
 - 209s - loss: 0.1335 - accuracy: 0.9554 - val_loss: 0.1973 - val_accuracy: 0.9051
Epoch 73/150
 - 210s - loss: 0.1327 - accuracy: 0.9546 - val_loss: 0.3420 - val_accuracy: 0.9048
Epoch 74/150
 - 206s - loss: 0.1434 - accuracy: 0.9520 - val_loss: 0.5531 - val_accuracy: 0.9017
Epoch 75/150
 - 207s - loss: 0.1525 - accuracy: 0.9467 - val_loss: 0.4370 - val_accuracy: 0.9070
Epoch 76/150
 - 208s - loss: 0.1436 - accuracy: 0.9499 - val_loss: 0.2985 - val_accuracy: 0.8945
Epoch 77/150
 - 209s - loss: 0.1647 - accuracy: 0.9398 - val_loss: 0.4665 - val_accuracy: 0.9031
Epoch 78/150
 - 209s - loss: 0.1457 - accuracy: 0.9487 - val_loss: 0.1973 - val_accuracy: 0.9125
Epoch 79/150
 - 208s - loss: 0.1367 - accuracy: 0.9522 - val_loss: 0.5340 - val_accuracy: 0.9001
Epoch 80/150
 - 207s - loss: 0.1227 - accuracy: 0.9587 - val_loss: 0.2805 - val_accuracy: 0.8998
Epoch 81/150
 - 208s - loss: 0.1325 - accuracy: 0.9534 - val_loss: 0.1181 - val_accuracy: 0.9052
Epoch 82/150
 - 210s - loss: 0.1375 - accuracy: 0.9515 - val_loss: 0.2815 - val_accuracy: 0.9036
Epoch 83/150
 - 207s - loss: 0.1381 - accuracy: 0.9520 - val_loss: 0.4581 - val_accuracy: 0.9044
Epoch 84/150
 - 208s - loss: 0.1560 - accuracy: 0.9446 - val_loss: 0.0672 - val_accuracy: 0.9044
Epoch 85/150
 - 207s - loss: 0.1307 - accuracy: 0.9536 - val_loss: 0.2138 - val_accuracy: 0.9027
Epoch 86/150
 - 207s - loss: 0.1342 - accuracy: 0.9526 - val_loss: 0.2072 - val_accuracy: 0.8995
Epoch 87/150
 - 208s - loss: 0.1438 - accuracy: 0.9481 - val_loss: 0.2221 - val_accuracy: 0.9069
Epoch 88/150
 - 208s - loss: 0.1442 - accuracy: 0.9492 - val_loss: 0.3972 - val_accuracy: 0.9096
Epoch 89/150
 - 208s - loss: 0.1476 - accuracy: 0.9478 - val_loss: 0.4255 - val_accuracy: 0.8919
Epoch 90/150
 - 209s - loss: 0.1538 - accuracy: 0.9467 - val_loss: 0.3436 - val_accuracy: 0.9123
Epoch 91/150
 - 208s - loss: 0.1395 - accuracy: 0.9494 - val_loss: 0.5504 - val_accuracy: 0.9132
Epoch 92/150
 - 210s - loss: 0.1469 - accuracy: 0.9464 - val_loss: 0.1844 - val_accuracy: 0.9052
Epoch 93/150
 - 207s - loss: 0.1415 - accuracy: 0.9492 - val_loss: 0.4379 - val_accuracy: 0.9034
Epoch 94/150
 - 208s - loss: 0.1491 - accuracy: 0.9472 - val_loss: 0.1122 - val_accuracy: 0.9078
Epoch 95/150
 - 209s - loss: 0.1507 - accuracy: 0.9458 - val_loss: 0.2669 - val_accuracy: 0.9090
Epoch 96/150
 - 209s - loss: 0.1658 - accuracy: 0.9407 - val_loss: 0.1986 - val_accuracy: 0.9096
Epoch 97/150
 - 208s - loss: 0.1543 - accuracy: 0.9444 - val_loss: 0.2914 - val_accuracy: 0.9002
Epoch 98/150
 - 210s - loss: 0.1642 - accuracy: 0.9409 - val_loss: 0.2120 - val_accuracy: 0.9117
Epoch 99/150
 - 210s - loss: 0.1707 - accuracy: 0.9380 - val_loss: 0.0165 - val_accuracy: 0.9123
Epoch 100/150
 - 210s - loss: 0.1584 - accuracy: 0.9426 - val_loss: 0.1466 - val_accuracy: 0.9118
Epoch 101/150
 - 208s - loss: 0.1397 - accuracy: 0.9495 - val_loss: 0.2951 - val_accuracy: 0.9018
Epoch 102/150
 - 208s - loss: 0.1482 - accuracy: 0.9466 - val_loss: 0.3156 - val_accuracy: 0.9031
Epoch 103/150
 - 209s - loss: 0.1302 - accuracy: 0.9538 - val_loss: 0.1470 - val_accuracy: 0.9106
Epoch 104/150
 - 208s - loss: 0.1575 - accuracy: 0.9437 - val_loss: 0.0677 - val_accuracy: 0.9035
Epoch 105/150
 - 208s - loss: 0.1511 - accuracy: 0.9463 - val_loss: 0.4392 - val_accuracy: 0.9161
Epoch 106/150
 - 207s - loss: 0.1309 - accuracy: 0.9538 - val_loss: 0.2975 - val_accuracy: 0.9021
Epoch 107/150
 - 210s - loss: 0.1647 - accuracy: 0.9408 - val_loss: 0.4085 - val_accuracy: 0.9071
Epoch 108/150
 - 209s - loss: 0.1425 - accuracy: 0.9483 - val_loss: 0.2856 - val_accuracy: 0.9051
Epoch 109/150
 - 209s - loss: 0.1378 - accuracy: 0.9517 - val_loss: 0.4943 - val_accuracy: 0.9027
Epoch 110/150
 - 210s - loss: 0.1366 - accuracy: 0.9527 - val_loss: 0.3547 - val_accuracy: 0.9000
Epoch 111/150
 - 209s - loss: 0.1517 - accuracy: 0.9472 - val_loss: 0.3474 - val_accuracy: 0.9148
Epoch 112/150
 - 209s - loss: 0.1463 - accuracy: 0.9471 - val_loss: 0.0359 - val_accuracy: 0.9026
Epoch 113/150
 - 208s - loss: 0.1481 - accuracy: 0.9474 - val_loss: 0.2488 - val_accuracy: 0.9037
Epoch 114/150
 - 208s - loss: 0.1321 - accuracy: 0.9526 - val_loss: 0.6089 - val_accuracy: 0.9021
Epoch 115/150
 - 209s - loss: 0.1407 - accuracy: 0.9495 - val_loss: 0.2399 - val_accuracy: 0.9075
Epoch 116/150
 - 208s - loss: 0.1505 - accuracy: 0.9475 - val_loss: 0.2805 - val_accuracy: 0.8961
Epoch 117/150
 - 209s - loss: 0.1566 - accuracy: 0.9443 - val_loss: 0.3425 - val_accuracy: 0.9067
Epoch 118/150
 - 208s - loss: 0.1379 - accuracy: 0.9512 - val_loss: 0.3906 - val_accuracy: 0.8984
Epoch 119/150
 - 211s - loss: 0.1492 - accuracy: 0.9450 - val_loss: 0.3264 - val_accuracy: 0.8998
Epoch 120/150
 - 211s - loss: 0.1499 - accuracy: 0.9445 - val_loss: 0.1419 - val_accuracy: 0.9030
Epoch 121/150
 - 211s - loss: 0.1487 - accuracy: 0.9464 - val_loss: 0.0425 - val_accuracy: 0.9066
Epoch 122/150
 - 209s - loss: 0.1457 - accuracy: 0.9481 - val_loss: 0.4454 - val_accuracy: 0.9065
Epoch 123/150
 - 209s - loss: 0.1413 - accuracy: 0.9488 - val_loss: 0.4595 - val_accuracy: 0.8998
Epoch 124/150
 - 210s - loss: 0.1608 - accuracy: 0.9443 - val_loss: 0.1544 - val_accuracy: 0.9023
Epoch 125/150
 - 210s - loss: 0.1361 - accuracy: 0.9501 - val_loss: 0.3653 - val_accuracy: 0.8998
Epoch 126/150
 - 209s - loss: 0.1480 - accuracy: 0.9477 - val_loss: 0.5136 - val_accuracy: 0.9075
Epoch 127/150
 - 210s - loss: 0.1400 - accuracy: 0.9494 - val_loss: 0.2863 - val_accuracy: 0.8991
Epoch 128/150
 - 213s - loss: 0.1463 - accuracy: 0.9477 - val_loss: 0.0810 - val_accuracy: 0.9051
Epoch 129/150
 - 210s - loss: 0.1421 - accuracy: 0.9497 - val_loss: 0.5005 - val_accuracy: 0.8998
Epoch 130/150
 - 209s - loss: 0.1419 - accuracy: 0.9498 - val_loss: 0.4333 - val_accuracy: 0.9016
Epoch 131/150
 - 209s - loss: 0.1397 - accuracy: 0.9507 - val_loss: 0.3770 - val_accuracy: 0.8985
Epoch 132/150
 - 208s - loss: 0.1415 - accuracy: 0.9497 - val_loss: 0.5092 - val_accuracy: 0.9057
Epoch 133/150
 - 209s - loss: 0.1467 - accuracy: 0.9476 - val_loss: 0.1957 - val_accuracy: 0.9126
Epoch 134/150
 - 210s - loss: 0.1458 - accuracy: 0.9498 - val_loss: 0.6387 - val_accuracy: 0.9165
Epoch 135/150
 - 210s - loss: 0.1576 - accuracy: 0.9424 - val_loss: 0.4512 - val_accuracy: 0.9066
Epoch 136/150
 - 209s - loss: 0.1347 - accuracy: 0.9514 - val_loss: 0.1963 - val_accuracy: 0.9071
Epoch 137/150
 - 210s - loss: 0.1295 - accuracy: 0.9549 - val_loss: 0.0867 - val_accuracy: 0.9060
Epoch 138/150
 - 211s - loss: 0.1305 - accuracy: 0.9533 - val_loss: 0.1794 - val_accuracy: 0.9090
Epoch 139/150
 - 211s - loss: 0.1400 - accuracy: 0.9498 - val_loss: 0.1092 - val_accuracy: 0.8963
Epoch 140/150
 - 211s - loss: 0.1443 - accuracy: 0.9480 - val_loss: 0.1655 - val_accuracy: 0.9111
Epoch 141/150
 - 211s - loss: 0.1376 - accuracy: 0.9499 - val_loss: 0.4146 - val_accuracy: 0.9064
Epoch 142/150
 - 209s - loss: 0.1248 - accuracy: 0.9546 - val_loss: 0.4845 - val_accuracy: 0.9006
Epoch 143/150
 - 208s - loss: 0.1513 - accuracy: 0.9456 - val_loss: 0.2175 - val_accuracy: 0.9001
Epoch 144/150
 - 208s - loss: 0.1495 - accuracy: 0.9474 - val_loss: 0.1351 - val_accuracy: 0.9053
Epoch 145/150
 - 209s - loss: 0.1502 - accuracy: 0.9457 - val_loss: 0.1043 - val_accuracy: 0.8962
Epoch 146/150
 - 210s - loss: 0.1525 - accuracy: 0.9441 - val_loss: 0.0798 - val_accuracy: 0.9077
Epoch 147/150
 - 212s - loss: 0.1365 - accuracy: 0.9516 - val_loss: 0.4351 - val_accuracy: 0.9097
Epoch 148/150
 - 210s - loss: 0.1527 - accuracy: 0.9444 - val_loss: 0.1729 - val_accuracy: 0.8987
Epoch 149/150
 - 210s - loss: 0.1247 - accuracy: 0.9550 - val_loss: 0.4856 - val_accuracy: 0.9117
Epoch 150/150
 - 210s - loss: 0.1404 - accuracy: 0.9504 - val_loss: 0.3381 - val_accuracy: 0.9059

../utils.py:56: H5pyDeprecationWarning: dataset.value has been deprecated. Use dataset[()] instead.
  data[k] = v.value
/home/ci411/.conda/envs/py3.5/lib/python3.6/site-packages/keras/callbacks/callbacks.py:707: RuntimeWarning: Can save best model only with val_dynamic/tags_acc available, skipping.
  'skipping.' % (self.monitor), RuntimeWarning)
/home/ci411/.conda/envs/py3.5/lib/python3.6/site-packages/keras/callbacks/callbacks.py:1042: RuntimeWarning: Reduce LR on plateau conditioned on metric `val_dynamic/tags_acc` which is not available. Available metrics are: val_loss,val_accuracy,loss,accuracy,lr
  (self.monitor, ','.join(list(logs.keys()))), RuntimeWarning
/home/ci411/.conda/envs/py3.5/lib/python3.6/site-packages/keras/callbacks/callbacks.py:846: RuntimeWarning: Early stopping conditioned on metric `val_dynamic/tags_acc` which is not available. Available metrics are: val_loss,val_accuracy,loss,accuracy,lr
  (self.monitor, ','.join(list(logs.keys()))), RuntimeWarning
Done training. Saving results to disk...
Saving Weights
2019-12-02 18:14:34.954764: W tensorflow/stream_executor/platform/default/dso_loader.cc:55] Could not load dynamic library 'libcuda.so.1'; dlerror: libcuda.so.1: cannot open shared object file: No such file or directory; LD_LIBRARY_PATH: /share/apps/anaconda3/4.3.1/lib:/share/apps/cudnn/8.0v6.0/lib64:/share/apps/cuda/8.0.44/extras/CUPTI/lib64:/share/apps/cuda/8.0.44/lib64:/share/apps/centos/7/usr/lib64:/opt/slurm/lib64
2019-12-02 18:14:34.955018: E tensorflow/stream_executor/cuda/cuda_driver.cc:318] failed call to cuInit: UNKNOWN ERROR (303)
2019-12-02 18:14:34.955060: I tensorflow/stream_executor/cuda/cuda_diagnostics.cc:156] kernel driver does not appear to be running on this host (c29-01): /proc/driver/nvidia/version does not exist
2019-12-02 18:14:34.962143: I tensorflow/core/platform/profile_utils/cpu_utils.cc:94] CPU Frequency: 2999790000 Hz
2019-12-02 18:14:34.962335: I tensorflow/compiler/xla/service/service.cc:168] XLA service 0x501b7c0 executing computations on platform Host. Devices:
2019-12-02 18:14:34.962352: I tensorflow/compiler/xla/service/service.cc:175]   StreamExecutor device (0): Host, Default Version
Using TensorFlow backend.
../utils.py:56: H5pyDeprecationWarning: dataset.value has been deprecated. Use dataset[()] instead.
  data[k] = v.value
Accuracy: 0.8548482885217579
Segment based metrics
========================================
  Evaluated length                  : 17859.06 sec
  Evaluated files                   : 2000 
  Segment length                    : 1.00 sec

  Overall metrics (micro-average)
  ======================================
  F-measure
    F-measure (F1)                  : 53.99 %
    Precision                       : 51.41 %
    Recall                          : 56.85 %
  Error rate
    Error rate (ER)                 : 0.72 
    Substitution rate               : 0.25 
    Deletion rate                   : 0.18 
    Insertion rate                  : 0.29 
  Accuracy
    Sensitivity                     : 56.85 %
    Specificity                     : 90.53 %
    Balanced accuracy               : 73.69 %
    Accuracy                        : 85.48 %

  Class-wise average metrics (macro-average)
  ======================================
  F-measure
    F-measure (F1)                  : 53.87 %
    Precision                       : 52.98 %
    Recall                          : 56.58 %
  Error rate
    Error rate (ER)                 : 0.96 
    Deletion rate                   : 0.43 
    Insertion rate                  : 0.53 
  Accuracy
    Sensitivity                     : 56.58 %
    Specificity                     : 90.50 %
    Balanced accuracy               : 73.54 %
    Accuracy                        : 85.48 %
  

  Class-wise metrics
  ======================================
    Event label  | Nref    Nsys  | F        Pre      Rec    | ER       Del      Ins    | Sens     Spec     Bacc     Acc     
    ------------ | -----   ----- | ------   ------   ------ | ------   ------   ------ | ------   ------   ------   ------  
    air_condit.. | 2798    3815  | 48.4%    41.9%    57.1%  | 1.22     0.43     0.79   | 57.1%    85.9%    71.5%    81.6%   
    car_horn     | 2328    1412  | 58.5%    77.5%    47.0%  | 0.67     0.53     0.14   | 47.0%    98.0%    72.5%    91.6%   
    children_p.. | 2997    3235  | 50.0%    48.2%    52.0%  | 1.04     0.48     0.56   | 52.0%    89.2%    70.6%    83.2%   
    dog_bark     | 2740    2733  | 47.8%    47.9%    47.8%  | 1.04     0.52     0.52   | 47.8%    91.0%    69.4%    84.6%   
    drilling     | 2912    3437  | 57.6%    53.2%    62.8%  | 0.92     0.37     0.55   | 62.8%    89.7%    76.2%    85.5%   
    engine_idl.. | 3009    2725  | 50.7%    53.4%    48.4%  | 0.94     0.52     0.42   | 48.4%    91.8%    70.1%    84.8%   
    gun_shot     | 2385    2122  | 49.4%    52.5%    46.7%  | 0.96     0.53     0.42   | 46.7%    93.8%    70.2%    87.7%   
    jackhammer   | 2780    3888  | 68.2%    58.5%    81.8%  | 0.76     0.18     0.58   | 81.8%    89.7%    85.8%    88.6%   
    siren        | 2911    3675  | 56.8%    50.9%    64.3%  | 0.98     0.36     0.62   | 64.3%    88.5%    76.4%    84.7%   
    street_music | 2889    3646  | 51.2%    45.9%    57.9%  | 1.10     0.42     0.68   | 57.9%    87.4%    72.6%    82.8%   


Saving results to /beegfs/ci411/pcen/models/model_stack_8/results.json
Done!
