2019-12-02 09:30:22.356849: W tensorflow/stream_executor/platform/default/dso_loader.cc:55] Could not load dynamic library 'libcuda.so.1'; dlerror: libcuda.so.1: cannot open shared object file: No such file or directory; LD_LIBRARY_PATH: /share/apps/anaconda3/4.3.1/lib:/share/apps/cudnn/8.0v6.0/lib64:/share/apps/cuda/8.0.44/extras/CUPTI/lib64:/share/apps/cuda/8.0.44/lib64:/share/apps/centos/7/usr/lib64:/opt/slurm/lib64
2019-12-02 09:30:22.357036: E tensorflow/stream_executor/cuda/cuda_driver.cc:318] failed call to cuInit: UNKNOWN ERROR (303)
2019-12-02 09:30:22.357065: I tensorflow/stream_executor/cuda/cuda_diagnostics.cc:156] kernel driver does not appear to be running on this host (c28-10): /proc/driver/nvidia/version does not exist
2019-12-02 09:30:22.364472: I tensorflow/core/platform/profile_utils/cpu_utils.cc:94] CPU Frequency: 2999770000 Hz
2019-12-02 09:30:22.364670: I tensorflow/compiler/xla/service/service.cc:168] XLA service 0x66c6bf0 executing computations on platform Host. Devices:
2019-12-02 09:30:22.364687: I tensorflow/compiler/xla/service/service.cc:175]   StreamExecutor device (0): Host, Default Version
Using TensorFlow backend.
  0%|          | 0/6000 [00:00<?, ?it/s] 60%|█████▉    | 3577/6000 [00:00<00:00, 34681.94it/s]100%|██████████| 6000/6000 [00:00<00:00, 49544.58it/s]
  0%|          | 0/2000 [00:00<?, ?it/s]100%|██████████| 2000/2000 [00:00<00:00, 133053.25it/s]Fit model...
Epoch 1/150
 - 194s - loss: 0.2992 - accuracy: 0.8851 - val_loss: 1.3308 - val_accuracy: 0.6114
Epoch 2/150
 - 191s - loss: 0.1871 - accuracy: 0.9322 - val_loss: 0.2969 - val_accuracy: 0.8853
Epoch 3/150
 - 190s - loss: 0.1779 - accuracy: 0.9372 - val_loss: 0.0973 - val_accuracy: 0.8965
Epoch 4/150
 - 192s - loss: 0.1560 - accuracy: 0.9469 - val_loss: 0.1684 - val_accuracy: 0.8914
Epoch 5/150
 - 190s - loss: 0.1606 - accuracy: 0.9446 - val_loss: 0.1537 - val_accuracy: 0.8948
Epoch 6/150
 - 190s - loss: 0.1453 - accuracy: 0.9508 - val_loss: 0.0407 - val_accuracy: 0.8899
Epoch 7/150
 - 190s - loss: 0.1343 - accuracy: 0.9552 - val_loss: 0.1004 - val_accuracy: 0.8899
Epoch 8/150
 - 189s - loss: 0.1323 - accuracy: 0.9566 - val_loss: 0.5241 - val_accuracy: 0.9011
Epoch 9/150
 - 188s - loss: 0.1290 - accuracy: 0.9593 - val_loss: 0.3118 - val_accuracy: 0.8955
Epoch 10/150
 - 189s - loss: 0.1343 - accuracy: 0.9561 - val_loss: 0.1410 - val_accuracy: 0.9009
Epoch 11/150
 - 188s - loss: 0.1358 - accuracy: 0.9547 - val_loss: 0.1677 - val_accuracy: 0.8972
Epoch 12/150
 - 188s - loss: 0.1367 - accuracy: 0.9546 - val_loss: 0.4727 - val_accuracy: 0.8919
Epoch 13/150
 - 189s - loss: 0.1434 - accuracy: 0.9523 - val_loss: 0.0245 - val_accuracy: 0.8945
Epoch 14/150
 - 190s - loss: 0.1293 - accuracy: 0.9574 - val_loss: 0.0285 - val_accuracy: 0.8880
Epoch 15/150
 - 190s - loss: 0.1462 - accuracy: 0.9509 - val_loss: 0.3972 - val_accuracy: 0.8979
Epoch 16/150
 - 189s - loss: 0.1310 - accuracy: 0.9571 - val_loss: 0.6804 - val_accuracy: 0.9066
Epoch 17/150
 - 189s - loss: 0.1372 - accuracy: 0.9552 - val_loss: 0.4942 - val_accuracy: 0.8928
Epoch 18/150
 - 190s - loss: 0.1206 - accuracy: 0.9620 - val_loss: 0.5003 - val_accuracy: 0.8713
Epoch 19/150
 - 189s - loss: 0.1395 - accuracy: 0.9535 - val_loss: 0.2877 - val_accuracy: 0.8974
Epoch 20/150
 - 189s - loss: 0.1016 - accuracy: 0.9693 - val_loss: 0.5105 - val_accuracy: 0.8996
Epoch 21/150
 - 187s - loss: 0.1137 - accuracy: 0.9645 - val_loss: 0.3869 - val_accuracy: 0.8753
Epoch 22/150
 - 187s - loss: 0.1421 - accuracy: 0.9524 - val_loss: 0.0779 - val_accuracy: 0.8958
Epoch 23/150
 - 187s - loss: 0.1178 - accuracy: 0.9620 - val_loss: 0.4546 - val_accuracy: 0.8980
Epoch 24/150
 - 188s - loss: 0.1153 - accuracy: 0.9634 - val_loss: 0.1669 - val_accuracy: 0.9033
Epoch 25/150
 - 188s - loss: 0.1202 - accuracy: 0.9597 - val_loss: 0.1933 - val_accuracy: 0.8948
Epoch 26/150
 - 188s - loss: 0.1258 - accuracy: 0.9584 - val_loss: 0.2212 - val_accuracy: 0.8949
Epoch 27/150
 - 187s - loss: 0.1261 - accuracy: 0.9595 - val_loss: 0.2519 - val_accuracy: 0.9004
Epoch 28/150
 - 187s - loss: 0.1270 - accuracy: 0.9584 - val_loss: 0.4398 - val_accuracy: 0.8987
Epoch 29/150
 - 187s - loss: 0.1183 - accuracy: 0.9614 - val_loss: 0.1691 - val_accuracy: 0.9020
Epoch 30/150
 - 186s - loss: 0.1184 - accuracy: 0.9625 - val_loss: 0.3436 - val_accuracy: 0.9070
Epoch 31/150
 - 187s - loss: 0.1202 - accuracy: 0.9594 - val_loss: 0.4050 - val_accuracy: 0.8858
Epoch 32/150
 - 186s - loss: 0.1318 - accuracy: 0.9561 - val_loss: 0.4287 - val_accuracy: 0.9021
Epoch 33/150
 - 186s - loss: 0.1345 - accuracy: 0.9551 - val_loss: 0.1671 - val_accuracy: 0.9008
Epoch 34/150
 - 187s - loss: 0.1248 - accuracy: 0.9586 - val_loss: 0.1107 - val_accuracy: 0.9005
Epoch 35/150
 - 187s - loss: 0.1292 - accuracy: 0.9584 - val_loss: 0.2053 - val_accuracy: 0.8958
Epoch 36/150
 - 186s - loss: 0.1102 - accuracy: 0.9639 - val_loss: 0.2253 - val_accuracy: 0.9037
Epoch 37/150
 - 186s - loss: 0.1379 - accuracy: 0.9536 - val_loss: 0.4967 - val_accuracy: 0.9049
Epoch 38/150
 - 189s - loss: 0.1209 - accuracy: 0.9622 - val_loss: 0.0398 - val_accuracy: 0.9090
Epoch 39/150
 - 194s - loss: 0.1387 - accuracy: 0.9530 - val_loss: 0.3086 - val_accuracy: 0.9030
Epoch 40/150
 - 194s - loss: 0.1305 - accuracy: 0.9572 - val_loss: 0.0448 - val_accuracy: 0.8918
Epoch 41/150
 - 192s - loss: 0.1202 - accuracy: 0.9596 - val_loss: 0.2640 - val_accuracy: 0.9043
Epoch 42/150
 - 192s - loss: 0.1345 - accuracy: 0.9554 - val_loss: 0.6872 - val_accuracy: 0.9059
Epoch 43/150
 - 192s - loss: 0.1328 - accuracy: 0.9562 - val_loss: 0.5404 - val_accuracy: 0.8985
Epoch 44/150
 - 192s - loss: 0.1345 - accuracy: 0.9546 - val_loss: 0.7681 - val_accuracy: 0.8995
Epoch 45/150
 - 193s - loss: 0.1255 - accuracy: 0.9604 - val_loss: 0.1352 - val_accuracy: 0.9003
Epoch 46/150
 - 186s - loss: 0.1256 - accuracy: 0.9592 - val_loss: 0.2046 - val_accuracy: 0.9083
Epoch 47/150
 - 185s - loss: 0.1422 - accuracy: 0.9515 - val_loss: 0.1278 - val_accuracy: 0.9088
Epoch 48/150
 - 185s - loss: 0.1074 - accuracy: 0.9660 - val_loss: 0.1689 - val_accuracy: 0.8994
Epoch 49/150
 - 186s - loss: 0.1516 - accuracy: 0.9491 - val_loss: 0.4793 - val_accuracy: 0.8964
Epoch 50/150
 - 186s - loss: 0.1356 - accuracy: 0.9566 - val_loss: 0.3264 - val_accuracy: 0.8927
Epoch 51/150
 - 186s - loss: 0.1379 - accuracy: 0.9529 - val_loss: 0.0221 - val_accuracy: 0.9045
Epoch 52/150
 - 187s - loss: 0.1451 - accuracy: 0.9505 - val_loss: 0.0376 - val_accuracy: 0.9013
Epoch 53/150
 - 187s - loss: 0.1438 - accuracy: 0.9517 - val_loss: 0.3953 - val_accuracy: 0.9065
Epoch 54/150
 - 186s - loss: 0.1311 - accuracy: 0.9574 - val_loss: 0.0119 - val_accuracy: 0.9013
Epoch 55/150
 - 187s - loss: 0.1588 - accuracy: 0.9453 - val_loss: 0.3748 - val_accuracy: 0.9032
Epoch 56/150
 - 187s - loss: 0.1127 - accuracy: 0.9625 - val_loss: 0.4284 - val_accuracy: 0.8996
Epoch 57/150
 - 187s - loss: 0.1251 - accuracy: 0.9580 - val_loss: 0.3028 - val_accuracy: 0.9054
Epoch 58/150
 - 187s - loss: 0.1439 - accuracy: 0.9505 - val_loss: 0.3218 - val_accuracy: 0.9074
Epoch 59/150
 - 187s - loss: 0.1267 - accuracy: 0.9579 - val_loss: 0.3275 - val_accuracy: 0.9067
Epoch 60/150
 - 187s - loss: 0.1223 - accuracy: 0.9581 - val_loss: 0.2213 - val_accuracy: 0.9020
Epoch 61/150
 - 187s - loss: 0.1362 - accuracy: 0.9541 - val_loss: 0.3741 - val_accuracy: 0.9025
Epoch 62/150
 - 187s - loss: 0.1308 - accuracy: 0.9554 - val_loss: 0.4716 - val_accuracy: 0.9110
Epoch 63/150
 - 187s - loss: 0.1272 - accuracy: 0.9580 - val_loss: 0.7330 - val_accuracy: 0.9098
Epoch 64/150
 - 186s - loss: 0.1291 - accuracy: 0.9586 - val_loss: 0.2278 - val_accuracy: 0.8962
Epoch 65/150
 - 187s - loss: 0.1285 - accuracy: 0.9570 - val_loss: 0.1461 - val_accuracy: 0.9082
Epoch 66/150
 - 187s - loss: 0.1475 - accuracy: 0.9490 - val_loss: 0.1501 - val_accuracy: 0.9080
Epoch 67/150
 - 186s - loss: 0.1384 - accuracy: 0.9529 - val_loss: 0.4850 - val_accuracy: 0.9139
Epoch 68/150
 - 187s - loss: 0.1295 - accuracy: 0.9559 - val_loss: 0.0278 - val_accuracy: 0.8990
Epoch 69/150
 - 187s - loss: 0.1123 - accuracy: 0.9633 - val_loss: 0.4166 - val_accuracy: 0.9012
Epoch 70/150
 - 187s - loss: 0.1452 - accuracy: 0.9497 - val_loss: 0.5962 - val_accuracy: 0.9033
Epoch 71/150
 - 189s - loss: 0.1325 - accuracy: 0.9552 - val_loss: 0.2424 - val_accuracy: 0.9110
Epoch 72/150
 - 191s - loss: 0.1247 - accuracy: 0.9599 - val_loss: 0.1499 - val_accuracy: 0.9062
Epoch 73/150
 - 194s - loss: 0.1244 - accuracy: 0.9586 - val_loss: 0.3795 - val_accuracy: 0.9087
Epoch 74/150
 - 190s - loss: 0.1305 - accuracy: 0.9573 - val_loss: 0.5840 - val_accuracy: 0.9038
Epoch 75/150
 - 189s - loss: 0.1406 - accuracy: 0.9532 - val_loss: 0.4341 - val_accuracy: 0.9050
Epoch 76/150
 - 188s - loss: 0.1453 - accuracy: 0.9498 - val_loss: 0.3255 - val_accuracy: 0.8980
Epoch 77/150
 - 188s - loss: 0.1499 - accuracy: 0.9469 - val_loss: 0.5607 - val_accuracy: 0.9031
Epoch 78/150
 - 188s - loss: 0.1356 - accuracy: 0.9544 - val_loss: 0.2485 - val_accuracy: 0.9092
Epoch 79/150
 - 189s - loss: 0.1206 - accuracy: 0.9595 - val_loss: 0.4623 - val_accuracy: 0.9007
Epoch 80/150
 - 188s - loss: 0.1141 - accuracy: 0.9615 - val_loss: 0.2599 - val_accuracy: 0.9087
Epoch 81/150
 - 187s - loss: 0.1195 - accuracy: 0.9593 - val_loss: 0.1720 - val_accuracy: 0.9057
Epoch 82/150
 - 188s - loss: 0.1248 - accuracy: 0.9576 - val_loss: 0.3313 - val_accuracy: 0.9084
Epoch 83/150
 - 188s - loss: 0.1282 - accuracy: 0.9584 - val_loss: 0.4006 - val_accuracy: 0.9080
Epoch 84/150
 - 188s - loss: 0.1592 - accuracy: 0.9439 - val_loss: 0.0897 - val_accuracy: 0.9029
Epoch 85/150
 - 188s - loss: 0.1362 - accuracy: 0.9508 - val_loss: 0.1258 - val_accuracy: 0.9074
Epoch 86/150
 - 188s - loss: 0.1361 - accuracy: 0.9528 - val_loss: 0.1997 - val_accuracy: 0.9024
Epoch 87/150
 - 187s - loss: 0.1484 - accuracy: 0.9473 - val_loss: 0.1890 - val_accuracy: 0.9102
Epoch 88/150
 - 187s - loss: 0.1388 - accuracy: 0.9521 - val_loss: 0.4966 - val_accuracy: 0.9094
Epoch 89/150
 - 187s - loss: 0.1427 - accuracy: 0.9509 - val_loss: 0.3376 - val_accuracy: 0.9023
Epoch 90/150
 - 187s - loss: 0.1459 - accuracy: 0.9498 - val_loss: 0.4296 - val_accuracy: 0.9120
Epoch 91/150
 - 188s - loss: 0.1308 - accuracy: 0.9536 - val_loss: 0.4396 - val_accuracy: 0.9099
Epoch 92/150
 - 193s - loss: 0.1360 - accuracy: 0.9520 - val_loss: 0.1114 - val_accuracy: 0.9060
Epoch 93/150
 - 194s - loss: 0.1311 - accuracy: 0.9540 - val_loss: 0.4256 - val_accuracy: 0.9042
Epoch 94/150
 - 194s - loss: 0.1446 - accuracy: 0.9491 - val_loss: 0.1581 - val_accuracy: 0.9088
Epoch 95/150
 - 194s - loss: 0.1403 - accuracy: 0.9507 - val_loss: 0.2865 - val_accuracy: 0.9075
Epoch 96/150
 - 192s - loss: 0.1495 - accuracy: 0.9487 - val_loss: 0.2193 - val_accuracy: 0.9058
Epoch 97/150
 - 193s - loss: 0.1462 - accuracy: 0.9489 - val_loss: 0.3931 - val_accuracy: 0.9006
Epoch 98/150
 - 192s - loss: 0.1446 - accuracy: 0.9492 - val_loss: 0.2709 - val_accuracy: 0.9102
Epoch 99/150
 - 193s - loss: 0.1555 - accuracy: 0.9460 - val_loss: 0.0827 - val_accuracy: 0.9135
Epoch 100/150
 - 192s - loss: 0.1481 - accuracy: 0.9477 - val_loss: 0.1581 - val_accuracy: 0.9129
Epoch 101/150
 - 193s - loss: 0.1369 - accuracy: 0.9508 - val_loss: 0.3383 - val_accuracy: 0.8969
Epoch 102/150
 - 193s - loss: 0.1405 - accuracy: 0.9514 - val_loss: 0.2943 - val_accuracy: 0.9063
Epoch 103/150
 - 192s - loss: 0.1194 - accuracy: 0.9591 - val_loss: 0.2350 - val_accuracy: 0.9122
Epoch 104/150
 - 194s - loss: 0.1476 - accuracy: 0.9479 - val_loss: 0.0514 - val_accuracy: 0.9081
Epoch 105/150
 - 193s - loss: 0.1380 - accuracy: 0.9522 - val_loss: 0.5206 - val_accuracy: 0.9167
Epoch 106/150
 - 191s - loss: 0.1251 - accuracy: 0.9559 - val_loss: 0.3180 - val_accuracy: 0.9075
Epoch 107/150
 - 193s - loss: 0.1653 - accuracy: 0.9406 - val_loss: 0.4628 - val_accuracy: 0.9071
Epoch 108/150
 - 193s - loss: 0.1477 - accuracy: 0.9471 - val_loss: 0.4248 - val_accuracy: 0.9105
Epoch 109/150
 - 194s - loss: 0.1479 - accuracy: 0.9469 - val_loss: 0.4701 - val_accuracy: 0.9076
Epoch 110/150
 - 192s - loss: 0.1423 - accuracy: 0.9505 - val_loss: 0.4270 - val_accuracy: 0.9061
Epoch 111/150
 - 194s - loss: 0.1376 - accuracy: 0.9516 - val_loss: 0.4015 - val_accuracy: 0.9133
Epoch 112/150
 - 194s - loss: 0.1392 - accuracy: 0.9495 - val_loss: 0.0512 - val_accuracy: 0.9060
Epoch 113/150
 - 194s - loss: 0.1506 - accuracy: 0.9458 - val_loss: 0.2087 - val_accuracy: 0.9052
Epoch 114/150
 - 195s - loss: 0.1383 - accuracy: 0.9497 - val_loss: 0.4303 - val_accuracy: 0.9031
Epoch 115/150
 - 192s - loss: 0.1500 - accuracy: 0.9462 - val_loss: 0.2386 - val_accuracy: 0.9114
Epoch 116/150
 - 192s - loss: 0.1507 - accuracy: 0.9470 - val_loss: 0.2505 - val_accuracy: 0.8985
Epoch 117/150
 - 189s - loss: 0.1580 - accuracy: 0.9437 - val_loss: 0.4940 - val_accuracy: 0.9125
Epoch 118/150
 - 191s - loss: 0.1415 - accuracy: 0.9491 - val_loss: 0.3794 - val_accuracy: 0.9072
Epoch 119/150
 - 187s - loss: 0.1537 - accuracy: 0.9446 - val_loss: 0.4726 - val_accuracy: 0.9058
Epoch 120/150
 - 185s - loss: 0.1455 - accuracy: 0.9474 - val_loss: 0.1669 - val_accuracy: 0.9061
Epoch 121/150
 - 186s - loss: 0.1400 - accuracy: 0.9503 - val_loss: 0.0357 - val_accuracy: 0.9103
Epoch 122/150
 - 185s - loss: 0.1338 - accuracy: 0.9520 - val_loss: 0.5439 - val_accuracy: 0.9088
Epoch 123/150
 - 184s - loss: 0.1301 - accuracy: 0.9553 - val_loss: 0.5786 - val_accuracy: 0.8933
Epoch 124/150
 - 185s - loss: 0.1613 - accuracy: 0.9431 - val_loss: 0.1013 - val_accuracy: 0.9053
Epoch 125/150
 - 185s - loss: 0.1403 - accuracy: 0.9493 - val_loss: 0.4391 - val_accuracy: 0.9005
Epoch 126/150
 - 185s - loss: 0.1550 - accuracy: 0.9452 - val_loss: 0.3931 - val_accuracy: 0.9101
Epoch 127/150
 - 186s - loss: 0.1505 - accuracy: 0.9442 - val_loss: 0.1888 - val_accuracy: 0.9022
Epoch 128/150
 - 186s - loss: 0.1446 - accuracy: 0.9494 - val_loss: 0.1689 - val_accuracy: 0.9109
Epoch 129/150
 - 184s - loss: 0.1405 - accuracy: 0.9506 - val_loss: 0.4995 - val_accuracy: 0.9025
Epoch 130/150
 - 184s - loss: 0.1469 - accuracy: 0.9475 - val_loss: 0.4076 - val_accuracy: 0.9003
Epoch 131/150
 - 185s - loss: 0.1499 - accuracy: 0.9446 - val_loss: 0.3924 - val_accuracy: 0.9011
Epoch 132/150
 - 185s - loss: 0.1477 - accuracy: 0.9463 - val_loss: 0.3309 - val_accuracy: 0.9091
Epoch 133/150
 - 185s - loss: 0.1518 - accuracy: 0.9453 - val_loss: 0.1174 - val_accuracy: 0.9087
Epoch 134/150
 - 185s - loss: 0.1542 - accuracy: 0.9463 - val_loss: 0.5305 - val_accuracy: 0.9112
Epoch 135/150
 - 184s - loss: 0.1741 - accuracy: 0.9352 - val_loss: 0.3869 - val_accuracy: 0.9102
Epoch 136/150
 - 184s - loss: 0.1482 - accuracy: 0.9458 - val_loss: 0.2070 - val_accuracy: 0.9108
Epoch 137/150
 - 185s - loss: 0.1415 - accuracy: 0.9499 - val_loss: 0.0772 - val_accuracy: 0.9097
Epoch 138/150
 - 186s - loss: 0.1326 - accuracy: 0.9523 - val_loss: 0.2444 - val_accuracy: 0.9117
Epoch 139/150
 - 186s - loss: 0.1529 - accuracy: 0.9447 - val_loss: 0.1525 - val_accuracy: 0.9029
Epoch 140/150
 - 186s - loss: 0.1494 - accuracy: 0.9463 - val_loss: 0.1897 - val_accuracy: 0.9127
Epoch 141/150
 - 185s - loss: 0.1615 - accuracy: 0.9403 - val_loss: 0.4546 - val_accuracy: 0.9087
Epoch 142/150
 - 187s - loss: 0.1460 - accuracy: 0.9460 - val_loss: 0.4559 - val_accuracy: 0.9065
Epoch 143/150
 - 187s - loss: 0.1630 - accuracy: 0.9399 - val_loss: 0.1985 - val_accuracy: 0.9049
Epoch 144/150
 - 186s - loss: 0.1557 - accuracy: 0.9439 - val_loss: 0.1516 - val_accuracy: 0.9060
Epoch 145/150
 - 186s - loss: 0.1605 - accuracy: 0.9407 - val_loss: 0.0961 - val_accuracy: 0.9052
Epoch 146/150
 - 186s - loss: 0.1622 - accuracy: 0.9400 - val_loss: 0.0875 - val_accuracy: 0.9072
Epoch 147/150
 - 186s - loss: 0.1528 - accuracy: 0.9459 - val_loss: 0.3350 - val_accuracy: 0.9119
Epoch 148/150
 - 186s - loss: 0.1704 - accuracy: 0.9396 - val_loss: 0.2335 - val_accuracy: 0.9054
Epoch 149/150
 - 187s - loss: 0.1451 - accuracy: 0.9464 - val_loss: 0.2828 - val_accuracy: 0.9153
Epoch 150/150
 - 187s - loss: 0.1589 - accuracy: 0.9428 - val_loss: 0.3597 - val_accuracy: 0.9102

../utils.py:56: H5pyDeprecationWarning: dataset.value has been deprecated. Use dataset[()] instead.
  data[k] = v.value
/home/ci411/.conda/envs/py3.5/lib/python3.6/site-packages/keras/callbacks/callbacks.py:707: RuntimeWarning: Can save best model only with val_dynamic/tags_acc available, skipping.
  'skipping.' % (self.monitor), RuntimeWarning)
/home/ci411/.conda/envs/py3.5/lib/python3.6/site-packages/keras/callbacks/callbacks.py:1042: RuntimeWarning: Reduce LR on plateau conditioned on metric `val_dynamic/tags_acc` which is not available. Available metrics are: val_loss,val_accuracy,loss,accuracy,lr
  (self.monitor, ','.join(list(logs.keys()))), RuntimeWarning
/home/ci411/.conda/envs/py3.5/lib/python3.6/site-packages/keras/callbacks/callbacks.py:846: RuntimeWarning: Early stopping conditioned on metric `val_dynamic/tags_acc` which is not available. Available metrics are: val_loss,val_accuracy,loss,accuracy,lr
  (self.monitor, ','.join(list(logs.keys()))), RuntimeWarning
Done training. Saving results to disk...
Saving Weights
2019-12-02 17:21:39.669890: W tensorflow/stream_executor/platform/default/dso_loader.cc:55] Could not load dynamic library 'libcuda.so.1'; dlerror: libcuda.so.1: cannot open shared object file: No such file or directory; LD_LIBRARY_PATH: /share/apps/anaconda3/4.3.1/lib:/share/apps/cudnn/8.0v6.0/lib64:/share/apps/cuda/8.0.44/extras/CUPTI/lib64:/share/apps/cuda/8.0.44/lib64:/share/apps/centos/7/usr/lib64:/opt/slurm/lib64
2019-12-02 17:21:39.670078: E tensorflow/stream_executor/cuda/cuda_driver.cc:318] failed call to cuInit: UNKNOWN ERROR (303)
2019-12-02 17:21:39.670105: I tensorflow/stream_executor/cuda/cuda_diagnostics.cc:156] kernel driver does not appear to be running on this host (c28-10): /proc/driver/nvidia/version does not exist
2019-12-02 17:21:39.677040: I tensorflow/core/platform/profile_utils/cpu_utils.cc:94] CPU Frequency: 2999770000 Hz
2019-12-02 17:21:39.677218: I tensorflow/compiler/xla/service/service.cc:168] XLA service 0x60d1d20 executing computations on platform Host. Devices:
2019-12-02 17:21:39.677235: I tensorflow/compiler/xla/service/service.cc:175]   StreamExecutor device (0): Host, Default Version
Using TensorFlow backend.
../utils.py:56: H5pyDeprecationWarning: dataset.value has been deprecated. Use dataset[()] instead.
  data[k] = v.value
Accuracy: 0.8599805678505884
Segment based metrics
========================================
  Evaluated length                  : 17863.02 sec
  Evaluated files                   : 2000 
  Segment length                    : 1.00 sec

  Overall metrics (micro-average)
  ======================================
  F-measure
    F-measure (F1)                  : 56.61 %
    Precision                       : 52.82 %
    Recall                          : 60.99 %
  Error rate
    Error rate (ER)                 : 0.69 
    Substitution rate               : 0.24 
    Deletion rate                   : 0.15 
    Insertion rate                  : 0.30 
  Accuracy
    Sensitivity                     : 60.99 %
    Specificity                     : 90.40 %
    Balanced accuracy               : 75.70 %
    Accuracy                        : 86.00 %

  Class-wise average metrics (macro-average)
  ======================================
  F-measure
    F-measure (F1)                  : 56.91 %
    Precision                       : 55.08 %
    Recall                          : 60.84 %
  Error rate
    Error rate (ER)                 : 0.93 
    Deletion rate                   : 0.39 
    Insertion rate                  : 0.54 
  Accuracy
    Sensitivity                     : 60.84 %
    Specificity                     : 90.37 %
    Balanced accuracy               : 75.61 %
    Accuracy                        : 86.00 %
  

  Class-wise metrics
  ======================================
    Event label  | Nref    Nsys  | F        Pre      Rec    | ER       Del      Ins    | Sens     Spec     Bacc     Acc     
    ------------ | -----   ----- | ------   ------   ------ | ------   ------   ------ | ------   ------   ------   ------  
    air_condit.. | 2798    4828  | 46.6%    36.8%    63.4%  | 1.46     0.37     1.09   | 63.4%    80.6%    72.0%    78.0%   
    car_horn     | 2328    1839  | 65.2%    73.8%    58.3%  | 0.62     0.42     0.21   | 58.3%    97.0%    77.7%    92.2%   
    children_p.. | 2997    2740  | 53.4%    55.9%    51.1%  | 0.89     0.49     0.40   | 51.1%    92.2%    71.7%    85.6%   
    dog_bark     | 2740    2930  | 47.7%    46.2%    49.4%  | 1.08     0.51     0.58   | 49.4%    90.0%    69.7%    84.0%   
    drilling     | 2912    3355  | 61.6%    57.5%    66.2%  | 0.83     0.34     0.49   | 66.2%    90.9%    78.6%    87.0%   
    engine_idl.. | 3009    3983  | 55.7%    48.9%    64.8%  | 1.03     0.35     0.68   | 64.8%    86.9%    75.8%    83.3%   
    gun_shot     | 2385    2069  | 57.7%    62.1%    53.9%  | 0.79     0.46     0.33   | 53.9%    95.1%    74.5%    89.8%   
    jackhammer   | 2780    4202  | 63.1%    52.5%    79.3%  | 0.93     0.21     0.72   | 79.3%    87.3%    83.3%    86.1%   
    siren        | 2911    3719  | 63.2%    56.4%    72.0%  | 0.84     0.28     0.56   | 72.0%    89.6%    80.8%    86.8%   
    street_music | 2889    2376  | 54.9%    60.8%    50.0%  | 0.82     0.50     0.32   | 50.0%    94.0%    72.0%    87.2%   


Saving results to /beegfs/ci411/pcen/models/model_stack_7/results.json
Done!
