2019-12-02 09:30:22.359191: W tensorflow/stream_executor/platform/default/dso_loader.cc:55] Could not load dynamic library 'libcuda.so.1'; dlerror: libcuda.so.1: cannot open shared object file: No such file or directory; LD_LIBRARY_PATH: /share/apps/anaconda3/4.3.1/lib:/share/apps/cudnn/8.0v6.0/lib64:/share/apps/cuda/8.0.44/extras/CUPTI/lib64:/share/apps/cuda/8.0.44/lib64:/share/apps/centos/7/usr/lib64:/opt/slurm/lib64
2019-12-02 09:30:22.359346: E tensorflow/stream_executor/cuda/cuda_driver.cc:318] failed call to cuInit: UNKNOWN ERROR (303)
2019-12-02 09:30:22.359378: I tensorflow/stream_executor/cuda/cuda_diagnostics.cc:156] kernel driver does not appear to be running on this host (c27-14): /proc/driver/nvidia/version does not exist
2019-12-02 09:30:22.359685: I tensorflow/core/platform/cpu_feature_guard.cc:142] Your CPU supports instructions that this TensorFlow binary was not compiled to use: AVX2 FMA
2019-12-02 09:30:22.370603: I tensorflow/core/platform/profile_utils/cpu_utils.cc:94] CPU Frequency: 2593860000 Hz
2019-12-02 09:30:22.370836: I tensorflow/compiler/xla/service/service.cc:168] XLA service 0x4e0d6d0 executing computations on platform Host. Devices:
2019-12-02 09:30:22.370861: I tensorflow/compiler/xla/service/service.cc:175]   StreamExecutor device (0): Host, Default Version
Using TensorFlow backend.
  0%|          | 0/6000 [00:00<?, ?it/s] 61%|██████    | 3632/6000 [00:00<00:00, 36319.69it/s]100%|██████████| 6000/6000 [00:00<00:00, 53388.46it/s]
  0%|          | 0/2000 [00:00<?, ?it/s]100%|██████████| 2000/2000 [00:00<00:00, 196578.82it/s]Fit model...
Epoch 1/150
 - 173s - loss: 0.2860 - accuracy: 0.8891 - val_loss: 0.2521 - val_accuracy: 0.8026
Epoch 2/150
 - 171s - loss: 0.1780 - accuracy: 0.9366 - val_loss: 0.4225 - val_accuracy: 0.8475
Epoch 3/150
 - 171s - loss: 0.1700 - accuracy: 0.9409 - val_loss: 0.1259 - val_accuracy: 0.8833
Epoch 4/150
 - 171s - loss: 0.1502 - accuracy: 0.9498 - val_loss: 0.2675 - val_accuracy: 0.8991
Epoch 5/150
 - 170s - loss: 0.1599 - accuracy: 0.9450 - val_loss: 0.1924 - val_accuracy: 0.8825
Epoch 6/150
 - 170s - loss: 0.1466 - accuracy: 0.9508 - val_loss: 0.0283 - val_accuracy: 0.8889
Epoch 7/150
 - 170s - loss: 0.1375 - accuracy: 0.9544 - val_loss: 0.0844 - val_accuracy: 0.8912
Epoch 8/150
 - 170s - loss: 0.1338 - accuracy: 0.9564 - val_loss: 0.5130 - val_accuracy: 0.8852
Epoch 9/150
 - 170s - loss: 0.1317 - accuracy: 0.9580 - val_loss: 0.2593 - val_accuracy: 0.8966
Epoch 10/150
 - 170s - loss: 0.1313 - accuracy: 0.9582 - val_loss: 0.1281 - val_accuracy: 0.8896
Epoch 11/150
 - 170s - loss: 0.1416 - accuracy: 0.9525 - val_loss: 0.1371 - val_accuracy: 0.8896
Epoch 12/150
 - 170s - loss: 0.1369 - accuracy: 0.9543 - val_loss: 0.4652 - val_accuracy: 0.8937
Epoch 13/150
 - 171s - loss: 0.1382 - accuracy: 0.9547 - val_loss: 0.0499 - val_accuracy: 0.8880
Epoch 14/150
 - 170s - loss: 0.1259 - accuracy: 0.9586 - val_loss: 0.1543 - val_accuracy: 0.8511
Epoch 15/150
 - 170s - loss: 0.1463 - accuracy: 0.9516 - val_loss: 0.4143 - val_accuracy: 0.8960
Epoch 16/150
 - 170s - loss: 0.1295 - accuracy: 0.9577 - val_loss: 0.7594 - val_accuracy: 0.9007
Epoch 17/150
 - 170s - loss: 0.1362 - accuracy: 0.9554 - val_loss: 0.5219 - val_accuracy: 0.8876
Epoch 18/150
 - 169s - loss: 0.1223 - accuracy: 0.9625 - val_loss: 0.5927 - val_accuracy: 0.8786
Epoch 19/150
 - 169s - loss: 0.1349 - accuracy: 0.9555 - val_loss: 0.2324 - val_accuracy: 0.9000
Epoch 20/150
 - 170s - loss: 0.1036 - accuracy: 0.9691 - val_loss: 0.4275 - val_accuracy: 0.9007
Epoch 21/150
 - 169s - loss: 0.1098 - accuracy: 0.9662 - val_loss: 0.3702 - val_accuracy: 0.8877
Epoch 22/150
 - 170s - loss: 0.1408 - accuracy: 0.9539 - val_loss: 0.0623 - val_accuracy: 0.8966
Epoch 23/150
 - 169s - loss: 0.1152 - accuracy: 0.9637 - val_loss: 0.3472 - val_accuracy: 0.8972
Epoch 24/150
 - 170s - loss: 0.1112 - accuracy: 0.9652 - val_loss: 0.1407 - val_accuracy: 0.8929
Epoch 25/150
 - 170s - loss: 0.1133 - accuracy: 0.9628 - val_loss: 0.1478 - val_accuracy: 0.8937
Epoch 26/150
 - 170s - loss: 0.1190 - accuracy: 0.9617 - val_loss: 0.3003 - val_accuracy: 0.9003
Epoch 27/150
 - 170s - loss: 0.1172 - accuracy: 0.9636 - val_loss: 0.3226 - val_accuracy: 0.8921
Epoch 28/150
 - 170s - loss: 0.1189 - accuracy: 0.9626 - val_loss: 0.4002 - val_accuracy: 0.8970
Epoch 29/150
 - 169s - loss: 0.1108 - accuracy: 0.9662 - val_loss: 0.1958 - val_accuracy: 0.9012
Epoch 30/150
 - 169s - loss: 0.1156 - accuracy: 0.9638 - val_loss: 0.3573 - val_accuracy: 0.9081
Epoch 31/150
 - 170s - loss: 0.1133 - accuracy: 0.9638 - val_loss: 0.4760 - val_accuracy: 0.9013
Epoch 32/150
 - 169s - loss: 0.1216 - accuracy: 0.9604 - val_loss: 0.4030 - val_accuracy: 0.8959
Epoch 33/150
 - 169s - loss: 0.1272 - accuracy: 0.9589 - val_loss: 0.2347 - val_accuracy: 0.9038
Epoch 34/150
 - 169s - loss: 0.1125 - accuracy: 0.9655 - val_loss: 0.1373 - val_accuracy: 0.8953
Epoch 35/150
 - 169s - loss: 0.1210 - accuracy: 0.9621 - val_loss: 0.2030 - val_accuracy: 0.8959
Epoch 36/150
 - 169s - loss: 0.0949 - accuracy: 0.9710 - val_loss: 0.2437 - val_accuracy: 0.9078
Epoch 37/150
 - 169s - loss: 0.1244 - accuracy: 0.9604 - val_loss: 0.4642 - val_accuracy: 0.9035
Epoch 38/150
 - 169s - loss: 0.1118 - accuracy: 0.9668 - val_loss: 0.0291 - val_accuracy: 0.9064
Epoch 39/150
 - 169s - loss: 0.1279 - accuracy: 0.9590 - val_loss: 0.3633 - val_accuracy: 0.8955
Epoch 40/150
 - 169s - loss: 0.1245 - accuracy: 0.9600 - val_loss: 0.0585 - val_accuracy: 0.8945
Epoch 41/150
 - 169s - loss: 0.1117 - accuracy: 0.9632 - val_loss: 0.2307 - val_accuracy: 0.9059
Epoch 42/150
 - 169s - loss: 0.1187 - accuracy: 0.9626 - val_loss: 0.6817 - val_accuracy: 0.8986
Epoch 43/150
 - 169s - loss: 0.1181 - accuracy: 0.9623 - val_loss: 0.7106 - val_accuracy: 0.8978
Epoch 44/150
 - 169s - loss: 0.1283 - accuracy: 0.9585 - val_loss: 0.6851 - val_accuracy: 0.8936
Epoch 45/150
 - 169s - loss: 0.1125 - accuracy: 0.9658 - val_loss: 0.1379 - val_accuracy: 0.8980
Epoch 46/150
 - 170s - loss: 0.1194 - accuracy: 0.9621 - val_loss: 0.2705 - val_accuracy: 0.9043
Epoch 47/150
 - 170s - loss: 0.1276 - accuracy: 0.9587 - val_loss: 0.1248 - val_accuracy: 0.9082
Epoch 48/150
 - 169s - loss: 0.1006 - accuracy: 0.9693 - val_loss: 0.1215 - val_accuracy: 0.9061
Epoch 49/150
 - 169s - loss: 0.1322 - accuracy: 0.9578 - val_loss: 0.7138 - val_accuracy: 0.8988
Epoch 50/150
 - 170s - loss: 0.1190 - accuracy: 0.9634 - val_loss: 0.3475 - val_accuracy: 0.8927
Epoch 51/150
 - 170s - loss: 0.1191 - accuracy: 0.9615 - val_loss: 0.0876 - val_accuracy: 0.9061
Epoch 52/150
 - 171s - loss: 0.1250 - accuracy: 0.9597 - val_loss: 0.0523 - val_accuracy: 0.8936
Epoch 53/150
 - 171s - loss: 0.1341 - accuracy: 0.9565 - val_loss: 0.4837 - val_accuracy: 0.9024
Epoch 54/150
 - 171s - loss: 0.1190 - accuracy: 0.9634 - val_loss: 0.0710 - val_accuracy: 0.8941
Epoch 55/150
 - 171s - loss: 0.1297 - accuracy: 0.9587 - val_loss: 0.5915 - val_accuracy: 0.8959
Epoch 56/150
 - 171s - loss: 0.0966 - accuracy: 0.9702 - val_loss: 0.4269 - val_accuracy: 0.8976
Epoch 57/150
 - 170s - loss: 0.1151 - accuracy: 0.9629 - val_loss: 0.3415 - val_accuracy: 0.9031
Epoch 58/150
 - 170s - loss: 0.1271 - accuracy: 0.9587 - val_loss: 0.3105 - val_accuracy: 0.9046
Epoch 59/150
 - 171s - loss: 0.1178 - accuracy: 0.9629 - val_loss: 0.4010 - val_accuracy: 0.8951
Epoch 60/150
 - 171s - loss: 0.1168 - accuracy: 0.9609 - val_loss: 0.1617 - val_accuracy: 0.8977
Epoch 61/150
 - 172s - loss: 0.1205 - accuracy: 0.9607 - val_loss: 0.4297 - val_accuracy: 0.8993
Epoch 62/150
 - 171s - loss: 0.1219 - accuracy: 0.9602 - val_loss: 0.4165 - val_accuracy: 0.9093
Epoch 63/150
 - 172s - loss: 0.1144 - accuracy: 0.9636 - val_loss: 0.7201 - val_accuracy: 0.9098
Epoch 64/150
 - 171s - loss: 0.1113 - accuracy: 0.9662 - val_loss: 0.2011 - val_accuracy: 0.8959
Epoch 65/150
 - 171s - loss: 0.1111 - accuracy: 0.9656 - val_loss: 0.0147 - val_accuracy: 0.9059
Epoch 66/150
 - 172s - loss: 0.1313 - accuracy: 0.9564 - val_loss: 0.1658 - val_accuracy: 0.9035
Epoch 67/150
 - 171s - loss: 0.1198 - accuracy: 0.9606 - val_loss: 0.5070 - val_accuracy: 0.9105
Epoch 68/150
 - 172s - loss: 0.1125 - accuracy: 0.9635 - val_loss: 0.0200 - val_accuracy: 0.8937
Epoch 69/150
 - 172s - loss: 0.0984 - accuracy: 0.9702 - val_loss: 0.4541 - val_accuracy: 0.9006
Epoch 70/150
 - 171s - loss: 0.1248 - accuracy: 0.9593 - val_loss: 0.6473 - val_accuracy: 0.8965
Epoch 71/150
 - 172s - loss: 0.1171 - accuracy: 0.9618 - val_loss: 0.3504 - val_accuracy: 0.9034
Epoch 72/150
 - 171s - loss: 0.1080 - accuracy: 0.9670 - val_loss: 0.1437 - val_accuracy: 0.8974
Epoch 73/150
 - 171s - loss: 0.1036 - accuracy: 0.9679 - val_loss: 0.5841 - val_accuracy: 0.9055
Epoch 74/150
 - 173s - loss: 0.1236 - accuracy: 0.9610 - val_loss: 0.6878 - val_accuracy: 0.9033
Epoch 75/150
 - 171s - loss: 0.1208 - accuracy: 0.9613 - val_loss: 0.4263 - val_accuracy: 0.9035
Epoch 76/150
 - 172s - loss: 0.1303 - accuracy: 0.9573 - val_loss: 0.4180 - val_accuracy: 0.8971
Epoch 77/150
 - 172s - loss: 0.1262 - accuracy: 0.9588 - val_loss: 0.4875 - val_accuracy: 0.9015
Epoch 78/150
 - 173s - loss: 0.1148 - accuracy: 0.9632 - val_loss: 0.3075 - val_accuracy: 0.9050
Epoch 79/150
 - 173s - loss: 0.1089 - accuracy: 0.9648 - val_loss: 0.4514 - val_accuracy: 0.9028
Epoch 80/150
 - 173s - loss: 0.0950 - accuracy: 0.9708 - val_loss: 0.3501 - val_accuracy: 0.9011
Epoch 81/150
 - 173s - loss: 0.1099 - accuracy: 0.9643 - val_loss: 0.0936 - val_accuracy: 0.9050
Epoch 82/150
 - 173s - loss: 0.1202 - accuracy: 0.9601 - val_loss: 0.3572 - val_accuracy: 0.9070
Epoch 83/150
 - 173s - loss: 0.1165 - accuracy: 0.9628 - val_loss: 0.3937 - val_accuracy: 0.9075
Epoch 84/150
 - 173s - loss: 0.1319 - accuracy: 0.9564 - val_loss: 0.0245 - val_accuracy: 0.8974
Epoch 85/150
 - 172s - loss: 0.1068 - accuracy: 0.9648 - val_loss: 0.2052 - val_accuracy: 0.8949
Epoch 86/150
 - 173s - loss: 0.1230 - accuracy: 0.9594 - val_loss: 0.2269 - val_accuracy: 0.8972
Epoch 87/150
 - 173s - loss: 0.1405 - accuracy: 0.9507 - val_loss: 0.3168 - val_accuracy: 0.9069
Epoch 88/150
 - 172s - loss: 0.1325 - accuracy: 0.9555 - val_loss: 0.5438 - val_accuracy: 0.9087
Epoch 89/150
 - 172s - loss: 0.1453 - accuracy: 0.9504 - val_loss: 0.4237 - val_accuracy: 0.8955
Epoch 90/150
 - 173s - loss: 0.1408 - accuracy: 0.9538 - val_loss: 0.5186 - val_accuracy: 0.9089
Epoch 91/150
 - 172s - loss: 0.1173 - accuracy: 0.9596 - val_loss: 0.9016 - val_accuracy: 0.9068
Epoch 92/150
 - 172s - loss: 0.1303 - accuracy: 0.9551 - val_loss: 0.1666 - val_accuracy: 0.9030
Epoch 93/150
 - 171s - loss: 0.1270 - accuracy: 0.9566 - val_loss: 0.3931 - val_accuracy: 0.9073
Epoch 94/150
 - 173s - loss: 0.1223 - accuracy: 0.9597 - val_loss: 0.2562 - val_accuracy: 0.8958
Epoch 95/150
 - 173s - loss: 0.1209 - accuracy: 0.9597 - val_loss: 0.3257 - val_accuracy: 0.8998
Epoch 96/150
 - 173s - loss: 0.1470 - accuracy: 0.9498 - val_loss: 0.1577 - val_accuracy: 0.9014
Epoch 97/150
 - 173s - loss: 0.1382 - accuracy: 0.9524 - val_loss: 0.3930 - val_accuracy: 0.8877
Epoch 98/150
 - 173s - loss: 0.1423 - accuracy: 0.9498 - val_loss: 0.1768 - val_accuracy: 0.9054
Epoch 99/150
 - 172s - loss: 0.1517 - accuracy: 0.9478 - val_loss: 0.0867 - val_accuracy: 0.9077
Epoch 100/150
 - 172s - loss: 0.1401 - accuracy: 0.9510 - val_loss: 0.1209 - val_accuracy: 0.9052
Epoch 101/150
 - 173s - loss: 0.1232 - accuracy: 0.9570 - val_loss: 0.3648 - val_accuracy: 0.8988
Epoch 102/150
 - 172s - loss: 0.1300 - accuracy: 0.9557 - val_loss: 0.3875 - val_accuracy: 0.8958
Epoch 103/150
 - 172s - loss: 0.1110 - accuracy: 0.9633 - val_loss: 0.1688 - val_accuracy: 0.9085
Epoch 104/150
 - 172s - loss: 0.1355 - accuracy: 0.9540 - val_loss: 0.0804 - val_accuracy: 0.8997
Epoch 105/150
 - 173s - loss: 0.1160 - accuracy: 0.9623 - val_loss: 0.6254 - val_accuracy: 0.9105
Epoch 106/150
 - 173s - loss: 0.1020 - accuracy: 0.9668 - val_loss: 0.2939 - val_accuracy: 0.9002
Epoch 107/150
 - 172s - loss: 0.1528 - accuracy: 0.9471 - val_loss: 0.6102 - val_accuracy: 0.8958
Epoch 108/150
 - 172s - loss: 0.1191 - accuracy: 0.9604 - val_loss: 0.3901 - val_accuracy: 0.9056
Epoch 109/150
 - 174s - loss: 0.1111 - accuracy: 0.9638 - val_loss: 0.5555 - val_accuracy: 0.8998
Epoch 110/150
 - 174s - loss: 0.1181 - accuracy: 0.9615 - val_loss: 0.3943 - val_accuracy: 0.8985
Epoch 111/150
 - 173s - loss: 0.1154 - accuracy: 0.9621 - val_loss: 0.4323 - val_accuracy: 0.9054
Epoch 112/150
 - 173s - loss: 0.1313 - accuracy: 0.9544 - val_loss: 0.0427 - val_accuracy: 0.8973
Epoch 113/150
 - 173s - loss: 0.1381 - accuracy: 0.9532 - val_loss: 0.2597 - val_accuracy: 0.8991
Epoch 114/150
 - 171s - loss: 0.1289 - accuracy: 0.9553 - val_loss: 0.5170 - val_accuracy: 0.9020
Epoch 115/150
 - 172s - loss: 0.1298 - accuracy: 0.9556 - val_loss: 0.2337 - val_accuracy: 0.9048
Epoch 116/150
 - 171s - loss: 0.1351 - accuracy: 0.9544 - val_loss: 0.3611 - val_accuracy: 0.8966
Epoch 117/150
 - 171s - loss: 0.1378 - accuracy: 0.9529 - val_loss: 0.2711 - val_accuracy: 0.9036
Epoch 118/150
 - 172s - loss: 0.1201 - accuracy: 0.9601 - val_loss: 0.4870 - val_accuracy: 0.9030
Epoch 119/150
 - 171s - loss: 0.1230 - accuracy: 0.9573 - val_loss: 0.5227 - val_accuracy: 0.9005
Epoch 120/150
 - 171s - loss: 0.1184 - accuracy: 0.9602 - val_loss: 0.1868 - val_accuracy: 0.8981
Epoch 121/150
 - 171s - loss: 0.1126 - accuracy: 0.9628 - val_loss: 0.0704 - val_accuracy: 0.9058
Epoch 122/150
 - 172s - loss: 0.1049 - accuracy: 0.9665 - val_loss: 0.5934 - val_accuracy: 0.9017
Epoch 123/150
 - 171s - loss: 0.1069 - accuracy: 0.9657 - val_loss: 0.6570 - val_accuracy: 0.8830
Epoch 124/150
 - 170s - loss: 0.1368 - accuracy: 0.9543 - val_loss: 0.2082 - val_accuracy: 0.8987
Epoch 125/150
 - 170s - loss: 0.1086 - accuracy: 0.9639 - val_loss: 0.4360 - val_accuracy: 0.8995
Epoch 126/150
 - 171s - loss: 0.1241 - accuracy: 0.9593 - val_loss: 0.5397 - val_accuracy: 0.9025
Epoch 127/150
 - 171s - loss: 0.1154 - accuracy: 0.9622 - val_loss: 0.3031 - val_accuracy: 0.8969
Epoch 128/150
 - 171s - loss: 0.1222 - accuracy: 0.9595 - val_loss: 0.1255 - val_accuracy: 0.8991
Epoch 129/150
 - 172s - loss: 0.1186 - accuracy: 0.9609 - val_loss: 0.5774 - val_accuracy: 0.8970
Epoch 130/150
 - 171s - loss: 0.1222 - accuracy: 0.9589 - val_loss: 0.4454 - val_accuracy: 0.8882
Epoch 131/150
 - 171s - loss: 0.1213 - accuracy: 0.9585 - val_loss: 0.4340 - val_accuracy: 0.8985
Epoch 132/150
 - 171s - loss: 0.1178 - accuracy: 0.9610 - val_loss: 0.2541 - val_accuracy: 0.9008
Epoch 133/150
 - 171s - loss: 0.1160 - accuracy: 0.9613 - val_loss: 0.5150 - val_accuracy: 0.9050
Epoch 134/150
 - 171s - loss: 0.1235 - accuracy: 0.9601 - val_loss: 0.6170 - val_accuracy: 0.9121
Epoch 135/150
 - 171s - loss: 0.1402 - accuracy: 0.9506 - val_loss: 0.4180 - val_accuracy: 0.9122
Epoch 136/150
 - 171s - loss: 0.1083 - accuracy: 0.9644 - val_loss: 0.2564 - val_accuracy: 0.9020
Epoch 137/150
 - 171s - loss: 0.1014 - accuracy: 0.9681 - val_loss: 0.1305 - val_accuracy: 0.9052
Epoch 138/150
 - 171s - loss: 0.1005 - accuracy: 0.9669 - val_loss: 0.3580 - val_accuracy: 0.9051
Epoch 139/150
 - 171s - loss: 0.1103 - accuracy: 0.9645 - val_loss: 0.1557 - val_accuracy: 0.9009
Epoch 140/150
 - 171s - loss: 0.1099 - accuracy: 0.9636 - val_loss: 0.1823 - val_accuracy: 0.9083
Epoch 141/150
 - 172s - loss: 0.1127 - accuracy: 0.9624 - val_loss: 0.6119 - val_accuracy: 0.9041
Epoch 142/150
 - 173s - loss: 0.1019 - accuracy: 0.9669 - val_loss: 0.4578 - val_accuracy: 0.8990
Epoch 143/150
 - 172s - loss: 0.1137 - accuracy: 0.9626 - val_loss: 0.1396 - val_accuracy: 0.8970
Epoch 144/150
 - 173s - loss: 0.1102 - accuracy: 0.9637 - val_loss: 0.2596 - val_accuracy: 0.8994
Epoch 145/150
 - 173s - loss: 0.1205 - accuracy: 0.9589 - val_loss: 0.1014 - val_accuracy: 0.8960
Epoch 146/150
 - 174s - loss: 0.1223 - accuracy: 0.9596 - val_loss: 0.0486 - val_accuracy: 0.9019
Epoch 147/150
 - 173s - loss: 0.1066 - accuracy: 0.9654 - val_loss: 0.4622 - val_accuracy: 0.9088
Epoch 148/150
 - 172s - loss: 0.1310 - accuracy: 0.9559 - val_loss: 0.2013 - val_accuracy: 0.8973
Epoch 149/150
 - 172s - loss: 0.0969 - accuracy: 0.9677 - val_loss: 0.4167 - val_accuracy: 0.9128
Epoch 150/150
 - 173s - loss: 0.1130 - accuracy: 0.9642 - val_loss: 0.4947 - val_accuracy: 0.9044

../utils.py:56: H5pyDeprecationWarning: dataset.value has been deprecated. Use dataset[()] instead.
  data[k] = v.value
/home/ci411/.conda/envs/py3.5/lib/python3.6/site-packages/keras/callbacks/callbacks.py:707: RuntimeWarning: Can save best model only with val_dynamic/tags_acc available, skipping.
  'skipping.' % (self.monitor), RuntimeWarning)
/home/ci411/.conda/envs/py3.5/lib/python3.6/site-packages/keras/callbacks/callbacks.py:1042: RuntimeWarning: Reduce LR on plateau conditioned on metric `val_dynamic/tags_acc` which is not available. Available metrics are: val_loss,val_accuracy,loss,accuracy,lr
  (self.monitor, ','.join(list(logs.keys()))), RuntimeWarning
/home/ci411/.conda/envs/py3.5/lib/python3.6/site-packages/keras/callbacks/callbacks.py:846: RuntimeWarning: Early stopping conditioned on metric `val_dynamic/tags_acc` which is not available. Available metrics are: val_loss,val_accuracy,loss,accuracy,lr
  (self.monitor, ','.join(list(logs.keys()))), RuntimeWarning
Done training. Saving results to disk...
Saving Weights
2019-12-02 16:38:34.134435: W tensorflow/stream_executor/platform/default/dso_loader.cc:55] Could not load dynamic library 'libcuda.so.1'; dlerror: libcuda.so.1: cannot open shared object file: No such file or directory; LD_LIBRARY_PATH: /share/apps/anaconda3/4.3.1/lib:/share/apps/cudnn/8.0v6.0/lib64:/share/apps/cuda/8.0.44/extras/CUPTI/lib64:/share/apps/cuda/8.0.44/lib64:/share/apps/centos/7/usr/lib64:/opt/slurm/lib64
2019-12-02 16:38:34.134744: E tensorflow/stream_executor/cuda/cuda_driver.cc:318] failed call to cuInit: UNKNOWN ERROR (303)
2019-12-02 16:38:34.134803: I tensorflow/stream_executor/cuda/cuda_diagnostics.cc:156] kernel driver does not appear to be running on this host (c27-14): /proc/driver/nvidia/version does not exist
2019-12-02 16:38:34.135327: I tensorflow/core/platform/cpu_feature_guard.cc:142] Your CPU supports instructions that this TensorFlow binary was not compiled to use: AVX2 FMA
2019-12-02 16:38:34.149839: I tensorflow/core/platform/profile_utils/cpu_utils.cc:94] CPU Frequency: 2593860000 Hz
2019-12-02 16:38:34.150199: I tensorflow/compiler/xla/service/service.cc:168] XLA service 0x4f0bbb0 executing computations on platform Host. Devices:
2019-12-02 16:38:34.150231: I tensorflow/compiler/xla/service/service.cc:175]   StreamExecutor device (0): Host, Default Version
Using TensorFlow backend.
../utils.py:56: H5pyDeprecationWarning: dataset.value has been deprecated. Use dataset[()] instead.
  data[k] = v.value
Accuracy: 0.8549381716075382
Segment based metrics
========================================
  Evaluated length                  : 17856.98 sec
  Evaluated files                   : 2000 
  Segment length                    : 1.00 sec

  Overall metrics (micro-average)
  ======================================
  F-measure
    F-measure (F1)                  : 50.50 %
    Precision                       : 51.67 %
    Recall                          : 49.39 %
  Error rate
    Error rate (ER)                 : 0.69 
    Substitution rate               : 0.27 
    Deletion rate                   : 0.23 
    Insertion rate                  : 0.19 
  Accuracy
    Sensitivity                     : 49.39 %
    Specificity                     : 91.86 %
    Balanced accuracy               : 70.62 %
    Accuracy                        : 85.49 %

  Class-wise average metrics (macro-average)
  ======================================
  F-measure
    F-measure (F1)                  : 50.94 %
    Precision                       : 55.92 %
    Recall                          : 49.23 %
  Error rate
    Error rate (ER)                 : 0.96 
    Deletion rate                   : 0.51 
    Insertion rate                  : 0.45 
  Accuracy
    Sensitivity                     : 49.23 %
    Specificity                     : 91.81 %
    Balanced accuracy               : 70.52 %
    Accuracy                        : 85.49 %
  

  Class-wise metrics
  ======================================
    Event label  | Nref    Nsys  | F        Pre      Rec    | ER       Del      Ins    | Sens     Spec     Bacc     Acc     
    ------------ | -----   ----- | ------   ------   ------ | ------   ------   ------ | ------   ------   ------   ------  
    air_condit.. | 2798    3968  | 45.7%    39.0%    55.3%  | 1.31     0.45     0.87   | 55.3%    84.6%    69.9%    80.2%   
    car_horn     | 2328    1469  | 60.5%    78.1%    49.3%  | 0.64     0.51     0.14   | 49.3%    98.0%    73.7%    91.9%   
    children_p.. | 2997    2985  | 37.9%    38.0%    37.8%  | 1.24     0.62     0.62   | 37.8%    88.1%    62.9%    79.9%   
    dog_bark     | 2740    2305  | 46.0%    50.4%    42.4%  | 0.99     0.58     0.42   | 42.4%    92.7%    67.6%    85.3%   
    drilling     | 2912    2868  | 58.3%    58.7%    57.8%  | 0.83     0.42     0.41   | 57.8%    92.4%    75.1%    87.0%   
    engine_idl.. | 3009    2805  | 52.5%    54.4%    50.7%  | 0.92     0.49     0.43   | 50.7%    91.8%    71.2%    85.1%   
    gun_shot     | 2385    1264  | 46.6%    67.2%    35.6%  | 0.82     0.64     0.17   | 35.6%    97.4%    66.5%    89.5%   
    jackhammer   | 2780    2235  | 71.7%    80.4%    64.6%  | 0.51     0.35     0.16   | 64.6%    97.2%    80.9%    92.3%   
    siren        | 2911    1814  | 41.4%    53.9%    33.6%  | 0.95     0.66     0.29   | 33.6%    94.6%    64.1%    85.0%   
    street_music | 2889    4814  | 48.9%    39.1%    65.1%  | 1.36     0.35     1.01   | 65.1%    81.2%    73.2%    78.7%   


Saving results to /beegfs/ci411/pcen/models/model_stack_1/results.json
Done!
