2019-12-02 09:30:22.357395: W tensorflow/stream_executor/platform/default/dso_loader.cc:55] Could not load dynamic library 'libcuda.so.1'; dlerror: libcuda.so.1: cannot open shared object file: No such file or directory; LD_LIBRARY_PATH: /share/apps/anaconda3/4.3.1/lib:/share/apps/cudnn/8.0v6.0/lib64:/share/apps/cuda/8.0.44/extras/CUPTI/lib64:/share/apps/cuda/8.0.44/lib64:/share/apps/centos/7/usr/lib64:/opt/slurm/lib64
2019-12-02 09:30:22.357497: E tensorflow/stream_executor/cuda/cuda_driver.cc:318] failed call to cuInit: UNKNOWN ERROR (303)
2019-12-02 09:30:22.357524: I tensorflow/stream_executor/cuda/cuda_diagnostics.cc:156] kernel driver does not appear to be running on this host (c28-06): /proc/driver/nvidia/version does not exist
2019-12-02 09:30:22.365147: I tensorflow/core/platform/profile_utils/cpu_utils.cc:94] CPU Frequency: 3000010000 Hz
2019-12-02 09:30:22.365322: I tensorflow/compiler/xla/service/service.cc:168] XLA service 0x59e1a80 executing computations on platform Host. Devices:
2019-12-02 09:30:22.365340: I tensorflow/compiler/xla/service/service.cc:175]   StreamExecutor device (0): Host, Default Version
Using TensorFlow backend.
  0%|          | 0/6000 [00:00<?, ?it/s] 60%|█████▉    | 3577/6000 [00:00<00:00, 34890.68it/s]100%|██████████| 6000/6000 [00:00<00:00, 49415.68it/s]
  0%|          | 0/2000 [00:00<?, ?it/s]100%|██████████| 2000/2000 [00:00<00:00, 130553.86it/s]Fit model...
Epoch 1/150
 - 202s - loss: 0.3129 - accuracy: 0.8795 - val_loss: 0.1351 - val_accuracy: 0.8746
Epoch 2/150
 - 200s - loss: 0.1999 - accuracy: 0.9263 - val_loss: 0.3660 - val_accuracy: 0.8836
Epoch 3/150
 - 200s - loss: 0.1809 - accuracy: 0.9353 - val_loss: 0.1519 - val_accuracy: 0.8869
Epoch 4/150
 - 199s - loss: 0.1570 - accuracy: 0.9464 - val_loss: 0.2518 - val_accuracy: 0.8880
Epoch 5/150
 - 199s - loss: 0.1622 - accuracy: 0.9439 - val_loss: 0.1826 - val_accuracy: 0.8896
Epoch 6/150
 - 200s - loss: 0.1439 - accuracy: 0.9517 - val_loss: 0.0497 - val_accuracy: 0.8855
Epoch 7/150
 - 199s - loss: 0.1321 - accuracy: 0.9566 - val_loss: 0.0666 - val_accuracy: 0.8964
Epoch 8/150
 - 198s - loss: 0.1338 - accuracy: 0.9555 - val_loss: 0.4963 - val_accuracy: 0.8954
Epoch 9/150
 - 199s - loss: 0.1264 - accuracy: 0.9597 - val_loss: 0.4284 - val_accuracy: 0.9011
Epoch 10/150
 - 199s - loss: 0.1308 - accuracy: 0.9574 - val_loss: 0.1843 - val_accuracy: 0.8947
Epoch 11/150
 - 197s - loss: 0.1387 - accuracy: 0.9532 - val_loss: 0.1783 - val_accuracy: 0.8964
Epoch 12/150
 - 197s - loss: 0.1377 - accuracy: 0.9540 - val_loss: 0.3744 - val_accuracy: 0.8909
Epoch 13/150
 - 198s - loss: 0.1406 - accuracy: 0.9540 - val_loss: 0.0605 - val_accuracy: 0.8865
Epoch 14/150
 - 199s - loss: 0.1280 - accuracy: 0.9577 - val_loss: 0.0328 - val_accuracy: 0.8812
Epoch 15/150
 - 198s - loss: 0.1541 - accuracy: 0.9476 - val_loss: 0.3625 - val_accuracy: 0.8964
Epoch 16/150
 - 197s - loss: 0.1320 - accuracy: 0.9564 - val_loss: 0.8056 - val_accuracy: 0.9089
Epoch 17/150
 - 198s - loss: 0.1354 - accuracy: 0.9564 - val_loss: 0.4216 - val_accuracy: 0.8890
Epoch 18/150
 - 198s - loss: 0.1238 - accuracy: 0.9611 - val_loss: 0.5264 - val_accuracy: 0.8854
Epoch 19/150
 - 198s - loss: 0.1339 - accuracy: 0.9556 - val_loss: 0.3704 - val_accuracy: 0.8997
Epoch 20/150
 - 198s - loss: 0.1016 - accuracy: 0.9701 - val_loss: 0.3954 - val_accuracy: 0.9040
Epoch 21/150
 - 197s - loss: 0.1143 - accuracy: 0.9641 - val_loss: 0.3086 - val_accuracy: 0.8761
Epoch 22/150
 - 198s - loss: 0.1402 - accuracy: 0.9536 - val_loss: 0.0605 - val_accuracy: 0.8981
Epoch 23/150
 - 198s - loss: 0.1196 - accuracy: 0.9616 - val_loss: 0.4022 - val_accuracy: 0.8962
Epoch 24/150
 - 198s - loss: 0.1115 - accuracy: 0.9644 - val_loss: 0.1805 - val_accuracy: 0.9062
Epoch 25/150
 - 197s - loss: 0.1188 - accuracy: 0.9602 - val_loss: 0.1902 - val_accuracy: 0.8908
Epoch 26/150
 - 199s - loss: 0.1270 - accuracy: 0.9580 - val_loss: 0.2641 - val_accuracy: 0.8951
Epoch 27/150
 - 198s - loss: 0.1255 - accuracy: 0.9593 - val_loss: 0.2986 - val_accuracy: 0.8951
Epoch 28/150
 - 198s - loss: 0.1201 - accuracy: 0.9617 - val_loss: 0.4398 - val_accuracy: 0.8980
Epoch 29/150
 - 197s - loss: 0.1151 - accuracy: 0.9637 - val_loss: 0.1875 - val_accuracy: 0.9032
Epoch 30/150
 - 198s - loss: 0.1185 - accuracy: 0.9625 - val_loss: 0.3757 - val_accuracy: 0.9068
Epoch 31/150
 - 196s - loss: 0.1190 - accuracy: 0.9604 - val_loss: 0.4156 - val_accuracy: 0.8970
Epoch 32/150
 - 197s - loss: 0.1269 - accuracy: 0.9588 - val_loss: 0.4407 - val_accuracy: 0.8993
Epoch 33/150
 - 196s - loss: 0.1318 - accuracy: 0.9571 - val_loss: 0.2353 - val_accuracy: 0.8984
Epoch 34/150
 - 197s - loss: 0.1168 - accuracy: 0.9632 - val_loss: 0.0993 - val_accuracy: 0.9025
Epoch 35/150
 - 196s - loss: 0.1287 - accuracy: 0.9586 - val_loss: 0.1818 - val_accuracy: 0.8966
Epoch 36/150
 - 197s - loss: 0.1069 - accuracy: 0.9657 - val_loss: 0.2607 - val_accuracy: 0.9028
Epoch 37/150
 - 196s - loss: 0.1370 - accuracy: 0.9542 - val_loss: 0.4364 - val_accuracy: 0.8950
Epoch 38/150
 - 195s - loss: 0.1285 - accuracy: 0.9584 - val_loss: 0.0278 - val_accuracy: 0.9095
Epoch 39/150
 - 196s - loss: 0.1397 - accuracy: 0.9523 - val_loss: 0.3462 - val_accuracy: 0.8958
Epoch 40/150
 - 195s - loss: 0.1315 - accuracy: 0.9570 - val_loss: 0.0259 - val_accuracy: 0.8895
Epoch 41/150
 - 194s - loss: 0.1201 - accuracy: 0.9594 - val_loss: 0.3548 - val_accuracy: 0.9053
Epoch 42/150
 - 194s - loss: 0.1341 - accuracy: 0.9556 - val_loss: 0.5020 - val_accuracy: 0.9050
Epoch 43/150
 - 194s - loss: 0.1363 - accuracy: 0.9537 - val_loss: 0.5421 - val_accuracy: 0.8976
Epoch 44/150
 - 198s - loss: 0.1373 - accuracy: 0.9538 - val_loss: 0.5117 - val_accuracy: 0.8932
Epoch 45/150
 - 198s - loss: 0.1270 - accuracy: 0.9591 - val_loss: 0.1663 - val_accuracy: 0.9002
Epoch 46/150
 - 198s - loss: 0.1396 - accuracy: 0.9526 - val_loss: 0.2213 - val_accuracy: 0.9058
Epoch 47/150
 - 198s - loss: 0.1510 - accuracy: 0.9481 - val_loss: 0.1125 - val_accuracy: 0.9102
Epoch 48/150
 - 198s - loss: 0.1203 - accuracy: 0.9604 - val_loss: 0.1323 - val_accuracy: 0.9060
Epoch 49/150
 - 196s - loss: 0.1554 - accuracy: 0.9467 - val_loss: 0.5154 - val_accuracy: 0.8975
Epoch 50/150
 - 202s - loss: 0.1404 - accuracy: 0.9533 - val_loss: 0.3192 - val_accuracy: 0.8917
Epoch 51/150
 - 203s - loss: 0.1440 - accuracy: 0.9497 - val_loss: 0.0324 - val_accuracy: 0.8979
Epoch 52/150
 - 204s - loss: 0.1425 - accuracy: 0.9517 - val_loss: 0.0431 - val_accuracy: 0.8970
Epoch 53/150
 - 202s - loss: 0.1425 - accuracy: 0.9528 - val_loss: 0.5317 - val_accuracy: 0.9037
Epoch 54/150
 - 202s - loss: 0.1264 - accuracy: 0.9595 - val_loss: 0.0280 - val_accuracy: 0.8947
Epoch 55/150
 - 200s - loss: 0.1498 - accuracy: 0.9498 - val_loss: 0.4342 - val_accuracy: 0.9029
Epoch 56/150
 - 199s - loss: 0.1221 - accuracy: 0.9576 - val_loss: 0.4324 - val_accuracy: 0.8991
Epoch 57/150
 - 199s - loss: 0.1234 - accuracy: 0.9582 - val_loss: 0.3287 - val_accuracy: 0.9015
Epoch 58/150
 - 199s - loss: 0.1356 - accuracy: 0.9545 - val_loss: 0.3257 - val_accuracy: 0.9085
Epoch 59/150
 - 199s - loss: 0.1290 - accuracy: 0.9562 - val_loss: 0.4420 - val_accuracy: 0.9019
Epoch 60/150
 - 200s - loss: 0.1331 - accuracy: 0.9533 - val_loss: 0.1743 - val_accuracy: 0.9014
Epoch 61/150
 - 199s - loss: 0.1331 - accuracy: 0.9550 - val_loss: 0.3519 - val_accuracy: 0.8916
Epoch 62/150
 - 199s - loss: 0.1351 - accuracy: 0.9541 - val_loss: 0.4264 - val_accuracy: 0.9103
Epoch 63/150
 - 199s - loss: 0.1275 - accuracy: 0.9577 - val_loss: 0.5894 - val_accuracy: 0.9103
Epoch 64/150
 - 198s - loss: 0.1272 - accuracy: 0.9592 - val_loss: 0.1886 - val_accuracy: 0.8990
Epoch 65/150
 - 198s - loss: 0.1409 - accuracy: 0.9505 - val_loss: 0.0361 - val_accuracy: 0.9070
Epoch 66/150
 - 198s - loss: 0.1652 - accuracy: 0.9417 - val_loss: 0.1101 - val_accuracy: 0.9018
Epoch 67/150
 - 198s - loss: 0.1613 - accuracy: 0.9428 - val_loss: 0.3793 - val_accuracy: 0.9147
Epoch 68/150
 - 199s - loss: 0.1417 - accuracy: 0.9495 - val_loss: 0.0305 - val_accuracy: 0.8944
Epoch 69/150
 - 199s - loss: 0.1242 - accuracy: 0.9581 - val_loss: 0.4254 - val_accuracy: 0.9027
Epoch 70/150
 - 199s - loss: 0.1532 - accuracy: 0.9461 - val_loss: 0.4976 - val_accuracy: 0.9020
Epoch 71/150
 - 199s - loss: 0.1360 - accuracy: 0.9536 - val_loss: 0.3568 - val_accuracy: 0.9064
Epoch 72/150
 - 199s - loss: 0.1281 - accuracy: 0.9574 - val_loss: 0.1488 - val_accuracy: 0.9041
Epoch 73/150
 - 199s - loss: 0.1208 - accuracy: 0.9595 - val_loss: 0.3884 - val_accuracy: 0.9064
Epoch 74/150
 - 199s - loss: 0.1497 - accuracy: 0.9480 - val_loss: 0.5430 - val_accuracy: 0.9041
Epoch 75/150
 - 199s - loss: 0.1438 - accuracy: 0.9507 - val_loss: 0.3904 - val_accuracy: 0.9074
Epoch 76/150
 - 201s - loss: 0.1501 - accuracy: 0.9478 - val_loss: 0.2764 - val_accuracy: 0.8971
Epoch 77/150
 - 201s - loss: 0.1428 - accuracy: 0.9506 - val_loss: 0.7439 - val_accuracy: 0.9072
Epoch 78/150
 - 199s - loss: 0.1398 - accuracy: 0.9510 - val_loss: 0.2893 - val_accuracy: 0.9090
Epoch 79/150
 - 197s - loss: 0.1266 - accuracy: 0.9559 - val_loss: 0.4842 - val_accuracy: 0.9055
Epoch 80/150
 - 198s - loss: 0.1118 - accuracy: 0.9630 - val_loss: 0.4739 - val_accuracy: 0.9101
Epoch 81/150
 - 198s - loss: 0.1269 - accuracy: 0.9551 - val_loss: 0.1470 - val_accuracy: 0.9083
Epoch 82/150
 - 197s - loss: 0.1309 - accuracy: 0.9550 - val_loss: 0.3483 - val_accuracy: 0.9062
Epoch 83/150
 - 198s - loss: 0.1259 - accuracy: 0.9578 - val_loss: 0.4153 - val_accuracy: 0.9107
Epoch 84/150
 - 197s - loss: 0.1533 - accuracy: 0.9468 - val_loss: 0.0265 - val_accuracy: 0.8972
Epoch 85/150
 - 198s - loss: 0.1168 - accuracy: 0.9596 - val_loss: 0.1660 - val_accuracy: 0.9039
Epoch 86/150
 - 198s - loss: 0.1265 - accuracy: 0.9568 - val_loss: 0.1694 - val_accuracy: 0.8984
Epoch 87/150
 - 199s - loss: 0.1353 - accuracy: 0.9531 - val_loss: 0.2925 - val_accuracy: 0.9078
Epoch 88/150
 - 198s - loss: 0.1344 - accuracy: 0.9534 - val_loss: 0.3566 - val_accuracy: 0.9076
Epoch 89/150
 - 199s - loss: 0.1364 - accuracy: 0.9527 - val_loss: 0.3506 - val_accuracy: 0.9000
Epoch 90/150
 - 199s - loss: 0.1578 - accuracy: 0.9447 - val_loss: 0.4211 - val_accuracy: 0.9140
Epoch 91/150
 - 199s - loss: 0.1387 - accuracy: 0.9503 - val_loss: 0.4434 - val_accuracy: 0.9031
Epoch 92/150
 - 199s - loss: 0.1439 - accuracy: 0.9477 - val_loss: 0.1761 - val_accuracy: 0.8991
Epoch 93/150
 - 199s - loss: 0.1397 - accuracy: 0.9512 - val_loss: 0.3902 - val_accuracy: 0.9068
Epoch 94/150
 - 199s - loss: 0.1381 - accuracy: 0.9519 - val_loss: 0.1467 - val_accuracy: 0.9031
Epoch 95/150
 - 199s - loss: 0.1468 - accuracy: 0.9476 - val_loss: 0.3014 - val_accuracy: 0.9033
Epoch 96/150
 - 198s - loss: 0.1623 - accuracy: 0.9421 - val_loss: 0.1769 - val_accuracy: 0.9099
Epoch 97/150
 - 199s - loss: 0.1533 - accuracy: 0.9447 - val_loss: 0.3683 - val_accuracy: 0.9016
Epoch 98/150
 - 200s - loss: 0.1521 - accuracy: 0.9455 - val_loss: 0.1296 - val_accuracy: 0.9085
Epoch 99/150
 - 201s - loss: 0.1596 - accuracy: 0.9433 - val_loss: 0.0193 - val_accuracy: 0.9080
Epoch 100/150
 - 200s - loss: 0.1553 - accuracy: 0.9433 - val_loss: 0.1068 - val_accuracy: 0.9107
Epoch 101/150
 - 201s - loss: 0.1427 - accuracy: 0.9484 - val_loss: 0.2894 - val_accuracy: 0.8989
Epoch 102/150
 - 200s - loss: 0.1390 - accuracy: 0.9507 - val_loss: 0.3074 - val_accuracy: 0.9029
Epoch 103/150
 - 199s - loss: 0.1180 - accuracy: 0.9596 - val_loss: 0.1950 - val_accuracy: 0.9087
Epoch 104/150
 - 199s - loss: 0.1427 - accuracy: 0.9503 - val_loss: 0.1015 - val_accuracy: 0.9034
Epoch 105/150
 - 199s - loss: 0.1352 - accuracy: 0.9527 - val_loss: 0.4921 - val_accuracy: 0.9120
Epoch 106/150
 - 199s - loss: 0.1253 - accuracy: 0.9568 - val_loss: 0.3235 - val_accuracy: 0.9027
Epoch 107/150
 - 200s - loss: 0.1624 - accuracy: 0.9424 - val_loss: 0.5470 - val_accuracy: 0.9025
Epoch 108/150
 - 199s - loss: 0.1400 - accuracy: 0.9507 - val_loss: 0.3283 - val_accuracy: 0.9037
Epoch 109/150
 - 198s - loss: 0.1343 - accuracy: 0.9535 - val_loss: 0.4364 - val_accuracy: 0.9064
Epoch 110/150
 - 199s - loss: 0.1404 - accuracy: 0.9514 - val_loss: 0.2685 - val_accuracy: 0.9005
Epoch 111/150
 - 199s - loss: 0.1442 - accuracy: 0.9488 - val_loss: 0.3097 - val_accuracy: 0.9054
Epoch 112/150
 - 199s - loss: 0.1457 - accuracy: 0.9463 - val_loss: 0.0217 - val_accuracy: 0.9013
Epoch 113/150
 - 199s - loss: 0.1426 - accuracy: 0.9498 - val_loss: 0.3160 - val_accuracy: 0.9056
Epoch 114/150
 - 199s - loss: 0.1334 - accuracy: 0.9510 - val_loss: 0.6075 - val_accuracy: 0.9117
Epoch 115/150
 - 199s - loss: 0.1369 - accuracy: 0.9512 - val_loss: 0.2460 - val_accuracy: 0.9074
Epoch 116/150
 - 200s - loss: 0.1435 - accuracy: 0.9508 - val_loss: 0.3136 - val_accuracy: 0.8990
Epoch 117/150
 - 199s - loss: 0.1478 - accuracy: 0.9484 - val_loss: 0.2086 - val_accuracy: 0.9103
Epoch 118/150
 - 199s - loss: 0.1362 - accuracy: 0.9527 - val_loss: 0.3703 - val_accuracy: 0.8996
Epoch 119/150
 - 199s - loss: 0.1412 - accuracy: 0.9494 - val_loss: 0.6186 - val_accuracy: 0.8958
Epoch 120/150
 - 199s - loss: 0.1465 - accuracy: 0.9466 - val_loss: 0.2728 - val_accuracy: 0.9041
Epoch 121/150
 - 200s - loss: 0.1362 - accuracy: 0.9517 - val_loss: 0.0222 - val_accuracy: 0.9102
Epoch 122/150
 - 199s - loss: 0.1306 - accuracy: 0.9548 - val_loss: 0.5982 - val_accuracy: 0.9075
Epoch 123/150
 - 200s - loss: 0.1293 - accuracy: 0.9552 - val_loss: 0.5183 - val_accuracy: 0.9041
Epoch 124/150
 - 199s - loss: 0.1504 - accuracy: 0.9473 - val_loss: 0.1433 - val_accuracy: 0.9025
Epoch 125/150
 - 199s - loss: 0.1219 - accuracy: 0.9566 - val_loss: 0.4301 - val_accuracy: 0.9017
Epoch 126/150
 - 200s - loss: 0.1408 - accuracy: 0.9514 - val_loss: 0.4821 - val_accuracy: 0.9107
Epoch 127/150
 - 201s - loss: 0.1391 - accuracy: 0.9504 - val_loss: 0.1595 - val_accuracy: 0.8997
Epoch 128/150
 - 200s - loss: 0.1423 - accuracy: 0.9506 - val_loss: 0.0575 - val_accuracy: 0.9054
Epoch 129/150
 - 202s - loss: 0.1290 - accuracy: 0.9559 - val_loss: 0.5768 - val_accuracy: 0.9023
Epoch 130/150
 - 200s - loss: 0.1366 - accuracy: 0.9528 - val_loss: 0.5363 - val_accuracy: 0.8991
Epoch 131/150
 - 199s - loss: 0.1463 - accuracy: 0.9466 - val_loss: 0.3882 - val_accuracy: 0.8975
Epoch 132/150
 - 199s - loss: 0.1403 - accuracy: 0.9502 - val_loss: 0.2203 - val_accuracy: 0.9042
Epoch 133/150
 - 199s - loss: 0.1460 - accuracy: 0.9482 - val_loss: 0.1602 - val_accuracy: 0.9020
Epoch 134/150
 - 198s - loss: 0.1435 - accuracy: 0.9516 - val_loss: 0.7136 - val_accuracy: 0.9077
Epoch 135/150
 - 199s - loss: 0.1602 - accuracy: 0.9422 - val_loss: 0.4812 - val_accuracy: 0.9045
Epoch 136/150
 - 198s - loss: 0.1431 - accuracy: 0.9493 - val_loss: 0.2838 - val_accuracy: 0.9060
Epoch 137/150
 - 199s - loss: 0.1260 - accuracy: 0.9575 - val_loss: 0.0292 - val_accuracy: 0.9115
Epoch 138/150
 - 198s - loss: 0.1254 - accuracy: 0.9556 - val_loss: 0.3470 - val_accuracy: 0.9102
Epoch 139/150
 - 200s - loss: 0.1368 - accuracy: 0.9514 - val_loss: 0.1949 - val_accuracy: 0.9037
Epoch 140/150
 - 199s - loss: 0.1520 - accuracy: 0.9443 - val_loss: 0.1910 - val_accuracy: 0.9103
Epoch 141/150
 - 198s - loss: 0.1495 - accuracy: 0.9458 - val_loss: 0.4289 - val_accuracy: 0.9081
Epoch 142/150
 - 199s - loss: 0.1331 - accuracy: 0.9526 - val_loss: 0.4030 - val_accuracy: 0.9035
Epoch 143/150
 - 200s - loss: 0.1478 - accuracy: 0.9470 - val_loss: 0.1564 - val_accuracy: 0.9012
Epoch 144/150
 - 200s - loss: 0.1442 - accuracy: 0.9483 - val_loss: 0.1742 - val_accuracy: 0.8941
Epoch 145/150
 - 199s - loss: 0.1521 - accuracy: 0.9452 - val_loss: 0.0685 - val_accuracy: 0.8994
Epoch 146/150
 - 199s - loss: 0.1468 - accuracy: 0.9475 - val_loss: 0.0836 - val_accuracy: 0.9064
Epoch 147/150
 - 199s - loss: 0.1351 - accuracy: 0.9526 - val_loss: 0.3891 - val_accuracy: 0.9115
Epoch 148/150
 - 200s - loss: 0.1544 - accuracy: 0.9439 - val_loss: 0.2378 - val_accuracy: 0.9090
Epoch 149/150
 - 203s - loss: 0.1289 - accuracy: 0.9539 - val_loss: 0.3214 - val_accuracy: 0.9116
Epoch 150/150
 - 203s - loss: 0.1400 - accuracy: 0.9513 - val_loss: 0.3846 - val_accuracy: 0.9043

../utils.py:56: H5pyDeprecationWarning: dataset.value has been deprecated. Use dataset[()] instead.
  data[k] = v.value
/home/ci411/.conda/envs/py3.5/lib/python3.6/site-packages/keras/callbacks/callbacks.py:707: RuntimeWarning: Can save best model only with val_dynamic/tags_acc available, skipping.
  'skipping.' % (self.monitor), RuntimeWarning)
/home/ci411/.conda/envs/py3.5/lib/python3.6/site-packages/keras/callbacks/callbacks.py:1042: RuntimeWarning: Reduce LR on plateau conditioned on metric `val_dynamic/tags_acc` which is not available. Available metrics are: val_loss,val_accuracy,loss,accuracy,lr
  (self.monitor, ','.join(list(logs.keys()))), RuntimeWarning
/home/ci411/.conda/envs/py3.5/lib/python3.6/site-packages/keras/callbacks/callbacks.py:846: RuntimeWarning: Early stopping conditioned on metric `val_dynamic/tags_acc` which is not available. Available metrics are: val_loss,val_accuracy,loss,accuracy,lr
  (self.monitor, ','.join(list(logs.keys()))), RuntimeWarning
Done training. Saving results to disk...
Saving Weights
2019-12-02 17:47:33.398952: W tensorflow/stream_executor/platform/default/dso_loader.cc:55] Could not load dynamic library 'libcuda.so.1'; dlerror: libcuda.so.1: cannot open shared object file: No such file or directory; LD_LIBRARY_PATH: /share/apps/anaconda3/4.3.1/lib:/share/apps/cudnn/8.0v6.0/lib64:/share/apps/cuda/8.0.44/extras/CUPTI/lib64:/share/apps/cuda/8.0.44/lib64:/share/apps/centos/7/usr/lib64:/opt/slurm/lib64
2019-12-02 17:47:33.399216: E tensorflow/stream_executor/cuda/cuda_driver.cc:318] failed call to cuInit: UNKNOWN ERROR (303)
2019-12-02 17:47:33.399255: I tensorflow/stream_executor/cuda/cuda_diagnostics.cc:156] kernel driver does not appear to be running on this host (c28-06): /proc/driver/nvidia/version does not exist
2019-12-02 17:47:33.406457: I tensorflow/core/platform/profile_utils/cpu_utils.cc:94] CPU Frequency: 3000010000 Hz
2019-12-02 17:47:33.406652: I tensorflow/compiler/xla/service/service.cc:168] XLA service 0x4e58f60 executing computations on platform Host. Devices:
2019-12-02 17:47:33.406669: I tensorflow/compiler/xla/service/service.cc:175]   StreamExecutor device (0): Host, Default Version
Using TensorFlow backend.
../utils.py:56: H5pyDeprecationWarning: dataset.value has been deprecated. Use dataset[()] instead.
  data[k] = v.value
Accuracy: 0.8596843692771733
Segment based metrics
========================================
  Evaluated length                  : 17898.11 sec
  Evaluated files                   : 2000 
  Segment length                    : 1.00 sec

  Overall metrics (micro-average)
  ======================================
  F-measure
    F-measure (F1)                  : 52.49 %
    Precision                       : 53.13 %
    Recall                          : 51.86 %
  Error rate
    Error rate (ER)                 : 0.69 
    Substitution rate               : 0.25 
    Deletion rate                   : 0.23 
    Insertion rate                  : 0.21 
  Accuracy
    Sensitivity                     : 51.86 %
    Specificity                     : 91.96 %
    Balanced accuracy               : 71.91 %
    Accuracy                        : 85.97 %

  Class-wise average metrics (macro-average)
  ======================================
  F-measure
    F-measure (F1)                  : 51.96 %
    Precision                       : 56.12 %
    Recall                          : 51.77 %
  Error rate
    Error rate (ER)                 : 0.94 
    Deletion rate                   : 0.48 
    Insertion rate                  : 0.45 
  Accuracy
    Sensitivity                     : 51.77 %
    Specificity                     : 91.94 %
    Balanced accuracy               : 71.86 %
    Accuracy                        : 85.97 %
  

  Class-wise metrics
  ======================================
    Event label  | Nref    Nsys  | F        Pre      Rec    | ER       Del      Ins    | Sens     Spec     Bacc     Acc     
    ------------ | -----   ----- | ------   ------   ------ | ------   ------   ------ | ------   ------   ------   ------  
    air_condit.. | 2798    5386  | 48.1%    36.6%    70.4%  | 1.52     0.30     1.22   | 70.4%    78.3%    74.4%    77.1%   
    car_horn     | 2328    1984  | 61.9%    67.2%    57.3%  | 0.71     0.43     0.28   | 57.3%    96.0%    76.6%    91.1%   
    children_p.. | 2997    2088  | 48.8%    59.5%    41.4%  | 0.87     0.59     0.28   | 41.4%    94.6%    68.0%    86.0%   
    dog_bark     | 2740    3674  | 48.9%    42.7%    57.2%  | 1.20     0.43     0.77   | 57.2%    86.7%    71.9%    82.3%   
    drilling     | 2912    2349  | 52.5%    58.8%    47.4%  | 0.86     0.53     0.33   | 47.4%    93.8%    70.6%    86.5%   
    engine_idl.. | 3009    3097  | 55.7%    54.9%    56.5%  | 0.90     0.44     0.46   | 56.5%    91.0%    73.7%    85.4%   
    gun_shot     | 2385    1181  | 41.7%    62.9%    31.2%  | 0.87     0.69     0.18   | 31.2%    97.3%    64.2%    88.8%   
    jackhammer   | 2780    3187  | 63.8%    59.7%    68.5%  | 0.78     0.32     0.46   | 68.5%    91.9%    80.2%    88.4%   
    siren        | 2911    2786  | 64.3%    65.8%    63.0%  | 0.70     0.37     0.33   | 63.0%    93.9%    78.4%    89.1%   
    street_music | 2889    1354  | 34.0%    53.2%    25.0%  | 0.97     0.75     0.22   | 25.0%    96.0%    60.5%    84.9%   


Saving results to /beegfs/ci411/pcen/models/model_stack_6/results.json
Done!
