
The following have been reloaded with a version change:
  1) cuda/10.1.105 => cuda/10.0.130

2020-01-22 12:18:32.195881: I tensorflow/stream_executor/platform/default/dso_loader.cc:44] Successfully opened dynamic library libcuda.so.1
2020-01-22 12:18:32.242843: I tensorflow/core/common_runtime/gpu/gpu_device.cc:1618] Found device 0 with properties: 
name: Tesla V100-SXM2-16GB major: 7 minor: 0 memoryClockRate(GHz): 1.53
pciBusID: 0000:1e:00.0
2020-01-22 12:18:32.243390: I tensorflow/stream_executor/platform/default/dso_loader.cc:44] Successfully opened dynamic library libcudart.so.10.0
2020-01-22 12:18:32.244944: I tensorflow/stream_executor/platform/default/dso_loader.cc:44] Successfully opened dynamic library libcublas.so.10.0
2020-01-22 12:18:32.246399: I tensorflow/stream_executor/platform/default/dso_loader.cc:44] Successfully opened dynamic library libcufft.so.10.0
2020-01-22 12:18:32.246833: I tensorflow/stream_executor/platform/default/dso_loader.cc:44] Successfully opened dynamic library libcurand.so.10.0
2020-01-22 12:18:32.248540: I tensorflow/stream_executor/platform/default/dso_loader.cc:44] Successfully opened dynamic library libcusolver.so.10.0
2020-01-22 12:18:32.249898: I tensorflow/stream_executor/platform/default/dso_loader.cc:44] Successfully opened dynamic library libcusparse.so.10.0
2020-01-22 12:18:32.253917: I tensorflow/stream_executor/platform/default/dso_loader.cc:44] Successfully opened dynamic library libcudnn.so.7
2020-01-22 12:18:32.256234: I tensorflow/core/common_runtime/gpu/gpu_device.cc:1746] Adding visible gpu devices: 0
2020-01-22 12:18:32.256549: I tensorflow/core/platform/cpu_feature_guard.cc:142] Your CPU supports instructions that this TensorFlow binary was not compiled to use: AVX2 AVX512F FMA
2020-01-22 12:18:32.263169: I tensorflow/core/platform/profile_utils/cpu_utils.cc:94] CPU Frequency: 2400000000 Hz
2020-01-22 12:18:32.263336: I tensorflow/compiler/xla/service/service.cc:168] XLA service 0x58e1950 executing computations on platform Host. Devices:
2020-01-22 12:18:32.263353: I tensorflow/compiler/xla/service/service.cc:175]   StreamExecutor device (0): Host, Default Version
2020-01-22 12:18:32.376216: I tensorflow/compiler/xla/service/service.cc:168] XLA service 0x58e3c40 executing computations on platform CUDA. Devices:
2020-01-22 12:18:32.376250: I tensorflow/compiler/xla/service/service.cc:175]   StreamExecutor device (0): Tesla V100-SXM2-16GB, Compute Capability 7.0
2020-01-22 12:18:32.377544: I tensorflow/core/common_runtime/gpu/gpu_device.cc:1618] Found device 0 with properties: 
name: Tesla V100-SXM2-16GB major: 7 minor: 0 memoryClockRate(GHz): 1.53
pciBusID: 0000:1e:00.0
2020-01-22 12:18:32.377590: I tensorflow/stream_executor/platform/default/dso_loader.cc:44] Successfully opened dynamic library libcudart.so.10.0
2020-01-22 12:18:32.377601: I tensorflow/stream_executor/platform/default/dso_loader.cc:44] Successfully opened dynamic library libcublas.so.10.0
2020-01-22 12:18:32.377612: I tensorflow/stream_executor/platform/default/dso_loader.cc:44] Successfully opened dynamic library libcufft.so.10.0
2020-01-22 12:18:32.377622: I tensorflow/stream_executor/platform/default/dso_loader.cc:44] Successfully opened dynamic library libcurand.so.10.0
2020-01-22 12:18:32.377632: I tensorflow/stream_executor/platform/default/dso_loader.cc:44] Successfully opened dynamic library libcusolver.so.10.0
2020-01-22 12:18:32.377642: I tensorflow/stream_executor/platform/default/dso_loader.cc:44] Successfully opened dynamic library libcusparse.so.10.0
2020-01-22 12:18:32.377653: I tensorflow/stream_executor/platform/default/dso_loader.cc:44] Successfully opened dynamic library libcudnn.so.7
2020-01-22 12:18:32.379820: I tensorflow/core/common_runtime/gpu/gpu_device.cc:1746] Adding visible gpu devices: 0
2020-01-22 12:18:32.379851: I tensorflow/stream_executor/platform/default/dso_loader.cc:44] Successfully opened dynamic library libcudart.so.10.0
2020-01-22 12:18:32.381741: I tensorflow/core/common_runtime/gpu/gpu_device.cc:1159] Device interconnect StreamExecutor with strength 1 edge matrix:
2020-01-22 12:18:32.381756: I tensorflow/core/common_runtime/gpu/gpu_device.cc:1165]      0 
2020-01-22 12:18:32.381761: I tensorflow/core/common_runtime/gpu/gpu_device.cc:1178] 0:   N 
2020-01-22 12:18:32.384415: I tensorflow/core/common_runtime/gpu/gpu_device.cc:1304] Created TensorFlow device (/job:localhost/replica:0/task:0/device:GPU:0 with 15023 MB memory) -> physical GPU (device: 0, name: Tesla V100-SXM2-16GB, pci bus id: 0000:1e:00.0, compute capability: 7.0)
Using TensorFlow backend.
  0%|          | 0/6000 [00:00<?, ?it/s] 81%|████████  | 4862/6000 [00:00<00:00, 48619.93it/s]100%|██████████| 6000/6000 [00:00<00:00, 57062.13it/s]
  0%|          | 0/2000 [00:00<?, ?it/s]100%|██████████| 2000/2000 [00:00<00:00, 231703.90it/s]2020-01-22 12:18:41.458575: I tensorflow/stream_executor/platform/default/dso_loader.cc:44] Successfully opened dynamic library libcublas.so.10.0
2020-01-22 12:18:41.729746: I tensorflow/stream_executor/platform/default/dso_loader.cc:44] Successfully opened dynamic library libcudnn.so.7
2020-01-22 12:18:43.237556: W tensorflow/stream_executor/cuda/redzone_allocator.cc:312] Not found: ./bin/ptxas not found
Relying on driver to perform ptx compilation. This message will be only logged once.
/beegfs/ci411/pcen/pumps/full_test/pump.pkl
Fit model...
Epoch 1/150
 - 32s - loss: 0.3057 - accuracy: 0.8839 - val_loss: 0.1188 - val_accuracy: 0.8888
Epoch 2/150
 - 27s - loss: 0.1909 - accuracy: 0.9317 - val_loss: 0.3093 - val_accuracy: 0.8858
Epoch 3/150
 - 27s - loss: 0.1782 - accuracy: 0.9387 - val_loss: 0.1734 - val_accuracy: 0.8539
Epoch 4/150
 - 27s - loss: 0.1564 - accuracy: 0.9476 - val_loss: 0.2534 - val_accuracy: 0.8942
Epoch 5/150
 - 27s - loss: 0.1636 - accuracy: 0.9437 - val_loss: 0.1496 - val_accuracy: 0.8891
Epoch 6/150
 - 27s - loss: 0.1485 - accuracy: 0.9505 - val_loss: 0.0272 - val_accuracy: 0.8915
Epoch 7/150
 - 27s - loss: 0.1350 - accuracy: 0.9563 - val_loss: 0.1439 - val_accuracy: 0.8859
Epoch 8/150
 - 27s - loss: 0.1335 - accuracy: 0.9563 - val_loss: 0.4389 - val_accuracy: 0.8990
Epoch 9/150
 - 27s - loss: 0.1350 - accuracy: 0.9574 - val_loss: 0.3026 - val_accuracy: 0.8900
Epoch 10/150
 - 27s - loss: 0.1348 - accuracy: 0.9566 - val_loss: 0.1477 - val_accuracy: 0.8986
Epoch 11/150
 - 27s - loss: 0.1377 - accuracy: 0.9551 - val_loss: 0.1905 - val_accuracy: 0.8934
Epoch 12/150
 - 27s - loss: 0.1394 - accuracy: 0.9542 - val_loss: 0.4449 - val_accuracy: 0.8927
Epoch 13/150
 - 27s - loss: 0.1385 - accuracy: 0.9555 - val_loss: 0.0593 - val_accuracy: 0.8892
Epoch 14/150
 - 27s - loss: 0.1394 - accuracy: 0.9543 - val_loss: 0.0406 - val_accuracy: 0.8880
Epoch 15/150
 - 27s - loss: 0.1490 - accuracy: 0.9510 - val_loss: 0.4829 - val_accuracy: 0.8880
Epoch 16/150
 - 27s - loss: 0.1330 - accuracy: 0.9570 - val_loss: 0.6536 - val_accuracy: 0.9035
Epoch 17/150
 - 27s - loss: 0.1431 - accuracy: 0.9532 - val_loss: 0.4023 - val_accuracy: 0.8793
Epoch 18/150
 - 27s - loss: 0.1286 - accuracy: 0.9603 - val_loss: 0.5744 - val_accuracy: 0.8858
Epoch 19/150
 - 27s - loss: 0.1366 - accuracy: 0.9561 - val_loss: 0.2580 - val_accuracy: 0.8923
Epoch 20/150
 - 27s - loss: 0.1045 - accuracy: 0.9695 - val_loss: 0.5128 - val_accuracy: 0.8977
Epoch 21/150
 - 27s - loss: 0.1152 - accuracy: 0.9652 - val_loss: 0.4234 - val_accuracy: 0.8849
Epoch 22/150
 - 27s - loss: 0.1569 - accuracy: 0.9471 - val_loss: 0.0835 - val_accuracy: 0.8964
Epoch 23/150
 - 27s - loss: 0.1297 - accuracy: 0.9575 - val_loss: 0.5347 - val_accuracy: 0.8933
Epoch 24/150
 - 27s - loss: 0.1198 - accuracy: 0.9629 - val_loss: 0.1588 - val_accuracy: 0.9043
Epoch 25/150
 - 28s - loss: 0.1225 - accuracy: 0.9597 - val_loss: 0.1636 - val_accuracy: 0.8945
Epoch 26/150
 - 27s - loss: 0.1299 - accuracy: 0.9578 - val_loss: 0.2482 - val_accuracy: 0.8938
Epoch 27/150
 - 27s - loss: 0.1361 - accuracy: 0.9564 - val_loss: 0.2875 - val_accuracy: 0.8952
Epoch 28/150
 - 27s - loss: 0.1325 - accuracy: 0.9581 - val_loss: 0.5167 - val_accuracy: 0.8959
Epoch 29/150
 - 27s - loss: 0.1287 - accuracy: 0.9575 - val_loss: 0.2674 - val_accuracy: 0.8956
Epoch 30/150
 - 27s - loss: 0.1307 - accuracy: 0.9580 - val_loss: 0.3702 - val_accuracy: 0.9082
Epoch 31/150
 - 27s - loss: 0.1351 - accuracy: 0.9554 - val_loss: 0.3646 - val_accuracy: 0.8977
Epoch 32/150
 - 27s - loss: 0.1424 - accuracy: 0.9524 - val_loss: 0.4313 - val_accuracy: 0.8978
Epoch 33/150
 - 27s - loss: 0.1586 - accuracy: 0.9451 - val_loss: 0.1651 - val_accuracy: 0.8953
Epoch 34/150
 - 27s - loss: 0.1545 - accuracy: 0.9472 - val_loss: 0.1104 - val_accuracy: 0.8997
Epoch 35/150
 - 27s - loss: 0.1590 - accuracy: 0.9452 - val_loss: 0.2262 - val_accuracy: 0.8958
Epoch 36/150
 - 27s - loss: 0.1224 - accuracy: 0.9593 - val_loss: 0.2728 - val_accuracy: 0.8995
Epoch 37/150
 - 27s - loss: 0.1434 - accuracy: 0.9516 - val_loss: 0.5022 - val_accuracy: 0.8987
Epoch 38/150
 - 27s - loss: 0.1366 - accuracy: 0.9557 - val_loss: 0.0488 - val_accuracy: 0.9027
Epoch 39/150
 - 27s - loss: 0.1682 - accuracy: 0.9394 - val_loss: 0.3764 - val_accuracy: 0.9013
Epoch 40/150
 - 27s - loss: 0.1474 - accuracy: 0.9504 - val_loss: 0.0304 - val_accuracy: 0.8961
Epoch 41/150
 - 27s - loss: 0.1329 - accuracy: 0.9543 - val_loss: 0.2909 - val_accuracy: 0.9040
Epoch 42/150
 - 27s - loss: 0.1430 - accuracy: 0.9520 - val_loss: 0.5624 - val_accuracy: 0.9084
Epoch 43/150
 - 27s - loss: 0.1444 - accuracy: 0.9521 - val_loss: 0.5102 - val_accuracy: 0.8981
Epoch 44/150
 - 27s - loss: 0.1502 - accuracy: 0.9488 - val_loss: 0.3835 - val_accuracy: 0.8912
Epoch 45/150
 - 27s - loss: 0.1453 - accuracy: 0.9516 - val_loss: 0.1732 - val_accuracy: 0.8967
Epoch 46/150
 - 27s - loss: 0.1605 - accuracy: 0.9448 - val_loss: 0.1983 - val_accuracy: 0.9050
Epoch 47/150
 - 27s - loss: 0.1599 - accuracy: 0.9449 - val_loss: 0.1332 - val_accuracy: 0.9062
Epoch 48/150
 - 27s - loss: 0.1297 - accuracy: 0.9566 - val_loss: 0.1622 - val_accuracy: 0.9046
Epoch 49/150
 - 27s - loss: 0.1711 - accuracy: 0.9396 - val_loss: 0.4093 - val_accuracy: 0.8993
Epoch 50/150
 - 27s - loss: 0.1685 - accuracy: 0.9412 - val_loss: 0.3840 - val_accuracy: 0.8924
Epoch 51/150
 - 27s - loss: 0.1744 - accuracy: 0.9373 - val_loss: 0.0329 - val_accuracy: 0.9025
Epoch 52/150
 - 27s - loss: 0.1721 - accuracy: 0.9377 - val_loss: 0.0582 - val_accuracy: 0.9015
Epoch 53/150
 - 27s - loss: 0.1819 - accuracy: 0.9349 - val_loss: 0.4438 - val_accuracy: 0.9004
Epoch 54/150
 - 27s - loss: 0.1605 - accuracy: 0.9438 - val_loss: 0.0346 - val_accuracy: 0.8979
Epoch 55/150
 - 27s - loss: 0.1882 - accuracy: 0.9325 - val_loss: 0.3283 - val_accuracy: 0.9049
Epoch 56/150
 - 27s - loss: 0.1369 - accuracy: 0.9518 - val_loss: 0.4732 - val_accuracy: 0.8979
Epoch 57/150
 - 27s - loss: 0.1453 - accuracy: 0.9491 - val_loss: 0.3859 - val_accuracy: 0.8986
Epoch 58/150
 - 27s - loss: 0.1779 - accuracy: 0.9367 - val_loss: 0.3625 - val_accuracy: 0.9034
Epoch 59/150
 - 27s - loss: 0.1611 - accuracy: 0.9432 - val_loss: 0.3180 - val_accuracy: 0.9083
Epoch 60/150
 - 27s - loss: 0.1497 - accuracy: 0.9470 - val_loss: 0.2445 - val_accuracy: 0.8903
Epoch 61/150
 - 27s - loss: 0.1717 - accuracy: 0.9364 - val_loss: 0.4578 - val_accuracy: 0.8901
Epoch 62/150
 - 27s - loss: 0.1572 - accuracy: 0.9439 - val_loss: 0.3019 - val_accuracy: 0.9081
Epoch 63/150
 - 27s - loss: 0.1506 - accuracy: 0.9479 - val_loss: 0.3338 - val_accuracy: 0.9035
Epoch 64/150
 - 27s - loss: 0.1553 - accuracy: 0.9467 - val_loss: 0.1626 - val_accuracy: 0.8966
Epoch 65/150
 - 27s - loss: 0.1519 - accuracy: 0.9465 - val_loss: 0.0431 - val_accuracy: 0.9012
Epoch 66/150
 - 27s - loss: 0.1801 - accuracy: 0.9339 - val_loss: 0.1274 - val_accuracy: 0.8999
Epoch 67/150
 - 27s - loss: 0.1656 - accuracy: 0.9402 - val_loss: 0.4172 - val_accuracy: 0.9124
Epoch 68/150
 - 27s - loss: 0.1564 - accuracy: 0.9436 - val_loss: 0.0195 - val_accuracy: 0.8943
Epoch 69/150
 - 27s - loss: 0.1547 - accuracy: 0.9436 - val_loss: 0.3119 - val_accuracy: 0.9020
Epoch 70/150
 - 27s - loss: 0.1699 - accuracy: 0.9394 - val_loss: 0.3400 - val_accuracy: 0.8995
Epoch 71/150
 - 27s - loss: 0.1686 - accuracy: 0.9381 - val_loss: 0.2540 - val_accuracy: 0.9098
Epoch 72/150
 - 27s - loss: 0.1560 - accuracy: 0.9457 - val_loss: 0.1328 - val_accuracy: 0.9064
Epoch 73/150
 - 27s - loss: 0.1521 - accuracy: 0.9463 - val_loss: 0.3290 - val_accuracy: 0.9075
Epoch 74/150
 - 27s - loss: 0.1656 - accuracy: 0.9416 - val_loss: 0.5081 - val_accuracy: 0.9039
Epoch 75/150
 - 27s - loss: 0.1728 - accuracy: 0.9371 - val_loss: 0.5107 - val_accuracy: 0.9041
Epoch 76/150
 - 27s - loss: 0.1711 - accuracy: 0.9373 - val_loss: 0.3679 - val_accuracy: 0.8958
Epoch 77/150
 - 27s - loss: 0.1687 - accuracy: 0.9396 - val_loss: 0.4802 - val_accuracy: 0.9005
Epoch 78/150
 - 27s - loss: 0.1591 - accuracy: 0.9420 - val_loss: 0.2793 - val_accuracy: 0.9086
Epoch 79/150
 - 27s - loss: 0.1631 - accuracy: 0.9401 - val_loss: 0.4360 - val_accuracy: 0.9015
Epoch 80/150
 - 27s - loss: 0.1421 - accuracy: 0.9493 - val_loss: 0.1995 - val_accuracy: 0.9018
Epoch 81/150
 - 27s - loss: 0.1532 - accuracy: 0.9430 - val_loss: 0.1697 - val_accuracy: 0.9001
Epoch 82/150
 - 27s - loss: 0.1666 - accuracy: 0.9388 - val_loss: 0.3462 - val_accuracy: 0.9089
Epoch 83/150
 - 27s - loss: 0.1641 - accuracy: 0.9428 - val_loss: 0.4159 - val_accuracy: 0.9037
Epoch 84/150
 - 27s - loss: 0.1784 - accuracy: 0.9337 - val_loss: 0.0465 - val_accuracy: 0.9032
Epoch 85/150
 - 27s - loss: 0.1529 - accuracy: 0.9437 - val_loss: 0.1599 - val_accuracy: 0.9003
Epoch 86/150
 - 27s - loss: 0.1487 - accuracy: 0.9477 - val_loss: 0.3052 - val_accuracy: 0.8996
Epoch 87/150
 - 28s - loss: 0.1674 - accuracy: 0.9389 - val_loss: 0.2576 - val_accuracy: 0.9106
Epoch 88/150
 - 28s - loss: 0.1657 - accuracy: 0.9404 - val_loss: 0.3520 - val_accuracy: 0.9073
Epoch 89/150
 - 27s - loss: 0.1749 - accuracy: 0.9371 - val_loss: 0.3500 - val_accuracy: 0.8965
Epoch 90/150
 - 27s - loss: 0.1773 - accuracy: 0.9360 - val_loss: 0.4074 - val_accuracy: 0.9104
Epoch 91/150
 - 27s - loss: 0.1630 - accuracy: 0.9394 - val_loss: 0.3840 - val_accuracy: 0.9048
Epoch 92/150
 - 27s - loss: 0.1630 - accuracy: 0.9410 - val_loss: 0.2500 - val_accuracy: 0.9032
Epoch 93/150
 - 27s - loss: 0.1802 - accuracy: 0.9337 - val_loss: 0.3893 - val_accuracy: 0.9026
Epoch 94/150
 - 27s - loss: 0.1643 - accuracy: 0.9393 - val_loss: 0.0860 - val_accuracy: 0.9003
Epoch 95/150
 - 27s - loss: 0.1717 - accuracy: 0.9374 - val_loss: 0.3576 - val_accuracy: 0.9022
Epoch 96/150
 - 28s - loss: 0.1811 - accuracy: 0.9330 - val_loss: 0.1780 - val_accuracy: 0.9067
Epoch 97/150
 - 28s - loss: 0.1700 - accuracy: 0.9369 - val_loss: 0.2790 - val_accuracy: 0.8847
Epoch 98/150
 - 28s - loss: 0.1869 - accuracy: 0.9299 - val_loss: 0.1622 - val_accuracy: 0.9037
Epoch 99/150
 - 27s - loss: 0.1903 - accuracy: 0.9293 - val_loss: 0.0528 - val_accuracy: 0.9084
Epoch 100/150
 - 27s - loss: 0.1764 - accuracy: 0.9350 - val_loss: 0.1391 - val_accuracy: 0.9086
Epoch 101/150
 - 27s - loss: 0.1706 - accuracy: 0.9350 - val_loss: 0.3030 - val_accuracy: 0.8979
Epoch 102/150
 - 28s - loss: 0.1646 - accuracy: 0.9404 - val_loss: 0.3407 - val_accuracy: 0.8981
Epoch 103/150
 - 28s - loss: 0.1428 - accuracy: 0.9487 - val_loss: 0.1931 - val_accuracy: 0.9079
Epoch 104/150
 - 27s - loss: 0.1670 - accuracy: 0.9399 - val_loss: 0.0895 - val_accuracy: 0.9031
Epoch 105/150
 - 28s - loss: 0.1858 - accuracy: 0.9317 - val_loss: 0.4930 - val_accuracy: 0.9052
Epoch 106/150
 - 28s - loss: 0.1610 - accuracy: 0.9417 - val_loss: 0.3452 - val_accuracy: 0.9048
Epoch 107/150
 - 27s - loss: 0.1979 - accuracy: 0.9272 - val_loss: 0.3421 - val_accuracy: 0.9033
Epoch 108/150
 - 28s - loss: 0.1721 - accuracy: 0.9361 - val_loss: 0.3996 - val_accuracy: 0.9092
Epoch 109/150
 - 28s - loss: 0.1676 - accuracy: 0.9394 - val_loss: 0.3710 - val_accuracy: 0.9029
Epoch 110/150
 - 27s - loss: 0.1847 - accuracy: 0.9320 - val_loss: 0.3772 - val_accuracy: 0.8994
Epoch 111/150
 - 28s - loss: 0.1795 - accuracy: 0.9344 - val_loss: 0.3548 - val_accuracy: 0.9073
Epoch 112/150
 - 28s - loss: 0.1747 - accuracy: 0.9346 - val_loss: 0.3265 - val_accuracy: 0.8932
Epoch 113/150
 - 28s - loss: 0.1753 - accuracy: 0.9355 - val_loss: 0.1908 - val_accuracy: 0.9099
Epoch 114/150
 - 28s - loss: 0.1605 - accuracy: 0.9403 - val_loss: 0.4318 - val_accuracy: 0.9013
Epoch 115/150
 - 28s - loss: 0.1619 - accuracy: 0.9405 - val_loss: 0.1785 - val_accuracy: 0.9069
Epoch 116/150
 - 28s - loss: 0.1741 - accuracy: 0.9380 - val_loss: 0.2658 - val_accuracy: 0.8976
Epoch 117/150
 - 30s - loss: 0.1899 - accuracy: 0.9287 - val_loss: 0.2645 - val_accuracy: 0.9007
Epoch 118/150
 - 28s - loss: 0.1684 - accuracy: 0.9392 - val_loss: 0.2646 - val_accuracy: 0.9021
Epoch 119/150
 - 28s - loss: 0.1813 - accuracy: 0.9306 - val_loss: 0.3959 - val_accuracy: 0.8937
Epoch 120/150
 - 28s - loss: 0.1824 - accuracy: 0.9314 - val_loss: 0.2717 - val_accuracy: 0.9048
Epoch 121/150
 - 28s - loss: 0.1719 - accuracy: 0.9341 - val_loss: 0.0387 - val_accuracy: 0.9090
Epoch 122/150
 - 28s - loss: 0.1628 - accuracy: 0.9408 - val_loss: 0.4423 - val_accuracy: 0.9057
Epoch 123/150
 - 28s - loss: 0.1666 - accuracy: 0.9386 - val_loss: 0.4334 - val_accuracy: 0.9031
Epoch 124/150
 - 28s - loss: 0.1825 - accuracy: 0.9324 - val_loss: 0.2420 - val_accuracy: 0.9032
Epoch 125/150
 - 29s - loss: 0.1582 - accuracy: 0.9417 - val_loss: 0.4450 - val_accuracy: 0.8996
Epoch 126/150
 - 29s - loss: 0.1671 - accuracy: 0.9400 - val_loss: 0.5391 - val_accuracy: 0.9051
Epoch 127/150
 - 28s - loss: 0.1642 - accuracy: 0.9389 - val_loss: 0.1619 - val_accuracy: 0.9013
Epoch 128/150
 - 28s - loss: 0.1631 - accuracy: 0.9406 - val_loss: 0.0454 - val_accuracy: 0.9063
Epoch 129/150
 - 28s - loss: 0.1529 - accuracy: 0.9455 - val_loss: 0.6011 - val_accuracy: 0.8977
Epoch 130/150
 - 28s - loss: 0.1603 - accuracy: 0.9418 - val_loss: 0.4271 - val_accuracy: 0.9007
Epoch 131/150
 - 28s - loss: 0.1640 - accuracy: 0.9396 - val_loss: 0.3088 - val_accuracy: 0.8950
Epoch 132/150
 - 28s - loss: 0.1615 - accuracy: 0.9407 - val_loss: 0.2177 - val_accuracy: 0.9062
Epoch 133/150
 - 28s - loss: 0.1660 - accuracy: 0.9387 - val_loss: 0.1413 - val_accuracy: 0.9066
Epoch 134/150
 - 28s - loss: 0.1778 - accuracy: 0.9366 - val_loss: 0.6790 - val_accuracy: 0.9130
Epoch 135/150
 - 28s - loss: 0.1759 - accuracy: 0.9341 - val_loss: 0.3854 - val_accuracy: 0.9096
Epoch 136/150
 - 28s - loss: 0.1534 - accuracy: 0.9441 - val_loss: 0.2234 - val_accuracy: 0.8994
Epoch 137/150
 - 28s - loss: 0.1467 - accuracy: 0.9475 - val_loss: 0.1391 - val_accuracy: 0.9009
Epoch 138/150
 - 28s - loss: 0.1509 - accuracy: 0.9454 - val_loss: 0.1678 - val_accuracy: 0.9073
Epoch 139/150
 - 28s - loss: 0.1714 - accuracy: 0.9353 - val_loss: 0.1470 - val_accuracy: 0.9013
Epoch 140/150
 - 28s - loss: 0.1686 - accuracy: 0.9362 - val_loss: 0.2074 - val_accuracy: 0.9039
Epoch 141/150
 - 33s - loss: 0.1699 - accuracy: 0.9376 - val_loss: 0.3637 - val_accuracy: 0.9075
Epoch 142/150
 - 28s - loss: 0.1605 - accuracy: 0.9411 - val_loss: 0.5483 - val_accuracy: 0.9051
Epoch 143/150
 - 28s - loss: 0.1857 - accuracy: 0.9300 - val_loss: 0.1732 - val_accuracy: 0.9005
Epoch 144/150
 - 28s - loss: 0.1732 - accuracy: 0.9360 - val_loss: 0.1079 - val_accuracy: 0.8960
Epoch 145/150
 - 28s - loss: 0.1845 - accuracy: 0.9295 - val_loss: 0.1126 - val_accuracy: 0.9010
Epoch 146/150
 - 28s - loss: 0.1795 - accuracy: 0.9315 - val_loss: 0.0871 - val_accuracy: 0.9043
Epoch 147/150
 - 28s - loss: 0.1615 - accuracy: 0.9412 - val_loss: 0.3833 - val_accuracy: 0.9082
Epoch 148/150
 - 28s - loss: 0.1779 - accuracy: 0.9346 - val_loss: 0.2130 - val_accuracy: 0.9034
Epoch 149/150
 - 28s - loss: 0.1434 - accuracy: 0.9476 - val_loss: 0.3024 - val_accuracy: 0.9165
Epoch 150/150
 - 27s - loss: 0.1571 - accuracy: 0.9439 - val_loss: 0.4713 - val_accuracy: 0.9065

/home/ci411/pcen-t-varying/pcen_t/utils.py:63: H5pyDeprecationWarning: dataset.value has been deprecated. Use dataset[()] instead.
  data[k] = v.value
/home/ci411/.conda/envs/py3.5/lib/python3.6/site-packages/keras/callbacks/callbacks.py:707: RuntimeWarning: Can save best model only with val_dynamic/tags_acc available, skipping.
  'skipping.' % (self.monitor), RuntimeWarning)
/home/ci411/.conda/envs/py3.5/lib/python3.6/site-packages/keras/callbacks/callbacks.py:1042: RuntimeWarning: Reduce LR on plateau conditioned on metric `val_dynamic/tags_acc` which is not available. Available metrics are: val_loss,val_accuracy,loss,accuracy,lr
  (self.monitor, ','.join(list(logs.keys()))), RuntimeWarning
/home/ci411/.conda/envs/py3.5/lib/python3.6/site-packages/keras/callbacks/callbacks.py:846: RuntimeWarning: Early stopping conditioned on metric `val_dynamic/tags_acc` which is not available. Available metrics are: val_loss,val_accuracy,loss,accuracy,lr
  (self.monitor, ','.join(list(logs.keys()))), RuntimeWarning
Done training. Saving results to disk...
Saving Weights
2020-01-22 13:27:20.352731: I tensorflow/stream_executor/platform/default/dso_loader.cc:44] Successfully opened dynamic library libcuda.so.1
2020-01-22 13:27:20.400865: I tensorflow/core/common_runtime/gpu/gpu_device.cc:1618] Found device 0 with properties: 
name: Tesla V100-SXM2-16GB major: 7 minor: 0 memoryClockRate(GHz): 1.53
pciBusID: 0000:1e:00.0
2020-01-22 13:27:20.401517: I tensorflow/stream_executor/platform/default/dso_loader.cc:44] Successfully opened dynamic library libcudart.so.10.0
2020-01-22 13:27:20.403171: I tensorflow/stream_executor/platform/default/dso_loader.cc:44] Successfully opened dynamic library libcublas.so.10.0
2020-01-22 13:27:20.404710: I tensorflow/stream_executor/platform/default/dso_loader.cc:44] Successfully opened dynamic library libcufft.so.10.0
2020-01-22 13:27:20.405201: I tensorflow/stream_executor/platform/default/dso_loader.cc:44] Successfully opened dynamic library libcurand.so.10.0
2020-01-22 13:27:20.406945: I tensorflow/stream_executor/platform/default/dso_loader.cc:44] Successfully opened dynamic library libcusolver.so.10.0
2020-01-22 13:27:20.408395: I tensorflow/stream_executor/platform/default/dso_loader.cc:44] Successfully opened dynamic library libcusparse.so.10.0
2020-01-22 13:27:20.412334: I tensorflow/stream_executor/platform/default/dso_loader.cc:44] Successfully opened dynamic library libcudnn.so.7
2020-01-22 13:27:20.414625: I tensorflow/core/common_runtime/gpu/gpu_device.cc:1746] Adding visible gpu devices: 0
2020-01-22 13:27:20.414930: I tensorflow/core/platform/cpu_feature_guard.cc:142] Your CPU supports instructions that this TensorFlow binary was not compiled to use: AVX2 AVX512F FMA
2020-01-22 13:27:20.420834: I tensorflow/core/platform/profile_utils/cpu_utils.cc:94] CPU Frequency: 2400000000 Hz
2020-01-22 13:27:20.420987: I tensorflow/compiler/xla/service/service.cc:168] XLA service 0x614c970 executing computations on platform Host. Devices:
2020-01-22 13:27:20.421003: I tensorflow/compiler/xla/service/service.cc:175]   StreamExecutor device (0): Host, Default Version
2020-01-22 13:27:20.534407: I tensorflow/compiler/xla/service/service.cc:168] XLA service 0x614ee80 executing computations on platform CUDA. Devices:
2020-01-22 13:27:20.534438: I tensorflow/compiler/xla/service/service.cc:175]   StreamExecutor device (0): Tesla V100-SXM2-16GB, Compute Capability 7.0
2020-01-22 13:27:20.535728: I tensorflow/core/common_runtime/gpu/gpu_device.cc:1618] Found device 0 with properties: 
name: Tesla V100-SXM2-16GB major: 7 minor: 0 memoryClockRate(GHz): 1.53
pciBusID: 0000:1e:00.0
2020-01-22 13:27:20.535771: I tensorflow/stream_executor/platform/default/dso_loader.cc:44] Successfully opened dynamic library libcudart.so.10.0
2020-01-22 13:27:20.535782: I tensorflow/stream_executor/platform/default/dso_loader.cc:44] Successfully opened dynamic library libcublas.so.10.0
2020-01-22 13:27:20.535793: I tensorflow/stream_executor/platform/default/dso_loader.cc:44] Successfully opened dynamic library libcufft.so.10.0
2020-01-22 13:27:20.535803: I tensorflow/stream_executor/platform/default/dso_loader.cc:44] Successfully opened dynamic library libcurand.so.10.0
2020-01-22 13:27:20.535812: I tensorflow/stream_executor/platform/default/dso_loader.cc:44] Successfully opened dynamic library libcusolver.so.10.0
2020-01-22 13:27:20.535822: I tensorflow/stream_executor/platform/default/dso_loader.cc:44] Successfully opened dynamic library libcusparse.so.10.0
2020-01-22 13:27:20.535833: I tensorflow/stream_executor/platform/default/dso_loader.cc:44] Successfully opened dynamic library libcudnn.so.7
2020-01-22 13:27:20.538000: I tensorflow/core/common_runtime/gpu/gpu_device.cc:1746] Adding visible gpu devices: 0
2020-01-22 13:27:20.538031: I tensorflow/stream_executor/platform/default/dso_loader.cc:44] Successfully opened dynamic library libcudart.so.10.0
2020-01-22 13:27:20.539883: I tensorflow/core/common_runtime/gpu/gpu_device.cc:1159] Device interconnect StreamExecutor with strength 1 edge matrix:
2020-01-22 13:27:20.539894: I tensorflow/core/common_runtime/gpu/gpu_device.cc:1165]      0 
2020-01-22 13:27:20.539898: I tensorflow/core/common_runtime/gpu/gpu_device.cc:1178] 0:   N 
2020-01-22 13:27:20.542529: I tensorflow/core/common_runtime/gpu/gpu_device.cc:1304] Created TensorFlow device (/job:localhost/replica:0/task:0/device:GPU:0 with 15023 MB memory) -> physical GPU (device: 0, name: Tesla V100-SXM2-16GB, pci bus id: 0000:1e:00.0, compute capability: 7.0)
2020-01-22 13:27:22.479458: I tensorflow/stream_executor/platform/default/dso_loader.cc:44] Successfully opened dynamic library libcublas.so.10.0
2020-01-22 13:27:22.758446: I tensorflow/stream_executor/platform/default/dso_loader.cc:44] Successfully opened dynamic library libcudnn.so.7
2020-01-22 13:27:24.268187: W tensorflow/stream_executor/cuda/redzone_allocator.cc:312] Not found: ./bin/ptxas not found
Relying on driver to perform ptx compilation. This message will be only logged once.
Using TensorFlow backend.
/home/ci411/pcen-t-varying/pcen_t/utils.py:63: H5pyDeprecationWarning: dataset.value has been deprecated. Use dataset[()] instead.
  data[k] = v.value
Accuracy: 0.7728378368226925
Segment based metrics
========================================
  Evaluated length                  : 128589.64 sec
  Evaluated files                   : 14000 
  Segment length                    : 1.00 sec

  Overall metrics (micro-average)
  ======================================
  F-measure
    F-measure (F1)                  : 23.93 %
    Precision                       : 23.16 %
    Recall                          : 24.75 %
  Error rate
    Error rate (ER)                 : 1.22 
    Substitution rate               : 0.35 
    Deletion rate                   : 0.40 
    Insertion rate                  : 0.47 
  Accuracy
    Sensitivity                     : 24.75 %
    Specificity                     : 86.15 %
    Balanced accuracy               : 55.45 %
    Accuracy                        : 77.28 %

  Class-wise average metrics (macro-average)
  ======================================
  F-measure
    F-measure (F1)                  : 21.18 %
    Precision                       : 39.19 %
    Recall                          : 24.46 %
  Error rate
    Error rate (ER)                 : 1.56 
    Deletion rate                   : 0.76 
    Insertion rate                  : 0.80 
  Accuracy
    Sensitivity                     : 24.46 %
    Specificity                     : 86.09 %
    Balanced accuracy               : 55.27 %
    Accuracy                        : 77.28 %
  

  Class-wise metrics
  ======================================
    Event label  | Nref    Nsys  | F        Pre      Rec    | ER       Del      Ins    | Sens     Spec     Bacc     Acc     
    ------------ | -----   ----- | ------   ------   ------ | ------   ------   ------ | ------   ------   ------   ------  
    air_condit.. | 19405   71760 | 23.2%    14.7%    54.4%  | 3.61     0.46     3.15   | 54.4%    46.2%    50.3%    47.4%   
    car_horn     | 15995   4196  | 23.5%    56.5%    14.8%  | 0.97     0.85     0.11   | 14.8%    98.4%    56.6%    88.4%   
    children_p.. | 20801   966   | 4.0%     44.6%    2.1%   | 1.00     0.98     0.03   | 2.1%     99.5%    50.8%    84.3%   
    dog_bark     | 18939   1281  | 8.2%     64.6%    4.4%   | 0.98     0.96     0.02   | 4.4%     99.6%    52.0%    86.1%   
    drilling     | 20205   65782 | 28.2%    18.4%    60.0%  | 3.06     0.40     2.66   | 60.0%    52.5%    56.3%    53.6%   
    engine_idl.. | 20837   4292  | 12.5%    36.5%    7.5%   | 1.06     0.92     0.13   | 7.5%     97.6%    52.5%    83.5%   
    gun_shot     | 16528   8846  | 21.5%    30.8%    16.5%  | 1.21     0.84     0.37   | 16.5%    94.7%    55.6%    85.0%   
    jackhammer   | 19290   4404  | 21.4%    57.6%    13.2%  | 0.97     0.87     0.10   | 13.2%    98.4%    55.8%    86.0%   
    siren        | 20216   18804 | 40.7%    42.2%    39.2%  | 1.15     0.61     0.54   | 39.2%    90.4%    64.8%    82.6%   
    street_music | 19920   25035 | 28.8%    25.9%    32.5%  | 1.61     0.67     0.93   | 32.5%    83.6%    58.1%    76.0%   


Saving results to /beegfs/ci411/pcen/models/models_122/model122_dry_3456/results.json
Done!
