
The following have been reloaded with a version change:
  1) cuda/10.1.105 => cuda/10.0.130

2020-01-30 13:21:25.894792: I tensorflow/stream_executor/platform/default/dso_loader.cc:44] Successfully opened dynamic library libcuda.so.1
2020-01-30 13:21:25.956104: I tensorflow/core/common_runtime/gpu/gpu_device.cc:1618] Found device 0 with properties: 
name: Tesla K80 major: 3 minor: 7 memoryClockRate(GHz): 0.8235
pciBusID: 0000:85:00.0
2020-01-30 13:21:25.956774: I tensorflow/stream_executor/platform/default/dso_loader.cc:44] Successfully opened dynamic library libcudart.so.10.0
2020-01-30 13:21:25.959171: I tensorflow/stream_executor/platform/default/dso_loader.cc:44] Successfully opened dynamic library libcublas.so.10.0
2020-01-30 13:21:25.961450: I tensorflow/stream_executor/platform/default/dso_loader.cc:44] Successfully opened dynamic library libcufft.so.10.0
2020-01-30 13:21:25.962095: I tensorflow/stream_executor/platform/default/dso_loader.cc:44] Successfully opened dynamic library libcurand.so.10.0
2020-01-30 13:21:25.964805: I tensorflow/stream_executor/platform/default/dso_loader.cc:44] Successfully opened dynamic library libcusolver.so.10.0
2020-01-30 13:21:25.966895: I tensorflow/stream_executor/platform/default/dso_loader.cc:44] Successfully opened dynamic library libcusparse.so.10.0
2020-01-30 13:21:25.972794: I tensorflow/stream_executor/platform/default/dso_loader.cc:44] Successfully opened dynamic library libcudnn.so.7
2020-01-30 13:21:25.976463: I tensorflow/core/common_runtime/gpu/gpu_device.cc:1746] Adding visible gpu devices: 0
2020-01-30 13:21:25.976890: I tensorflow/core/platform/cpu_feature_guard.cc:142] Your CPU supports instructions that this TensorFlow binary was not compiled to use: AVX2 FMA
2020-01-30 13:21:25.985894: I tensorflow/core/platform/profile_utils/cpu_utils.cc:94] CPU Frequency: 2599905000 Hz
2020-01-30 13:21:25.986161: I tensorflow/compiler/xla/service/service.cc:168] XLA service 0x63554f0 executing computations on platform Host. Devices:
2020-01-30 13:21:25.986182: I tensorflow/compiler/xla/service/service.cc:175]   StreamExecutor device (0): Host, Default Version
2020-01-30 13:21:26.115360: I tensorflow/compiler/xla/service/service.cc:168] XLA service 0x6357780 executing computations on platform CUDA. Devices:
2020-01-30 13:21:26.115391: I tensorflow/compiler/xla/service/service.cc:175]   StreamExecutor device (0): Tesla K80, Compute Capability 3.7
2020-01-30 13:21:26.118642: I tensorflow/core/common_runtime/gpu/gpu_device.cc:1618] Found device 0 with properties: 
name: Tesla K80 major: 3 minor: 7 memoryClockRate(GHz): 0.8235
pciBusID: 0000:85:00.0
2020-01-30 13:21:26.118722: I tensorflow/stream_executor/platform/default/dso_loader.cc:44] Successfully opened dynamic library libcudart.so.10.0
2020-01-30 13:21:26.118762: I tensorflow/stream_executor/platform/default/dso_loader.cc:44] Successfully opened dynamic library libcublas.so.10.0
2020-01-30 13:21:26.118797: I tensorflow/stream_executor/platform/default/dso_loader.cc:44] Successfully opened dynamic library libcufft.so.10.0
2020-01-30 13:21:26.118832: I tensorflow/stream_executor/platform/default/dso_loader.cc:44] Successfully opened dynamic library libcurand.so.10.0
2020-01-30 13:21:26.118866: I tensorflow/stream_executor/platform/default/dso_loader.cc:44] Successfully opened dynamic library libcusolver.so.10.0
2020-01-30 13:21:26.118900: I tensorflow/stream_executor/platform/default/dso_loader.cc:44] Successfully opened dynamic library libcusparse.so.10.0
2020-01-30 13:21:26.118934: I tensorflow/stream_executor/platform/default/dso_loader.cc:44] Successfully opened dynamic library libcudnn.so.7
2020-01-30 13:21:26.126991: I tensorflow/core/common_runtime/gpu/gpu_device.cc:1746] Adding visible gpu devices: 0
2020-01-30 13:21:26.127059: I tensorflow/stream_executor/platform/default/dso_loader.cc:44] Successfully opened dynamic library libcudart.so.10.0
2020-01-30 13:21:26.132385: I tensorflow/core/common_runtime/gpu/gpu_device.cc:1159] Device interconnect StreamExecutor with strength 1 edge matrix:
2020-01-30 13:21:26.132411: I tensorflow/core/common_runtime/gpu/gpu_device.cc:1165]      0 
2020-01-30 13:21:26.132432: I tensorflow/core/common_runtime/gpu/gpu_device.cc:1178] 0:   N 
2020-01-30 13:21:26.142725: I tensorflow/core/common_runtime/gpu/gpu_device.cc:1304] Created TensorFlow device (/job:localhost/replica:0/task:0/device:GPU:0 with 10803 MB memory) -> physical GPU (device: 0, name: Tesla K80, pci bus id: 0000:85:00.0, compute capability: 3.7)
Using TensorFlow backend.
  0%|          | 0/6000 [00:00<?, ?it/s] 59%|█████▊    | 3523/6000 [00:00<00:00, 28683.44it/s]100%|██████████| 6000/6000 [00:00<00:00, 44808.79it/s]
  0%|          | 0/2000 [00:00<?, ?it/s]100%|██████████| 2000/2000 [00:00<00:00, 171381.45it/s]2020-01-30 13:21:38.935821: I tensorflow/stream_executor/platform/default/dso_loader.cc:44] Successfully opened dynamic library libcublas.so.10.0
2020-01-30 13:21:39.085353: I tensorflow/stream_executor/platform/default/dso_loader.cc:44] Successfully opened dynamic library libcudnn.so.7
2020-01-30 13:21:39.692180: W tensorflow/stream_executor/cuda/redzone_allocator.cc:312] Not found: ./bin/ptxas not found
Relying on driver to perform ptx compilation. This message will be only logged once.
/beegfs/ci411/pcen/pumps/full_test/pump.pkl
Fit model...
Epoch 1/150
 - 72s - loss: 0.3107 - accuracy: 0.8816 - val_loss: 0.2517 - val_accuracy: 0.8487
Epoch 2/150
 - 58s - loss: 0.1942 - accuracy: 0.9312 - val_loss: 0.3858 - val_accuracy: 0.8839
Epoch 3/150
 - 55s - loss: 0.1774 - accuracy: 0.9390 - val_loss: 0.1319 - val_accuracy: 0.8910
Epoch 4/150
 - 51s - loss: 0.1571 - accuracy: 0.9472 - val_loss: 0.2425 - val_accuracy: 0.8856
Epoch 5/150
 - 49s - loss: 0.1602 - accuracy: 0.9455 - val_loss: 0.1638 - val_accuracy: 0.8899
Epoch 6/150
 - 49s - loss: 0.1507 - accuracy: 0.9502 - val_loss: 0.0826 - val_accuracy: 0.8709
Epoch 7/150
 - 50s - loss: 0.1426 - accuracy: 0.9536 - val_loss: 0.2914 - val_accuracy: 0.8783
Epoch 8/150
 - 46s - loss: 0.1382 - accuracy: 0.9555 - val_loss: 0.5175 - val_accuracy: 0.8900
Epoch 9/150
 - 46s - loss: 0.1330 - accuracy: 0.9579 - val_loss: 0.3624 - val_accuracy: 0.8974
Epoch 10/150
 - 44s - loss: 0.1390 - accuracy: 0.9555 - val_loss: 0.1820 - val_accuracy: 0.8982
Epoch 11/150
 - 46s - loss: 0.1459 - accuracy: 0.9517 - val_loss: 0.1476 - val_accuracy: 0.8904
Epoch 12/150
 - 44s - loss: 0.1469 - accuracy: 0.9513 - val_loss: 0.5241 - val_accuracy: 0.8894
Epoch 13/150
 - 42s - loss: 0.1409 - accuracy: 0.9551 - val_loss: 0.0472 - val_accuracy: 0.8928
Epoch 14/150
 - 42s - loss: 0.1345 - accuracy: 0.9573 - val_loss: 0.0699 - val_accuracy: 0.8890
Epoch 15/150
 - 41s - loss: 0.1490 - accuracy: 0.9510 - val_loss: 0.5369 - val_accuracy: 0.8928
Epoch 16/150
 - 42s - loss: 0.1366 - accuracy: 0.9561 - val_loss: 0.6343 - val_accuracy: 0.9011
Epoch 17/150
 - 43s - loss: 0.1427 - accuracy: 0.9543 - val_loss: 0.4088 - val_accuracy: 0.8793
Epoch 18/150
 - 41s - loss: 0.1284 - accuracy: 0.9612 - val_loss: 0.6647 - val_accuracy: 0.8919
Epoch 19/150
 - 41s - loss: 0.1422 - accuracy: 0.9535 - val_loss: 0.3049 - val_accuracy: 0.8974
Epoch 20/150
 - 41s - loss: 0.1101 - accuracy: 0.9673 - val_loss: 0.4468 - val_accuracy: 0.8938
Epoch 21/150
 - 39s - loss: 0.1205 - accuracy: 0.9627 - val_loss: 0.5444 - val_accuracy: 0.8851
Epoch 22/150
 - 40s - loss: 0.1485 - accuracy: 0.9509 - val_loss: 0.1352 - val_accuracy: 0.8920
Epoch 23/150
 - 41s - loss: 0.1240 - accuracy: 0.9605 - val_loss: 0.4668 - val_accuracy: 0.8952
Epoch 24/150
 - 40s - loss: 0.1181 - accuracy: 0.9639 - val_loss: 0.1942 - val_accuracy: 0.8995
Epoch 25/150
 - 40s - loss: 0.1286 - accuracy: 0.9577 - val_loss: 0.2264 - val_accuracy: 0.8937
Epoch 26/150
 - 41s - loss: 0.1304 - accuracy: 0.9578 - val_loss: 0.2119 - val_accuracy: 0.9004
Epoch 27/150
 - 40s - loss: 0.1291 - accuracy: 0.9599 - val_loss: 0.3093 - val_accuracy: 0.8957
Epoch 28/150
 - 40s - loss: 0.1351 - accuracy: 0.9566 - val_loss: 0.4675 - val_accuracy: 0.9003
Epoch 29/150
 - 40s - loss: 0.1201 - accuracy: 0.9617 - val_loss: 0.4859 - val_accuracy: 0.8997
Epoch 30/150
 - 40s - loss: 0.1215 - accuracy: 0.9626 - val_loss: 0.4679 - val_accuracy: 0.9062
Epoch 31/150
 - 40s - loss: 0.1252 - accuracy: 0.9598 - val_loss: 0.4077 - val_accuracy: 0.8997
Epoch 32/150
 - 40s - loss: 0.1331 - accuracy: 0.9574 - val_loss: 0.4834 - val_accuracy: 0.8984
Epoch 33/150
 - 40s - loss: 0.1427 - accuracy: 0.9538 - val_loss: 0.1400 - val_accuracy: 0.8963
Epoch 34/150
 - 40s - loss: 0.1264 - accuracy: 0.9605 - val_loss: 0.1389 - val_accuracy: 0.8954
Epoch 35/150
 - 40s - loss: 0.1461 - accuracy: 0.9520 - val_loss: 0.2115 - val_accuracy: 0.8918
Epoch 36/150
 - 41s - loss: 0.1187 - accuracy: 0.9616 - val_loss: 0.2454 - val_accuracy: 0.9023
Epoch 37/150
 - 40s - loss: 0.1411 - accuracy: 0.9547 - val_loss: 0.5114 - val_accuracy: 0.8990
Epoch 38/150
 - 41s - loss: 0.1579 - accuracy: 0.9467 - val_loss: 0.0423 - val_accuracy: 0.9083
Epoch 39/150
 - 40s - loss: 0.1659 - accuracy: 0.9424 - val_loss: 0.3900 - val_accuracy: 0.8973
Epoch 40/150
 - 41s - loss: 0.1517 - accuracy: 0.9502 - val_loss: 0.0231 - val_accuracy: 0.8939
Epoch 41/150
 - 41s - loss: 0.1316 - accuracy: 0.9547 - val_loss: 0.2917 - val_accuracy: 0.9048
Epoch 42/150
 - 40s - loss: 0.1415 - accuracy: 0.9547 - val_loss: 0.7062 - val_accuracy: 0.9053
Epoch 43/150
 - 40s - loss: 0.1527 - accuracy: 0.9488 - val_loss: 0.5583 - val_accuracy: 0.8962
Epoch 44/150
 - 41s - loss: 0.1496 - accuracy: 0.9498 - val_loss: 0.3286 - val_accuracy: 0.8940
Epoch 45/150
 - 40s - loss: 0.1329 - accuracy: 0.9577 - val_loss: 0.1569 - val_accuracy: 0.8941
Epoch 46/150
 - 40s - loss: 0.1516 - accuracy: 0.9499 - val_loss: 0.2073 - val_accuracy: 0.9043
Epoch 47/150
 - 40s - loss: 0.1594 - accuracy: 0.9457 - val_loss: 0.1923 - val_accuracy: 0.9073
Epoch 48/150
 - 41s - loss: 0.1237 - accuracy: 0.9595 - val_loss: 0.1536 - val_accuracy: 0.9050
Epoch 49/150
 - 40s - loss: 0.1666 - accuracy: 0.9427 - val_loss: 0.4556 - val_accuracy: 0.8951
Epoch 50/150
 - 40s - loss: 0.1430 - accuracy: 0.9529 - val_loss: 0.3465 - val_accuracy: 0.8901
Epoch 51/150
 - 40s - loss: 0.1496 - accuracy: 0.9501 - val_loss: 0.0136 - val_accuracy: 0.8989
Epoch 52/150
 - 41s - loss: 0.1588 - accuracy: 0.9465 - val_loss: 0.0623 - val_accuracy: 0.8932
Epoch 53/150
 - 40s - loss: 0.1577 - accuracy: 0.9468 - val_loss: 0.4603 - val_accuracy: 0.9019
Epoch 54/150
 - 40s - loss: 0.1570 - accuracy: 0.9464 - val_loss: 0.0592 - val_accuracy: 0.8904
Epoch 55/150
 - 40s - loss: 0.1671 - accuracy: 0.9423 - val_loss: 0.4099 - val_accuracy: 0.9009
Epoch 56/150
 - 39s - loss: 0.1265 - accuracy: 0.9575 - val_loss: 0.3609 - val_accuracy: 0.9006
Epoch 57/150
 - 40s - loss: 0.1338 - accuracy: 0.9555 - val_loss: 0.3722 - val_accuracy: 0.8995
Epoch 58/150
 - 40s - loss: 0.1523 - accuracy: 0.9480 - val_loss: 0.3834 - val_accuracy: 0.8988
Epoch 59/150
 - 40s - loss: 0.1474 - accuracy: 0.9502 - val_loss: 0.3302 - val_accuracy: 0.9033
Epoch 60/150
 - 40s - loss: 0.1587 - accuracy: 0.9424 - val_loss: 0.2561 - val_accuracy: 0.8955
Epoch 61/150
 - 41s - loss: 0.1540 - accuracy: 0.9459 - val_loss: 0.4547 - val_accuracy: 0.8982
Epoch 62/150
 - 40s - loss: 0.1605 - accuracy: 0.9428 - val_loss: 0.4168 - val_accuracy: 0.9024
Epoch 63/150
 - 41s - loss: 0.1585 - accuracy: 0.9445 - val_loss: 0.3194 - val_accuracy: 0.9043
Epoch 64/150
 - 39s - loss: 0.1503 - accuracy: 0.9497 - val_loss: 0.2147 - val_accuracy: 0.8902
Epoch 65/150
 - 40s - loss: 0.1617 - accuracy: 0.9426 - val_loss: 0.0403 - val_accuracy: 0.9038
Epoch 66/150
 - 40s - loss: 0.1748 - accuracy: 0.9377 - val_loss: 0.1817 - val_accuracy: 0.8989
Epoch 67/150
 - 40s - loss: 0.1811 - accuracy: 0.9337 - val_loss: 0.4004 - val_accuracy: 0.9074
Epoch 68/150
 - 41s - loss: 0.1626 - accuracy: 0.9421 - val_loss: 0.0385 - val_accuracy: 0.8916
Epoch 69/150
 - 41s - loss: 0.1551 - accuracy: 0.9438 - val_loss: 0.3936 - val_accuracy: 0.9017
Epoch 70/150
 - 40s - loss: 0.1803 - accuracy: 0.9338 - val_loss: 0.4447 - val_accuracy: 0.9003
Epoch 71/150
 - 40s - loss: 0.1674 - accuracy: 0.9385 - val_loss: 0.2550 - val_accuracy: 0.9025
Epoch 72/150
 - 40s - loss: 0.1607 - accuracy: 0.9442 - val_loss: 0.1980 - val_accuracy: 0.9084
Epoch 73/150
 - 40s - loss: 0.1493 - accuracy: 0.9469 - val_loss: 0.3305 - val_accuracy: 0.9090
Epoch 74/150
 - 40s - loss: 0.1543 - accuracy: 0.9467 - val_loss: 0.5451 - val_accuracy: 0.8981
Epoch 75/150
 - 40s - loss: 0.1647 - accuracy: 0.9413 - val_loss: 0.4313 - val_accuracy: 0.9039
Epoch 76/150
 - 40s - loss: 0.1717 - accuracy: 0.9386 - val_loss: 0.3642 - val_accuracy: 0.8943
Epoch 77/150
 - 40s - loss: 0.1646 - accuracy: 0.9419 - val_loss: 0.7070 - val_accuracy: 0.8980
Epoch 78/150
 - 41s - loss: 0.1439 - accuracy: 0.9487 - val_loss: 0.2664 - val_accuracy: 0.9070
Epoch 79/150
 - 41s - loss: 0.1392 - accuracy: 0.9514 - val_loss: 0.4344 - val_accuracy: 0.8991
Epoch 80/150
 - 40s - loss: 0.1374 - accuracy: 0.9520 - val_loss: 0.1463 - val_accuracy: 0.8974
Epoch 81/150
 - 41s - loss: 0.1542 - accuracy: 0.9441 - val_loss: 0.1495 - val_accuracy: 0.9041
Epoch 82/150
 - 40s - loss: 0.1546 - accuracy: 0.9449 - val_loss: 0.3424 - val_accuracy: 0.9070
Epoch 83/150
 - 40s - loss: 0.1520 - accuracy: 0.9475 - val_loss: 0.4981 - val_accuracy: 0.8999
Epoch 84/150
 - 40s - loss: 0.1776 - accuracy: 0.9361 - val_loss: 0.0479 - val_accuracy: 0.9000
Epoch 85/150
 - 41s - loss: 0.1414 - accuracy: 0.9504 - val_loss: 0.2233 - val_accuracy: 0.8971
Epoch 86/150
 - 40s - loss: 0.1605 - accuracy: 0.9440 - val_loss: 0.2277 - val_accuracy: 0.8937
Epoch 87/150
 - 40s - loss: 0.1604 - accuracy: 0.9431 - val_loss: 0.2425 - val_accuracy: 0.9075
Epoch 88/150
 - 40s - loss: 0.1657 - accuracy: 0.9416 - val_loss: 0.3610 - val_accuracy: 0.9067
Epoch 89/150
 - 41s - loss: 0.1715 - accuracy: 0.9394 - val_loss: 0.3991 - val_accuracy: 0.8992
Epoch 90/150
 - 40s - loss: 0.1848 - accuracy: 0.9339 - val_loss: 0.4406 - val_accuracy: 0.9118
Epoch 91/150
 - 40s - loss: 0.1570 - accuracy: 0.9416 - val_loss: 0.4549 - val_accuracy: 0.9031
Epoch 92/150
 - 40s - loss: 0.1626 - accuracy: 0.9410 - val_loss: 0.2500 - val_accuracy: 0.9043
Epoch 93/150
 - 40s - loss: 0.1659 - accuracy: 0.9394 - val_loss: 0.4069 - val_accuracy: 0.9078
Epoch 94/150
 - 40s - loss: 0.1617 - accuracy: 0.9420 - val_loss: 0.0587 - val_accuracy: 0.9040
Epoch 95/150
 - 40s - loss: 0.1660 - accuracy: 0.9401 - val_loss: 0.3724 - val_accuracy: 0.9055
Epoch 96/150
 - 40s - loss: 0.1802 - accuracy: 0.9344 - val_loss: 0.1984 - val_accuracy: 0.9030
Epoch 97/150
 - 40s - loss: 0.1906 - accuracy: 0.9273 - val_loss: 0.2705 - val_accuracy: 0.9027
Epoch 98/150
 - 41s - loss: 0.1851 - accuracy: 0.9324 - val_loss: 0.1693 - val_accuracy: 0.9096
Epoch 99/150
 - 40s - loss: 0.2084 - accuracy: 0.9218 - val_loss: 0.0671 - val_accuracy: 0.9065
Epoch 100/150
 - 40s - loss: 0.1980 - accuracy: 0.9257 - val_loss: 0.1645 - val_accuracy: 0.9090
Epoch 101/150
 - 39s - loss: 0.1776 - accuracy: 0.9320 - val_loss: 0.3350 - val_accuracy: 0.8989
Epoch 102/150
 - 40s - loss: 0.1757 - accuracy: 0.9356 - val_loss: 0.3515 - val_accuracy: 0.8998
Epoch 103/150
 - 40s - loss: 0.1557 - accuracy: 0.9437 - val_loss: 0.1933 - val_accuracy: 0.9100
Epoch 104/150
 - 41s - loss: 0.1816 - accuracy: 0.9336 - val_loss: 0.0795 - val_accuracy: 0.9015
Epoch 105/150
 - 40s - loss: 0.1691 - accuracy: 0.9391 - val_loss: 0.4488 - val_accuracy: 0.9080
Epoch 106/150
 - 40s - loss: 0.1557 - accuracy: 0.9445 - val_loss: 0.2745 - val_accuracy: 0.9038
Epoch 107/150
 - 41s - loss: 0.1984 - accuracy: 0.9267 - val_loss: 0.3895 - val_accuracy: 0.8988
Epoch 108/150
 - 41s - loss: 0.1745 - accuracy: 0.9358 - val_loss: 0.3682 - val_accuracy: 0.9027
Epoch 109/150
 - 43s - loss: 0.1635 - accuracy: 0.9417 - val_loss: 0.4054 - val_accuracy: 0.9058
Epoch 110/150
 - 40s - loss: 0.1603 - accuracy: 0.9429 - val_loss: 0.3256 - val_accuracy: 0.8998
Epoch 111/150
 - 40s - loss: 0.1800 - accuracy: 0.9340 - val_loss: 0.3519 - val_accuracy: 0.9074
Epoch 112/150
 - 40s - loss: 0.1711 - accuracy: 0.9360 - val_loss: 0.0186 - val_accuracy: 0.8984
Epoch 113/150
 - 40s - loss: 0.1792 - accuracy: 0.9350 - val_loss: 0.2294 - val_accuracy: 0.9059
Epoch 114/150
 - 41s - loss: 0.1738 - accuracy: 0.9355 - val_loss: 0.3992 - val_accuracy: 0.8993
Epoch 115/150
 - 40s - loss: 0.1688 - accuracy: 0.9375 - val_loss: 0.2105 - val_accuracy: 0.9066
Epoch 116/150
 - 40s - loss: 0.1779 - accuracy: 0.9363 - val_loss: 0.2720 - val_accuracy: 0.8978
Epoch 117/150
 - 40s - loss: 0.1941 - accuracy: 0.9287 - val_loss: 0.2676 - val_accuracy: 0.8997
Epoch 118/150
 - 40s - loss: 0.1649 - accuracy: 0.9410 - val_loss: 0.2352 - val_accuracy: 0.9025
Epoch 119/150
 - 39s - loss: 0.1734 - accuracy: 0.9349 - val_loss: 0.4650 - val_accuracy: 0.8929
Epoch 120/150
 - 41s - loss: 0.1792 - accuracy: 0.9333 - val_loss: 0.3037 - val_accuracy: 0.9019
Epoch 121/150
 - 40s - loss: 0.1734 - accuracy: 0.9358 - val_loss: 0.0686 - val_accuracy: 0.9020
Epoch 122/150
 - 40s - loss: 0.1595 - accuracy: 0.9433 - val_loss: 0.5292 - val_accuracy: 0.9019
Epoch 123/150
 - 40s - loss: 0.1521 - accuracy: 0.9454 - val_loss: 0.4643 - val_accuracy: 0.8989
Epoch 124/150
 - 40s - loss: 0.1844 - accuracy: 0.9332 - val_loss: 0.1664 - val_accuracy: 0.8976
Epoch 125/150
 - 40s - loss: 0.1619 - accuracy: 0.9425 - val_loss: 0.4209 - val_accuracy: 0.8982
Epoch 126/150
 - 40s - loss: 0.1786 - accuracy: 0.9359 - val_loss: 0.4465 - val_accuracy: 0.9015
Epoch 127/150
 - 40s - loss: 0.1698 - accuracy: 0.9375 - val_loss: 0.1417 - val_accuracy: 0.9021
Epoch 128/150
 - 40s - loss: 0.1711 - accuracy: 0.9381 - val_loss: 0.0687 - val_accuracy: 0.9029
Epoch 129/150
 - 40s - loss: 0.1752 - accuracy: 0.9369 - val_loss: 0.5755 - val_accuracy: 0.8980
Epoch 130/150
 - 41s - loss: 0.1638 - accuracy: 0.9405 - val_loss: 0.4390 - val_accuracy: 0.8910
Epoch 131/150
 - 41s - loss: 0.1669 - accuracy: 0.9380 - val_loss: 0.3589 - val_accuracy: 0.8906
Epoch 132/150
 - 40s - loss: 0.1733 - accuracy: 0.9362 - val_loss: 0.2320 - val_accuracy: 0.9019
Epoch 133/150
 - 40s - loss: 0.1718 - accuracy: 0.9375 - val_loss: 0.2252 - val_accuracy: 0.9049
Epoch 134/150
 - 39s - loss: 0.1975 - accuracy: 0.9305 - val_loss: 0.6776 - val_accuracy: 0.9072
Epoch 135/150
 - 40s - loss: 0.1924 - accuracy: 0.9283 - val_loss: 0.3865 - val_accuracy: 0.9087
Epoch 136/150
 - 41s - loss: 0.1632 - accuracy: 0.9396 - val_loss: 0.2751 - val_accuracy: 0.9022
Epoch 137/150
 - 41s - loss: 0.1533 - accuracy: 0.9459 - val_loss: 0.1969 - val_accuracy: 0.9083
Epoch 138/150
 - 41s - loss: 0.1503 - accuracy: 0.9454 - val_loss: 0.1730 - val_accuracy: 0.9060
Epoch 139/150
 - 40s - loss: 0.1684 - accuracy: 0.9368 - val_loss: 0.1360 - val_accuracy: 0.8949
Epoch 140/150
 - 39s - loss: 0.1644 - accuracy: 0.9390 - val_loss: 0.2114 - val_accuracy: 0.9066
Epoch 141/150
 - 40s - loss: 0.1650 - accuracy: 0.9394 - val_loss: 0.4061 - val_accuracy: 0.9069
Epoch 142/150
 - 40s - loss: 0.1526 - accuracy: 0.9442 - val_loss: 0.5958 - val_accuracy: 0.9006
Epoch 143/150
 - 40s - loss: 0.1769 - accuracy: 0.9336 - val_loss: 0.1903 - val_accuracy: 0.8988
Epoch 144/150
 - 41s - loss: 0.1715 - accuracy: 0.9389 - val_loss: 0.1802 - val_accuracy: 0.8939
Epoch 145/150
 - 40s - loss: 0.1689 - accuracy: 0.9370 - val_loss: 0.1829 - val_accuracy: 0.8971
Epoch 146/150
 - 40s - loss: 0.1642 - accuracy: 0.9410 - val_loss: 0.0829 - val_accuracy: 0.9029
Epoch 147/150
 - 40s - loss: 0.1468 - accuracy: 0.9476 - val_loss: 0.3638 - val_accuracy: 0.9037
Epoch 148/150
 - 40s - loss: 0.1856 - accuracy: 0.9317 - val_loss: 0.1574 - val_accuracy: 0.9054
Epoch 149/150
 - 40s - loss: 0.1555 - accuracy: 0.9427 - val_loss: 0.3329 - val_accuracy: 0.9112
Epoch 150/150
 - 41s - loss: 0.1654 - accuracy: 0.9411 - val_loss: 0.3666 - val_accuracy: 0.9059

/home/ci411/pcen-t-varying/pcen_t/utils.py:63: H5pyDeprecationWarning: dataset.value has been deprecated. Use dataset[()] instead.
  data[k] = v.value
/home/ci411/.conda/envs/py3.5/lib/python3.6/site-packages/keras/callbacks/callbacks.py:707: RuntimeWarning: Can save best model only with val_dynamic/tags_acc available, skipping.
  'skipping.' % (self.monitor), RuntimeWarning)
/home/ci411/.conda/envs/py3.5/lib/python3.6/site-packages/keras/callbacks/callbacks.py:1042: RuntimeWarning: Reduce LR on plateau conditioned on metric `val_dynamic/tags_acc` which is not available. Available metrics are: val_loss,val_accuracy,loss,accuracy,lr
  (self.monitor, ','.join(list(logs.keys()))), RuntimeWarning
/home/ci411/.conda/envs/py3.5/lib/python3.6/site-packages/keras/callbacks/callbacks.py:846: RuntimeWarning: Early stopping conditioned on metric `val_dynamic/tags_acc` which is not available. Available metrics are: val_loss,val_accuracy,loss,accuracy,lr
  (self.monitor, ','.join(list(logs.keys()))), RuntimeWarning
Done training. Saving results to disk...
Saving Weights
2020-01-30 15:04:35.807811: I tensorflow/stream_executor/platform/default/dso_loader.cc:44] Successfully opened dynamic library libcuda.so.1
2020-01-30 15:04:35.830708: I tensorflow/core/common_runtime/gpu/gpu_device.cc:1618] Found device 0 with properties: 
name: Tesla K80 major: 3 minor: 7 memoryClockRate(GHz): 0.8235
pciBusID: 0000:85:00.0
2020-01-30 15:04:35.831394: I tensorflow/stream_executor/platform/default/dso_loader.cc:44] Successfully opened dynamic library libcudart.so.10.0
2020-01-30 15:04:35.834115: I tensorflow/stream_executor/platform/default/dso_loader.cc:44] Successfully opened dynamic library libcublas.so.10.0
2020-01-30 15:04:35.836848: I tensorflow/stream_executor/platform/default/dso_loader.cc:44] Successfully opened dynamic library libcufft.so.10.0
2020-01-30 15:04:35.837435: I tensorflow/stream_executor/platform/default/dso_loader.cc:44] Successfully opened dynamic library libcurand.so.10.0
2020-01-30 15:04:35.839947: I tensorflow/stream_executor/platform/default/dso_loader.cc:44] Successfully opened dynamic library libcusolver.so.10.0
2020-01-30 15:04:35.842727: I tensorflow/stream_executor/platform/default/dso_loader.cc:44] Successfully opened dynamic library libcusparse.so.10.0
2020-01-30 15:04:35.850543: I tensorflow/stream_executor/platform/default/dso_loader.cc:44] Successfully opened dynamic library libcudnn.so.7
2020-01-30 15:04:35.854860: I tensorflow/core/common_runtime/gpu/gpu_device.cc:1746] Adding visible gpu devices: 0
2020-01-30 15:04:35.855446: I tensorflow/core/platform/cpu_feature_guard.cc:142] Your CPU supports instructions that this TensorFlow binary was not compiled to use: AVX2 FMA
2020-01-30 15:04:35.867827: I tensorflow/core/platform/profile_utils/cpu_utils.cc:94] CPU Frequency: 2599905000 Hz
2020-01-30 15:04:35.868068: I tensorflow/compiler/xla/service/service.cc:168] XLA service 0x65435c0 executing computations on platform Host. Devices:
2020-01-30 15:04:35.868103: I tensorflow/compiler/xla/service/service.cc:175]   StreamExecutor device (0): Host, Default Version
2020-01-30 15:04:35.926494: I tensorflow/compiler/xla/service/service.cc:168] XLA service 0x6545ad0 executing computations on platform CUDA. Devices:
2020-01-30 15:04:35.926530: I tensorflow/compiler/xla/service/service.cc:175]   StreamExecutor device (0): Tesla K80, Compute Capability 3.7
2020-01-30 15:04:35.928886: I tensorflow/core/common_runtime/gpu/gpu_device.cc:1618] Found device 0 with properties: 
name: Tesla K80 major: 3 minor: 7 memoryClockRate(GHz): 0.8235
pciBusID: 0000:85:00.0
2020-01-30 15:04:35.928964: I tensorflow/stream_executor/platform/default/dso_loader.cc:44] Successfully opened dynamic library libcudart.so.10.0
2020-01-30 15:04:35.928999: I tensorflow/stream_executor/platform/default/dso_loader.cc:44] Successfully opened dynamic library libcublas.so.10.0
2020-01-30 15:04:35.929029: I tensorflow/stream_executor/platform/default/dso_loader.cc:44] Successfully opened dynamic library libcufft.so.10.0
2020-01-30 15:04:35.929059: I tensorflow/stream_executor/platform/default/dso_loader.cc:44] Successfully opened dynamic library libcurand.so.10.0
2020-01-30 15:04:35.929103: I tensorflow/stream_executor/platform/default/dso_loader.cc:44] Successfully opened dynamic library libcusolver.so.10.0
2020-01-30 15:04:35.929136: I tensorflow/stream_executor/platform/default/dso_loader.cc:44] Successfully opened dynamic library libcusparse.so.10.0
2020-01-30 15:04:35.929166: I tensorflow/stream_executor/platform/default/dso_loader.cc:44] Successfully opened dynamic library libcudnn.so.7
2020-01-30 15:04:35.933620: I tensorflow/core/common_runtime/gpu/gpu_device.cc:1746] Adding visible gpu devices: 0
2020-01-30 15:04:35.933694: I tensorflow/stream_executor/platform/default/dso_loader.cc:44] Successfully opened dynamic library libcudart.so.10.0
2020-01-30 15:04:35.937645: I tensorflow/core/common_runtime/gpu/gpu_device.cc:1159] Device interconnect StreamExecutor with strength 1 edge matrix:
2020-01-30 15:04:35.937671: I tensorflow/core/common_runtime/gpu/gpu_device.cc:1165]      0 
2020-01-30 15:04:35.937682: I tensorflow/core/common_runtime/gpu/gpu_device.cc:1178] 0:   N 
2020-01-30 15:04:35.943093: I tensorflow/core/common_runtime/gpu/gpu_device.cc:1304] Created TensorFlow device (/job:localhost/replica:0/task:0/device:GPU:0 with 10803 MB memory) -> physical GPU (device: 0, name: Tesla K80, pci bus id: 0000:85:00.0, compute capability: 3.7)
2020-01-30 15:04:37.815527: I tensorflow/stream_executor/platform/default/dso_loader.cc:44] Successfully opened dynamic library libcublas.so.10.0
2020-01-30 15:04:37.952304: I tensorflow/stream_executor/platform/default/dso_loader.cc:44] Successfully opened dynamic library libcudnn.so.7
2020-01-30 15:04:38.502060: W tensorflow/stream_executor/cuda/redzone_allocator.cc:312] Not found: ./bin/ptxas not found
Relying on driver to perform ptx compilation. This message will be only logged once.
Using TensorFlow backend.
/home/ci411/pcen-t-varying/pcen_t/utils.py:63: H5pyDeprecationWarning: dataset.value has been deprecated. Use dataset[()] instead.
  data[k] = v.value
Accuracy: 0.7343497390007457
Segment based metrics
========================================
  Evaluated length                  : 129455.53 sec
  Evaluated files                   : 14000 
  Segment length                    : 1.00 sec

  Overall metrics (micro-average)
  ======================================
  F-measure
    F-measure (F1)                  : 23.66 %
    Precision                       : 20.11 %
    Recall                          : 28.74 %
  Error rate
    Error rate (ER)                 : 1.47 
    Substitution rate               : 0.38 
    Deletion rate                   : 0.33 
    Insertion rate                  : 0.76 
  Accuracy
    Sensitivity                     : 28.74 %
    Specificity                     : 80.91 %
    Balanced accuracy               : 54.82 %
    Accuracy                        : 73.43 %

  Class-wise average metrics (macro-average)
  ======================================
  F-measure
    F-measure (F1)                  : 23.05 %
    Precision                       : 28.05 %
    Recall                          : 28.51 %
  Error rate
    Error rate (ER)                 : 1.83 
    Deletion rate                   : 0.71 
    Insertion rate                  : 1.12 
  Accuracy
    Sensitivity                     : 28.51 %
    Specificity                     : 80.83 %
    Balanced accuracy               : 54.67 %
    Accuracy                        : 73.43 %
  

  Class-wise metrics
  ======================================
    Event label  | Nref    Nsys  | F        Pre      Rec    | ER       Del      Ins    | Sens     Spec     Bacc     Acc     
    ------------ | -----   ----- | ------   ------   ------ | ------   ------   ------ | ------   ------   ------   ------  
    air_condit.. | 19405   70780 | 23.8%    15.2%    55.4%  | 3.54     0.45     3.09   | 55.4%    47.7%    51.5%    48.8%   
    car_horn     | 15995   8968  | 28.4%    39.5%    22.2%  | 1.12     0.78     0.34   | 22.2%    95.4%    58.8%    86.7%   
    children_p.. | 20801   6762  | 15.2%    31.0%    10.1%  | 1.12     0.90     0.22   | 10.1%    95.9%    53.0%    82.6%   
    dog_bark     | 18939   4349  | 21.3%    57.0%    13.1%  | 0.97     0.87     0.10   | 13.1%    98.4%    55.7%    86.3%   
    drilling     | 20205   81590 | 25.5%    15.9%    64.1%  | 3.76     0.36     3.40   | 64.1%    39.7%    51.9%    43.4%   
    engine_idl.. | 20837   40324 | 24.5%    18.5%    35.9%  | 2.22     0.64     1.58   | 35.9%    71.0%    53.4%    65.5%   
    gun_shot     | 16528   18970 | 24.9%    23.3%    26.8%  | 1.61     0.73     0.88   | 26.8%    87.6%    57.2%    80.1%   
    jackhammer   | 19290   14057 | 11.4%    13.5%    9.8%   | 1.53     0.90     0.63   | 9.8%     89.4%    49.6%    78.0%   
    siren        | 20216   14550 | 30.9%    36.9%    26.6%  | 1.19     0.73     0.45   | 26.6%    91.9%    59.3%    82.1%   
    street_music | 19920   14175 | 24.7%    29.7%    21.1%  | 1.29     0.79     0.50   | 21.1%    91.3%    56.2%    80.8%   


Saving results to /beegfs/ci411/pcen/models/models_122/model122_dry_4/results.json
Done!
