
The following have been reloaded with a version change:
  1) cuda/10.1.105 => cuda/10.0.130

2020-01-30 13:21:25.893785: I tensorflow/stream_executor/platform/default/dso_loader.cc:44] Successfully opened dynamic library libcuda.so.1
2020-01-30 13:21:25.936392: I tensorflow/core/common_runtime/gpu/gpu_device.cc:1618] Found device 0 with properties: 
name: Tesla P100-PCIE-16GB major: 6 minor: 0 memoryClockRate(GHz): 1.3285
pciBusID: 0000:85:00.0
2020-01-30 13:21:25.936843: I tensorflow/stream_executor/platform/default/dso_loader.cc:44] Successfully opened dynamic library libcudart.so.10.0
2020-01-30 13:21:25.939672: I tensorflow/stream_executor/platform/default/dso_loader.cc:44] Successfully opened dynamic library libcublas.so.10.0
2020-01-30 13:21:25.942324: I tensorflow/stream_executor/platform/default/dso_loader.cc:44] Successfully opened dynamic library libcufft.so.10.0
2020-01-30 13:21:25.942736: I tensorflow/stream_executor/platform/default/dso_loader.cc:44] Successfully opened dynamic library libcurand.so.10.0
2020-01-30 13:21:25.946002: I tensorflow/stream_executor/platform/default/dso_loader.cc:44] Successfully opened dynamic library libcusolver.so.10.0
2020-01-30 13:21:25.948574: I tensorflow/stream_executor/platform/default/dso_loader.cc:44] Successfully opened dynamic library libcusparse.so.10.0
2020-01-30 13:21:25.955958: I tensorflow/stream_executor/platform/default/dso_loader.cc:44] Successfully opened dynamic library libcudnn.so.7
2020-01-30 13:21:25.999627: I tensorflow/core/common_runtime/gpu/gpu_device.cc:1746] Adding visible gpu devices: 0
2020-01-30 13:21:26.000161: I tensorflow/core/platform/cpu_feature_guard.cc:142] Your CPU supports instructions that this TensorFlow binary was not compiled to use: AVX2 FMA
2020-01-30 13:21:26.009782: I tensorflow/core/platform/profile_utils/cpu_utils.cc:94] CPU Frequency: 2600005000 Hz
2020-01-30 13:21:26.010017: I tensorflow/compiler/xla/service/service.cc:168] XLA service 0x5741870 executing computations on platform Host. Devices:
2020-01-30 13:21:26.010041: I tensorflow/compiler/xla/service/service.cc:175]   StreamExecutor device (0): Host, Default Version
2020-01-30 13:21:26.163700: I tensorflow/compiler/xla/service/service.cc:168] XLA service 0x5743b60 executing computations on platform CUDA. Devices:
2020-01-30 13:21:26.163738: I tensorflow/compiler/xla/service/service.cc:175]   StreamExecutor device (0): Tesla P100-PCIE-16GB, Compute Capability 6.0
2020-01-30 13:21:26.195407: I tensorflow/core/common_runtime/gpu/gpu_device.cc:1618] Found device 0 with properties: 
name: Tesla P100-PCIE-16GB major: 6 minor: 0 memoryClockRate(GHz): 1.3285
pciBusID: 0000:85:00.0
2020-01-30 13:21:26.195477: I tensorflow/stream_executor/platform/default/dso_loader.cc:44] Successfully opened dynamic library libcudart.so.10.0
2020-01-30 13:21:26.195507: I tensorflow/stream_executor/platform/default/dso_loader.cc:44] Successfully opened dynamic library libcublas.so.10.0
2020-01-30 13:21:26.195532: I tensorflow/stream_executor/platform/default/dso_loader.cc:44] Successfully opened dynamic library libcufft.so.10.0
2020-01-30 13:21:26.195557: I tensorflow/stream_executor/platform/default/dso_loader.cc:44] Successfully opened dynamic library libcurand.so.10.0
2020-01-30 13:21:26.195583: I tensorflow/stream_executor/platform/default/dso_loader.cc:44] Successfully opened dynamic library libcusolver.so.10.0
2020-01-30 13:21:26.195608: I tensorflow/stream_executor/platform/default/dso_loader.cc:44] Successfully opened dynamic library libcusparse.so.10.0
2020-01-30 13:21:26.195634: I tensorflow/stream_executor/platform/default/dso_loader.cc:44] Successfully opened dynamic library libcudnn.so.7
2020-01-30 13:21:26.200019: I tensorflow/core/common_runtime/gpu/gpu_device.cc:1746] Adding visible gpu devices: 0
2020-01-30 13:21:26.200075: I tensorflow/stream_executor/platform/default/dso_loader.cc:44] Successfully opened dynamic library libcudart.so.10.0
2020-01-30 13:21:26.203629: I tensorflow/core/common_runtime/gpu/gpu_device.cc:1159] Device interconnect StreamExecutor with strength 1 edge matrix:
2020-01-30 13:21:26.203658: I tensorflow/core/common_runtime/gpu/gpu_device.cc:1165]      0 
2020-01-30 13:21:26.203668: I tensorflow/core/common_runtime/gpu/gpu_device.cc:1178] 0:   N 
2020-01-30 13:21:26.209227: I tensorflow/core/common_runtime/gpu/gpu_device.cc:1304] Created TensorFlow device (/job:localhost/replica:0/task:0/device:GPU:0 with 15216 MB memory) -> physical GPU (device: 0, name: Tesla P100-PCIE-16GB, pci bus id: 0000:85:00.0, compute capability: 6.0)
Using TensorFlow backend.
  0%|          | 0/6000 [00:00<?, ?it/s] 69%|██████▉   | 4155/6000 [00:00<00:00, 41548.45it/s]100%|██████████| 6000/6000 [00:00<00:00, 55393.26it/s]
  0%|          | 0/2000 [00:00<?, ?it/s]100%|██████████| 2000/2000 [00:00<00:00, 226175.09it/s]2020-01-30 13:21:38.170614: I tensorflow/stream_executor/platform/default/dso_loader.cc:44] Successfully opened dynamic library libcublas.so.10.0
2020-01-30 13:21:38.394110: I tensorflow/stream_executor/platform/default/dso_loader.cc:44] Successfully opened dynamic library libcudnn.so.7
2020-01-30 13:21:39.390411: W tensorflow/stream_executor/cuda/redzone_allocator.cc:312] Not found: ./bin/ptxas not found
Relying on driver to perform ptx compilation. This message will be only logged once.
/beegfs/ci411/pcen/pumps/full_test/pump.pkl
Fit model...
Epoch 1/150
 - 72s - loss: 0.2809 - accuracy: 0.8930 - val_loss: 0.1906 - val_accuracy: 0.8535
Epoch 2/150
 - 57s - loss: 0.1765 - accuracy: 0.9377 - val_loss: 0.3813 - val_accuracy: 0.8849
Epoch 3/150
 - 54s - loss: 0.1675 - accuracy: 0.9430 - val_loss: 0.2344 - val_accuracy: 0.8492
Epoch 4/150
 - 51s - loss: 0.1521 - accuracy: 0.9493 - val_loss: 0.2939 - val_accuracy: 0.8954
Epoch 5/150
 - 49s - loss: 0.1617 - accuracy: 0.9453 - val_loss: 0.1534 - val_accuracy: 0.8851
Epoch 6/150
 - 49s - loss: 0.1451 - accuracy: 0.9519 - val_loss: 0.0388 - val_accuracy: 0.8854
Epoch 7/150
 - 50s - loss: 0.1402 - accuracy: 0.9537 - val_loss: 0.1371 - val_accuracy: 0.8845
Epoch 8/150
 - 46s - loss: 0.1375 - accuracy: 0.9550 - val_loss: 0.5624 - val_accuracy: 0.8921
Epoch 9/150
 - 46s - loss: 0.1294 - accuracy: 0.9593 - val_loss: 0.2390 - val_accuracy: 0.8965
Epoch 10/150
 - 44s - loss: 0.1396 - accuracy: 0.9560 - val_loss: 0.1436 - val_accuracy: 0.8913
Epoch 11/150
 - 46s - loss: 0.1415 - accuracy: 0.9533 - val_loss: 0.3124 - val_accuracy: 0.8847
Epoch 12/150
 - 44s - loss: 0.1393 - accuracy: 0.9540 - val_loss: 0.4614 - val_accuracy: 0.8788
Epoch 13/150
 - 43s - loss: 0.1415 - accuracy: 0.9540 - val_loss: 0.0603 - val_accuracy: 0.8915
Epoch 14/150
 - 42s - loss: 0.1319 - accuracy: 0.9572 - val_loss: 0.0543 - val_accuracy: 0.8865
Epoch 15/150
 - 41s - loss: 0.1472 - accuracy: 0.9519 - val_loss: 0.3981 - val_accuracy: 0.8883
Epoch 16/150
 - 42s - loss: 0.1315 - accuracy: 0.9576 - val_loss: 0.7241 - val_accuracy: 0.9025
Epoch 17/150
 - 43s - loss: 0.1470 - accuracy: 0.9513 - val_loss: 0.4676 - val_accuracy: 0.8836
Epoch 18/150
 - 41s - loss: 0.1305 - accuracy: 0.9592 - val_loss: 0.6221 - val_accuracy: 0.8776
Epoch 19/150
 - 40s - loss: 0.1415 - accuracy: 0.9537 - val_loss: 0.2830 - val_accuracy: 0.8996
Epoch 20/150
 - 38s - loss: 0.1083 - accuracy: 0.9676 - val_loss: 0.6705 - val_accuracy: 0.8986
Epoch 21/150
 - 40s - loss: 0.1152 - accuracy: 0.9653 - val_loss: 0.3647 - val_accuracy: 0.8922
Epoch 22/150
 - 41s - loss: 0.1422 - accuracy: 0.9536 - val_loss: 0.0448 - val_accuracy: 0.8936
Epoch 23/150
 - 38s - loss: 0.1188 - accuracy: 0.9633 - val_loss: 0.3720 - val_accuracy: 0.8950
Epoch 24/150
 - 39s - loss: 0.1154 - accuracy: 0.9643 - val_loss: 0.1966 - val_accuracy: 0.9045
Epoch 25/150
 - 38s - loss: 0.1201 - accuracy: 0.9602 - val_loss: 0.1928 - val_accuracy: 0.8884
Epoch 26/150
 - 39s - loss: 0.1272 - accuracy: 0.9588 - val_loss: 0.2612 - val_accuracy: 0.8940
Epoch 27/150
 - 40s - loss: 0.1258 - accuracy: 0.9607 - val_loss: 0.2719 - val_accuracy: 0.8958
Epoch 28/150
 - 37s - loss: 0.1199 - accuracy: 0.9620 - val_loss: 0.3427 - val_accuracy: 0.8945
Epoch 29/150
 - 35s - loss: 0.1171 - accuracy: 0.9625 - val_loss: 0.2188 - val_accuracy: 0.8983
Epoch 30/150
 - 37s - loss: 0.1214 - accuracy: 0.9623 - val_loss: 0.4069 - val_accuracy: 0.9061
Epoch 31/150
 - 36s - loss: 0.1249 - accuracy: 0.9592 - val_loss: 0.4695 - val_accuracy: 0.8971
Epoch 32/150
 - 36s - loss: 0.1376 - accuracy: 0.9545 - val_loss: 0.4886 - val_accuracy: 0.9001
Epoch 33/150
 - 36s - loss: 0.1393 - accuracy: 0.9548 - val_loss: 0.2021 - val_accuracy: 0.8989
Epoch 34/150
 - 36s - loss: 0.1207 - accuracy: 0.9622 - val_loss: 0.0535 - val_accuracy: 0.9010
Epoch 35/150
 - 36s - loss: 0.1325 - accuracy: 0.9581 - val_loss: 0.2104 - val_accuracy: 0.8935
Epoch 36/150
 - 36s - loss: 0.1053 - accuracy: 0.9668 - val_loss: 0.2011 - val_accuracy: 0.9018
Epoch 37/150
 - 34s - loss: 0.1292 - accuracy: 0.9586 - val_loss: 0.7792 - val_accuracy: 0.8995
Epoch 38/150
 - 35s - loss: 0.1153 - accuracy: 0.9654 - val_loss: 0.0343 - val_accuracy: 0.9026
Epoch 39/150
 - 35s - loss: 0.1353 - accuracy: 0.9560 - val_loss: 0.3538 - val_accuracy: 0.8966
Epoch 40/150
 - 35s - loss: 0.1330 - accuracy: 0.9569 - val_loss: 0.0456 - val_accuracy: 0.8911
Epoch 41/150
 - 35s - loss: 0.1158 - accuracy: 0.9617 - val_loss: 0.2330 - val_accuracy: 0.9025
Epoch 42/150
 - 34s - loss: 0.1235 - accuracy: 0.9617 - val_loss: 0.6514 - val_accuracy: 0.9037
Epoch 43/150
 - 34s - loss: 0.1336 - accuracy: 0.9567 - val_loss: 0.5569 - val_accuracy: 0.8954
Epoch 44/150
 - 34s - loss: 0.1341 - accuracy: 0.9569 - val_loss: 0.6459 - val_accuracy: 0.8971
Epoch 45/150
 - 35s - loss: 0.1227 - accuracy: 0.9628 - val_loss: 0.1056 - val_accuracy: 0.8994
Epoch 46/150
 - 35s - loss: 0.1278 - accuracy: 0.9594 - val_loss: 0.3197 - val_accuracy: 0.9056
Epoch 47/150
 - 35s - loss: 0.1405 - accuracy: 0.9545 - val_loss: 0.1547 - val_accuracy: 0.9062
Epoch 48/150
 - 33s - loss: 0.1185 - accuracy: 0.9621 - val_loss: 0.1290 - val_accuracy: 0.9028
Epoch 49/150
 - 35s - loss: 0.1729 - accuracy: 0.9399 - val_loss: 0.4503 - val_accuracy: 0.8955
Epoch 50/150
 - 33s - loss: 0.1348 - accuracy: 0.9579 - val_loss: 0.3948 - val_accuracy: 0.8924
Epoch 51/150
 - 33s - loss: 0.1405 - accuracy: 0.9532 - val_loss: 0.0354 - val_accuracy: 0.9038
Epoch 52/150
 - 33s - loss: 0.1390 - accuracy: 0.9538 - val_loss: 0.0699 - val_accuracy: 0.8960
Epoch 53/150
 - 34s - loss: 0.1373 - accuracy: 0.9562 - val_loss: 0.4303 - val_accuracy: 0.9019
Epoch 54/150
 - 32s - loss: 0.1262 - accuracy: 0.9612 - val_loss: 0.0591 - val_accuracy: 0.8964
Epoch 55/150
 - 34s - loss: 0.1600 - accuracy: 0.9459 - val_loss: 0.3144 - val_accuracy: 0.9042
Epoch 56/150
 - 33s - loss: 0.1077 - accuracy: 0.9656 - val_loss: 0.4094 - val_accuracy: 0.8971
Epoch 57/150
 - 34s - loss: 0.1249 - accuracy: 0.9592 - val_loss: 0.2956 - val_accuracy: 0.9012
Epoch 58/150
 - 33s - loss: 0.1336 - accuracy: 0.9572 - val_loss: 0.4152 - val_accuracy: 0.8897
Epoch 59/150
 - 32s - loss: 0.1363 - accuracy: 0.9557 - val_loss: 0.3945 - val_accuracy: 0.9033
Epoch 60/150
 - 33s - loss: 0.1387 - accuracy: 0.9515 - val_loss: 0.3233 - val_accuracy: 0.8771
Epoch 61/150
 - 34s - loss: 0.1407 - accuracy: 0.9523 - val_loss: 0.5100 - val_accuracy: 0.8995
Epoch 62/150
 - 31s - loss: 0.1338 - accuracy: 0.9570 - val_loss: 0.3552 - val_accuracy: 0.9100
Epoch 63/150
 - 33s - loss: 0.1301 - accuracy: 0.9585 - val_loss: 0.4107 - val_accuracy: 0.9083
Epoch 64/150
 - 31s - loss: 0.1332 - accuracy: 0.9575 - val_loss: 0.2132 - val_accuracy: 0.8929
Epoch 65/150
 - 32s - loss: 0.1241 - accuracy: 0.9600 - val_loss: 0.0387 - val_accuracy: 0.9044
Epoch 66/150
 - 32s - loss: 0.1490 - accuracy: 0.9496 - val_loss: 0.1393 - val_accuracy: 0.9023
Epoch 67/150
 - 33s - loss: 0.1489 - accuracy: 0.9482 - val_loss: 0.4328 - val_accuracy: 0.9132
Epoch 68/150
 - 31s - loss: 0.1380 - accuracy: 0.9526 - val_loss: 0.0213 - val_accuracy: 0.8918
Epoch 69/150
 - 32s - loss: 0.1225 - accuracy: 0.9601 - val_loss: 0.3399 - val_accuracy: 0.9033
Epoch 70/150
 - 34s - loss: 0.1455 - accuracy: 0.9512 - val_loss: 0.4801 - val_accuracy: 0.8959
Epoch 71/150
 - 32s - loss: 0.1409 - accuracy: 0.9531 - val_loss: 0.3213 - val_accuracy: 0.9085
Epoch 72/150
 - 32s - loss: 0.1333 - accuracy: 0.9578 - val_loss: 0.1597 - val_accuracy: 0.9081
Epoch 73/150
 - 31s - loss: 0.1241 - accuracy: 0.9603 - val_loss: 0.3873 - val_accuracy: 0.9088
Epoch 74/150
 - 31s - loss: 0.1382 - accuracy: 0.9548 - val_loss: 0.5466 - val_accuracy: 0.8963
Epoch 75/150
 - 32s - loss: 0.1505 - accuracy: 0.9493 - val_loss: 0.4300 - val_accuracy: 0.9029
Epoch 76/150
 - 32s - loss: 0.1599 - accuracy: 0.9438 - val_loss: 0.3432 - val_accuracy: 0.8916
Epoch 77/150
 - 32s - loss: 0.1634 - accuracy: 0.9428 - val_loss: 0.6420 - val_accuracy: 0.9033
Epoch 78/150
 - 30s - loss: 0.1405 - accuracy: 0.9516 - val_loss: 0.2943 - val_accuracy: 0.9082
Epoch 79/150
 - 31s - loss: 0.1397 - accuracy: 0.9508 - val_loss: 0.4732 - val_accuracy: 0.9055
Epoch 80/150
 - 32s - loss: 0.1209 - accuracy: 0.9602 - val_loss: 0.2696 - val_accuracy: 0.9046
Epoch 81/150
 - 33s - loss: 0.1278 - accuracy: 0.9561 - val_loss: 0.3460 - val_accuracy: 0.8993
Epoch 82/150
 - 32s - loss: 0.1339 - accuracy: 0.9551 - val_loss: 0.3259 - val_accuracy: 0.9065
Epoch 83/150
 - 32s - loss: 0.1527 - accuracy: 0.9475 - val_loss: 0.5206 - val_accuracy: 0.9080
Epoch 84/150
 - 32s - loss: 0.1722 - accuracy: 0.9383 - val_loss: 0.0294 - val_accuracy: 0.9050
Epoch 85/150
 - 31s - loss: 0.1368 - accuracy: 0.9519 - val_loss: 0.3127 - val_accuracy: 0.9034
Epoch 86/150
 - 31s - loss: 0.1471 - accuracy: 0.9491 - val_loss: 0.2049 - val_accuracy: 0.8989
Epoch 87/150
 - 33s - loss: 0.1395 - accuracy: 0.9526 - val_loss: 0.2368 - val_accuracy: 0.9098
Epoch 88/150
 - 32s - loss: 0.1451 - accuracy: 0.9501 - val_loss: 0.3920 - val_accuracy: 0.9065
Epoch 89/150
 - 32s - loss: 0.1431 - accuracy: 0.9527 - val_loss: 0.4265 - val_accuracy: 0.8929
Epoch 90/150
 - 31s - loss: 0.1468 - accuracy: 0.9503 - val_loss: 0.3780 - val_accuracy: 0.9119
Epoch 91/150
 - 32s - loss: 0.1368 - accuracy: 0.9521 - val_loss: 0.3921 - val_accuracy: 0.9039
Epoch 92/150
 - 32s - loss: 0.1552 - accuracy: 0.9445 - val_loss: 0.2183 - val_accuracy: 0.9068
Epoch 93/150
 - 30s - loss: 0.1450 - accuracy: 0.9498 - val_loss: 0.4174 - val_accuracy: 0.9066
Epoch 94/150
 - 30s - loss: 0.1400 - accuracy: 0.9525 - val_loss: 0.1038 - val_accuracy: 0.9006
Epoch 95/150
 - 32s - loss: 0.1513 - accuracy: 0.9473 - val_loss: 0.4339 - val_accuracy: 0.9079
Epoch 96/150
 - 31s - loss: 0.1737 - accuracy: 0.9382 - val_loss: 0.1977 - val_accuracy: 0.9088
Epoch 97/150
 - 31s - loss: 0.1574 - accuracy: 0.9443 - val_loss: 0.3422 - val_accuracy: 0.9007
Epoch 98/150
 - 31s - loss: 0.1583 - accuracy: 0.9437 - val_loss: 0.1887 - val_accuracy: 0.9086
Epoch 99/150
 - 32s - loss: 0.1676 - accuracy: 0.9403 - val_loss: 0.0499 - val_accuracy: 0.9093
Epoch 100/150
 - 30s - loss: 0.1673 - accuracy: 0.9399 - val_loss: 0.1142 - val_accuracy: 0.9143
Epoch 101/150
 - 30s - loss: 0.1427 - accuracy: 0.9498 - val_loss: 0.3014 - val_accuracy: 0.9017
Epoch 102/150
 - 31s - loss: 0.1501 - accuracy: 0.9481 - val_loss: 0.2772 - val_accuracy: 0.9041
Epoch 103/150
 - 31s - loss: 0.1271 - accuracy: 0.9561 - val_loss: 0.1541 - val_accuracy: 0.9130
Epoch 104/150
 - 31s - loss: 0.1546 - accuracy: 0.9465 - val_loss: 0.0847 - val_accuracy: 0.9082
Epoch 105/150
 - 31s - loss: 0.1411 - accuracy: 0.9516 - val_loss: 0.5015 - val_accuracy: 0.9141
Epoch 106/150
 - 31s - loss: 0.1374 - accuracy: 0.9519 - val_loss: 0.3438 - val_accuracy: 0.9053
Epoch 107/150
 - 31s - loss: 0.1704 - accuracy: 0.9392 - val_loss: 0.3988 - val_accuracy: 0.9051
Epoch 108/150
 - 33s - loss: 0.1437 - accuracy: 0.9501 - val_loss: 0.3467 - val_accuracy: 0.9063
Epoch 109/150
 - 31s - loss: 0.1340 - accuracy: 0.9544 - val_loss: 0.4109 - val_accuracy: 0.9043
Epoch 110/150
 - 30s - loss: 0.1493 - accuracy: 0.9485 - val_loss: 0.4342 - val_accuracy: 0.9015
Epoch 111/150
 - 30s - loss: 0.1523 - accuracy: 0.9467 - val_loss: 0.3680 - val_accuracy: 0.9154
Epoch 112/150
 - 31s - loss: 0.1499 - accuracy: 0.9454 - val_loss: 0.2014 - val_accuracy: 0.9009
Epoch 113/150
 - 33s - loss: 0.1473 - accuracy: 0.9486 - val_loss: 0.2790 - val_accuracy: 0.9062
Epoch 114/150
 - 31s - loss: 0.1408 - accuracy: 0.9499 - val_loss: 0.4143 - val_accuracy: 0.9055
Epoch 115/150
 - 31s - loss: 0.1519 - accuracy: 0.9457 - val_loss: 0.2264 - val_accuracy: 0.9075
Epoch 116/150
 - 32s - loss: 0.1553 - accuracy: 0.9469 - val_loss: 0.2466 - val_accuracy: 0.8993
Epoch 117/150
 - 32s - loss: 0.1637 - accuracy: 0.9430 - val_loss: 0.2855 - val_accuracy: 0.9057
Epoch 118/150
 - 31s - loss: 0.1437 - accuracy: 0.9502 - val_loss: 0.3338 - val_accuracy: 0.9047
Epoch 119/150
 - 31s - loss: 0.1548 - accuracy: 0.9443 - val_loss: 0.3983 - val_accuracy: 0.9006
Epoch 120/150
 - 30s - loss: 0.1607 - accuracy: 0.9422 - val_loss: 0.1993 - val_accuracy: 0.9064
Epoch 121/150
 - 31s - loss: 0.1472 - accuracy: 0.9477 - val_loss: 0.0331 - val_accuracy: 0.9110
Epoch 122/150
 - 30s - loss: 0.1446 - accuracy: 0.9505 - val_loss: 0.3833 - val_accuracy: 0.9049
Epoch 123/150
 - 30s - loss: 0.1425 - accuracy: 0.9510 - val_loss: 0.5115 - val_accuracy: 0.8925
Epoch 124/150
 - 32s - loss: 0.1752 - accuracy: 0.9367 - val_loss: 0.1526 - val_accuracy: 0.9021
Epoch 125/150
 - 30s - loss: 0.1459 - accuracy: 0.9482 - val_loss: 0.4258 - val_accuracy: 0.8999
Epoch 126/150
 - 32s - loss: 0.1546 - accuracy: 0.9460 - val_loss: 0.4478 - val_accuracy: 0.9066
Epoch 127/150
 - 31s - loss: 0.1558 - accuracy: 0.9429 - val_loss: 0.1783 - val_accuracy: 0.9026
Epoch 128/150
 - 31s - loss: 0.1576 - accuracy: 0.9439 - val_loss: 0.0468 - val_accuracy: 0.9065
Epoch 129/150
 - 32s - loss: 0.1431 - accuracy: 0.9505 - val_loss: 0.5861 - val_accuracy: 0.9014
Epoch 130/150
 - 32s - loss: 0.1403 - accuracy: 0.9515 - val_loss: 0.4467 - val_accuracy: 0.9014
Epoch 131/150
 - 33s - loss: 0.1338 - accuracy: 0.9532 - val_loss: 0.4047 - val_accuracy: 0.8988
Epoch 132/150
 - 32s - loss: 0.1417 - accuracy: 0.9500 - val_loss: 0.2025 - val_accuracy: 0.9074
Epoch 133/150
 - 31s - loss: 0.1533 - accuracy: 0.9454 - val_loss: 0.3026 - val_accuracy: 0.9085
Epoch 134/150
 - 31s - loss: 0.1720 - accuracy: 0.9404 - val_loss: 0.6799 - val_accuracy: 0.9139
Epoch 135/150
 - 33s - loss: 0.1815 - accuracy: 0.9328 - val_loss: 0.3841 - val_accuracy: 0.9134
Epoch 136/150
 - 30s - loss: 0.1474 - accuracy: 0.9470 - val_loss: 0.1898 - val_accuracy: 0.9061
Epoch 137/150
 - 31s - loss: 0.1355 - accuracy: 0.9542 - val_loss: 0.1024 - val_accuracy: 0.9043
Epoch 138/150
 - 31s - loss: 0.1377 - accuracy: 0.9511 - val_loss: 0.1429 - val_accuracy: 0.9097
Epoch 139/150
 - 31s - loss: 0.1622 - accuracy: 0.9405 - val_loss: 0.1817 - val_accuracy: 0.9025
Epoch 140/150
 - 32s - loss: 0.1591 - accuracy: 0.9409 - val_loss: 0.2538 - val_accuracy: 0.9093
Epoch 141/150
 - 30s - loss: 0.1622 - accuracy: 0.9411 - val_loss: 0.3950 - val_accuracy: 0.9073
Epoch 142/150
 - 32s - loss: 0.1500 - accuracy: 0.9453 - val_loss: 0.3945 - val_accuracy: 0.9102
Epoch 143/150
 - 31s - loss: 0.1696 - accuracy: 0.9386 - val_loss: 0.2022 - val_accuracy: 0.9012
Epoch 144/150
 - 30s - loss: 0.1685 - accuracy: 0.9394 - val_loss: 0.1213 - val_accuracy: 0.9025
Epoch 145/150
 - 31s - loss: 0.1686 - accuracy: 0.9380 - val_loss: 0.0942 - val_accuracy: 0.9028
Epoch 146/150
 - 32s - loss: 0.1678 - accuracy: 0.9392 - val_loss: 0.1045 - val_accuracy: 0.9032
Epoch 147/150
 - 30s - loss: 0.1537 - accuracy: 0.9455 - val_loss: 0.3025 - val_accuracy: 0.9107
Epoch 148/150
 - 31s - loss: 0.1707 - accuracy: 0.9387 - val_loss: 0.1638 - val_accuracy: 0.9070
Epoch 149/150
 - 30s - loss: 0.1330 - accuracy: 0.9515 - val_loss: 0.3539 - val_accuracy: 0.9155
Epoch 150/150
 - 30s - loss: 0.1511 - accuracy: 0.9468 - val_loss: 0.4486 - val_accuracy: 0.9116

/home/ci411/pcen-t-varying/pcen_t/utils.py:63: H5pyDeprecationWarning: dataset.value has been deprecated. Use dataset[()] instead.
  data[k] = v.value
/home/ci411/.conda/envs/py3.5/lib/python3.6/site-packages/keras/callbacks/callbacks.py:707: RuntimeWarning: Can save best model only with val_dynamic/tags_acc available, skipping.
  'skipping.' % (self.monitor), RuntimeWarning)
/home/ci411/.conda/envs/py3.5/lib/python3.6/site-packages/keras/callbacks/callbacks.py:1042: RuntimeWarning: Reduce LR on plateau conditioned on metric `val_dynamic/tags_acc` which is not available. Available metrics are: val_loss,val_accuracy,loss,accuracy,lr
  (self.monitor, ','.join(list(logs.keys()))), RuntimeWarning
/home/ci411/.conda/envs/py3.5/lib/python3.6/site-packages/keras/callbacks/callbacks.py:846: RuntimeWarning: Early stopping conditioned on metric `val_dynamic/tags_acc` which is not available. Available metrics are: val_loss,val_accuracy,loss,accuracy,lr
  (self.monitor, ','.join(list(logs.keys()))), RuntimeWarning
Done training. Saving results to disk...
Saving Weights
2020-01-30 14:48:02.131456: I tensorflow/stream_executor/platform/default/dso_loader.cc:44] Successfully opened dynamic library libcuda.so.1
2020-01-30 14:48:02.162080: I tensorflow/core/common_runtime/gpu/gpu_device.cc:1618] Found device 0 with properties: 
name: Tesla P100-PCIE-16GB major: 6 minor: 0 memoryClockRate(GHz): 1.3285
pciBusID: 0000:85:00.0
2020-01-30 14:48:02.162707: I tensorflow/stream_executor/platform/default/dso_loader.cc:44] Successfully opened dynamic library libcudart.so.10.0
2020-01-30 14:48:02.165294: I tensorflow/stream_executor/platform/default/dso_loader.cc:44] Successfully opened dynamic library libcublas.so.10.0
2020-01-30 14:48:02.168222: I tensorflow/stream_executor/platform/default/dso_loader.cc:44] Successfully opened dynamic library libcufft.so.10.0
2020-01-30 14:48:02.168838: I tensorflow/stream_executor/platform/default/dso_loader.cc:44] Successfully opened dynamic library libcurand.so.10.0
2020-01-30 14:48:02.172273: I tensorflow/stream_executor/platform/default/dso_loader.cc:44] Successfully opened dynamic library libcusolver.so.10.0
2020-01-30 14:48:02.175065: I tensorflow/stream_executor/platform/default/dso_loader.cc:44] Successfully opened dynamic library libcusparse.so.10.0
2020-01-30 14:48:02.182613: I tensorflow/stream_executor/platform/default/dso_loader.cc:44] Successfully opened dynamic library libcudnn.so.7
2020-01-30 14:48:02.187593: I tensorflow/core/common_runtime/gpu/gpu_device.cc:1746] Adding visible gpu devices: 0
2020-01-30 14:48:02.188160: I tensorflow/core/platform/cpu_feature_guard.cc:142] Your CPU supports instructions that this TensorFlow binary was not compiled to use: AVX2 FMA
2020-01-30 14:48:02.200410: I tensorflow/core/platform/profile_utils/cpu_utils.cc:94] CPU Frequency: 2600005000 Hz
2020-01-30 14:48:02.200655: I tensorflow/compiler/xla/service/service.cc:168] XLA service 0x6a0da70 executing computations on platform Host. Devices:
2020-01-30 14:48:02.200682: I tensorflow/compiler/xla/service/service.cc:175]   StreamExecutor device (0): Host, Default Version
2020-01-30 14:48:02.318682: I tensorflow/compiler/xla/service/service.cc:168] XLA service 0x6a0ff80 executing computations on platform CUDA. Devices:
2020-01-30 14:48:02.318722: I tensorflow/compiler/xla/service/service.cc:175]   StreamExecutor device (0): Tesla P100-PCIE-16GB, Compute Capability 6.0
2020-01-30 14:48:02.321538: I tensorflow/core/common_runtime/gpu/gpu_device.cc:1618] Found device 0 with properties: 
name: Tesla P100-PCIE-16GB major: 6 minor: 0 memoryClockRate(GHz): 1.3285
pciBusID: 0000:85:00.0
2020-01-30 14:48:02.321614: I tensorflow/stream_executor/platform/default/dso_loader.cc:44] Successfully opened dynamic library libcudart.so.10.0
2020-01-30 14:48:02.321649: I tensorflow/stream_executor/platform/default/dso_loader.cc:44] Successfully opened dynamic library libcublas.so.10.0
2020-01-30 14:48:02.321679: I tensorflow/stream_executor/platform/default/dso_loader.cc:44] Successfully opened dynamic library libcufft.so.10.0
2020-01-30 14:48:02.321708: I tensorflow/stream_executor/platform/default/dso_loader.cc:44] Successfully opened dynamic library libcurand.so.10.0
2020-01-30 14:48:02.321737: I tensorflow/stream_executor/platform/default/dso_loader.cc:44] Successfully opened dynamic library libcusolver.so.10.0
2020-01-30 14:48:02.321766: I tensorflow/stream_executor/platform/default/dso_loader.cc:44] Successfully opened dynamic library libcusparse.so.10.0
2020-01-30 14:48:02.321795: I tensorflow/stream_executor/platform/default/dso_loader.cc:44] Successfully opened dynamic library libcudnn.so.7
2020-01-30 14:48:02.327013: I tensorflow/core/common_runtime/gpu/gpu_device.cc:1746] Adding visible gpu devices: 0
2020-01-30 14:48:02.327087: I tensorflow/stream_executor/platform/default/dso_loader.cc:44] Successfully opened dynamic library libcudart.so.10.0
2020-01-30 14:48:02.331245: I tensorflow/core/common_runtime/gpu/gpu_device.cc:1159] Device interconnect StreamExecutor with strength 1 edge matrix:
2020-01-30 14:48:02.331270: I tensorflow/core/common_runtime/gpu/gpu_device.cc:1165]      0 
2020-01-30 14:48:02.331280: I tensorflow/core/common_runtime/gpu/gpu_device.cc:1178] 0:   N 
2020-01-30 14:48:02.337849: I tensorflow/core/common_runtime/gpu/gpu_device.cc:1304] Created TensorFlow device (/job:localhost/replica:0/task:0/device:GPU:0 with 15216 MB memory) -> physical GPU (device: 0, name: Tesla P100-PCIE-16GB, pci bus id: 0000:85:00.0, compute capability: 6.0)
2020-01-30 14:48:04.414103: I tensorflow/stream_executor/platform/default/dso_loader.cc:44] Successfully opened dynamic library libcublas.so.10.0
2020-01-30 14:48:04.629574: I tensorflow/stream_executor/platform/default/dso_loader.cc:44] Successfully opened dynamic library libcudnn.so.7
2020-01-30 14:48:05.585657: W tensorflow/stream_executor/cuda/redzone_allocator.cc:312] Not found: ./bin/ptxas not found
Relying on driver to perform ptx compilation. This message will be only logged once.
Using TensorFlow backend.
/home/ci411/pcen-t-varying/pcen_t/utils.py:63: H5pyDeprecationWarning: dataset.value has been deprecated. Use dataset[()] instead.
  data[k] = v.value
Accuracy: 0.7743213554272947
Segment based metrics
========================================
  Evaluated length                  : 129505.68 sec
  Evaluated files                   : 14000 
  Segment length                    : 1.00 sec

  Overall metrics (micro-average)
  ======================================
  F-measure
    F-measure (F1)                  : 26.43 %
    Precision                       : 24.77 %
    Recall                          : 28.33 %
  Error rate
    Error rate (ER)                 : 1.17 
    Substitution rate               : 0.41 
    Deletion rate                   : 0.31 
    Insertion rate                  : 0.45 
  Accuracy
    Sensitivity                     : 28.33 %
    Specificity                     : 85.63 %
    Balanced accuracy               : 56.98 %
    Accuracy                        : 77.43 %

  Class-wise average metrics (macro-average)
  ======================================
  F-measure
    F-measure (F1)                  : 23.60 %
    Precision                       : 35.31 %
    Recall                          : 28.31 %
  Error rate
    Error rate (ER)                 : 1.58 
    Deletion rate                   : 0.72 
    Insertion rate                  : 0.87 
  Accuracy
    Sensitivity                     : 28.31 %
    Specificity                     : 85.63 %
    Balanced accuracy               : 56.97 %
    Accuracy                        : 77.43 %
  

  Class-wise metrics
  ======================================
    Event label  | Nref    Nsys  | F        Pre      Rec    | ER       Del      Ins    | Sens     Spec     Bacc     Acc     
    ------------ | -----   ----- | ------   ------   ------ | ------   ------   ------ | ------   ------   ------   ------  
    air_condit.. | 19405   65181 | 27.7%    18.0%    60.5%  | 3.15     0.40     2.75   | 60.5%    53.5%    57.0%    54.5%   
    car_horn     | 15995   19567 | 26.4%    24.0%    29.4%  | 1.64     0.71     0.93   | 29.4%    87.4%    58.4%    80.5%   
    children_p.. | 20801   4470  | 16.5%    46.6%    10.0%  | 1.01     0.90     0.11   | 10.0%    97.9%    54.0%    84.3%   
    dog_bark     | 18939   2429  | 13.4%    59.0%    7.6%   | 0.98     0.92     0.05   | 7.6%     99.1%    53.4%    86.2%   
    drilling     | 20205   55966 | 31.7%    21.6%    59.8%  | 2.57     0.40     2.17   | 59.8%    61.5%    60.6%    61.3%   
    engine_idl.. | 20837   5411  | 18.0%    43.7%    11.4%  | 1.03     0.89     0.15   | 11.4%    97.3%    54.3%    84.0%   
    gun_shot     | 16528   19346 | 22.9%    21.2%    24.8%  | 1.67     0.75     0.92   | 24.8%    87.1%    55.9%    79.4%   
    jackhammer   | 19290   2870  | 9.5%     36.6%    5.4%   | 1.04     0.95     0.09   | 5.4%     98.4%    51.9%    85.1%   
    siren        | 20216   9218  | 34.1%    54.4%    24.8%  | 0.96     0.75     0.21   | 24.8%    96.3%    60.6%    85.5%   
    street_music | 19920   35282 | 35.7%    28.0%    49.5%  | 1.78     0.50     1.28   | 49.5%    77.8%    63.6%    73.6%   


Saving results to /beegfs/ci411/pcen/models/models_122/model122_dry_1/results.json
Done!
