
The following have been reloaded with a version change:
  1) cuda/10.1.105 => cuda/10.0.130

2020-01-22 12:20:11.824666: I tensorflow/stream_executor/platform/default/dso_loader.cc:44] Successfully opened dynamic library libcuda.so.1
2020-01-22 12:20:11.864625: I tensorflow/core/common_runtime/gpu/gpu_device.cc:1618] Found device 0 with properties: 
name: Tesla P40 major: 6 minor: 1 memoryClockRate(GHz): 1.531
pciBusID: 0000:85:00.0
2020-01-22 12:20:11.865608: I tensorflow/stream_executor/platform/default/dso_loader.cc:44] Successfully opened dynamic library libcudart.so.10.0
2020-01-22 12:20:11.868488: I tensorflow/stream_executor/platform/default/dso_loader.cc:44] Successfully opened dynamic library libcublas.so.10.0
2020-01-22 12:20:11.871207: I tensorflow/stream_executor/platform/default/dso_loader.cc:44] Successfully opened dynamic library libcufft.so.10.0
2020-01-22 12:20:11.872204: I tensorflow/stream_executor/platform/default/dso_loader.cc:44] Successfully opened dynamic library libcurand.so.10.0
2020-01-22 12:20:11.875435: I tensorflow/stream_executor/platform/default/dso_loader.cc:44] Successfully opened dynamic library libcusolver.so.10.0
2020-01-22 12:20:11.878009: I tensorflow/stream_executor/platform/default/dso_loader.cc:44] Successfully opened dynamic library libcusparse.so.10.0
2020-01-22 12:20:11.884746: I tensorflow/stream_executor/platform/default/dso_loader.cc:44] Successfully opened dynamic library libcudnn.so.7
2020-01-22 12:20:11.890359: I tensorflow/core/common_runtime/gpu/gpu_device.cc:1746] Adding visible gpu devices: 0
2020-01-22 12:20:11.890816: I tensorflow/core/platform/cpu_feature_guard.cc:142] Your CPU supports instructions that this TensorFlow binary was not compiled to use: AVX2 FMA
2020-01-22 12:20:11.900832: I tensorflow/core/platform/profile_utils/cpu_utils.cc:94] CPU Frequency: 2600060000 Hz
2020-01-22 12:20:11.901118: I tensorflow/compiler/xla/service/service.cc:168] XLA service 0x5a8f5e0 executing computations on platform Host. Devices:
2020-01-22 12:20:11.901142: I tensorflow/compiler/xla/service/service.cc:175]   StreamExecutor device (0): Host, Default Version
2020-01-22 12:20:12.043513: I tensorflow/compiler/xla/service/service.cc:168] XLA service 0x5a918d0 executing computations on platform CUDA. Devices:
2020-01-22 12:20:12.043561: I tensorflow/compiler/xla/service/service.cc:175]   StreamExecutor device (0): Tesla P40, Compute Capability 6.1
2020-01-22 12:20:12.047092: I tensorflow/core/common_runtime/gpu/gpu_device.cc:1618] Found device 0 with properties: 
name: Tesla P40 major: 6 minor: 1 memoryClockRate(GHz): 1.531
pciBusID: 0000:85:00.0
2020-01-22 12:20:12.047172: I tensorflow/stream_executor/platform/default/dso_loader.cc:44] Successfully opened dynamic library libcudart.so.10.0
2020-01-22 12:20:12.047207: I tensorflow/stream_executor/platform/default/dso_loader.cc:44] Successfully opened dynamic library libcublas.so.10.0
2020-01-22 12:20:12.047238: I tensorflow/stream_executor/platform/default/dso_loader.cc:44] Successfully opened dynamic library libcufft.so.10.0
2020-01-22 12:20:12.047269: I tensorflow/stream_executor/platform/default/dso_loader.cc:44] Successfully opened dynamic library libcurand.so.10.0
2020-01-22 12:20:12.047299: I tensorflow/stream_executor/platform/default/dso_loader.cc:44] Successfully opened dynamic library libcusolver.so.10.0
2020-01-22 12:20:12.047329: I tensorflow/stream_executor/platform/default/dso_loader.cc:44] Successfully opened dynamic library libcusparse.so.10.0
2020-01-22 12:20:12.047360: I tensorflow/stream_executor/platform/default/dso_loader.cc:44] Successfully opened dynamic library libcudnn.so.7
2020-01-22 12:20:12.053899: I tensorflow/core/common_runtime/gpu/gpu_device.cc:1746] Adding visible gpu devices: 0
2020-01-22 12:20:12.072196: I tensorflow/stream_executor/platform/default/dso_loader.cc:44] Successfully opened dynamic library libcudart.so.10.0
2020-01-22 12:20:12.076546: I tensorflow/core/common_runtime/gpu/gpu_device.cc:1159] Device interconnect StreamExecutor with strength 1 edge matrix:
2020-01-22 12:20:12.076570: I tensorflow/core/common_runtime/gpu/gpu_device.cc:1165]      0 
2020-01-22 12:20:12.076585: I tensorflow/core/common_runtime/gpu/gpu_device.cc:1178] 0:   N 
2020-01-22 12:20:12.084330: I tensorflow/core/common_runtime/gpu/gpu_device.cc:1304] Created TensorFlow device (/job:localhost/replica:0/task:0/device:GPU:0 with 21625 MB memory) -> physical GPU (device: 0, name: Tesla P40, pci bus id: 0000:85:00.0, compute capability: 6.1)
Using TensorFlow backend.
  0%|          | 0/6000 [00:00<?, ?it/s] 76%|███████▋  | 4588/6000 [00:00<00:00, 45878.40it/s]100%|██████████| 6000/6000 [00:00<00:00, 56382.63it/s]
  0%|          | 0/2000 [00:00<?, ?it/s]100%|██████████| 2000/2000 [00:00<00:00, 223398.35it/s]2020-01-22 12:20:37.838944: I tensorflow/stream_executor/platform/default/dso_loader.cc:44] Successfully opened dynamic library libcublas.so.10.0
2020-01-22 12:20:38.170829: I tensorflow/stream_executor/platform/default/dso_loader.cc:44] Successfully opened dynamic library libcudnn.so.7
2020-01-22 12:20:39.123338: W tensorflow/stream_executor/cuda/redzone_allocator.cc:312] Not found: ./bin/ptxas not found
Relying on driver to perform ptx compilation. This message will be only logged once.
/beegfs/ci411/pcen/pumps/full_test/pump.pkl
Fit model...
Epoch 1/150
 - 36s - loss: 0.3063 - accuracy: 0.8833 - val_loss: 0.1593 - val_accuracy: 0.8851
Epoch 2/150
 - 29s - loss: 0.1951 - accuracy: 0.9304 - val_loss: 0.3285 - val_accuracy: 0.8917
Epoch 3/150
 - 30s - loss: 0.1809 - accuracy: 0.9375 - val_loss: 0.1019 - val_accuracy: 0.8803
Epoch 4/150
 - 29s - loss: 0.1601 - accuracy: 0.9463 - val_loss: 0.2165 - val_accuracy: 0.8879
Epoch 5/150
 - 29s - loss: 0.1682 - accuracy: 0.9423 - val_loss: 0.1859 - val_accuracy: 0.8907
Epoch 6/150
 - 29s - loss: 0.1496 - accuracy: 0.9503 - val_loss: 0.0400 - val_accuracy: 0.8864
Epoch 7/150
 - 29s - loss: 0.1378 - accuracy: 0.9556 - val_loss: 0.1204 - val_accuracy: 0.8900
Epoch 8/150
 - 30s - loss: 0.1377 - accuracy: 0.9550 - val_loss: 0.5427 - val_accuracy: 0.8930
Epoch 9/150
 - 30s - loss: 0.1382 - accuracy: 0.9563 - val_loss: 0.3433 - val_accuracy: 0.8969
Epoch 10/150
 - 30s - loss: 0.1420 - accuracy: 0.9546 - val_loss: 0.2724 - val_accuracy: 0.8957
Epoch 11/150
 - 30s - loss: 0.1425 - accuracy: 0.9528 - val_loss: 0.1497 - val_accuracy: 0.8939
Epoch 12/150
 - 30s - loss: 0.1431 - accuracy: 0.9528 - val_loss: 0.4693 - val_accuracy: 0.8896
Epoch 13/150
 - 30s - loss: 0.1405 - accuracy: 0.9551 - val_loss: 0.0220 - val_accuracy: 0.8917
Epoch 14/150
 - 30s - loss: 0.1363 - accuracy: 0.9562 - val_loss: 0.0119 - val_accuracy: 0.8922
Epoch 15/150
 - 29s - loss: 0.1534 - accuracy: 0.9487 - val_loss: 0.5220 - val_accuracy: 0.8883
Epoch 16/150
 - 30s - loss: 0.1389 - accuracy: 0.9553 - val_loss: 0.6384 - val_accuracy: 0.9030
Epoch 17/150
 - 29s - loss: 0.1436 - accuracy: 0.9548 - val_loss: 0.4874 - val_accuracy: 0.8848
Epoch 18/150
 - 30s - loss: 0.1332 - accuracy: 0.9583 - val_loss: 0.6469 - val_accuracy: 0.8878
Epoch 19/150
 - 30s - loss: 0.1423 - accuracy: 0.9530 - val_loss: 0.3112 - val_accuracy: 0.8967
Epoch 20/150
 - 29s - loss: 0.1139 - accuracy: 0.9659 - val_loss: 0.4930 - val_accuracy: 0.8972
Epoch 21/150
 - 30s - loss: 0.1241 - accuracy: 0.9615 - val_loss: 0.4499 - val_accuracy: 0.8973
Epoch 22/150
 - 30s - loss: 0.1569 - accuracy: 0.9481 - val_loss: 0.1124 - val_accuracy: 0.8893
Epoch 23/150
 - 29s - loss: 0.1259 - accuracy: 0.9604 - val_loss: 0.4121 - val_accuracy: 0.8935
Epoch 24/150
 - 30s - loss: 0.1276 - accuracy: 0.9587 - val_loss: 0.1200 - val_accuracy: 0.9043
Epoch 25/150
 - 29s - loss: 0.1272 - accuracy: 0.9582 - val_loss: 0.1670 - val_accuracy: 0.8924
Epoch 26/150
 - 29s - loss: 0.1304 - accuracy: 0.9579 - val_loss: 0.2047 - val_accuracy: 0.8962
Epoch 27/150
 - 29s - loss: 0.1327 - accuracy: 0.9580 - val_loss: 0.3528 - val_accuracy: 0.8943
Epoch 28/150
 - 30s - loss: 0.1317 - accuracy: 0.9585 - val_loss: 0.4744 - val_accuracy: 0.8931
Epoch 29/150
 - 30s - loss: 0.1222 - accuracy: 0.9605 - val_loss: 0.2884 - val_accuracy: 0.8962
Epoch 30/150
 - 30s - loss: 0.1272 - accuracy: 0.9595 - val_loss: 0.4786 - val_accuracy: 0.9093
Epoch 31/150
 - 30s - loss: 0.1334 - accuracy: 0.9561 - val_loss: 0.4651 - val_accuracy: 0.8970
Epoch 32/150
 - 30s - loss: 0.1589 - accuracy: 0.9467 - val_loss: 0.4289 - val_accuracy: 0.8976
Epoch 33/150
 - 30s - loss: 0.1554 - accuracy: 0.9484 - val_loss: 0.1705 - val_accuracy: 0.8988
Epoch 34/150
 - 30s - loss: 0.1497 - accuracy: 0.9498 - val_loss: 0.0974 - val_accuracy: 0.8996
Epoch 35/150
 - 29s - loss: 0.1612 - accuracy: 0.9451 - val_loss: 0.1978 - val_accuracy: 0.8995
Epoch 36/150
 - 30s - loss: 0.1333 - accuracy: 0.9549 - val_loss: 0.2276 - val_accuracy: 0.9015
Epoch 37/150
 - 30s - loss: 0.1686 - accuracy: 0.9419 - val_loss: 0.5572 - val_accuracy: 0.8997
Epoch 38/150
 - 30s - loss: 0.1439 - accuracy: 0.9534 - val_loss: 0.0444 - val_accuracy: 0.9062
Epoch 39/150
 - 29s - loss: 0.1531 - accuracy: 0.9480 - val_loss: 0.4377 - val_accuracy: 0.8948
Epoch 40/150
 - 29s - loss: 0.1492 - accuracy: 0.9497 - val_loss: 0.0278 - val_accuracy: 0.8930
Epoch 41/150
 - 29s - loss: 0.1374 - accuracy: 0.9524 - val_loss: 0.3057 - val_accuracy: 0.9074
Epoch 42/150
 - 30s - loss: 0.1501 - accuracy: 0.9499 - val_loss: 0.6456 - val_accuracy: 0.9058
Epoch 43/150
 - 30s - loss: 0.1503 - accuracy: 0.9496 - val_loss: 0.5329 - val_accuracy: 0.8995
Epoch 44/150
 - 29s - loss: 0.1599 - accuracy: 0.9441 - val_loss: 0.3882 - val_accuracy: 0.8970
Epoch 45/150
 - 29s - loss: 0.1580 - accuracy: 0.9467 - val_loss: 0.1587 - val_accuracy: 0.9016
Epoch 46/150
 - 30s - loss: 0.1759 - accuracy: 0.9392 - val_loss: 0.1999 - val_accuracy: 0.9072
Epoch 47/150
 - 30s - loss: 0.1761 - accuracy: 0.9387 - val_loss: 0.2124 - val_accuracy: 0.9075
Epoch 48/150
 - 30s - loss: 0.1350 - accuracy: 0.9557 - val_loss: 0.1518 - val_accuracy: 0.9073
Epoch 49/150
 - 29s - loss: 0.1933 - accuracy: 0.9310 - val_loss: 0.4386 - val_accuracy: 0.8941
Epoch 50/150
 - 30s - loss: 0.1705 - accuracy: 0.9403 - val_loss: 0.3609 - val_accuracy: 0.8927
Epoch 51/150
 - 29s - loss: 0.1655 - accuracy: 0.9424 - val_loss: 0.0311 - val_accuracy: 0.9046
Epoch 52/150
 - 30s - loss: 0.1821 - accuracy: 0.9352 - val_loss: 0.0619 - val_accuracy: 0.9010
Epoch 53/150
 - 30s - loss: 0.1836 - accuracy: 0.9341 - val_loss: 0.4150 - val_accuracy: 0.9057
Epoch 54/150
 - 30s - loss: 0.1707 - accuracy: 0.9409 - val_loss: 0.0415 - val_accuracy: 0.8980
Epoch 55/150
 - 30s - loss: 0.1758 - accuracy: 0.9389 - val_loss: 0.3294 - val_accuracy: 0.9055
Epoch 56/150
 - 29s - loss: 0.1293 - accuracy: 0.9567 - val_loss: 0.3922 - val_accuracy: 0.9021
Epoch 57/150
 - 30s - loss: 0.1504 - accuracy: 0.9475 - val_loss: 0.3890 - val_accuracy: 0.8900
Epoch 58/150
 - 30s - loss: 0.1649 - accuracy: 0.9427 - val_loss: 0.3437 - val_accuracy: 0.9015
Epoch 59/150
 - 29s - loss: 0.1709 - accuracy: 0.9398 - val_loss: 0.3619 - val_accuracy: 0.9060
Epoch 60/150
 - 30s - loss: 0.1657 - accuracy: 0.9411 - val_loss: 0.2569 - val_accuracy: 0.8990
Epoch 61/150
 - 29s - loss: 0.1714 - accuracy: 0.9382 - val_loss: 0.3467 - val_accuracy: 0.8984
Epoch 62/150
 - 30s - loss: 0.1710 - accuracy: 0.9385 - val_loss: 0.4204 - val_accuracy: 0.9071
Epoch 63/150
 - 29s - loss: 0.1649 - accuracy: 0.9399 - val_loss: 0.2879 - val_accuracy: 0.9070
Epoch 64/150
 - 30s - loss: 0.1565 - accuracy: 0.9460 - val_loss: 0.2642 - val_accuracy: 0.8856
Epoch 65/150
 - 30s - loss: 0.1914 - accuracy: 0.9309 - val_loss: 0.0451 - val_accuracy: 0.9035
Epoch 66/150
 - 30s - loss: 0.2170 - accuracy: 0.9193 - val_loss: 0.1205 - val_accuracy: 0.9028
Epoch 67/150
 - 30s - loss: 0.1940 - accuracy: 0.9274 - val_loss: 0.3646 - val_accuracy: 0.9048
Epoch 68/150
 - 30s - loss: 0.1865 - accuracy: 0.9300 - val_loss: 0.0448 - val_accuracy: 0.8941
Epoch 69/150
 - 29s - loss: 0.1615 - accuracy: 0.9414 - val_loss: 0.3563 - val_accuracy: 0.9065
Epoch 70/150
 - 30s - loss: 0.1847 - accuracy: 0.9316 - val_loss: 0.3886 - val_accuracy: 0.9009
Epoch 71/150
 - 30s - loss: 0.1782 - accuracy: 0.9335 - val_loss: 0.2753 - val_accuracy: 0.9060
Epoch 72/150
 - 30s - loss: 0.1742 - accuracy: 0.9377 - val_loss: 0.1167 - val_accuracy: 0.9055
Epoch 73/150
 - 30s - loss: 0.1638 - accuracy: 0.9400 - val_loss: 0.3884 - val_accuracy: 0.9096
Epoch 74/150
 - 29s - loss: 0.1847 - accuracy: 0.9323 - val_loss: 0.4648 - val_accuracy: 0.9049
Epoch 75/150
 - 29s - loss: 0.1832 - accuracy: 0.9332 - val_loss: 0.4339 - val_accuracy: 0.9063
Epoch 76/150
 - 29s - loss: 0.1973 - accuracy: 0.9259 - val_loss: 0.3992 - val_accuracy: 0.8972
Epoch 77/150
 - 30s - loss: 0.1817 - accuracy: 0.9331 - val_loss: 0.4830 - val_accuracy: 0.8983
Epoch 78/150
 - 29s - loss: 0.1714 - accuracy: 0.9354 - val_loss: 0.2458 - val_accuracy: 0.9089
Epoch 79/150
 - 30s - loss: 0.1716 - accuracy: 0.9361 - val_loss: 0.3933 - val_accuracy: 0.8990
Epoch 80/150
 - 30s - loss: 0.1523 - accuracy: 0.9448 - val_loss: 0.1318 - val_accuracy: 0.9012
Epoch 81/150
 - 29s - loss: 0.1583 - accuracy: 0.9408 - val_loss: 0.1416 - val_accuracy: 0.9039
Epoch 82/150
 - 30s - loss: 0.1676 - accuracy: 0.9397 - val_loss: 0.3368 - val_accuracy: 0.9035
Epoch 83/150
 - 30s - loss: 0.1746 - accuracy: 0.9376 - val_loss: 0.5415 - val_accuracy: 0.9059
Epoch 84/150
 - 30s - loss: 0.1900 - accuracy: 0.9294 - val_loss: 0.0536 - val_accuracy: 0.9026
Epoch 85/150
 - 30s - loss: 0.1743 - accuracy: 0.9362 - val_loss: 0.2392 - val_accuracy: 0.9040
Epoch 86/150
 - 29s - loss: 0.1879 - accuracy: 0.9301 - val_loss: 0.3067 - val_accuracy: 0.8993
Epoch 87/150
 - 30s - loss: 0.1806 - accuracy: 0.9330 - val_loss: 0.2566 - val_accuracy: 0.9097
Epoch 88/150
 - 30s - loss: 0.1766 - accuracy: 0.9344 - val_loss: 0.2766 - val_accuracy: 0.9072
Epoch 89/150
 - 30s - loss: 0.1820 - accuracy: 0.9337 - val_loss: 0.3841 - val_accuracy: 0.9017
Epoch 90/150
 - 30s - loss: 0.1844 - accuracy: 0.9321 - val_loss: 0.3570 - val_accuracy: 0.9123
Epoch 91/150
 - 30s - loss: 0.1735 - accuracy: 0.9343 - val_loss: 0.4842 - val_accuracy: 0.9053
Epoch 92/150
 - 30s - loss: 0.1751 - accuracy: 0.9333 - val_loss: 0.2217 - val_accuracy: 0.9052
Epoch 93/150
 - 29s - loss: 0.1752 - accuracy: 0.9348 - val_loss: 0.3748 - val_accuracy: 0.9047
Epoch 94/150
 - 29s - loss: 0.1740 - accuracy: 0.9353 - val_loss: 0.0922 - val_accuracy: 0.9046
Epoch 95/150
 - 29s - loss: 0.1784 - accuracy: 0.9335 - val_loss: 0.3573 - val_accuracy: 0.9020
Epoch 96/150
 - 30s - loss: 0.1873 - accuracy: 0.9300 - val_loss: 0.2045 - val_accuracy: 0.9061
Epoch 97/150
 - 30s - loss: 0.1837 - accuracy: 0.9301 - val_loss: 0.2525 - val_accuracy: 0.9025
Epoch 98/150
 - 31s - loss: 0.1893 - accuracy: 0.9295 - val_loss: 0.2261 - val_accuracy: 0.9055
Epoch 99/150
 - 30s - loss: 0.1943 - accuracy: 0.9282 - val_loss: 0.0812 - val_accuracy: 0.9059
Epoch 100/150
 - 30s - loss: 0.1818 - accuracy: 0.9321 - val_loss: 0.1630 - val_accuracy: 0.9071
Epoch 101/150
 - 29s - loss: 0.1673 - accuracy: 0.9368 - val_loss: 0.3163 - val_accuracy: 0.8966
Epoch 102/150
 - 30s - loss: 0.1750 - accuracy: 0.9350 - val_loss: 0.3145 - val_accuracy: 0.8964
Epoch 103/150
 - 32s - loss: 0.1476 - accuracy: 0.9468 - val_loss: 0.2044 - val_accuracy: 0.9105
Epoch 104/150
 - 30s - loss: 0.1787 - accuracy: 0.9344 - val_loss: 0.0949 - val_accuracy: 0.9014
Epoch 105/150
 - 31s - loss: 0.1760 - accuracy: 0.9354 - val_loss: 0.4147 - val_accuracy: 0.9110
Epoch 106/150
 - 31s - loss: 0.1650 - accuracy: 0.9398 - val_loss: 0.3378 - val_accuracy: 0.9015
Epoch 107/150
 - 30s - loss: 0.2010 - accuracy: 0.9265 - val_loss: 0.3849 - val_accuracy: 0.9009
Epoch 108/150
 - 31s - loss: 0.1741 - accuracy: 0.9360 - val_loss: 0.3240 - val_accuracy: 0.9069
Epoch 109/150
 - 31s - loss: 0.1706 - accuracy: 0.9367 - val_loss: 0.3751 - val_accuracy: 0.9062
Epoch 110/150
 - 32s - loss: 0.1635 - accuracy: 0.9401 - val_loss: 0.3450 - val_accuracy: 0.8979
Epoch 111/150
 - 30s - loss: 0.1621 - accuracy: 0.9417 - val_loss: 0.3711 - val_accuracy: 0.9082
Epoch 112/150
 - 31s - loss: 0.1719 - accuracy: 0.9364 - val_loss: 0.0132 - val_accuracy: 0.9023
Epoch 113/150
 - 30s - loss: 0.1806 - accuracy: 0.9328 - val_loss: 0.2877 - val_accuracy: 0.9090
Epoch 114/150
 - 31s - loss: 0.1644 - accuracy: 0.9386 - val_loss: 0.4177 - val_accuracy: 0.9042
Epoch 115/150
 - 31s - loss: 0.1695 - accuracy: 0.9373 - val_loss: 0.1738 - val_accuracy: 0.9090
Epoch 116/150
 - 31s - loss: 0.1809 - accuracy: 0.9366 - val_loss: 0.2490 - val_accuracy: 0.8970
Epoch 117/150
 - 31s - loss: 0.1943 - accuracy: 0.9293 - val_loss: 0.2378 - val_accuracy: 0.9043
Epoch 118/150
 - 31s - loss: 0.1641 - accuracy: 0.9409 - val_loss: 0.2751 - val_accuracy: 0.9015
Epoch 119/150
 - 32s - loss: 0.1737 - accuracy: 0.9350 - val_loss: 0.4380 - val_accuracy: 0.8960
Epoch 120/150
 - 31s - loss: 0.1763 - accuracy: 0.9344 - val_loss: 0.3863 - val_accuracy: 0.9045
Epoch 121/150
 - 30s - loss: 0.1728 - accuracy: 0.9346 - val_loss: 0.0710 - val_accuracy: 0.9090
Epoch 122/150
 - 30s - loss: 0.1525 - accuracy: 0.9447 - val_loss: 0.5445 - val_accuracy: 0.9057
Epoch 123/150
 - 30s - loss: 0.1589 - accuracy: 0.9428 - val_loss: 0.3874 - val_accuracy: 0.9023
Epoch 124/150
 - 30s - loss: 0.1812 - accuracy: 0.9338 - val_loss: 0.2072 - val_accuracy: 0.9010
Epoch 125/150
 - 30s - loss: 0.1606 - accuracy: 0.9417 - val_loss: 0.5030 - val_accuracy: 0.8994
Epoch 126/150
 - 30s - loss: 0.1684 - accuracy: 0.9399 - val_loss: 0.4384 - val_accuracy: 0.9029
Epoch 127/150
 - 30s - loss: 0.1673 - accuracy: 0.9381 - val_loss: 0.1798 - val_accuracy: 0.8996
Epoch 128/150
 - 30s - loss: 0.1636 - accuracy: 0.9418 - val_loss: 0.0556 - val_accuracy: 0.9051
Epoch 129/150
 - 31s - loss: 0.1549 - accuracy: 0.9452 - val_loss: 0.5424 - val_accuracy: 0.8975
Epoch 130/150
 - 31s - loss: 0.1634 - accuracy: 0.9418 - val_loss: 0.4403 - val_accuracy: 0.8988
Epoch 131/150
 - 30s - loss: 0.1713 - accuracy: 0.9355 - val_loss: 0.3743 - val_accuracy: 0.8958
Epoch 132/150
 - 31s - loss: 0.1681 - accuracy: 0.9375 - val_loss: 0.2268 - val_accuracy: 0.9043
Epoch 133/150
 - 30s - loss: 0.1687 - accuracy: 0.9375 - val_loss: 0.3004 - val_accuracy: 0.9036
Epoch 134/150
 - 30s - loss: 0.1771 - accuracy: 0.9367 - val_loss: 0.5823 - val_accuracy: 0.9113
Epoch 135/150
 - 31s - loss: 0.1808 - accuracy: 0.9332 - val_loss: 0.3643 - val_accuracy: 0.9087
Epoch 136/150
 - 30s - loss: 0.1616 - accuracy: 0.9413 - val_loss: 0.2184 - val_accuracy: 0.9007
Epoch 137/150
 - 31s - loss: 0.1548 - accuracy: 0.9438 - val_loss: 0.1932 - val_accuracy: 0.9051
Epoch 138/150
 - 31s - loss: 0.1543 - accuracy: 0.9436 - val_loss: 0.1470 - val_accuracy: 0.9071
Epoch 139/150
 - 30s - loss: 0.1705 - accuracy: 0.9356 - val_loss: 0.1148 - val_accuracy: 0.9010
Epoch 140/150
 - 31s - loss: 0.1731 - accuracy: 0.9351 - val_loss: 0.1927 - val_accuracy: 0.9060
Epoch 141/150
 - 31s - loss: 0.1759 - accuracy: 0.9352 - val_loss: 0.4361 - val_accuracy: 0.9050
Epoch 142/150
 - 31s - loss: 0.1665 - accuracy: 0.9384 - val_loss: 0.5147 - val_accuracy: 0.9024
Epoch 143/150
 - 31s - loss: 0.1956 - accuracy: 0.9260 - val_loss: 0.2091 - val_accuracy: 0.9002
Epoch 144/150
 - 30s - loss: 0.1830 - accuracy: 0.9329 - val_loss: 0.2657 - val_accuracy: 0.9019
Epoch 145/150
 - 31s - loss: 0.1808 - accuracy: 0.9324 - val_loss: 0.1392 - val_accuracy: 0.8998
Epoch 146/150
 - 30s - loss: 0.1820 - accuracy: 0.9322 - val_loss: 0.1463 - val_accuracy: 0.9032
Epoch 147/150
 - 30s - loss: 0.1700 - accuracy: 0.9366 - val_loss: 0.3399 - val_accuracy: 0.9098
Epoch 148/150
 - 30s - loss: 0.1916 - accuracy: 0.9283 - val_loss: 0.1712 - val_accuracy: 0.9057
Epoch 149/150
 - 29s - loss: 0.1509 - accuracy: 0.9427 - val_loss: 0.3697 - val_accuracy: 0.9175
Epoch 150/150
 - 30s - loss: 0.1703 - accuracy: 0.9387 - val_loss: 0.3854 - val_accuracy: 0.9049

/home/ci411/pcen-t-varying/pcen_t/utils.py:63: H5pyDeprecationWarning: dataset.value has been deprecated. Use dataset[()] instead.
  data[k] = v.value
/home/ci411/.conda/envs/py3.5/lib/python3.6/site-packages/keras/callbacks/callbacks.py:707: RuntimeWarning: Can save best model only with val_dynamic/tags_acc available, skipping.
  'skipping.' % (self.monitor), RuntimeWarning)
/home/ci411/.conda/envs/py3.5/lib/python3.6/site-packages/keras/callbacks/callbacks.py:1042: RuntimeWarning: Reduce LR on plateau conditioned on metric `val_dynamic/tags_acc` which is not available. Available metrics are: val_loss,val_accuracy,loss,accuracy,lr
  (self.monitor, ','.join(list(logs.keys()))), RuntimeWarning
/home/ci411/.conda/envs/py3.5/lib/python3.6/site-packages/keras/callbacks/callbacks.py:846: RuntimeWarning: Early stopping conditioned on metric `val_dynamic/tags_acc` which is not available. Available metrics are: val_loss,val_accuracy,loss,accuracy,lr
  (self.monitor, ','.join(list(logs.keys()))), RuntimeWarning
Done training. Saving results to disk...
Saving Weights
2020-01-22 13:35:41.890710: I tensorflow/stream_executor/platform/default/dso_loader.cc:44] Successfully opened dynamic library libcuda.so.1
2020-01-22 13:35:41.931351: I tensorflow/core/common_runtime/gpu/gpu_device.cc:1618] Found device 0 with properties: 
name: Tesla P40 major: 6 minor: 1 memoryClockRate(GHz): 1.531
pciBusID: 0000:85:00.0
2020-01-22 13:35:41.932040: I tensorflow/stream_executor/platform/default/dso_loader.cc:44] Successfully opened dynamic library libcudart.so.10.0
2020-01-22 13:35:41.935210: I tensorflow/stream_executor/platform/default/dso_loader.cc:44] Successfully opened dynamic library libcublas.so.10.0
2020-01-22 13:35:41.938070: I tensorflow/stream_executor/platform/default/dso_loader.cc:44] Successfully opened dynamic library libcufft.so.10.0
2020-01-22 13:35:41.938577: I tensorflow/stream_executor/platform/default/dso_loader.cc:44] Successfully opened dynamic library libcurand.so.10.0
2020-01-22 13:35:41.942109: I tensorflow/stream_executor/platform/default/dso_loader.cc:44] Successfully opened dynamic library libcusolver.so.10.0
2020-01-22 13:35:41.944790: I tensorflow/stream_executor/platform/default/dso_loader.cc:44] Successfully opened dynamic library libcusparse.so.10.0
2020-01-22 13:35:41.952614: I tensorflow/stream_executor/platform/default/dso_loader.cc:44] Successfully opened dynamic library libcudnn.so.7
2020-01-22 13:35:41.960188: I tensorflow/core/common_runtime/gpu/gpu_device.cc:1746] Adding visible gpu devices: 0
2020-01-22 13:35:41.960791: I tensorflow/core/platform/cpu_feature_guard.cc:142] Your CPU supports instructions that this TensorFlow binary was not compiled to use: AVX2 FMA
2020-01-22 13:35:41.972883: I tensorflow/core/platform/profile_utils/cpu_utils.cc:94] CPU Frequency: 2600060000 Hz
2020-01-22 13:35:41.973130: I tensorflow/compiler/xla/service/service.cc:168] XLA service 0x6906750 executing computations on platform Host. Devices:
2020-01-22 13:35:41.973141: I tensorflow/compiler/xla/service/service.cc:175]   StreamExecutor device (0): Host, Default Version
2020-01-22 13:35:42.104536: I tensorflow/compiler/xla/service/service.cc:168] XLA service 0x6908c60 executing computations on platform CUDA. Devices:
2020-01-22 13:35:42.104575: I tensorflow/compiler/xla/service/service.cc:175]   StreamExecutor device (0): Tesla P40, Compute Capability 6.1
2020-01-22 13:35:42.107262: I tensorflow/core/common_runtime/gpu/gpu_device.cc:1618] Found device 0 with properties: 
name: Tesla P40 major: 6 minor: 1 memoryClockRate(GHz): 1.531
pciBusID: 0000:85:00.0
2020-01-22 13:35:42.107327: I tensorflow/stream_executor/platform/default/dso_loader.cc:44] Successfully opened dynamic library libcudart.so.10.0
2020-01-22 13:35:42.107353: I tensorflow/stream_executor/platform/default/dso_loader.cc:44] Successfully opened dynamic library libcublas.so.10.0
2020-01-22 13:35:42.107376: I tensorflow/stream_executor/platform/default/dso_loader.cc:44] Successfully opened dynamic library libcufft.so.10.0
2020-01-22 13:35:42.107398: I tensorflow/stream_executor/platform/default/dso_loader.cc:44] Successfully opened dynamic library libcurand.so.10.0
2020-01-22 13:35:42.107421: I tensorflow/stream_executor/platform/default/dso_loader.cc:44] Successfully opened dynamic library libcusolver.so.10.0
2020-01-22 13:35:42.107444: I tensorflow/stream_executor/platform/default/dso_loader.cc:44] Successfully opened dynamic library libcusparse.so.10.0
2020-01-22 13:35:42.107468: I tensorflow/stream_executor/platform/default/dso_loader.cc:44] Successfully opened dynamic library libcudnn.so.7
2020-01-22 13:35:42.112317: I tensorflow/core/common_runtime/gpu/gpu_device.cc:1746] Adding visible gpu devices: 0
2020-01-22 13:35:42.112374: I tensorflow/stream_executor/platform/default/dso_loader.cc:44] Successfully opened dynamic library libcudart.so.10.0
2020-01-22 13:35:42.115934: I tensorflow/core/common_runtime/gpu/gpu_device.cc:1159] Device interconnect StreamExecutor with strength 1 edge matrix:
2020-01-22 13:35:42.115954: I tensorflow/core/common_runtime/gpu/gpu_device.cc:1165]      0 
2020-01-22 13:35:42.115963: I tensorflow/core/common_runtime/gpu/gpu_device.cc:1178] 0:   N 
2020-01-22 13:35:42.122238: I tensorflow/core/common_runtime/gpu/gpu_device.cc:1304] Created TensorFlow device (/job:localhost/replica:0/task:0/device:GPU:0 with 21625 MB memory) -> physical GPU (device: 0, name: Tesla P40, pci bus id: 0000:85:00.0, compute capability: 6.1)
2020-01-22 13:35:44.355787: I tensorflow/stream_executor/platform/default/dso_loader.cc:44] Successfully opened dynamic library libcublas.so.10.0
2020-01-22 13:35:44.585964: I tensorflow/stream_executor/platform/default/dso_loader.cc:44] Successfully opened dynamic library libcudnn.so.7
2020-01-22 13:35:45.607126: W tensorflow/stream_executor/cuda/redzone_allocator.cc:312] Not found: ./bin/ptxas not found
Relying on driver to perform ptx compilation. This message will be only logged once.
Using TensorFlow backend.
/home/ci411/pcen-t-varying/pcen_t/utils.py:63: H5pyDeprecationWarning: dataset.value has been deprecated. Use dataset[()] instead.
  data[k] = v.value
Accuracy: 0.7278224699952339
Segment based metrics
========================================
  Evaluated length                  : 135463.89 sec
  Evaluated files                   : 14000 
  Segment length                    : 1.00 sec

  Overall metrics (micro-average)
  ======================================
  F-measure
    F-measure (F1)                  : 24.87 %
    Precision                       : 20.16 %
    Recall                          : 32.47 %
  Error rate
    Error rate (ER)                 : 1.51 
    Substitution rate               : 0.45 
    Deletion rate                   : 0.22 
    Insertion rate                  : 0.84 
  Accuracy
    Sensitivity                     : 32.47 %
    Specificity                     : 79.28 %
    Balanced accuracy               : 55.87 %
    Accuracy                        : 72.78 %

  Class-wise average metrics (macro-average)
  ======================================
  F-measure
    F-measure (F1)                  : 22.51 %
    Precision                       : 33.74 %
    Recall                          : 33.14 %
  Error rate
    Error rate (ER)                 : 2.00 
    Deletion rate                   : 0.67 
    Insertion rate                  : 1.33 
  Accuracy
    Sensitivity                     : 33.14 %
    Specificity                     : 79.35 %
    Balanced accuracy               : 56.25 %
    Accuracy                        : 72.78 %
  

  Class-wise metrics
  ======================================
    Event label  | Nref    Nsys  | F        Pre      Rec    | ER       Del      Ins    | Sens     Spec     Bacc     Acc     
    ------------ | -----   ----- | ------   ------   ------ | ------   ------   ------ | ------   ------   ------   ------  
    air_condit.. | 19405   93574 | 24.7%    14.9%    71.9%  | 4.38     0.28     4.10   | 71.9%    33.1%    52.5%    38.6%   
    car_horn     | 15995   26261 | 26.0%    20.9%    34.4%  | 1.95     0.66     1.30   | 34.4%    83.0%    58.7%    77.4%   
    children_p.. | 20801   1185  | 6.0%     55.8%    3.2%   | 0.99     0.97     0.03   | 3.2%     99.6%    51.4%    85.1%   
    dog_bark     | 18939   4488  | 22.0%    57.5%    13.6%  | 0.96     0.86     0.10   | 13.6%    98.4%    56.0%    86.8%   
    drilling     | 20205   8379  | 14.5%    24.7%    10.2%  | 1.21     0.90     0.31   | 10.2%    94.7%    52.4%    82.3%   
    engine_idl.. | 20837   24399 | 22.1%    20.5%    24.0%  | 1.69     0.76     0.93   | 24.0%    83.5%    53.7%    74.5%   
    gun_shot     | 16528   68160 | 24.5%    15.2%    62.8%  | 3.87     0.37     3.50   | 62.8%    52.6%    57.7%    53.8%   
    jackhammer   | 19290   2528  | 17.9%    77.3%    10.1%  | 0.93     0.90     0.03   | 10.1%    99.5%    54.8%    87.1%   
    siren        | 20216   38519 | 35.3%    26.9%    51.2%  | 1.88     0.49     1.39   | 51.2%    76.2%    63.7%    72.5%   
    street_music | 19920   42065 | 32.1%    23.6%    49.9%  | 2.11     0.50     1.61   | 49.9%    72.9%    61.4%    69.6%   


Saving results to /beegfs/ci411/pcen/models/models_122/model122_dry_45/results.json
Done!
