
The following have been reloaded with a version change:
  1) cuda/10.1.105 => cuda/10.0.130

2020-01-22 11:00:07.087656: I tensorflow/stream_executor/platform/default/dso_loader.cc:44] Successfully opened dynamic library libcuda.so.1
2020-01-22 11:00:07.130418: I tensorflow/core/common_runtime/gpu/gpu_device.cc:1618] Found device 0 with properties: 
name: Tesla K80 major: 3 minor: 7 memoryClockRate(GHz): 0.8235
pciBusID: 0000:85:00.0
2020-01-22 11:00:07.131369: I tensorflow/stream_executor/platform/default/dso_loader.cc:44] Successfully opened dynamic library libcudart.so.10.0
2020-01-22 11:00:07.135523: I tensorflow/stream_executor/platform/default/dso_loader.cc:44] Successfully opened dynamic library libcublas.so.10.0
2020-01-22 11:00:07.139062: I tensorflow/stream_executor/platform/default/dso_loader.cc:44] Successfully opened dynamic library libcufft.so.10.0
2020-01-22 11:00:07.142199: I tensorflow/stream_executor/platform/default/dso_loader.cc:44] Successfully opened dynamic library libcurand.so.10.0
2020-01-22 11:00:07.147732: I tensorflow/stream_executor/platform/default/dso_loader.cc:44] Successfully opened dynamic library libcusolver.so.10.0
2020-01-22 11:00:07.151391: I tensorflow/stream_executor/platform/default/dso_loader.cc:44] Successfully opened dynamic library libcusparse.so.10.0
2020-01-22 11:00:07.160321: I tensorflow/stream_executor/platform/default/dso_loader.cc:44] Successfully opened dynamic library libcudnn.so.7
2020-01-22 11:00:07.164176: I tensorflow/core/common_runtime/gpu/gpu_device.cc:1746] Adding visible gpu devices: 0
2020-01-22 11:00:07.164647: I tensorflow/core/platform/cpu_feature_guard.cc:142] Your CPU supports instructions that this TensorFlow binary was not compiled to use: AVX2 FMA
2020-01-22 11:00:07.174508: I tensorflow/core/platform/profile_utils/cpu_utils.cc:94] CPU Frequency: 2599905000 Hz
2020-01-22 11:00:07.174911: I tensorflow/compiler/xla/service/service.cc:168] XLA service 0x66dc500 executing computations on platform Host. Devices:
2020-01-22 11:00:07.174935: I tensorflow/compiler/xla/service/service.cc:175]   StreamExecutor device (0): Host, Default Version
2020-01-22 11:00:07.313943: I tensorflow/compiler/xla/service/service.cc:168] XLA service 0x66de790 executing computations on platform CUDA. Devices:
2020-01-22 11:00:07.313988: I tensorflow/compiler/xla/service/service.cc:175]   StreamExecutor device (0): Tesla K80, Compute Capability 3.7
2020-01-22 11:00:07.316733: I tensorflow/core/common_runtime/gpu/gpu_device.cc:1618] Found device 0 with properties: 
name: Tesla K80 major: 3 minor: 7 memoryClockRate(GHz): 0.8235
pciBusID: 0000:85:00.0
2020-01-22 11:00:07.316872: I tensorflow/stream_executor/platform/default/dso_loader.cc:44] Successfully opened dynamic library libcudart.so.10.0
2020-01-22 11:00:07.316910: I tensorflow/stream_executor/platform/default/dso_loader.cc:44] Successfully opened dynamic library libcublas.so.10.0
2020-01-22 11:00:07.316943: I tensorflow/stream_executor/platform/default/dso_loader.cc:44] Successfully opened dynamic library libcufft.so.10.0
2020-01-22 11:00:07.316976: I tensorflow/stream_executor/platform/default/dso_loader.cc:44] Successfully opened dynamic library libcurand.so.10.0
2020-01-22 11:00:07.317007: I tensorflow/stream_executor/platform/default/dso_loader.cc:44] Successfully opened dynamic library libcusolver.so.10.0
2020-01-22 11:00:07.317038: I tensorflow/stream_executor/platform/default/dso_loader.cc:44] Successfully opened dynamic library libcusparse.so.10.0
2020-01-22 11:00:07.317071: I tensorflow/stream_executor/platform/default/dso_loader.cc:44] Successfully opened dynamic library libcudnn.so.7
2020-01-22 11:00:07.323267: I tensorflow/core/common_runtime/gpu/gpu_device.cc:1746] Adding visible gpu devices: 0
2020-01-22 11:00:07.325315: I tensorflow/stream_executor/platform/default/dso_loader.cc:44] Successfully opened dynamic library libcudart.so.10.0
2020-01-22 11:00:07.331978: I tensorflow/core/common_runtime/gpu/gpu_device.cc:1159] Device interconnect StreamExecutor with strength 1 edge matrix:
2020-01-22 11:00:07.332039: I tensorflow/core/common_runtime/gpu/gpu_device.cc:1165]      0 
2020-01-22 11:00:07.332063: I tensorflow/core/common_runtime/gpu/gpu_device.cc:1178] 0:   N 
2020-01-22 11:00:07.341769: I tensorflow/core/common_runtime/gpu/gpu_device.cc:1304] Created TensorFlow device (/job:localhost/replica:0/task:0/device:GPU:0 with 10803 MB memory) -> physical GPU (device: 0, name: Tesla K80, pci bus id: 0000:85:00.0, compute capability: 3.7)
Using TensorFlow backend.
  0%|          | 0/6000 [00:00<?, ?it/s] 59%|█████▊    | 3523/6000 [00:00<00:00, 31394.34it/s]100%|██████████| 6000/6000 [00:00<00:00, 48077.21it/s]
  0%|          | 0/2000 [00:00<?, ?it/s]100%|██████████| 2000/2000 [00:00<00:00, 200348.89it/s]2020-01-22 11:00:20.238282: I tensorflow/stream_executor/platform/default/dso_loader.cc:44] Successfully opened dynamic library libcublas.so.10.0
2020-01-22 11:00:20.404226: I tensorflow/stream_executor/platform/default/dso_loader.cc:44] Successfully opened dynamic library libcudnn.so.7
2020-01-22 11:00:21.041785: W tensorflow/stream_executor/cuda/redzone_allocator.cc:312] Not found: ./bin/ptxas not found
Relying on driver to perform ptx compilation. This message will be only logged once.
/beegfs/ci411/pcen/pumps/full_test/pump.pkl
Fit model...
Epoch 1/150
 - 48s - loss: 0.3014 - accuracy: 0.8844 - val_loss: 0.1651 - val_accuracy: 0.8793
Epoch 2/150
 - 41s - loss: 0.1892 - accuracy: 0.9312 - val_loss: 0.2997 - val_accuracy: 0.8748
Epoch 3/150
 - 41s - loss: 0.1723 - accuracy: 0.9396 - val_loss: 0.1055 - val_accuracy: 0.8915
Epoch 4/150
 - 41s - loss: 0.1530 - accuracy: 0.9479 - val_loss: 0.2122 - val_accuracy: 0.8978
Epoch 5/150
 - 41s - loss: 0.1577 - accuracy: 0.9454 - val_loss: 0.1679 - val_accuracy: 0.8934
Epoch 6/150
 - 41s - loss: 0.1453 - accuracy: 0.9509 - val_loss: 0.0671 - val_accuracy: 0.8770
Epoch 7/150
 - 41s - loss: 0.1363 - accuracy: 0.9550 - val_loss: 0.1127 - val_accuracy: 0.8912
Epoch 8/150
 - 41s - loss: 0.1305 - accuracy: 0.9573 - val_loss: 0.4524 - val_accuracy: 0.9026
Epoch 9/150
 - 41s - loss: 0.1256 - accuracy: 0.9603 - val_loss: 0.4841 - val_accuracy: 0.9004
Epoch 10/150
 - 41s - loss: 0.1322 - accuracy: 0.9570 - val_loss: 0.1273 - val_accuracy: 0.9015
Epoch 11/150
 - 42s - loss: 0.1386 - accuracy: 0.9532 - val_loss: 0.1593 - val_accuracy: 0.8996
Epoch 12/150
 - 42s - loss: 0.1367 - accuracy: 0.9543 - val_loss: 0.5022 - val_accuracy: 0.8895
Epoch 13/150
 - 42s - loss: 0.1370 - accuracy: 0.9552 - val_loss: 0.0236 - val_accuracy: 0.8965
Epoch 14/150
 - 42s - loss: 0.1269 - accuracy: 0.9577 - val_loss: 0.0399 - val_accuracy: 0.8822
Epoch 15/150
 - 42s - loss: 0.1438 - accuracy: 0.9522 - val_loss: 0.3183 - val_accuracy: 0.8905
Epoch 16/150
 - 41s - loss: 0.1318 - accuracy: 0.9567 - val_loss: 0.7511 - val_accuracy: 0.9054
Epoch 17/150
 - 41s - loss: 0.1379 - accuracy: 0.9551 - val_loss: 0.5413 - val_accuracy: 0.8914
Epoch 18/150
 - 41s - loss: 0.1253 - accuracy: 0.9607 - val_loss: 0.5128 - val_accuracy: 0.8801
Epoch 19/150
 - 41s - loss: 0.1339 - accuracy: 0.9555 - val_loss: 0.2015 - val_accuracy: 0.8994
Epoch 20/150
 - 41s - loss: 0.0990 - accuracy: 0.9704 - val_loss: 0.4407 - val_accuracy: 0.9012
Epoch 21/150
 - 41s - loss: 0.1132 - accuracy: 0.9642 - val_loss: 0.3255 - val_accuracy: 0.8946
Epoch 22/150
 - 41s - loss: 0.1437 - accuracy: 0.9521 - val_loss: 0.0643 - val_accuracy: 0.8995
Epoch 23/150
 - 41s - loss: 0.1180 - accuracy: 0.9622 - val_loss: 0.3770 - val_accuracy: 0.8944
Epoch 24/150
 - 41s - loss: 0.1154 - accuracy: 0.9634 - val_loss: 0.1291 - val_accuracy: 0.9043
Epoch 25/150
 - 41s - loss: 0.1175 - accuracy: 0.9612 - val_loss: 0.1814 - val_accuracy: 0.8979
Epoch 26/150
 - 41s - loss: 0.1203 - accuracy: 0.9608 - val_loss: 0.3343 - val_accuracy: 0.8884
Epoch 27/150
 - 41s - loss: 0.1207 - accuracy: 0.9615 - val_loss: 0.4392 - val_accuracy: 0.8920
Epoch 28/150
 - 41s - loss: 0.1202 - accuracy: 0.9621 - val_loss: 0.4116 - val_accuracy: 0.8962
Epoch 29/150
 - 41s - loss: 0.1146 - accuracy: 0.9630 - val_loss: 0.1967 - val_accuracy: 0.8974
Epoch 30/150
 - 41s - loss: 0.1208 - accuracy: 0.9614 - val_loss: 0.4418 - val_accuracy: 0.9075
Epoch 31/150
 - 41s - loss: 0.1209 - accuracy: 0.9599 - val_loss: 0.4933 - val_accuracy: 0.8998
Epoch 32/150
 - 41s - loss: 0.1236 - accuracy: 0.9592 - val_loss: 0.4889 - val_accuracy: 0.9028
Epoch 33/150
 - 41s - loss: 0.1333 - accuracy: 0.9560 - val_loss: 0.1860 - val_accuracy: 0.9009
Epoch 34/150
 - 41s - loss: 0.1171 - accuracy: 0.9625 - val_loss: 0.0907 - val_accuracy: 0.9016
Epoch 35/150
 - 41s - loss: 0.1243 - accuracy: 0.9607 - val_loss: 0.2078 - val_accuracy: 0.8967
Epoch 36/150
 - 41s - loss: 0.1042 - accuracy: 0.9670 - val_loss: 0.1401 - val_accuracy: 0.9013
Epoch 37/150
 - 41s - loss: 0.1300 - accuracy: 0.9570 - val_loss: 0.5690 - val_accuracy: 0.8936
Epoch 38/150
 - 41s - loss: 0.1243 - accuracy: 0.9600 - val_loss: 0.0346 - val_accuracy: 0.9090
Epoch 39/150
 - 41s - loss: 0.1433 - accuracy: 0.9505 - val_loss: 0.2777 - val_accuracy: 0.8966
Epoch 40/150
 - 41s - loss: 0.1355 - accuracy: 0.9551 - val_loss: 0.0447 - val_accuracy: 0.8936
Epoch 41/150
 - 41s - loss: 0.1152 - accuracy: 0.9623 - val_loss: 0.2744 - val_accuracy: 0.9074
Epoch 42/150
 - 41s - loss: 0.1294 - accuracy: 0.9580 - val_loss: 0.6524 - val_accuracy: 0.9041
Epoch 43/150
 - 41s - loss: 0.1361 - accuracy: 0.9536 - val_loss: 0.5912 - val_accuracy: 0.9000
Epoch 44/150
 - 41s - loss: 0.1383 - accuracy: 0.9533 - val_loss: 0.4588 - val_accuracy: 0.8990
Epoch 45/150
 - 41s - loss: 0.1264 - accuracy: 0.9591 - val_loss: 0.1760 - val_accuracy: 0.8977
Epoch 46/150
 - 41s - loss: 0.1359 - accuracy: 0.9552 - val_loss: 0.2060 - val_accuracy: 0.9049
Epoch 47/150
 - 41s - loss: 0.1426 - accuracy: 0.9519 - val_loss: 0.1384 - val_accuracy: 0.9083
Epoch 48/150
 - 41s - loss: 0.1201 - accuracy: 0.9604 - val_loss: 0.1360 - val_accuracy: 0.9070
Epoch 49/150
 - 41s - loss: 0.1678 - accuracy: 0.9416 - val_loss: 0.6115 - val_accuracy: 0.9016
Epoch 50/150
 - 41s - loss: 0.1486 - accuracy: 0.9498 - val_loss: 0.2809 - val_accuracy: 0.8954
Epoch 51/150
 - 41s - loss: 0.1422 - accuracy: 0.9502 - val_loss: 0.0182 - val_accuracy: 0.9056
Epoch 52/150
 - 41s - loss: 0.1404 - accuracy: 0.9520 - val_loss: 0.0429 - val_accuracy: 0.9045
Epoch 53/150
 - 41s - loss: 0.1484 - accuracy: 0.9491 - val_loss: 0.4684 - val_accuracy: 0.9056
Epoch 54/150
 - 41s - loss: 0.1348 - accuracy: 0.9549 - val_loss: 0.0591 - val_accuracy: 0.8940
Epoch 55/150
 - 41s - loss: 0.1508 - accuracy: 0.9489 - val_loss: 0.3358 - val_accuracy: 0.9065
Epoch 56/150
 - 41s - loss: 0.1129 - accuracy: 0.9625 - val_loss: 0.4263 - val_accuracy: 0.9026
Epoch 57/150
 - 41s - loss: 0.1207 - accuracy: 0.9605 - val_loss: 0.4635 - val_accuracy: 0.9021
Epoch 58/150
 - 41s - loss: 0.1424 - accuracy: 0.9505 - val_loss: 0.2839 - val_accuracy: 0.9068
Epoch 59/150
 - 41s - loss: 0.1412 - accuracy: 0.9519 - val_loss: 0.3963 - val_accuracy: 0.9023
Epoch 60/150
 - 41s - loss: 0.1424 - accuracy: 0.9495 - val_loss: 0.1682 - val_accuracy: 0.8911
Epoch 61/150
 - 41s - loss: 0.1573 - accuracy: 0.9429 - val_loss: 0.4172 - val_accuracy: 0.9019
Epoch 62/150
 - 41s - loss: 0.1465 - accuracy: 0.9487 - val_loss: 0.4404 - val_accuracy: 0.9069
Epoch 63/150
 - 41s - loss: 0.1475 - accuracy: 0.9474 - val_loss: 0.4145 - val_accuracy: 0.9091
Epoch 64/150
 - 41s - loss: 0.1432 - accuracy: 0.9512 - val_loss: 0.2013 - val_accuracy: 0.8969
Epoch 65/150
 - 41s - loss: 0.1353 - accuracy: 0.9528 - val_loss: 0.0206 - val_accuracy: 0.9086
Epoch 66/150
 - 41s - loss: 0.1556 - accuracy: 0.9451 - val_loss: 0.1589 - val_accuracy: 0.9011
Epoch 67/150
 - 41s - loss: 0.1393 - accuracy: 0.9514 - val_loss: 0.3695 - val_accuracy: 0.9090
Epoch 68/150
 - 41s - loss: 0.1328 - accuracy: 0.9537 - val_loss: 0.0190 - val_accuracy: 0.8933
Epoch 69/150
 - 41s - loss: 0.1163 - accuracy: 0.9610 - val_loss: 0.4366 - val_accuracy: 0.9027
Epoch 70/150
 - 42s - loss: 0.1447 - accuracy: 0.9499 - val_loss: 0.4022 - val_accuracy: 0.8985
Epoch 71/150
 - 41s - loss: 0.1464 - accuracy: 0.9482 - val_loss: 0.3098 - val_accuracy: 0.9082
Epoch 72/150
 - 41s - loss: 0.1277 - accuracy: 0.9577 - val_loss: 0.1683 - val_accuracy: 0.9026
Epoch 73/150
 - 41s - loss: 0.1249 - accuracy: 0.9576 - val_loss: 0.3923 - val_accuracy: 0.9054
Epoch 74/150
 - 41s - loss: 0.1386 - accuracy: 0.9527 - val_loss: 0.6667 - val_accuracy: 0.9039
Epoch 75/150
 - 41s - loss: 0.1425 - accuracy: 0.9512 - val_loss: 0.3881 - val_accuracy: 0.9048
Epoch 76/150
 - 41s - loss: 0.1445 - accuracy: 0.9497 - val_loss: 0.3122 - val_accuracy: 0.8938
Epoch 77/150
 - 41s - loss: 0.1493 - accuracy: 0.9479 - val_loss: 0.6064 - val_accuracy: 0.9000
Epoch 78/150
 - 41s - loss: 0.1355 - accuracy: 0.9524 - val_loss: 0.2991 - val_accuracy: 0.9040
Epoch 79/150
 - 41s - loss: 0.1227 - accuracy: 0.9567 - val_loss: 0.4165 - val_accuracy: 0.9058
Epoch 80/150
 - 41s - loss: 0.1124 - accuracy: 0.9619 - val_loss: 0.3296 - val_accuracy: 0.9020
Epoch 81/150
 - 41s - loss: 0.1203 - accuracy: 0.9590 - val_loss: 0.1689 - val_accuracy: 0.9050
Epoch 82/150
 - 41s - loss: 0.1278 - accuracy: 0.9561 - val_loss: 0.2696 - val_accuracy: 0.9077
Epoch 83/150
 - 41s - loss: 0.1329 - accuracy: 0.9547 - val_loss: 0.5277 - val_accuracy: 0.8974
Epoch 84/150
 - 41s - loss: 0.1576 - accuracy: 0.9444 - val_loss: 0.0786 - val_accuracy: 0.8987
Epoch 85/150
 - 41s - loss: 0.1300 - accuracy: 0.9540 - val_loss: 0.1409 - val_accuracy: 0.9013
Epoch 86/150
 - 41s - loss: 0.1417 - accuracy: 0.9497 - val_loss: 0.1768 - val_accuracy: 0.8947
Epoch 87/150
 - 41s - loss: 0.1378 - accuracy: 0.9514 - val_loss: 0.2085 - val_accuracy: 0.9075
Epoch 88/150
 - 41s - loss: 0.1335 - accuracy: 0.9546 - val_loss: 0.3887 - val_accuracy: 0.9029
Epoch 89/150
 - 41s - loss: 0.1337 - accuracy: 0.9540 - val_loss: 0.3728 - val_accuracy: 0.8957
Epoch 90/150
 - 41s - loss: 0.1353 - accuracy: 0.9555 - val_loss: 0.3136 - val_accuracy: 0.9140
Epoch 91/150
 - 41s - loss: 0.1305 - accuracy: 0.9538 - val_loss: 0.6395 - val_accuracy: 0.9085
Epoch 92/150
 - 41s - loss: 0.1456 - accuracy: 0.9469 - val_loss: 0.1743 - val_accuracy: 0.8993
Epoch 93/150
 - 41s - loss: 0.1467 - accuracy: 0.9459 - val_loss: 0.3203 - val_accuracy: 0.9074
Epoch 94/150
 - 41s - loss: 0.1396 - accuracy: 0.9517 - val_loss: 0.1651 - val_accuracy: 0.9002
Epoch 95/150
 - 41s - loss: 0.1458 - accuracy: 0.9481 - val_loss: 0.3010 - val_accuracy: 0.9044
Epoch 96/150
 - 41s - loss: 0.1555 - accuracy: 0.9457 - val_loss: 0.2326 - val_accuracy: 0.9075
Epoch 97/150
 - 41s - loss: 0.1463 - accuracy: 0.9470 - val_loss: 0.3871 - val_accuracy: 0.8976
Epoch 98/150
 - 41s - loss: 0.1527 - accuracy: 0.9457 - val_loss: 0.2792 - val_accuracy: 0.9027
Epoch 99/150
 - 41s - loss: 0.1606 - accuracy: 0.9429 - val_loss: 0.0620 - val_accuracy: 0.9061
Epoch 100/150
 - 41s - loss: 0.1558 - accuracy: 0.9425 - val_loss: 0.1132 - val_accuracy: 0.9067
Epoch 101/150
 - 41s - loss: 0.1428 - accuracy: 0.9476 - val_loss: 0.3538 - val_accuracy: 0.9034
Epoch 102/150
 - 41s - loss: 0.1373 - accuracy: 0.9518 - val_loss: 0.3177 - val_accuracy: 0.9046
Epoch 103/150
 - 41s - loss: 0.1160 - accuracy: 0.9593 - val_loss: 0.1521 - val_accuracy: 0.9108
Epoch 104/150
 - 42s - loss: 0.1414 - accuracy: 0.9506 - val_loss: 0.0471 - val_accuracy: 0.9085
Epoch 105/150
 - 41s - loss: 0.1336 - accuracy: 0.9534 - val_loss: 0.4940 - val_accuracy: 0.9111
Epoch 106/150
 - 41s - loss: 0.1165 - accuracy: 0.9602 - val_loss: 0.3518 - val_accuracy: 0.9012
Epoch 107/150
 - 41s - loss: 0.1584 - accuracy: 0.9441 - val_loss: 0.7153 - val_accuracy: 0.8993
Epoch 108/150
 - 41s - loss: 0.1479 - accuracy: 0.9465 - val_loss: 0.4070 - val_accuracy: 0.8995
Epoch 109/150
 - 41s - loss: 0.1361 - accuracy: 0.9526 - val_loss: 0.5037 - val_accuracy: 0.9024
Epoch 110/150
 - 41s - loss: 0.1437 - accuracy: 0.9507 - val_loss: 0.3464 - val_accuracy: 0.9038
Epoch 111/150
 - 41s - loss: 0.1356 - accuracy: 0.9531 - val_loss: 0.3581 - val_accuracy: 0.9096
Epoch 112/150
 - 41s - loss: 0.1363 - accuracy: 0.9516 - val_loss: 0.0105 - val_accuracy: 0.8981
Epoch 113/150
 - 41s - loss: 0.1446 - accuracy: 0.9489 - val_loss: 0.2708 - val_accuracy: 0.9116
Epoch 114/150
 - 41s - loss: 0.1351 - accuracy: 0.9518 - val_loss: 0.3431 - val_accuracy: 0.9029
Epoch 115/150
 - 41s - loss: 0.1432 - accuracy: 0.9487 - val_loss: 0.2135 - val_accuracy: 0.9058
Epoch 116/150
 - 41s - loss: 0.1510 - accuracy: 0.9474 - val_loss: 0.2467 - val_accuracy: 0.8961
Epoch 117/150
 - 41s - loss: 0.1530 - accuracy: 0.9466 - val_loss: 0.2211 - val_accuracy: 0.9118
Epoch 118/150
 - 41s - loss: 0.1441 - accuracy: 0.9488 - val_loss: 0.3389 - val_accuracy: 0.9018
Epoch 119/150
 - 42s - loss: 0.1394 - accuracy: 0.9499 - val_loss: 0.3356 - val_accuracy: 0.8959
Epoch 120/150
 - 41s - loss: 0.1467 - accuracy: 0.9467 - val_loss: 0.1358 - val_accuracy: 0.9045
Epoch 121/150
 - 41s - loss: 0.1391 - accuracy: 0.9501 - val_loss: 0.0223 - val_accuracy: 0.9052
Epoch 122/150
 - 41s - loss: 0.1331 - accuracy: 0.9531 - val_loss: 0.5674 - val_accuracy: 0.8984
Epoch 123/150
 - 41s - loss: 0.1345 - accuracy: 0.9526 - val_loss: 0.5330 - val_accuracy: 0.8944
Epoch 124/150
 - 41s - loss: 0.1542 - accuracy: 0.9460 - val_loss: 0.2000 - val_accuracy: 0.9074
Epoch 125/150
 - 41s - loss: 0.1287 - accuracy: 0.9552 - val_loss: 0.3950 - val_accuracy: 0.9004
Epoch 126/150
 - 41s - loss: 0.1476 - accuracy: 0.9479 - val_loss: 0.5307 - val_accuracy: 0.9022
Epoch 127/150
 - 41s - loss: 0.1422 - accuracy: 0.9486 - val_loss: 0.1582 - val_accuracy: 0.8988
Epoch 128/150
 - 41s - loss: 0.1433 - accuracy: 0.9499 - val_loss: 0.0838 - val_accuracy: 0.9051
Epoch 129/150
 - 41s - loss: 0.1300 - accuracy: 0.9549 - val_loss: 0.5228 - val_accuracy: 0.9001
Epoch 130/150
 - 41s - loss: 0.1370 - accuracy: 0.9523 - val_loss: 0.3936 - val_accuracy: 0.9004
Epoch 131/150
 - 42s - loss: 0.1353 - accuracy: 0.9514 - val_loss: 0.3611 - val_accuracy: 0.9003
Epoch 132/150
 - 41s - loss: 0.1340 - accuracy: 0.9535 - val_loss: 0.1940 - val_accuracy: 0.8999
Epoch 133/150
 - 41s - loss: 0.1417 - accuracy: 0.9499 - val_loss: 0.0993 - val_accuracy: 0.9078
Epoch 134/150
 - 41s - loss: 0.1399 - accuracy: 0.9530 - val_loss: 0.7513 - val_accuracy: 0.9133
Epoch 135/150
 - 41s - loss: 0.1556 - accuracy: 0.9446 - val_loss: 0.4338 - val_accuracy: 0.9134
Epoch 136/150
 - 41s - loss: 0.1244 - accuracy: 0.9567 - val_loss: 0.2093 - val_accuracy: 0.9045
Epoch 137/150
 - 41s - loss: 0.1187 - accuracy: 0.9610 - val_loss: 0.1013 - val_accuracy: 0.9054
Epoch 138/150
 - 41s - loss: 0.1152 - accuracy: 0.9605 - val_loss: 0.2338 - val_accuracy: 0.9065
Epoch 139/150
 - 41s - loss: 0.1319 - accuracy: 0.9541 - val_loss: 0.1696 - val_accuracy: 0.9012
Epoch 140/150
 - 41s - loss: 0.1421 - accuracy: 0.9486 - val_loss: 0.2277 - val_accuracy: 0.9075
Epoch 141/150
 - 41s - loss: 0.1464 - accuracy: 0.9476 - val_loss: 0.3986 - val_accuracy: 0.9051
Epoch 142/150
 - 41s - loss: 0.1262 - accuracy: 0.9550 - val_loss: 0.4112 - val_accuracy: 0.9059
Epoch 143/150
 - 41s - loss: 0.1432 - accuracy: 0.9489 - val_loss: 0.2602 - val_accuracy: 0.8968
Epoch 144/150
 - 41s - loss: 0.1354 - accuracy: 0.9533 - val_loss: 0.2089 - val_accuracy: 0.8991
Epoch 145/150
 - 41s - loss: 0.1481 - accuracy: 0.9468 - val_loss: 0.1225 - val_accuracy: 0.8978
Epoch 146/150
 - 41s - loss: 0.1462 - accuracy: 0.9492 - val_loss: 0.0737 - val_accuracy: 0.9080
Epoch 147/150
 - 41s - loss: 0.1299 - accuracy: 0.9551 - val_loss: 0.3800 - val_accuracy: 0.9077
Epoch 148/150
 - 41s - loss: 0.1400 - accuracy: 0.9502 - val_loss: 0.1562 - val_accuracy: 0.9022
Epoch 149/150
 - 41s - loss: 0.1120 - accuracy: 0.9610 - val_loss: 0.4306 - val_accuracy: 0.9115
Epoch 150/150
 - 41s - loss: 0.1307 - accuracy: 0.9554 - val_loss: 0.3873 - val_accuracy: 0.9062

/home/ci411/pcen-t-varying/pcen_t/utils.py:63: H5pyDeprecationWarning: dataset.value has been deprecated. Use dataset[()] instead.
  data[k] = v.value
/home/ci411/.conda/envs/py3.5/lib/python3.6/site-packages/keras/callbacks/callbacks.py:707: RuntimeWarning: Can save best model only with val_dynamic/tags_acc available, skipping.
  'skipping.' % (self.monitor), RuntimeWarning)
/home/ci411/.conda/envs/py3.5/lib/python3.6/site-packages/keras/callbacks/callbacks.py:1042: RuntimeWarning: Reduce LR on plateau conditioned on metric `val_dynamic/tags_acc` which is not available. Available metrics are: val_loss,val_accuracy,loss,accuracy,lr
  (self.monitor, ','.join(list(logs.keys()))), RuntimeWarning
/home/ci411/.conda/envs/py3.5/lib/python3.6/site-packages/keras/callbacks/callbacks.py:846: RuntimeWarning: Early stopping conditioned on metric `val_dynamic/tags_acc` which is not available. Available metrics are: val_loss,val_accuracy,loss,accuracy,lr
  (self.monitor, ','.join(list(logs.keys()))), RuntimeWarning
Done training. Saving results to disk...
Saving Weights
2020-01-22 12:43:33.502984: I tensorflow/stream_executor/platform/default/dso_loader.cc:44] Successfully opened dynamic library libcuda.so.1
2020-01-22 12:43:33.526998: I tensorflow/core/common_runtime/gpu/gpu_device.cc:1618] Found device 0 with properties: 
name: Tesla K80 major: 3 minor: 7 memoryClockRate(GHz): 0.8235
pciBusID: 0000:85:00.0
2020-01-22 12:43:33.527632: I tensorflow/stream_executor/platform/default/dso_loader.cc:44] Successfully opened dynamic library libcudart.so.10.0
2020-01-22 12:43:33.530384: I tensorflow/stream_executor/platform/default/dso_loader.cc:44] Successfully opened dynamic library libcublas.so.10.0
2020-01-22 12:43:33.532942: I tensorflow/stream_executor/platform/default/dso_loader.cc:44] Successfully opened dynamic library libcufft.so.10.0
2020-01-22 12:43:33.533597: I tensorflow/stream_executor/platform/default/dso_loader.cc:44] Successfully opened dynamic library libcurand.so.10.0
2020-01-22 12:43:33.536635: I tensorflow/stream_executor/platform/default/dso_loader.cc:44] Successfully opened dynamic library libcusolver.so.10.0
2020-01-22 12:43:33.539003: I tensorflow/stream_executor/platform/default/dso_loader.cc:44] Successfully opened dynamic library libcusparse.so.10.0
2020-01-22 12:43:33.545626: I tensorflow/stream_executor/platform/default/dso_loader.cc:44] Successfully opened dynamic library libcudnn.so.7
2020-01-22 12:43:33.549717: I tensorflow/core/common_runtime/gpu/gpu_device.cc:1746] Adding visible gpu devices: 0
2020-01-22 12:43:33.550259: I tensorflow/core/platform/cpu_feature_guard.cc:142] Your CPU supports instructions that this TensorFlow binary was not compiled to use: AVX2 FMA
2020-01-22 12:43:33.562174: I tensorflow/core/platform/profile_utils/cpu_utils.cc:94] CPU Frequency: 2599905000 Hz
2020-01-22 12:43:33.562503: I tensorflow/compiler/xla/service/service.cc:168] XLA service 0x5deb140 executing computations on platform Host. Devices:
2020-01-22 12:43:33.562530: I tensorflow/compiler/xla/service/service.cc:175]   StreamExecutor device (0): Host, Default Version
2020-01-22 12:43:33.629240: I tensorflow/compiler/xla/service/service.cc:168] XLA service 0x5ded650 executing computations on platform CUDA. Devices:
2020-01-22 12:43:33.629280: I tensorflow/compiler/xla/service/service.cc:175]   StreamExecutor device (0): Tesla K80, Compute Capability 3.7
2020-01-22 12:43:33.631482: I tensorflow/core/common_runtime/gpu/gpu_device.cc:1618] Found device 0 with properties: 
name: Tesla K80 major: 3 minor: 7 memoryClockRate(GHz): 0.8235
pciBusID: 0000:85:00.0
2020-01-22 12:43:33.631606: I tensorflow/stream_executor/platform/default/dso_loader.cc:44] Successfully opened dynamic library libcudart.so.10.0
2020-01-22 12:43:33.631642: I tensorflow/stream_executor/platform/default/dso_loader.cc:44] Successfully opened dynamic library libcublas.so.10.0
2020-01-22 12:43:33.631674: I tensorflow/stream_executor/platform/default/dso_loader.cc:44] Successfully opened dynamic library libcufft.so.10.0
2020-01-22 12:43:33.631705: I tensorflow/stream_executor/platform/default/dso_loader.cc:44] Successfully opened dynamic library libcurand.so.10.0
2020-01-22 12:43:33.631735: I tensorflow/stream_executor/platform/default/dso_loader.cc:44] Successfully opened dynamic library libcusolver.so.10.0
2020-01-22 12:43:33.631765: I tensorflow/stream_executor/platform/default/dso_loader.cc:44] Successfully opened dynamic library libcusparse.so.10.0
2020-01-22 12:43:33.631795: I tensorflow/stream_executor/platform/default/dso_loader.cc:44] Successfully opened dynamic library libcudnn.so.7
2020-01-22 12:43:33.636480: I tensorflow/core/common_runtime/gpu/gpu_device.cc:1746] Adding visible gpu devices: 0
2020-01-22 12:43:33.636600: I tensorflow/stream_executor/platform/default/dso_loader.cc:44] Successfully opened dynamic library libcudart.so.10.0
2020-01-22 12:43:33.640816: I tensorflow/core/common_runtime/gpu/gpu_device.cc:1159] Device interconnect StreamExecutor with strength 1 edge matrix:
2020-01-22 12:43:33.640874: I tensorflow/core/common_runtime/gpu/gpu_device.cc:1165]      0 
2020-01-22 12:43:33.640886: I tensorflow/core/common_runtime/gpu/gpu_device.cc:1178] 0:   N 
2020-01-22 12:43:33.646741: I tensorflow/core/common_runtime/gpu/gpu_device.cc:1304] Created TensorFlow device (/job:localhost/replica:0/task:0/device:GPU:0 with 10803 MB memory) -> physical GPU (device: 0, name: Tesla K80, pci bus id: 0000:85:00.0, compute capability: 3.7)
2020-01-22 12:43:35.760724: I tensorflow/stream_executor/platform/default/dso_loader.cc:44] Successfully opened dynamic library libcublas.so.10.0
2020-01-22 12:43:35.909751: I tensorflow/stream_executor/platform/default/dso_loader.cc:44] Successfully opened dynamic library libcudnn.so.7
2020-01-22 12:43:36.557024: W tensorflow/stream_executor/cuda/redzone_allocator.cc:312] Not found: ./bin/ptxas not found
Relying on driver to perform ptx compilation. This message will be only logged once.
Using TensorFlow backend.
/home/ci411/pcen-t-varying/pcen_t/utils.py:63: H5pyDeprecationWarning: dataset.value has been deprecated. Use dataset[()] instead.
  data[k] = v.value
Accuracy: 0.745461060678452
Segment based metrics
========================================
  Evaluated length                  : 135057.73 sec
  Evaluated files                   : 14000 
  Segment length                    : 1.00 sec

  Overall metrics (micro-average)
  ======================================
  F-measure
    F-measure (F1)                  : 28.23 %
    Precision                       : 23.22 %
    Recall                          : 35.99 %
  Error rate
    Error rate (ER)                 : 1.37 
    Substitution rate               : 0.46 
    Deletion rate                   : 0.18 
    Insertion rate                  : 0.73 
  Accuracy
    Sensitivity                     : 35.99 %
    Specificity                     : 80.78 %
    Balanced accuracy               : 58.38 %
    Accuracy                        : 74.55 %

  Class-wise average metrics (macro-average)
  ======================================
  F-measure
    F-measure (F1)                  : 27.78 %
    Precision                       : 30.50 %
    Recall                          : 36.51 %
  Error rate
    Error rate (ER)                 : 1.86 
    Deletion rate                   : 0.63 
    Insertion rate                  : 1.22 
  Accuracy
    Sensitivity                     : 36.51 %
    Specificity                     : 80.83 %
    Balanced accuracy               : 58.67 %
    Accuracy                        : 74.55 %
  

  Class-wise metrics
  ======================================
    Event label  | Nref    Nsys  | F        Pre      Rec    | ER       Del      Ins    | Sens     Spec     Bacc     Acc     
    ------------ | -----   ----- | ------   ------   ------ | ------   ------   ------ | ------   ------   ------   ------  
    air_condit.. | 19405   43276 | 25.0%    18.1%    40.4%  | 2.42     0.60     1.83   | 40.4%    70.2%    55.3%    66.0%   
    car_horn     | 15995   11901 | 33.0%    38.6%    28.8%  | 1.17     0.71     0.46   | 28.8%    94.0%    61.4%    86.5%   
    children_p.. | 20801   2745  | 13.0%    55.7%    7.4%   | 0.98     0.93     0.06   | 7.4%     99.0%    53.2%    85.2%   
    dog_bark     | 18939   37053 | 28.9%    21.8%    42.7%  | 2.10     0.57     1.53   | 42.7%    75.7%    59.2%    71.2%   
    drilling     | 20205   51898 | 29.6%    20.5%    52.8%  | 2.51     0.47     2.04   | 52.8%    65.0%    58.9%    63.2%   
    engine_idl.. | 20837   15251 | 24.8%    29.3%    21.5%  | 1.30     0.79     0.52   | 21.5%    90.8%    56.1%    80.3%   
    gun_shot     | 16528   66492 | 26.4%    16.5%    66.2%  | 3.70     0.34     3.36   | 66.2%    54.3%    60.3%    55.8%   
    jackhammer   | 19290   9803  | 23.2%    34.5%    17.5%  | 1.16     0.82     0.33   | 17.5%    94.6%    56.1%    83.8%   
    siren        | 20216   16992 | 43.1%    47.2%    39.7%  | 1.05     0.60     0.44   | 39.7%    92.4%    66.0%    84.7%   
    street_music | 19920   42374 | 30.9%    22.7%    48.3%  | 2.16     0.52     1.64   | 48.3%    72.3%    60.3%    68.8%   


Saving results to /beegfs/ci411/pcen/models/models_122/model122_dry_01234/results.json
Done!
