
The following have been reloaded with a version change:
  1) cuda/10.1.105 => cuda/10.0.130

2020-01-30 13:21:25.893316: I tensorflow/stream_executor/platform/default/dso_loader.cc:44] Successfully opened dynamic library libcuda.so.1
2020-01-30 13:21:25.950748: I tensorflow/core/common_runtime/gpu/gpu_device.cc:1618] Found device 0 with properties: 
name: Tesla K80 major: 3 minor: 7 memoryClockRate(GHz): 0.8235
pciBusID: 0000:85:00.0
2020-01-30 13:21:25.951481: I tensorflow/stream_executor/platform/default/dso_loader.cc:44] Successfully opened dynamic library libcudart.so.10.0
2020-01-30 13:21:25.953672: I tensorflow/stream_executor/platform/default/dso_loader.cc:44] Successfully opened dynamic library libcublas.so.10.0
2020-01-30 13:21:25.955687: I tensorflow/stream_executor/platform/default/dso_loader.cc:44] Successfully opened dynamic library libcufft.so.10.0
2020-01-30 13:21:25.956318: I tensorflow/stream_executor/platform/default/dso_loader.cc:44] Successfully opened dynamic library libcurand.so.10.0
2020-01-30 13:21:25.958812: I tensorflow/stream_executor/platform/default/dso_loader.cc:44] Successfully opened dynamic library libcusolver.so.10.0
2020-01-30 13:21:25.960761: I tensorflow/stream_executor/platform/default/dso_loader.cc:44] Successfully opened dynamic library libcusparse.so.10.0
2020-01-30 13:21:25.966529: I tensorflow/stream_executor/platform/default/dso_loader.cc:44] Successfully opened dynamic library libcudnn.so.7
2020-01-30 13:21:25.969948: I tensorflow/core/common_runtime/gpu/gpu_device.cc:1746] Adding visible gpu devices: 0
2020-01-30 13:21:25.970355: I tensorflow/core/platform/cpu_feature_guard.cc:142] Your CPU supports instructions that this TensorFlow binary was not compiled to use: AVX2 FMA
2020-01-30 13:21:25.978886: I tensorflow/core/platform/profile_utils/cpu_utils.cc:94] CPU Frequency: 2599800000 Hz
2020-01-30 13:21:25.979105: I tensorflow/compiler/xla/service/service.cc:168] XLA service 0x64a0920 executing computations on platform Host. Devices:
2020-01-30 13:21:25.979127: I tensorflow/compiler/xla/service/service.cc:175]   StreamExecutor device (0): Host, Default Version
2020-01-30 13:21:26.115573: I tensorflow/compiler/xla/service/service.cc:168] XLA service 0x64a2c10 executing computations on platform CUDA. Devices:
2020-01-30 13:21:26.115604: I tensorflow/compiler/xla/service/service.cc:175]   StreamExecutor device (0): Tesla K80, Compute Capability 3.7
2020-01-30 13:21:26.119237: I tensorflow/core/common_runtime/gpu/gpu_device.cc:1618] Found device 0 with properties: 
name: Tesla K80 major: 3 minor: 7 memoryClockRate(GHz): 0.8235
pciBusID: 0000:85:00.0
2020-01-30 13:21:26.119319: I tensorflow/stream_executor/platform/default/dso_loader.cc:44] Successfully opened dynamic library libcudart.so.10.0
2020-01-30 13:21:26.119355: I tensorflow/stream_executor/platform/default/dso_loader.cc:44] Successfully opened dynamic library libcublas.so.10.0
2020-01-30 13:21:26.119386: I tensorflow/stream_executor/platform/default/dso_loader.cc:44] Successfully opened dynamic library libcufft.so.10.0
2020-01-30 13:21:26.119416: I tensorflow/stream_executor/platform/default/dso_loader.cc:44] Successfully opened dynamic library libcurand.so.10.0
2020-01-30 13:21:26.119447: I tensorflow/stream_executor/platform/default/dso_loader.cc:44] Successfully opened dynamic library libcusolver.so.10.0
2020-01-30 13:21:26.119477: I tensorflow/stream_executor/platform/default/dso_loader.cc:44] Successfully opened dynamic library libcusparse.so.10.0
2020-01-30 13:21:26.119508: I tensorflow/stream_executor/platform/default/dso_loader.cc:44] Successfully opened dynamic library libcudnn.so.7
2020-01-30 13:21:26.127878: I tensorflow/core/common_runtime/gpu/gpu_device.cc:1746] Adding visible gpu devices: 0
2020-01-30 13:21:26.127947: I tensorflow/stream_executor/platform/default/dso_loader.cc:44] Successfully opened dynamic library libcudart.so.10.0
2020-01-30 13:21:26.135104: I tensorflow/core/common_runtime/gpu/gpu_device.cc:1159] Device interconnect StreamExecutor with strength 1 edge matrix:
2020-01-30 13:21:26.135130: I tensorflow/core/common_runtime/gpu/gpu_device.cc:1165]      0 
2020-01-30 13:21:26.135149: I tensorflow/core/common_runtime/gpu/gpu_device.cc:1178] 0:   N 
2020-01-30 13:21:26.144101: I tensorflow/core/common_runtime/gpu/gpu_device.cc:1304] Created TensorFlow device (/job:localhost/replica:0/task:0/device:GPU:0 with 10805 MB memory) -> physical GPU (device: 0, name: Tesla K80, pci bus id: 0000:85:00.0, compute capability: 3.7)
Using TensorFlow backend.
  0%|          | 0/6000 [00:00<?, ?it/s] 59%|█████▊    | 3523/6000 [00:00<00:00, 32336.53it/s]100%|██████████| 6000/6000 [00:00<00:00, 49966.39it/s]
  0%|          | 0/2000 [00:00<?, ?it/s]100%|██████████| 2000/2000 [00:00<00:00, 229059.25it/s]2020-01-30 13:21:38.731308: I tensorflow/stream_executor/platform/default/dso_loader.cc:44] Successfully opened dynamic library libcublas.so.10.0
2020-01-30 13:21:38.876352: I tensorflow/stream_executor/platform/default/dso_loader.cc:44] Successfully opened dynamic library libcudnn.so.7
2020-01-30 13:21:39.480497: W tensorflow/stream_executor/cuda/redzone_allocator.cc:312] Not found: ./bin/ptxas not found
Relying on driver to perform ptx compilation. This message will be only logged once.
/beegfs/ci411/pcen/pumps/full_test/pump.pkl
Fit model...
Epoch 1/150
 - 72s - loss: 0.2848 - accuracy: 0.8921 - val_loss: 0.1714 - val_accuracy: 0.8780
Epoch 2/150
 - 58s - loss: 0.1724 - accuracy: 0.9395 - val_loss: 0.3073 - val_accuracy: 0.8814
Epoch 3/150
 - 55s - loss: 0.1671 - accuracy: 0.9433 - val_loss: 0.2085 - val_accuracy: 0.8327
Epoch 4/150
 - 51s - loss: 0.1501 - accuracy: 0.9499 - val_loss: 0.2451 - val_accuracy: 0.8946
Epoch 5/150
 - 49s - loss: 0.1585 - accuracy: 0.9465 - val_loss: 0.1622 - val_accuracy: 0.8886
Epoch 6/150
 - 49s - loss: 0.1452 - accuracy: 0.9520 - val_loss: 0.0601 - val_accuracy: 0.8871
Epoch 7/150
 - 50s - loss: 0.1371 - accuracy: 0.9554 - val_loss: 0.1356 - val_accuracy: 0.8811
Epoch 8/150
 - 46s - loss: 0.1339 - accuracy: 0.9572 - val_loss: 0.5179 - val_accuracy: 0.8964
Epoch 9/150
 - 46s - loss: 0.1303 - accuracy: 0.9592 - val_loss: 0.3048 - val_accuracy: 0.8954
Epoch 10/150
 - 44s - loss: 0.1335 - accuracy: 0.9571 - val_loss: 0.1748 - val_accuracy: 0.8968
Epoch 11/150
 - 46s - loss: 0.1398 - accuracy: 0.9536 - val_loss: 0.1437 - val_accuracy: 0.8901
Epoch 12/150
 - 44s - loss: 0.1413 - accuracy: 0.9528 - val_loss: 0.3930 - val_accuracy: 0.8891
Epoch 13/150
 - 42s - loss: 0.1374 - accuracy: 0.9562 - val_loss: 0.0242 - val_accuracy: 0.8907
Epoch 14/150
 - 42s - loss: 0.1319 - accuracy: 0.9571 - val_loss: 0.0680 - val_accuracy: 0.8898
Epoch 15/150
 - 41s - loss: 0.1493 - accuracy: 0.9514 - val_loss: 0.4900 - val_accuracy: 0.8880
Epoch 16/150
 - 42s - loss: 0.1338 - accuracy: 0.9567 - val_loss: 0.6698 - val_accuracy: 0.9016
Epoch 17/150
 - 43s - loss: 0.1371 - accuracy: 0.9563 - val_loss: 0.4420 - val_accuracy: 0.8850
Epoch 18/150
 - 41s - loss: 0.1246 - accuracy: 0.9616 - val_loss: 0.4780 - val_accuracy: 0.8699
Epoch 19/150
 - 41s - loss: 0.1371 - accuracy: 0.9552 - val_loss: 0.2705 - val_accuracy: 0.9011
Epoch 20/150
 - 39s - loss: 0.1047 - accuracy: 0.9685 - val_loss: 0.6888 - val_accuracy: 0.8948
Epoch 21/150
 - 39s - loss: 0.1149 - accuracy: 0.9647 - val_loss: 0.4029 - val_accuracy: 0.8965
Epoch 22/150
 - 41s - loss: 0.1457 - accuracy: 0.9524 - val_loss: 0.1779 - val_accuracy: 0.8799
Epoch 23/150
 - 40s - loss: 0.1203 - accuracy: 0.9625 - val_loss: 0.3703 - val_accuracy: 0.8935
Epoch 24/150
 - 40s - loss: 0.1142 - accuracy: 0.9647 - val_loss: 0.1897 - val_accuracy: 0.9005
Epoch 25/150
 - 39s - loss: 0.1184 - accuracy: 0.9617 - val_loss: 0.2773 - val_accuracy: 0.8876
Epoch 26/150
 - 40s - loss: 0.1286 - accuracy: 0.9580 - val_loss: 0.2742 - val_accuracy: 0.8980
Epoch 27/150
 - 39s - loss: 0.1301 - accuracy: 0.9588 - val_loss: 0.3044 - val_accuracy: 0.8947
Epoch 28/150
 - 40s - loss: 0.1271 - accuracy: 0.9599 - val_loss: 0.3989 - val_accuracy: 0.8969
Epoch 29/150
 - 40s - loss: 0.1193 - accuracy: 0.9622 - val_loss: 0.2735 - val_accuracy: 0.8966
Epoch 30/150
 - 40s - loss: 0.1263 - accuracy: 0.9594 - val_loss: 0.4401 - val_accuracy: 0.9044
Epoch 31/150
 - 40s - loss: 0.1167 - accuracy: 0.9627 - val_loss: 0.4022 - val_accuracy: 0.8988
Epoch 32/150
 - 40s - loss: 0.1283 - accuracy: 0.9588 - val_loss: 0.4108 - val_accuracy: 0.8970
Epoch 33/150
 - 40s - loss: 0.1355 - accuracy: 0.9562 - val_loss: 0.1920 - val_accuracy: 0.8953
Epoch 34/150
 - 40s - loss: 0.1209 - accuracy: 0.9620 - val_loss: 0.1548 - val_accuracy: 0.8980
Epoch 35/150
 - 39s - loss: 0.1268 - accuracy: 0.9614 - val_loss: 0.2250 - val_accuracy: 0.8941
Epoch 36/150
 - 41s - loss: 0.1101 - accuracy: 0.9653 - val_loss: 0.2709 - val_accuracy: 0.8979
Epoch 37/150
 - 39s - loss: 0.1380 - accuracy: 0.9550 - val_loss: 0.6097 - val_accuracy: 0.8974
Epoch 38/150
 - 39s - loss: 0.1156 - accuracy: 0.9647 - val_loss: 0.0315 - val_accuracy: 0.9050
Epoch 39/150
 - 40s - loss: 0.1376 - accuracy: 0.9556 - val_loss: 0.4054 - val_accuracy: 0.8961
Epoch 40/150
 - 40s - loss: 0.1357 - accuracy: 0.9561 - val_loss: 0.1109 - val_accuracy: 0.8936
Epoch 41/150
 - 40s - loss: 0.1120 - accuracy: 0.9636 - val_loss: 0.3209 - val_accuracy: 0.9031
Epoch 42/150
 - 40s - loss: 0.1268 - accuracy: 0.9601 - val_loss: 0.5709 - val_accuracy: 0.9038
Epoch 43/150
 - 40s - loss: 0.1415 - accuracy: 0.9527 - val_loss: 0.5000 - val_accuracy: 0.8964
Epoch 44/150
 - 40s - loss: 0.1419 - accuracy: 0.9520 - val_loss: 0.3328 - val_accuracy: 0.8952
Epoch 45/150
 - 40s - loss: 0.1355 - accuracy: 0.9563 - val_loss: 0.0915 - val_accuracy: 0.8921
Epoch 46/150
 - 41s - loss: 0.1418 - accuracy: 0.9542 - val_loss: 0.3535 - val_accuracy: 0.9065
Epoch 47/150
 - 40s - loss: 0.1461 - accuracy: 0.9529 - val_loss: 0.1347 - val_accuracy: 0.9078
Epoch 48/150
 - 40s - loss: 0.1129 - accuracy: 0.9650 - val_loss: 0.1091 - val_accuracy: 0.9047
Epoch 49/150
 - 40s - loss: 0.1512 - accuracy: 0.9507 - val_loss: 0.4241 - val_accuracy: 0.8958
Epoch 50/150
 - 39s - loss: 0.1312 - accuracy: 0.9588 - val_loss: 0.3559 - val_accuracy: 0.8937
Epoch 51/150
 - 39s - loss: 0.1418 - accuracy: 0.9536 - val_loss: 0.0242 - val_accuracy: 0.9015
Epoch 52/150
 - 39s - loss: 0.1505 - accuracy: 0.9491 - val_loss: 0.0654 - val_accuracy: 0.9011
Epoch 53/150
 - 40s - loss: 0.1450 - accuracy: 0.9526 - val_loss: 0.5297 - val_accuracy: 0.9007
Epoch 54/150
 - 39s - loss: 0.1330 - accuracy: 0.9576 - val_loss: 0.0633 - val_accuracy: 0.8964
Epoch 55/150
 - 40s - loss: 0.1586 - accuracy: 0.9471 - val_loss: 0.4433 - val_accuracy: 0.9016
Epoch 56/150
 - 39s - loss: 0.1128 - accuracy: 0.9640 - val_loss: 0.4003 - val_accuracy: 0.8983
Epoch 57/150
 - 40s - loss: 0.1313 - accuracy: 0.9566 - val_loss: 0.3265 - val_accuracy: 0.9013
Epoch 58/150
 - 41s - loss: 0.1488 - accuracy: 0.9501 - val_loss: 0.4043 - val_accuracy: 0.9046
Epoch 59/150
 - 40s - loss: 0.1467 - accuracy: 0.9507 - val_loss: 0.3472 - val_accuracy: 0.9082
Epoch 60/150
 - 40s - loss: 0.1372 - accuracy: 0.9533 - val_loss: 0.2280 - val_accuracy: 0.9021
Epoch 61/150
 - 39s - loss: 0.1339 - accuracy: 0.9556 - val_loss: 0.4760 - val_accuracy: 0.9007
Epoch 62/150
 - 40s - loss: 0.1347 - accuracy: 0.9561 - val_loss: 0.3606 - val_accuracy: 0.9091
Epoch 63/150
 - 40s - loss: 0.1337 - accuracy: 0.9564 - val_loss: 0.3535 - val_accuracy: 0.9112
Epoch 64/150
 - 40s - loss: 0.1375 - accuracy: 0.9565 - val_loss: 0.1950 - val_accuracy: 0.8981
Epoch 65/150
 - 40s - loss: 0.1354 - accuracy: 0.9556 - val_loss: 0.0722 - val_accuracy: 0.9042
Epoch 66/150
 - 41s - loss: 0.1804 - accuracy: 0.9352 - val_loss: 0.2033 - val_accuracy: 0.9038
Epoch 67/150
 - 40s - loss: 0.1789 - accuracy: 0.9355 - val_loss: 0.3943 - val_accuracy: 0.9140
Epoch 68/150
 - 39s - loss: 0.1571 - accuracy: 0.9440 - val_loss: 0.0228 - val_accuracy: 0.8956
Epoch 69/150
 - 39s - loss: 0.1383 - accuracy: 0.9535 - val_loss: 0.3288 - val_accuracy: 0.9057
Epoch 70/150
 - 40s - loss: 0.1584 - accuracy: 0.9458 - val_loss: 0.4840 - val_accuracy: 0.9018
Epoch 71/150
 - 40s - loss: 0.1489 - accuracy: 0.9479 - val_loss: 0.3042 - val_accuracy: 0.9101
Epoch 72/150
 - 40s - loss: 0.1556 - accuracy: 0.9464 - val_loss: 0.1009 - val_accuracy: 0.9070
Epoch 73/150
 - 39s - loss: 0.1397 - accuracy: 0.9515 - val_loss: 0.3407 - val_accuracy: 0.9087
Epoch 74/150
 - 40s - loss: 0.1468 - accuracy: 0.9513 - val_loss: 0.5481 - val_accuracy: 0.9043
Epoch 75/150
 - 39s - loss: 0.1571 - accuracy: 0.9455 - val_loss: 0.4872 - val_accuracy: 0.9054
Epoch 76/150
 - 39s - loss: 0.1715 - accuracy: 0.9376 - val_loss: 0.3786 - val_accuracy: 0.8974
Epoch 77/150
 - 40s - loss: 0.1685 - accuracy: 0.9399 - val_loss: 0.4925 - val_accuracy: 0.9035
Epoch 78/150
 - 41s - loss: 0.1494 - accuracy: 0.9483 - val_loss: 0.2764 - val_accuracy: 0.9126
Epoch 79/150
 - 40s - loss: 0.1372 - accuracy: 0.9529 - val_loss: 0.4809 - val_accuracy: 0.9037
Epoch 80/150
 - 40s - loss: 0.1314 - accuracy: 0.9556 - val_loss: 0.2130 - val_accuracy: 0.9034
Epoch 81/150
 - 40s - loss: 0.1517 - accuracy: 0.9455 - val_loss: 0.1346 - val_accuracy: 0.9038
Epoch 82/150
 - 40s - loss: 0.1494 - accuracy: 0.9483 - val_loss: 0.3824 - val_accuracy: 0.9071
Epoch 83/150
 - 40s - loss: 0.1592 - accuracy: 0.9449 - val_loss: 0.5154 - val_accuracy: 0.9063
Epoch 84/150
 - 39s - loss: 0.1718 - accuracy: 0.9383 - val_loss: 0.0245 - val_accuracy: 0.9060
Epoch 85/150
 - 40s - loss: 0.1445 - accuracy: 0.9483 - val_loss: 0.1831 - val_accuracy: 0.9020
Epoch 86/150
 - 39s - loss: 0.1604 - accuracy: 0.9428 - val_loss: 0.2683 - val_accuracy: 0.9000
Epoch 87/150
 - 40s - loss: 0.1577 - accuracy: 0.9436 - val_loss: 0.2064 - val_accuracy: 0.9127
Epoch 88/150
 - 40s - loss: 0.1599 - accuracy: 0.9443 - val_loss: 0.4405 - val_accuracy: 0.9077
Epoch 89/150
 - 41s - loss: 0.1662 - accuracy: 0.9420 - val_loss: 0.3726 - val_accuracy: 0.8971
Epoch 90/150
 - 40s - loss: 0.1648 - accuracy: 0.9429 - val_loss: 0.3631 - val_accuracy: 0.9087
Epoch 91/150
 - 39s - loss: 0.1549 - accuracy: 0.9441 - val_loss: 0.4985 - val_accuracy: 0.9069
Epoch 92/150
 - 40s - loss: 0.1610 - accuracy: 0.9419 - val_loss: 0.1883 - val_accuracy: 0.9031
Epoch 93/150
 - 40s - loss: 0.1584 - accuracy: 0.9436 - val_loss: 0.4470 - val_accuracy: 0.9045
Epoch 94/150
 - 41s - loss: 0.1695 - accuracy: 0.9398 - val_loss: 0.0874 - val_accuracy: 0.9026
Epoch 95/150
 - 40s - loss: 0.1764 - accuracy: 0.9356 - val_loss: 0.3650 - val_accuracy: 0.9050
Epoch 96/150
 - 41s - loss: 0.1739 - accuracy: 0.9386 - val_loss: 0.1675 - val_accuracy: 0.9056
Epoch 97/150
 - 40s - loss: 0.1746 - accuracy: 0.9353 - val_loss: 0.2893 - val_accuracy: 0.9014
Epoch 98/150
 - 40s - loss: 0.1822 - accuracy: 0.9326 - val_loss: 0.1707 - val_accuracy: 0.9088
Epoch 99/150
 - 39s - loss: 0.2049 - accuracy: 0.9239 - val_loss: 0.0324 - val_accuracy: 0.9124
Epoch 100/150
 - 40s - loss: 0.1925 - accuracy: 0.9266 - val_loss: 0.1729 - val_accuracy: 0.9024
Epoch 101/150
 - 40s - loss: 0.1738 - accuracy: 0.9341 - val_loss: 0.3268 - val_accuracy: 0.9008
Epoch 102/150
 - 41s - loss: 0.1758 - accuracy: 0.9358 - val_loss: 0.3134 - val_accuracy: 0.9004
Epoch 103/150
 - 40s - loss: 0.1542 - accuracy: 0.9441 - val_loss: 0.2269 - val_accuracy: 0.9148
Epoch 104/150
 - 41s - loss: 0.1751 - accuracy: 0.9361 - val_loss: 0.0639 - val_accuracy: 0.9121
Epoch 105/150
 - 41s - loss: 0.1656 - accuracy: 0.9400 - val_loss: 0.4489 - val_accuracy: 0.9161
Epoch 106/150
 - 40s - loss: 0.1561 - accuracy: 0.9438 - val_loss: 0.3266 - val_accuracy: 0.9060
Epoch 107/150
 - 40s - loss: 0.1954 - accuracy: 0.9273 - val_loss: 0.3343 - val_accuracy: 0.9040
Epoch 108/150
 - 39s - loss: 0.1736 - accuracy: 0.9363 - val_loss: 0.3784 - val_accuracy: 0.9103
Epoch 109/150
 - 39s - loss: 0.1624 - accuracy: 0.9412 - val_loss: 0.3834 - val_accuracy: 0.9093
Epoch 110/150
 - 41s - loss: 0.1726 - accuracy: 0.9379 - val_loss: 0.3150 - val_accuracy: 0.9046
Epoch 111/150
 - 40s - loss: 0.1718 - accuracy: 0.9368 - val_loss: 0.3476 - val_accuracy: 0.9113
Epoch 112/150
 - 40s - loss: 0.1712 - accuracy: 0.9365 - val_loss: 0.0360 - val_accuracy: 0.9025
Epoch 113/150
 - 40s - loss: 0.1718 - accuracy: 0.9378 - val_loss: 0.2030 - val_accuracy: 0.9148
Epoch 114/150
 - 40s - loss: 0.1542 - accuracy: 0.9435 - val_loss: 0.3877 - val_accuracy: 0.9045
Epoch 115/150
 - 40s - loss: 0.1589 - accuracy: 0.9419 - val_loss: 0.2016 - val_accuracy: 0.9116
Epoch 116/150
 - 40s - loss: 0.1687 - accuracy: 0.9402 - val_loss: 0.2401 - val_accuracy: 0.9015
Epoch 117/150
 - 40s - loss: 0.1920 - accuracy: 0.9308 - val_loss: 0.2686 - val_accuracy: 0.9084
Epoch 118/150
 - 40s - loss: 0.1590 - accuracy: 0.9434 - val_loss: 0.2902 - val_accuracy: 0.8985
Epoch 119/150
 - 40s - loss: 0.1632 - accuracy: 0.9389 - val_loss: 0.4701 - val_accuracy: 0.9041
Epoch 120/150
 - 40s - loss: 0.1649 - accuracy: 0.9382 - val_loss: 0.3874 - val_accuracy: 0.9066
Epoch 121/150
 - 39s - loss: 0.1663 - accuracy: 0.9385 - val_loss: 0.0311 - val_accuracy: 0.9122
Epoch 122/150
 - 40s - loss: 0.1655 - accuracy: 0.9401 - val_loss: 0.5354 - val_accuracy: 0.9023
Epoch 123/150
 - 39s - loss: 0.1706 - accuracy: 0.9391 - val_loss: 0.4894 - val_accuracy: 0.9039
Epoch 124/150
 - 40s - loss: 0.1805 - accuracy: 0.9335 - val_loss: 0.2284 - val_accuracy: 0.9007
Epoch 125/150
 - 40s - loss: 0.1569 - accuracy: 0.9435 - val_loss: 0.3953 - val_accuracy: 0.9001
Epoch 126/150
 - 39s - loss: 0.1730 - accuracy: 0.9379 - val_loss: 0.3903 - val_accuracy: 0.9083
Epoch 127/150
 - 41s - loss: 0.1697 - accuracy: 0.9363 - val_loss: 0.1772 - val_accuracy: 0.8945
Epoch 128/150
 - 39s - loss: 0.1698 - accuracy: 0.9389 - val_loss: 0.0950 - val_accuracy: 0.9086
Epoch 129/150
 - 40s - loss: 0.1608 - accuracy: 0.9423 - val_loss: 0.5206 - val_accuracy: 0.9038
Epoch 130/150
 - 40s - loss: 0.1615 - accuracy: 0.9417 - val_loss: 0.4125 - val_accuracy: 0.9074
Epoch 131/150
 - 40s - loss: 0.1622 - accuracy: 0.9404 - val_loss: 0.3309 - val_accuracy: 0.8973
Epoch 132/150
 - 40s - loss: 0.1712 - accuracy: 0.9358 - val_loss: 0.2165 - val_accuracy: 0.9046
Epoch 133/150
 - 40s - loss: 0.1898 - accuracy: 0.9284 - val_loss: 0.1603 - val_accuracy: 0.9068
Epoch 134/150
 - 39s - loss: 0.1839 - accuracy: 0.9347 - val_loss: 0.6166 - val_accuracy: 0.9159
Epoch 135/150
 - 39s - loss: 0.1912 - accuracy: 0.9286 - val_loss: 0.3558 - val_accuracy: 0.9122
Epoch 136/150
 - 40s - loss: 0.1629 - accuracy: 0.9408 - val_loss: 0.2306 - val_accuracy: 0.8985
Epoch 137/150
 - 40s - loss: 0.1561 - accuracy: 0.9448 - val_loss: 0.1079 - val_accuracy: 0.9140
Epoch 138/150
 - 40s - loss: 0.1500 - accuracy: 0.9440 - val_loss: 0.1483 - val_accuracy: 0.9114
Epoch 139/150
 - 40s - loss: 0.1643 - accuracy: 0.9393 - val_loss: 0.1453 - val_accuracy: 0.9032
Epoch 140/150
 - 39s - loss: 0.1633 - accuracy: 0.9392 - val_loss: 0.1865 - val_accuracy: 0.9102
Epoch 141/150
 - 40s - loss: 0.1689 - accuracy: 0.9381 - val_loss: 0.4095 - val_accuracy: 0.9096
Epoch 142/150
 - 39s - loss: 0.1546 - accuracy: 0.9444 - val_loss: 0.4722 - val_accuracy: 0.9073
Epoch 143/150
 - 40s - loss: 0.1845 - accuracy: 0.9314 - val_loss: 0.1858 - val_accuracy: 0.9002
Epoch 144/150
 - 39s - loss: 0.1756 - accuracy: 0.9362 - val_loss: 0.1342 - val_accuracy: 0.9014
Epoch 145/150
 - 39s - loss: 0.1763 - accuracy: 0.9353 - val_loss: 0.1018 - val_accuracy: 0.9042
Epoch 146/150
 - 39s - loss: 0.1752 - accuracy: 0.9357 - val_loss: 0.0901 - val_accuracy: 0.9076
Epoch 147/150
 - 40s - loss: 0.1594 - accuracy: 0.9425 - val_loss: 0.2814 - val_accuracy: 0.9115
Epoch 148/150
 - 40s - loss: 0.1887 - accuracy: 0.9306 - val_loss: 0.1596 - val_accuracy: 0.9024
Epoch 149/150
 - 40s - loss: 0.1493 - accuracy: 0.9440 - val_loss: 0.2883 - val_accuracy: 0.9175
Epoch 150/150
 - 39s - loss: 0.1766 - accuracy: 0.9355 - val_loss: 0.3918 - val_accuracy: 0.9090

/home/ci411/pcen-t-varying/pcen_t/utils.py:63: H5pyDeprecationWarning: dataset.value has been deprecated. Use dataset[()] instead.
  data[k] = v.value
/home/ci411/.conda/envs/py3.5/lib/python3.6/site-packages/keras/callbacks/callbacks.py:707: RuntimeWarning: Can save best model only with val_dynamic/tags_acc available, skipping.
  'skipping.' % (self.monitor), RuntimeWarning)
/home/ci411/.conda/envs/py3.5/lib/python3.6/site-packages/keras/callbacks/callbacks.py:1042: RuntimeWarning: Reduce LR on plateau conditioned on metric `val_dynamic/tags_acc` which is not available. Available metrics are: val_loss,val_accuracy,loss,accuracy,lr
  (self.monitor, ','.join(list(logs.keys()))), RuntimeWarning
/home/ci411/.conda/envs/py3.5/lib/python3.6/site-packages/keras/callbacks/callbacks.py:846: RuntimeWarning: Early stopping conditioned on metric `val_dynamic/tags_acc` which is not available. Available metrics are: val_loss,val_accuracy,loss,accuracy,lr
  (self.monitor, ','.join(list(logs.keys()))), RuntimeWarning
Done training. Saving results to disk...
Saving Weights
2020-01-30 15:03:44.760786: I tensorflow/stream_executor/platform/default/dso_loader.cc:44] Successfully opened dynamic library libcuda.so.1
2020-01-30 15:03:44.783855: I tensorflow/core/common_runtime/gpu/gpu_device.cc:1618] Found device 0 with properties: 
name: Tesla K80 major: 3 minor: 7 memoryClockRate(GHz): 0.8235
pciBusID: 0000:85:00.0
2020-01-30 15:03:44.784489: I tensorflow/stream_executor/platform/default/dso_loader.cc:44] Successfully opened dynamic library libcudart.so.10.0
2020-01-30 15:03:44.787540: I tensorflow/stream_executor/platform/default/dso_loader.cc:44] Successfully opened dynamic library libcublas.so.10.0
2020-01-30 15:03:44.790312: I tensorflow/stream_executor/platform/default/dso_loader.cc:44] Successfully opened dynamic library libcufft.so.10.0
2020-01-30 15:03:44.790887: I tensorflow/stream_executor/platform/default/dso_loader.cc:44] Successfully opened dynamic library libcurand.so.10.0
2020-01-30 15:03:44.794278: I tensorflow/stream_executor/platform/default/dso_loader.cc:44] Successfully opened dynamic library libcusolver.so.10.0
2020-01-30 15:03:44.796914: I tensorflow/stream_executor/platform/default/dso_loader.cc:44] Successfully opened dynamic library libcusparse.so.10.0
2020-01-30 15:03:44.804557: I tensorflow/stream_executor/platform/default/dso_loader.cc:44] Successfully opened dynamic library libcudnn.so.7
2020-01-30 15:03:44.808885: I tensorflow/core/common_runtime/gpu/gpu_device.cc:1746] Adding visible gpu devices: 0
2020-01-30 15:03:44.809460: I tensorflow/core/platform/cpu_feature_guard.cc:142] Your CPU supports instructions that this TensorFlow binary was not compiled to use: AVX2 FMA
2020-01-30 15:03:44.821776: I tensorflow/core/platform/profile_utils/cpu_utils.cc:94] CPU Frequency: 2599800000 Hz
2020-01-30 15:03:44.822018: I tensorflow/compiler/xla/service/service.cc:168] XLA service 0x66f4850 executing computations on platform Host. Devices:
2020-01-30 15:03:44.822055: I tensorflow/compiler/xla/service/service.cc:175]   StreamExecutor device (0): Host, Default Version
2020-01-30 15:03:44.882781: I tensorflow/compiler/xla/service/service.cc:168] XLA service 0x66f6d60 executing computations on platform CUDA. Devices:
2020-01-30 15:03:44.882821: I tensorflow/compiler/xla/service/service.cc:175]   StreamExecutor device (0): Tesla K80, Compute Capability 3.7
2020-01-30 15:03:44.885248: I tensorflow/core/common_runtime/gpu/gpu_device.cc:1618] Found device 0 with properties: 
name: Tesla K80 major: 3 minor: 7 memoryClockRate(GHz): 0.8235
pciBusID: 0000:85:00.0
2020-01-30 15:03:44.885323: I tensorflow/stream_executor/platform/default/dso_loader.cc:44] Successfully opened dynamic library libcudart.so.10.0
2020-01-30 15:03:44.885358: I tensorflow/stream_executor/platform/default/dso_loader.cc:44] Successfully opened dynamic library libcublas.so.10.0
2020-01-30 15:03:44.885389: I tensorflow/stream_executor/platform/default/dso_loader.cc:44] Successfully opened dynamic library libcufft.so.10.0
2020-01-30 15:03:44.885419: I tensorflow/stream_executor/platform/default/dso_loader.cc:44] Successfully opened dynamic library libcurand.so.10.0
2020-01-30 15:03:44.885449: I tensorflow/stream_executor/platform/default/dso_loader.cc:44] Successfully opened dynamic library libcusolver.so.10.0
2020-01-30 15:03:44.885480: I tensorflow/stream_executor/platform/default/dso_loader.cc:44] Successfully opened dynamic library libcusparse.so.10.0
2020-01-30 15:03:44.885511: I tensorflow/stream_executor/platform/default/dso_loader.cc:44] Successfully opened dynamic library libcudnn.so.7
2020-01-30 15:03:44.889970: I tensorflow/core/common_runtime/gpu/gpu_device.cc:1746] Adding visible gpu devices: 0
2020-01-30 15:03:44.890056: I tensorflow/stream_executor/platform/default/dso_loader.cc:44] Successfully opened dynamic library libcudart.so.10.0
2020-01-30 15:03:44.893930: I tensorflow/core/common_runtime/gpu/gpu_device.cc:1159] Device interconnect StreamExecutor with strength 1 edge matrix:
2020-01-30 15:03:44.893956: I tensorflow/core/common_runtime/gpu/gpu_device.cc:1165]      0 
2020-01-30 15:03:44.893968: I tensorflow/core/common_runtime/gpu/gpu_device.cc:1178] 0:   N 
2020-01-30 15:03:44.899727: I tensorflow/core/common_runtime/gpu/gpu_device.cc:1304] Created TensorFlow device (/job:localhost/replica:0/task:0/device:GPU:0 with 10805 MB memory) -> physical GPU (device: 0, name: Tesla K80, pci bus id: 0000:85:00.0, compute capability: 3.7)
2020-01-30 15:03:46.747235: I tensorflow/stream_executor/platform/default/dso_loader.cc:44] Successfully opened dynamic library libcublas.so.10.0
2020-01-30 15:03:46.883031: I tensorflow/stream_executor/platform/default/dso_loader.cc:44] Successfully opened dynamic library libcudnn.so.7
2020-01-30 15:03:47.479844: W tensorflow/stream_executor/cuda/redzone_allocator.cc:312] Not found: ./bin/ptxas not found
Relying on driver to perform ptx compilation. This message will be only logged once.
Using TensorFlow backend.
/home/ci411/pcen-t-varying/pcen_t/utils.py:63: H5pyDeprecationWarning: dataset.value has been deprecated. Use dataset[()] instead.
  data[k] = v.value
Accuracy: 0.7240149522960903
Segment based metrics
========================================
  Evaluated length                  : 134884.38 sec
  Evaluated files                   : 14000 
  Segment length                    : 1.00 sec

  Overall metrics (micro-average)
  ======================================
  F-measure
    F-measure (F1)                  : 27.37 %
    Precision                       : 21.60 %
    Recall                          : 37.37 %
  Error rate
    Error rate (ER)                 : 1.56 
    Substitution rate               : 0.42 
    Deletion rate                   : 0.21 
    Insertion rate                  : 0.94 
  Accuracy
    Sensitivity                     : 37.37 %
    Specificity                     : 78.07 %
    Balanced accuracy               : 57.72 %
    Accuracy                        : 72.40 %

  Class-wise average metrics (macro-average)
  ======================================
  F-measure
    F-measure (F1)                  : 26.79 %
    Precision                       : 22.35 %
    Recall                          : 37.20 %
  Error rate
    Error rate (ER)                 : 1.99 
    Deletion rate                   : 0.63 
    Insertion rate                  : 1.36 
  Accuracy
    Sensitivity                     : 37.20 %
    Specificity                     : 78.05 %
    Balanced accuracy               : 57.63 %
    Accuracy                        : 72.40 %
  

  Class-wise metrics
  ======================================
    Event label  | Nref    Nsys  | F        Pre      Rec    | ER       Del      Ins    | Sens     Spec     Bacc     Acc     
    ------------ | -----   ----- | ------   ------   ------ | ------   ------   ------ | ------   ------   ------   ------  
    air_condit.. | 19405   73915 | 26.9%    17.0%    64.6%  | 3.52     0.35     3.16   | 64.6%    48.3%    56.4%    50.6%   
    car_horn     | 15995   21987 | 25.3%    21.9%    30.0%  | 1.77     0.70     1.07   | 30.0%    85.9%    58.0%    79.4%   
    children_p.. | 20801   26647 | 30.5%    27.2%    34.8%  | 1.59     0.65     0.93   | 34.8%    83.4%    59.1%    76.1%   
    dog_bark     | 18939   21318 | 24.6%    23.3%    26.2%  | 1.60     0.74     0.86   | 26.2%    86.3%    56.2%    78.0%   
    drilling     | 20205   50352 | 29.0%    20.3%    50.6%  | 2.48     0.49     1.99   | 50.6%    65.9%    58.3%    63.7%   
    engine_idl.. | 20837   21679 | 22.9%    22.5%    23.4%  | 1.57     0.77     0.81   | 23.4%    85.7%    54.5%    76.3%   
    gun_shot     | 16528   33750 | 23.7%    17.6%    36.0%  | 2.32     0.64     1.68   | 36.0%    77.1%    56.6%    72.2%   
    jackhammer   | 19290   15620 | 17.9%    20.0%    16.2%  | 1.49     0.84     0.65   | 16.2%    89.5%    52.8%    79.2%   
    siren        | 20216   29164 | 31.8%    26.9%    38.8%  | 1.67     0.61     1.05   | 38.8%    81.9%    60.4%    75.6%   
    street_music | 19920   37993 | 35.4%    27.0%    51.5%  | 1.88     0.49     1.39   | 51.5%    76.5%    64.0%    72.9%   


Saving results to /beegfs/ci411/pcen/models/models_122/model122_dry_2/results.json
Done!
