
The following have been reloaded with a version change:
  1) cuda/10.1.105 => cuda/10.0.130

2020-01-30 13:21:25.895474: I tensorflow/stream_executor/platform/default/dso_loader.cc:44] Successfully opened dynamic library libcuda.so.1
2020-01-30 13:21:25.943330: I tensorflow/core/common_runtime/gpu/gpu_device.cc:1618] Found device 0 with properties: 
name: Tesla K80 major: 3 minor: 7 memoryClockRate(GHz): 0.8235
pciBusID: 0000:85:00.0
2020-01-30 13:21:25.943993: I tensorflow/stream_executor/platform/default/dso_loader.cc:44] Successfully opened dynamic library libcudart.so.10.0
2020-01-30 13:21:25.946024: I tensorflow/stream_executor/platform/default/dso_loader.cc:44] Successfully opened dynamic library libcublas.so.10.0
2020-01-30 13:21:25.947901: I tensorflow/stream_executor/platform/default/dso_loader.cc:44] Successfully opened dynamic library libcufft.so.10.0
2020-01-30 13:21:25.948565: I tensorflow/stream_executor/platform/default/dso_loader.cc:44] Successfully opened dynamic library libcurand.so.10.0
2020-01-30 13:21:25.950913: I tensorflow/stream_executor/platform/default/dso_loader.cc:44] Successfully opened dynamic library libcusolver.so.10.0
2020-01-30 13:21:25.952842: I tensorflow/stream_executor/platform/default/dso_loader.cc:44] Successfully opened dynamic library libcusparse.so.10.0
2020-01-30 13:21:25.957824: I tensorflow/stream_executor/platform/default/dso_loader.cc:44] Successfully opened dynamic library libcudnn.so.7
2020-01-30 13:21:25.960994: I tensorflow/core/common_runtime/gpu/gpu_device.cc:1746] Adding visible gpu devices: 0
2020-01-30 13:21:25.961371: I tensorflow/core/platform/cpu_feature_guard.cc:142] Your CPU supports instructions that this TensorFlow binary was not compiled to use: AVX2 FMA
2020-01-30 13:21:25.969155: I tensorflow/core/platform/profile_utils/cpu_utils.cc:94] CPU Frequency: 2599820000 Hz
2020-01-30 13:21:25.969381: I tensorflow/compiler/xla/service/service.cc:168] XLA service 0x525f460 executing computations on platform Host. Devices:
2020-01-30 13:21:25.969400: I tensorflow/compiler/xla/service/service.cc:175]   StreamExecutor device (0): Host, Default Version
2020-01-30 13:21:26.103392: I tensorflow/compiler/xla/service/service.cc:168] XLA service 0x5261970 executing computations on platform CUDA. Devices:
2020-01-30 13:21:26.103426: I tensorflow/compiler/xla/service/service.cc:175]   StreamExecutor device (0): Tesla K80, Compute Capability 3.7
2020-01-30 13:21:26.106857: I tensorflow/core/common_runtime/gpu/gpu_device.cc:1618] Found device 0 with properties: 
name: Tesla K80 major: 3 minor: 7 memoryClockRate(GHz): 0.8235
pciBusID: 0000:85:00.0
2020-01-30 13:21:26.106939: I tensorflow/stream_executor/platform/default/dso_loader.cc:44] Successfully opened dynamic library libcudart.so.10.0
2020-01-30 13:21:26.106976: I tensorflow/stream_executor/platform/default/dso_loader.cc:44] Successfully opened dynamic library libcublas.so.10.0
2020-01-30 13:21:26.107008: I tensorflow/stream_executor/platform/default/dso_loader.cc:44] Successfully opened dynamic library libcufft.so.10.0
2020-01-30 13:21:26.107040: I tensorflow/stream_executor/platform/default/dso_loader.cc:44] Successfully opened dynamic library libcurand.so.10.0
2020-01-30 13:21:26.107072: I tensorflow/stream_executor/platform/default/dso_loader.cc:44] Successfully opened dynamic library libcusolver.so.10.0
2020-01-30 13:21:26.107103: I tensorflow/stream_executor/platform/default/dso_loader.cc:44] Successfully opened dynamic library libcusparse.so.10.0
2020-01-30 13:21:26.107135: I tensorflow/stream_executor/platform/default/dso_loader.cc:44] Successfully opened dynamic library libcudnn.so.7
2020-01-30 13:21:26.115706: I tensorflow/core/common_runtime/gpu/gpu_device.cc:1746] Adding visible gpu devices: 0
2020-01-30 13:21:26.115770: I tensorflow/stream_executor/platform/default/dso_loader.cc:44] Successfully opened dynamic library libcudart.so.10.0
2020-01-30 13:21:26.120150: I tensorflow/core/common_runtime/gpu/gpu_device.cc:1159] Device interconnect StreamExecutor with strength 1 edge matrix:
2020-01-30 13:21:26.120177: I tensorflow/core/common_runtime/gpu/gpu_device.cc:1165]      0 
2020-01-30 13:21:26.120197: I tensorflow/core/common_runtime/gpu/gpu_device.cc:1178] 0:   N 
2020-01-30 13:21:26.130516: I tensorflow/core/common_runtime/gpu/gpu_device.cc:1304] Created TensorFlow device (/job:localhost/replica:0/task:0/device:GPU:0 with 10805 MB memory) -> physical GPU (device: 0, name: Tesla K80, pci bus id: 0000:85:00.0, compute capability: 3.7)
Using TensorFlow backend.
  0%|          | 0/6000 [00:00<?, ?it/s] 59%|█████▊    | 3523/6000 [00:00<00:00, 30973.77it/s]100%|██████████| 6000/6000 [00:00<00:00, 47208.08it/s]
  0%|          | 0/2000 [00:00<?, ?it/s]100%|██████████| 2000/2000 [00:00<00:00, 147026.69it/s]2020-01-30 13:21:38.134569: I tensorflow/stream_executor/platform/default/dso_loader.cc:44] Successfully opened dynamic library libcublas.so.10.0
2020-01-30 13:21:38.310871: I tensorflow/stream_executor/platform/default/dso_loader.cc:44] Successfully opened dynamic library libcudnn.so.7
2020-01-30 13:21:38.964903: W tensorflow/stream_executor/cuda/redzone_allocator.cc:312] Not found: ./bin/ptxas not found
Relying on driver to perform ptx compilation. This message will be only logged once.
/beegfs/ci411/pcen/pumps/full_test/pump.pkl
Fit model...
Epoch 1/150
 - 72s - loss: 0.2947 - accuracy: 0.8876 - val_loss: 0.1690 - val_accuracy: 0.8813
Epoch 2/150
 - 58s - loss: 0.1855 - accuracy: 0.9339 - val_loss: 0.2701 - val_accuracy: 0.8867
Epoch 3/150
 - 55s - loss: 0.1709 - accuracy: 0.9419 - val_loss: 0.1436 - val_accuracy: 0.8760
Epoch 4/150
 - 51s - loss: 0.1518 - accuracy: 0.9505 - val_loss: 0.2360 - val_accuracy: 0.8920
Epoch 5/150
 - 49s - loss: 0.1632 - accuracy: 0.9442 - val_loss: 0.2180 - val_accuracy: 0.8876
Epoch 6/150
 - 49s - loss: 0.1481 - accuracy: 0.9510 - val_loss: 0.0529 - val_accuracy: 0.8850
Epoch 7/150
 - 50s - loss: 0.1354 - accuracy: 0.9565 - val_loss: 0.0753 - val_accuracy: 0.8913
Epoch 8/150
 - 46s - loss: 0.1356 - accuracy: 0.9555 - val_loss: 0.4317 - val_accuracy: 0.8890
Epoch 9/150
 - 46s - loss: 0.1325 - accuracy: 0.9586 - val_loss: 0.2975 - val_accuracy: 0.9002
Epoch 10/150
 - 44s - loss: 0.1371 - accuracy: 0.9560 - val_loss: 0.1721 - val_accuracy: 0.8921
Epoch 11/150
 - 45s - loss: 0.1391 - accuracy: 0.9544 - val_loss: 0.1521 - val_accuracy: 0.8935
Epoch 12/150
 - 45s - loss: 0.1421 - accuracy: 0.9526 - val_loss: 0.4335 - val_accuracy: 0.8867
Epoch 13/150
 - 43s - loss: 0.1444 - accuracy: 0.9534 - val_loss: 0.0482 - val_accuracy: 0.8899
Epoch 14/150
 - 42s - loss: 0.1316 - accuracy: 0.9575 - val_loss: 0.1128 - val_accuracy: 0.8831
Epoch 15/150
 - 43s - loss: 0.1496 - accuracy: 0.9510 - val_loss: 0.4542 - val_accuracy: 0.8901
Epoch 16/150
 - 42s - loss: 0.1376 - accuracy: 0.9554 - val_loss: 0.6932 - val_accuracy: 0.9018
Epoch 17/150
 - 43s - loss: 0.1374 - accuracy: 0.9565 - val_loss: 0.4534 - val_accuracy: 0.8875
Epoch 18/150
 - 43s - loss: 0.1311 - accuracy: 0.9599 - val_loss: 0.5024 - val_accuracy: 0.8869
Epoch 19/150
 - 43s - loss: 0.1379 - accuracy: 0.9551 - val_loss: 0.3590 - val_accuracy: 0.8969
Epoch 20/150
 - 43s - loss: 0.1076 - accuracy: 0.9683 - val_loss: 0.6260 - val_accuracy: 0.8972
Epoch 21/150
 - 43s - loss: 0.1160 - accuracy: 0.9647 - val_loss: 0.4445 - val_accuracy: 0.8948
Epoch 22/150
 - 43s - loss: 0.1467 - accuracy: 0.9520 - val_loss: 0.0597 - val_accuracy: 0.8905
Epoch 23/150
 - 43s - loss: 0.1245 - accuracy: 0.9605 - val_loss: 0.4336 - val_accuracy: 0.8938
Epoch 24/150
 - 43s - loss: 0.1149 - accuracy: 0.9650 - val_loss: 0.1715 - val_accuracy: 0.8985
Epoch 25/150
 - 42s - loss: 0.1276 - accuracy: 0.9580 - val_loss: 0.1905 - val_accuracy: 0.8903
Epoch 26/150
 - 43s - loss: 0.1305 - accuracy: 0.9575 - val_loss: 0.2812 - val_accuracy: 0.8968
Epoch 27/150
 - 43s - loss: 0.1290 - accuracy: 0.9592 - val_loss: 0.3613 - val_accuracy: 0.8931
Epoch 28/150
 - 43s - loss: 0.1249 - accuracy: 0.9607 - val_loss: 0.4014 - val_accuracy: 0.8996
Epoch 29/150
 - 42s - loss: 0.1146 - accuracy: 0.9643 - val_loss: 0.2532 - val_accuracy: 0.8963
Epoch 30/150
 - 42s - loss: 0.1294 - accuracy: 0.9582 - val_loss: 0.3702 - val_accuracy: 0.9058
Epoch 31/150
 - 43s - loss: 0.1256 - accuracy: 0.9588 - val_loss: 0.3785 - val_accuracy: 0.9014
Epoch 32/150
 - 43s - loss: 0.1352 - accuracy: 0.9564 - val_loss: 0.4186 - val_accuracy: 0.8994
Epoch 33/150
 - 43s - loss: 0.1489 - accuracy: 0.9499 - val_loss: 0.1866 - val_accuracy: 0.8986
Epoch 34/150
 - 43s - loss: 0.1292 - accuracy: 0.9598 - val_loss: 0.1311 - val_accuracy: 0.8971
Epoch 35/150
 - 43s - loss: 0.1397 - accuracy: 0.9552 - val_loss: 0.1703 - val_accuracy: 0.8968
Epoch 36/150
 - 43s - loss: 0.1222 - accuracy: 0.9598 - val_loss: 0.2525 - val_accuracy: 0.9015
Epoch 37/150
 - 43s - loss: 0.1357 - accuracy: 0.9565 - val_loss: 0.5281 - val_accuracy: 0.8971
Epoch 38/150
 - 43s - loss: 0.1285 - accuracy: 0.9593 - val_loss: 0.0615 - val_accuracy: 0.9047
Epoch 39/150
 - 43s - loss: 0.1523 - accuracy: 0.9484 - val_loss: 0.3708 - val_accuracy: 0.8961
Epoch 40/150
 - 43s - loss: 0.1402 - accuracy: 0.9544 - val_loss: 0.0174 - val_accuracy: 0.8925
Epoch 41/150
 - 43s - loss: 0.1230 - accuracy: 0.9592 - val_loss: 0.2856 - val_accuracy: 0.9055
Epoch 42/150
 - 43s - loss: 0.1552 - accuracy: 0.9469 - val_loss: 0.6600 - val_accuracy: 0.9064
Epoch 43/150
 - 42s - loss: 0.1573 - accuracy: 0.9461 - val_loss: 0.4839 - val_accuracy: 0.8986
Epoch 44/150
 - 42s - loss: 0.1593 - accuracy: 0.9447 - val_loss: 0.3532 - val_accuracy: 0.8948
Epoch 45/150
 - 43s - loss: 0.1455 - accuracy: 0.9507 - val_loss: 0.1222 - val_accuracy: 0.9016
Epoch 46/150
 - 43s - loss: 0.1439 - accuracy: 0.9535 - val_loss: 0.2211 - val_accuracy: 0.9047
Epoch 47/150
 - 43s - loss: 0.1565 - accuracy: 0.9466 - val_loss: 0.1441 - val_accuracy: 0.9048
Epoch 48/150
 - 43s - loss: 0.1300 - accuracy: 0.9565 - val_loss: 0.1545 - val_accuracy: 0.9055
Epoch 49/150
 - 43s - loss: 0.1796 - accuracy: 0.9363 - val_loss: 0.3876 - val_accuracy: 0.8993
Epoch 50/150
 - 43s - loss: 0.1538 - accuracy: 0.9471 - val_loss: 0.3255 - val_accuracy: 0.8915
Epoch 51/150
 - 43s - loss: 0.1604 - accuracy: 0.9441 - val_loss: 0.0438 - val_accuracy: 0.9023
Epoch 52/150
 - 43s - loss: 0.1726 - accuracy: 0.9376 - val_loss: 0.0589 - val_accuracy: 0.8997
Epoch 53/150
 - 43s - loss: 0.1673 - accuracy: 0.9409 - val_loss: 0.4622 - val_accuracy: 0.9052
Epoch 54/150
 - 43s - loss: 0.1626 - accuracy: 0.9443 - val_loss: 0.0302 - val_accuracy: 0.8968
Epoch 55/150
 - 43s - loss: 0.1688 - accuracy: 0.9425 - val_loss: 0.3813 - val_accuracy: 0.9045
Epoch 56/150
 - 44s - loss: 0.1213 - accuracy: 0.9596 - val_loss: 0.3797 - val_accuracy: 0.8992
Epoch 57/150
 - 43s - loss: 0.1374 - accuracy: 0.9530 - val_loss: 0.3680 - val_accuracy: 0.8991
Epoch 58/150
 - 44s - loss: 0.1487 - accuracy: 0.9497 - val_loss: 0.3207 - val_accuracy: 0.9030
Epoch 59/150
 - 42s - loss: 0.1517 - accuracy: 0.9471 - val_loss: 0.3264 - val_accuracy: 0.9049
Epoch 60/150
 - 43s - loss: 0.1511 - accuracy: 0.9462 - val_loss: 0.2794 - val_accuracy: 0.8979
Epoch 61/150
 - 44s - loss: 0.1492 - accuracy: 0.9484 - val_loss: 0.4199 - val_accuracy: 0.8979
Epoch 62/150
 - 42s - loss: 0.1374 - accuracy: 0.9537 - val_loss: 0.6229 - val_accuracy: 0.9047
Epoch 63/150
 - 43s - loss: 0.1374 - accuracy: 0.9543 - val_loss: 0.3775 - val_accuracy: 0.9047
Epoch 64/150
 - 43s - loss: 0.1346 - accuracy: 0.9567 - val_loss: 0.2211 - val_accuracy: 0.8859
Epoch 65/150
 - 43s - loss: 0.1419 - accuracy: 0.9523 - val_loss: 0.0623 - val_accuracy: 0.9010
Epoch 66/150
 - 43s - loss: 0.1653 - accuracy: 0.9419 - val_loss: 0.1300 - val_accuracy: 0.8980
Epoch 67/150
 - 43s - loss: 0.1497 - accuracy: 0.9485 - val_loss: 0.4045 - val_accuracy: 0.9052
Epoch 68/150
 - 43s - loss: 0.1488 - accuracy: 0.9488 - val_loss: 0.0229 - val_accuracy: 0.8863
Epoch 69/150
 - 43s - loss: 0.1444 - accuracy: 0.9497 - val_loss: 0.4332 - val_accuracy: 0.9024
Epoch 70/150
 - 43s - loss: 0.1668 - accuracy: 0.9408 - val_loss: 0.4054 - val_accuracy: 0.8969
Epoch 71/150
 - 42s - loss: 0.1494 - accuracy: 0.9481 - val_loss: 0.2512 - val_accuracy: 0.8990
Epoch 72/150
 - 43s - loss: 0.1397 - accuracy: 0.9542 - val_loss: 0.1372 - val_accuracy: 0.9051
Epoch 73/150
 - 43s - loss: 0.1337 - accuracy: 0.9552 - val_loss: 0.3465 - val_accuracy: 0.9059
Epoch 74/150
 - 43s - loss: 0.1728 - accuracy: 0.9396 - val_loss: 0.5400 - val_accuracy: 0.9033
Epoch 75/150
 - 44s - loss: 0.1667 - accuracy: 0.9418 - val_loss: 0.4283 - val_accuracy: 0.9027
Epoch 76/150
 - 43s - loss: 0.1727 - accuracy: 0.9366 - val_loss: 0.3618 - val_accuracy: 0.8898
Epoch 77/150
 - 43s - loss: 0.1724 - accuracy: 0.9385 - val_loss: 0.6085 - val_accuracy: 0.8985
Epoch 78/150
 - 43s - loss: 0.1550 - accuracy: 0.9435 - val_loss: 0.2315 - val_accuracy: 0.9067
Epoch 79/150
 - 42s - loss: 0.1436 - accuracy: 0.9489 - val_loss: 0.4563 - val_accuracy: 0.9016
Epoch 80/150
 - 43s - loss: 0.1300 - accuracy: 0.9563 - val_loss: 0.1291 - val_accuracy: 0.9048
Epoch 81/150
 - 43s - loss: 0.1443 - accuracy: 0.9484 - val_loss: 0.1296 - val_accuracy: 0.9015
Epoch 82/150
 - 43s - loss: 0.1613 - accuracy: 0.9426 - val_loss: 0.3181 - val_accuracy: 0.9063
Epoch 83/150
 - 42s - loss: 0.1680 - accuracy: 0.9414 - val_loss: 0.4932 - val_accuracy: 0.8998
Epoch 84/150
 - 43s - loss: 0.1786 - accuracy: 0.9346 - val_loss: 0.0223 - val_accuracy: 0.9042
Epoch 85/150
 - 43s - loss: 0.1548 - accuracy: 0.9429 - val_loss: 0.1659 - val_accuracy: 0.9053
Epoch 86/150
 - 43s - loss: 0.1656 - accuracy: 0.9408 - val_loss: 0.3159 - val_accuracy: 0.8982
Epoch 87/150
 - 43s - loss: 0.1672 - accuracy: 0.9399 - val_loss: 0.2748 - val_accuracy: 0.9063
Epoch 88/150
 - 43s - loss: 0.1729 - accuracy: 0.9387 - val_loss: 0.2965 - val_accuracy: 0.9095
Epoch 89/150
 - 43s - loss: 0.1713 - accuracy: 0.9403 - val_loss: 0.3788 - val_accuracy: 0.8968
Epoch 90/150
 - 43s - loss: 0.1772 - accuracy: 0.9364 - val_loss: 0.3768 - val_accuracy: 0.9129
Epoch 91/150
 - 43s - loss: 0.1606 - accuracy: 0.9400 - val_loss: 0.3920 - val_accuracy: 0.9036
Epoch 92/150
 - 43s - loss: 0.1767 - accuracy: 0.9349 - val_loss: 0.1799 - val_accuracy: 0.9044
Epoch 93/150
 - 43s - loss: 0.1651 - accuracy: 0.9409 - val_loss: 0.3947 - val_accuracy: 0.9038
Epoch 94/150
 - 44s - loss: 0.1640 - accuracy: 0.9411 - val_loss: 0.0532 - val_accuracy: 0.9006
Epoch 95/150
 - 43s - loss: 0.1712 - accuracy: 0.9384 - val_loss: 0.3809 - val_accuracy: 0.9031
Epoch 96/150
 - 43s - loss: 0.1801 - accuracy: 0.9352 - val_loss: 0.2431 - val_accuracy: 0.8935
Epoch 97/150
 - 43s - loss: 0.1721 - accuracy: 0.9371 - val_loss: 0.2298 - val_accuracy: 0.9007
Epoch 98/150
 - 43s - loss: 0.1726 - accuracy: 0.9377 - val_loss: 0.2099 - val_accuracy: 0.9082
Epoch 99/150
 - 43s - loss: 0.1778 - accuracy: 0.9358 - val_loss: 0.0988 - val_accuracy: 0.9077
Epoch 100/150
 - 43s - loss: 0.1752 - accuracy: 0.9353 - val_loss: 0.1452 - val_accuracy: 0.9072
Epoch 101/150
 - 43s - loss: 0.1597 - accuracy: 0.9419 - val_loss: 0.3378 - val_accuracy: 0.8998
Epoch 102/150
 - 43s - loss: 0.1603 - accuracy: 0.9431 - val_loss: 0.2697 - val_accuracy: 0.9030
Epoch 103/150
 - 45s - loss: 0.1380 - accuracy: 0.9518 - val_loss: 0.1944 - val_accuracy: 0.9097
Epoch 104/150
 - 45s - loss: 0.1703 - accuracy: 0.9399 - val_loss: 0.0756 - val_accuracy: 0.9048
Epoch 105/150
 - 43s - loss: 0.1661 - accuracy: 0.9411 - val_loss: 0.4299 - val_accuracy: 0.9071
Epoch 106/150
 - 43s - loss: 0.1634 - accuracy: 0.9412 - val_loss: 0.2797 - val_accuracy: 0.9055
Epoch 107/150
 - 43s - loss: 0.1968 - accuracy: 0.9276 - val_loss: 0.3944 - val_accuracy: 0.9042
Epoch 108/150
 - 42s - loss: 0.1790 - accuracy: 0.9330 - val_loss: 0.3517 - val_accuracy: 0.9088
Epoch 109/150
 - 42s - loss: 0.1661 - accuracy: 0.9394 - val_loss: 0.4028 - val_accuracy: 0.9086
Epoch 110/150
 - 43s - loss: 0.1636 - accuracy: 0.9416 - val_loss: 0.3428 - val_accuracy: 0.9038
Epoch 111/150
 - 43s - loss: 0.1573 - accuracy: 0.9437 - val_loss: 0.3388 - val_accuracy: 0.9088
Epoch 112/150
 - 43s - loss: 0.1588 - accuracy: 0.9420 - val_loss: 0.0054 - val_accuracy: 0.9025
Epoch 113/150
 - 44s - loss: 0.1625 - accuracy: 0.9425 - val_loss: 0.1782 - val_accuracy: 0.9098
Epoch 114/150
 - 43s - loss: 0.1667 - accuracy: 0.9385 - val_loss: 0.4180 - val_accuracy: 0.9006
Epoch 115/150
 - 43s - loss: 0.1657 - accuracy: 0.9403 - val_loss: 0.1773 - val_accuracy: 0.9096
Epoch 116/150
 - 43s - loss: 0.1690 - accuracy: 0.9403 - val_loss: 0.2893 - val_accuracy: 0.8958
Epoch 117/150
 - 43s - loss: 0.1866 - accuracy: 0.9317 - val_loss: 0.2764 - val_accuracy: 0.9051
Epoch 118/150
 - 43s - loss: 0.1621 - accuracy: 0.9426 - val_loss: 0.2805 - val_accuracy: 0.9047
Epoch 119/150
 - 43s - loss: 0.1683 - accuracy: 0.9382 - val_loss: 0.3713 - val_accuracy: 0.9010
Epoch 120/150
 - 43s - loss: 0.1829 - accuracy: 0.9320 - val_loss: 0.3374 - val_accuracy: 0.9041
Epoch 121/150
 - 43s - loss: 0.1847 - accuracy: 0.9300 - val_loss: 0.0300 - val_accuracy: 0.9107
Epoch 122/150
 - 43s - loss: 0.1611 - accuracy: 0.9412 - val_loss: 0.5031 - val_accuracy: 0.9076
Epoch 123/150
 - 43s - loss: 0.1682 - accuracy: 0.9386 - val_loss: 0.3815 - val_accuracy: 0.8951
Epoch 124/150
 - 43s - loss: 0.1944 - accuracy: 0.9274 - val_loss: 0.2672 - val_accuracy: 0.8972
Epoch 125/150
 - 42s - loss: 0.1625 - accuracy: 0.9412 - val_loss: 0.4296 - val_accuracy: 0.8975
Epoch 126/150
 - 43s - loss: 0.1734 - accuracy: 0.9382 - val_loss: 0.4510 - val_accuracy: 0.9072
Epoch 127/150
 - 42s - loss: 0.1671 - accuracy: 0.9388 - val_loss: 0.1660 - val_accuracy: 0.8930
Epoch 128/150
 - 43s - loss: 0.1629 - accuracy: 0.9421 - val_loss: 0.0498 - val_accuracy: 0.9059
Epoch 129/150
 - 43s - loss: 0.1534 - accuracy: 0.9463 - val_loss: 0.5428 - val_accuracy: 0.9016
Epoch 130/150
 - 43s - loss: 0.1556 - accuracy: 0.9445 - val_loss: 0.4930 - val_accuracy: 0.8981
Epoch 131/150
 - 43s - loss: 0.1657 - accuracy: 0.9394 - val_loss: 0.3565 - val_accuracy: 0.8985
Epoch 132/150
 - 43s - loss: 0.1568 - accuracy: 0.9428 - val_loss: 0.2329 - val_accuracy: 0.9059
Epoch 133/150
 - 43s - loss: 0.1775 - accuracy: 0.9346 - val_loss: 0.2028 - val_accuracy: 0.9070
Epoch 134/150
 - 43s - loss: 0.1837 - accuracy: 0.9343 - val_loss: 0.6466 - val_accuracy: 0.9141
Epoch 135/150
 - 43s - loss: 0.1860 - accuracy: 0.9303 - val_loss: 0.3796 - val_accuracy: 0.9087
Epoch 136/150
 - 43s - loss: 0.1590 - accuracy: 0.9414 - val_loss: 0.1832 - val_accuracy: 0.9012
Epoch 137/150
 - 44s - loss: 0.1521 - accuracy: 0.9464 - val_loss: 0.3441 - val_accuracy: 0.9089
Epoch 138/150
 - 43s - loss: 0.1494 - accuracy: 0.9461 - val_loss: 0.1738 - val_accuracy: 0.9084
Epoch 139/150
 - 43s - loss: 0.1783 - accuracy: 0.9336 - val_loss: 0.1263 - val_accuracy: 0.9031
Epoch 140/150
 - 43s - loss: 0.1669 - accuracy: 0.9376 - val_loss: 0.2679 - val_accuracy: 0.9087
Epoch 141/150
 - 43s - loss: 0.1659 - accuracy: 0.9397 - val_loss: 0.3700 - val_accuracy: 0.9092
Epoch 142/150
 - 43s - loss: 0.1505 - accuracy: 0.9454 - val_loss: 0.4639 - val_accuracy: 0.9023
Epoch 143/150
 - 43s - loss: 0.1850 - accuracy: 0.9312 - val_loss: 0.1729 - val_accuracy: 0.9020
Epoch 144/150
 - 43s - loss: 0.1652 - accuracy: 0.9401 - val_loss: 0.2819 - val_accuracy: 0.9049
Epoch 145/150
 - 43s - loss: 0.1710 - accuracy: 0.9368 - val_loss: 0.0872 - val_accuracy: 0.9022
Epoch 146/150
 - 42s - loss: 0.1666 - accuracy: 0.9390 - val_loss: 0.0773 - val_accuracy: 0.9056
Epoch 147/150
 - 42s - loss: 0.1486 - accuracy: 0.9468 - val_loss: 0.3592 - val_accuracy: 0.9104
Epoch 148/150
 - 43s - loss: 0.1638 - accuracy: 0.9405 - val_loss: 0.1753 - val_accuracy: 0.9069
Epoch 149/150
 - 43s - loss: 0.1326 - accuracy: 0.9527 - val_loss: 0.3271 - val_accuracy: 0.9201
Epoch 150/150
 - 44s - loss: 0.1564 - accuracy: 0.9449 - val_loss: 0.4097 - val_accuracy: 0.9038

/home/ci411/pcen-t-varying/pcen_t/utils.py:63: H5pyDeprecationWarning: dataset.value has been deprecated. Use dataset[()] instead.
  data[k] = v.value
/home/ci411/.conda/envs/py3.5/lib/python3.6/site-packages/keras/callbacks/callbacks.py:707: RuntimeWarning: Can save best model only with val_dynamic/tags_acc available, skipping.
  'skipping.' % (self.monitor), RuntimeWarning)
/home/ci411/.conda/envs/py3.5/lib/python3.6/site-packages/keras/callbacks/callbacks.py:1042: RuntimeWarning: Reduce LR on plateau conditioned on metric `val_dynamic/tags_acc` which is not available. Available metrics are: val_loss,val_accuracy,loss,accuracy,lr
  (self.monitor, ','.join(list(logs.keys()))), RuntimeWarning
/home/ci411/.conda/envs/py3.5/lib/python3.6/site-packages/keras/callbacks/callbacks.py:846: RuntimeWarning: Early stopping conditioned on metric `val_dynamic/tags_acc` which is not available. Available metrics are: val_loss,val_accuracy,loss,accuracy,lr
  (self.monitor, ','.join(list(logs.keys()))), RuntimeWarning
Done training. Saving results to disk...
Saving Weights
2020-01-30 15:10:39.251747: I tensorflow/stream_executor/platform/default/dso_loader.cc:44] Successfully opened dynamic library libcuda.so.1
2020-01-30 15:10:39.276675: I tensorflow/core/common_runtime/gpu/gpu_device.cc:1618] Found device 0 with properties: 
name: Tesla K80 major: 3 minor: 7 memoryClockRate(GHz): 0.8235
pciBusID: 0000:85:00.0
2020-01-30 15:10:39.277148: I tensorflow/stream_executor/platform/default/dso_loader.cc:44] Successfully opened dynamic library libcudart.so.10.0
2020-01-30 15:10:39.280118: I tensorflow/stream_executor/platform/default/dso_loader.cc:44] Successfully opened dynamic library libcublas.so.10.0
2020-01-30 15:10:39.282815: I tensorflow/stream_executor/platform/default/dso_loader.cc:44] Successfully opened dynamic library libcufft.so.10.0
2020-01-30 15:10:39.283369: I tensorflow/stream_executor/platform/default/dso_loader.cc:44] Successfully opened dynamic library libcurand.so.10.0
2020-01-30 15:10:39.286802: I tensorflow/stream_executor/platform/default/dso_loader.cc:44] Successfully opened dynamic library libcusolver.so.10.0
2020-01-30 15:10:39.289510: I tensorflow/stream_executor/platform/default/dso_loader.cc:44] Successfully opened dynamic library libcusparse.so.10.0
2020-01-30 15:10:39.297072: I tensorflow/stream_executor/platform/default/dso_loader.cc:44] Successfully opened dynamic library libcudnn.so.7
2020-01-30 15:10:39.301348: I tensorflow/core/common_runtime/gpu/gpu_device.cc:1746] Adding visible gpu devices: 0
2020-01-30 15:10:39.301918: I tensorflow/core/platform/cpu_feature_guard.cc:142] Your CPU supports instructions that this TensorFlow binary was not compiled to use: AVX2 FMA
2020-01-30 15:10:39.314196: I tensorflow/core/platform/profile_utils/cpu_utils.cc:94] CPU Frequency: 2599820000 Hz
2020-01-30 15:10:39.314457: I tensorflow/compiler/xla/service/service.cc:168] XLA service 0x4ffb3c0 executing computations on platform Host. Devices:
2020-01-30 15:10:39.314486: I tensorflow/compiler/xla/service/service.cc:175]   StreamExecutor device (0): Host, Default Version
2020-01-30 15:10:39.376520: I tensorflow/compiler/xla/service/service.cc:168] XLA service 0x4ffd8d0 executing computations on platform CUDA. Devices:
2020-01-30 15:10:39.376561: I tensorflow/compiler/xla/service/service.cc:175]   StreamExecutor device (0): Tesla K80, Compute Capability 3.7
2020-01-30 15:10:39.379043: I tensorflow/core/common_runtime/gpu/gpu_device.cc:1618] Found device 0 with properties: 
name: Tesla K80 major: 3 minor: 7 memoryClockRate(GHz): 0.8235
pciBusID: 0000:85:00.0
2020-01-30 15:10:39.379122: I tensorflow/stream_executor/platform/default/dso_loader.cc:44] Successfully opened dynamic library libcudart.so.10.0
2020-01-30 15:10:39.379157: I tensorflow/stream_executor/platform/default/dso_loader.cc:44] Successfully opened dynamic library libcublas.so.10.0
2020-01-30 15:10:39.379188: I tensorflow/stream_executor/platform/default/dso_loader.cc:44] Successfully opened dynamic library libcufft.so.10.0
2020-01-30 15:10:39.379218: I tensorflow/stream_executor/platform/default/dso_loader.cc:44] Successfully opened dynamic library libcurand.so.10.0
2020-01-30 15:10:39.379248: I tensorflow/stream_executor/platform/default/dso_loader.cc:44] Successfully opened dynamic library libcusolver.so.10.0
2020-01-30 15:10:39.379278: I tensorflow/stream_executor/platform/default/dso_loader.cc:44] Successfully opened dynamic library libcusparse.so.10.0
2020-01-30 15:10:39.379309: I tensorflow/stream_executor/platform/default/dso_loader.cc:44] Successfully opened dynamic library libcudnn.so.7
2020-01-30 15:10:39.383759: I tensorflow/core/common_runtime/gpu/gpu_device.cc:1746] Adding visible gpu devices: 0
2020-01-30 15:10:39.383832: I tensorflow/stream_executor/platform/default/dso_loader.cc:44] Successfully opened dynamic library libcudart.so.10.0
2020-01-30 15:10:39.387725: I tensorflow/core/common_runtime/gpu/gpu_device.cc:1159] Device interconnect StreamExecutor with strength 1 edge matrix:
2020-01-30 15:10:39.387753: I tensorflow/core/common_runtime/gpu/gpu_device.cc:1165]      0 
2020-01-30 15:10:39.387765: I tensorflow/core/common_runtime/gpu/gpu_device.cc:1178] 0:   N 
2020-01-30 15:10:39.393200: I tensorflow/core/common_runtime/gpu/gpu_device.cc:1304] Created TensorFlow device (/job:localhost/replica:0/task:0/device:GPU:0 with 10805 MB memory) -> physical GPU (device: 0, name: Tesla K80, pci bus id: 0000:85:00.0, compute capability: 3.7)
2020-01-30 15:10:41.384118: I tensorflow/stream_executor/platform/default/dso_loader.cc:44] Successfully opened dynamic library libcublas.so.10.0
2020-01-30 15:10:41.540402: I tensorflow/stream_executor/platform/default/dso_loader.cc:44] Successfully opened dynamic library libcudnn.so.7
2020-01-30 15:10:42.176107: W tensorflow/stream_executor/cuda/redzone_allocator.cc:312] Not found: ./bin/ptxas not found
Relying on driver to perform ptx compilation. This message will be only logged once.
Using TensorFlow backend.
/home/ci411/pcen-t-varying/pcen_t/utils.py:63: H5pyDeprecationWarning: dataset.value has been deprecated. Use dataset[()] instead.
  data[k] = v.value
Accuracy: 0.7327767530419778
Segment based metrics
========================================
  Evaluated length                  : 129718.40 sec
  Evaluated files                   : 14000 
  Segment length                    : 1.00 sec

  Overall metrics (micro-average)
  ======================================
  F-measure
    F-measure (F1)                  : 25.29 %
    Precision                       : 21.06 %
    Recall                          : 31.66 %
  Error rate
    Error rate (ER)                 : 1.46 
    Substitution rate               : 0.41 
    Deletion rate                   : 0.27 
    Insertion rate                  : 0.77 
  Accuracy
    Sensitivity                     : 31.66 %
    Specificity                     : 80.22 %
    Balanced accuracy               : 55.94 %
    Accuracy                        : 73.28 %

  Class-wise average metrics (macro-average)
  ======================================
  F-measure
    F-measure (F1)                  : 24.64 %
    Precision                       : 33.27 %
    Recall                          : 31.38 %
  Error rate
    Error rate (ER)                 : 1.85 
    Deletion rate                   : 0.69 
    Insertion rate                  : 1.17 
  Accuracy
    Sensitivity                     : 31.38 %
    Specificity                     : 80.14 %
    Balanced accuracy               : 55.76 %
    Accuracy                        : 73.28 %
  

  Class-wise metrics
  ======================================
    Event label  | Nref    Nsys  | F        Pre      Rec    | ER       Del      Ins    | Sens     Spec     Bacc     Acc     
    ------------ | -----   ----- | ------   ------   ------ | ------   ------   ------ | ------   ------   ------   ------  
    air_condit.. | 19405   91763 | 24.9%    15.1%    71.3%  | 4.30     0.29     4.02   | 71.3%    32.3%    51.8%    37.9%   
    car_horn     | 15995   7100  | 26.8%    43.6%    19.4%  | 1.06     0.81     0.25   | 19.4%    96.6%    58.0%    87.4%   
    children_p.. | 20801   5871  | 17.8%    40.4%    11.4%  | 1.05     0.89     0.17   | 11.4%    96.9%    54.2%    83.7%   
    dog_bark     | 18939   5496  | 24.2%    53.9%    15.6%  | 0.98     0.84     0.13   | 15.6%    97.8%    56.7%    86.2%   
    drilling     | 20205   88509 | 26.1%    16.0%    70.2%  | 3.98     0.30     3.68   | 70.2%    34.9%    52.6%    40.2%   
    engine_idl.. | 20837   15011 | 21.7%    25.9%    18.7%  | 1.35     0.81     0.53   | 18.7%    90.2%    54.4%    79.1%   
    gun_shot     | 16528   17042 | 24.6%    24.2%    24.9%  | 1.53     0.75     0.78   | 24.9%    89.0%    57.0%    81.2%   
    jackhammer   | 19290   5142  | 21.6%    51.3%    13.7%  | 0.99     0.86     0.13   | 13.7%    97.8%    55.7%    85.7%   
    siren        | 20216   11352 | 28.9%    40.2%    22.6%  | 1.11     0.77     0.34   | 22.6%    94.1%    58.3%    83.3%   
    street_music | 19920   41517 | 29.9%    22.1%    46.1%  | 2.16     0.54     1.62   | 46.1%    71.8%    58.9%    68.0%   


Saving results to /beegfs/ci411/pcen/models/models_122/model122_dry_3/results.json
Done!
