
The following have been reloaded with a version change:
  1) cuda/10.1.105 => cuda/10.0.130

2020-01-22 10:59:41.275363: I tensorflow/stream_executor/platform/default/dso_loader.cc:44] Successfully opened dynamic library libcuda.so.1
2020-01-22 10:59:41.322098: I tensorflow/core/common_runtime/gpu/gpu_device.cc:1618] Found device 0 with properties: 
name: Tesla V100-SXM2-16GB major: 7 minor: 0 memoryClockRate(GHz): 1.53
pciBusID: 0000:1e:00.0
2020-01-22 10:59:41.322617: I tensorflow/stream_executor/platform/default/dso_loader.cc:44] Successfully opened dynamic library libcudart.so.10.0
2020-01-22 10:59:41.324144: I tensorflow/stream_executor/platform/default/dso_loader.cc:44] Successfully opened dynamic library libcublas.so.10.0
2020-01-22 10:59:41.325670: I tensorflow/stream_executor/platform/default/dso_loader.cc:44] Successfully opened dynamic library libcufft.so.10.0
2020-01-22 10:59:41.326142: I tensorflow/stream_executor/platform/default/dso_loader.cc:44] Successfully opened dynamic library libcurand.so.10.0
2020-01-22 10:59:41.327870: I tensorflow/stream_executor/platform/default/dso_loader.cc:44] Successfully opened dynamic library libcusolver.so.10.0
2020-01-22 10:59:41.329243: I tensorflow/stream_executor/platform/default/dso_loader.cc:44] Successfully opened dynamic library libcusparse.so.10.0
2020-01-22 10:59:41.333300: I tensorflow/stream_executor/platform/default/dso_loader.cc:44] Successfully opened dynamic library libcudnn.so.7
2020-01-22 10:59:41.335584: I tensorflow/core/common_runtime/gpu/gpu_device.cc:1746] Adding visible gpu devices: 0
2020-01-22 10:59:41.335886: I tensorflow/core/platform/cpu_feature_guard.cc:142] Your CPU supports instructions that this TensorFlow binary was not compiled to use: AVX2 AVX512F FMA
2020-01-22 10:59:41.342562: I tensorflow/core/platform/profile_utils/cpu_utils.cc:94] CPU Frequency: 2400000000 Hz
2020-01-22 10:59:41.342726: I tensorflow/compiler/xla/service/service.cc:168] XLA service 0x646daa0 executing computations on platform Host. Devices:
2020-01-22 10:59:41.342742: I tensorflow/compiler/xla/service/service.cc:175]   StreamExecutor device (0): Host, Default Version
2020-01-22 10:59:41.455288: I tensorflow/compiler/xla/service/service.cc:168] XLA service 0x646fd90 executing computations on platform CUDA. Devices:
2020-01-22 10:59:41.455321: I tensorflow/compiler/xla/service/service.cc:175]   StreamExecutor device (0): Tesla V100-SXM2-16GB, Compute Capability 7.0
2020-01-22 10:59:41.456611: I tensorflow/core/common_runtime/gpu/gpu_device.cc:1618] Found device 0 with properties: 
name: Tesla V100-SXM2-16GB major: 7 minor: 0 memoryClockRate(GHz): 1.53
pciBusID: 0000:1e:00.0
2020-01-22 10:59:41.456659: I tensorflow/stream_executor/platform/default/dso_loader.cc:44] Successfully opened dynamic library libcudart.so.10.0
2020-01-22 10:59:41.456671: I tensorflow/stream_executor/platform/default/dso_loader.cc:44] Successfully opened dynamic library libcublas.so.10.0
2020-01-22 10:59:41.456681: I tensorflow/stream_executor/platform/default/dso_loader.cc:44] Successfully opened dynamic library libcufft.so.10.0
2020-01-22 10:59:41.456692: I tensorflow/stream_executor/platform/default/dso_loader.cc:44] Successfully opened dynamic library libcurand.so.10.0
2020-01-22 10:59:41.456703: I tensorflow/stream_executor/platform/default/dso_loader.cc:44] Successfully opened dynamic library libcusolver.so.10.0
2020-01-22 10:59:41.456713: I tensorflow/stream_executor/platform/default/dso_loader.cc:44] Successfully opened dynamic library libcusparse.so.10.0
2020-01-22 10:59:41.456724: I tensorflow/stream_executor/platform/default/dso_loader.cc:44] Successfully opened dynamic library libcudnn.so.7
2020-01-22 10:59:41.458928: I tensorflow/core/common_runtime/gpu/gpu_device.cc:1746] Adding visible gpu devices: 0
2020-01-22 10:59:41.458972: I tensorflow/stream_executor/platform/default/dso_loader.cc:44] Successfully opened dynamic library libcudart.so.10.0
2020-01-22 10:59:41.460868: I tensorflow/core/common_runtime/gpu/gpu_device.cc:1159] Device interconnect StreamExecutor with strength 1 edge matrix:
2020-01-22 10:59:41.460882: I tensorflow/core/common_runtime/gpu/gpu_device.cc:1165]      0 
2020-01-22 10:59:41.460887: I tensorflow/core/common_runtime/gpu/gpu_device.cc:1178] 0:   N 
2020-01-22 10:59:41.463549: I tensorflow/core/common_runtime/gpu/gpu_device.cc:1304] Created TensorFlow device (/job:localhost/replica:0/task:0/device:GPU:0 with 15023 MB memory) -> physical GPU (device: 0, name: Tesla V100-SXM2-16GB, pci bus id: 0000:1e:00.0, compute capability: 7.0)
Using TensorFlow backend.
  0%|          | 0/6000 [00:00<?, ?it/s] 94%|█████████▎| 5622/6000 [00:00<00:00, 56082.60it/s]100%|██████████| 6000/6000 [00:00<00:00, 58794.53it/s]
  0%|          | 0/2000 [00:00<?, ?it/s]100%|██████████| 2000/2000 [00:00<00:00, 232978.06it/s]2020-01-22 10:59:50.391623: I tensorflow/stream_executor/platform/default/dso_loader.cc:44] Successfully opened dynamic library libcublas.so.10.0
2020-01-22 10:59:50.665991: I tensorflow/stream_executor/platform/default/dso_loader.cc:44] Successfully opened dynamic library libcudnn.so.7
2020-01-22 10:59:52.168183: W tensorflow/stream_executor/cuda/redzone_allocator.cc:312] Not found: ./bin/ptxas not found
Relying on driver to perform ptx compilation. This message will be only logged once.
/beegfs/ci411/pcen/pumps/full_test/pump.pkl
Fit model...
Epoch 1/150
 - 31s - loss: 0.2853 - accuracy: 0.8898 - val_loss: 0.2053 - val_accuracy: 0.8944
Epoch 2/150
 - 26s - loss: 0.1773 - accuracy: 0.9374 - val_loss: 0.3944 - val_accuracy: 0.8811
Epoch 3/150
 - 26s - loss: 0.1689 - accuracy: 0.9424 - val_loss: 0.1344 - val_accuracy: 0.8657
Epoch 4/150
 - 25s - loss: 0.1510 - accuracy: 0.9495 - val_loss: 0.1705 - val_accuracy: 0.8814
Epoch 5/150
 - 25s - loss: 0.1598 - accuracy: 0.9464 - val_loss: 0.1389 - val_accuracy: 0.8919
Epoch 6/150
 - 26s - loss: 0.1434 - accuracy: 0.9524 - val_loss: 0.1165 - val_accuracy: 0.8625
Epoch 7/150
 - 26s - loss: 0.1373 - accuracy: 0.9552 - val_loss: 0.0643 - val_accuracy: 0.8849
Epoch 8/150
 - 25s - loss: 0.1378 - accuracy: 0.9550 - val_loss: 0.4791 - val_accuracy: 0.8908
Epoch 9/150
 - 25s - loss: 0.1277 - accuracy: 0.9601 - val_loss: 0.2645 - val_accuracy: 0.8912
Epoch 10/150
 - 25s - loss: 0.1338 - accuracy: 0.9577 - val_loss: 0.1692 - val_accuracy: 0.8859
Epoch 11/150
 - 25s - loss: 0.1408 - accuracy: 0.9538 - val_loss: 0.1791 - val_accuracy: 0.8948
Epoch 12/150
 - 25s - loss: 0.1378 - accuracy: 0.9546 - val_loss: 0.4391 - val_accuracy: 0.8896
Epoch 13/150
 - 25s - loss: 0.1383 - accuracy: 0.9557 - val_loss: 0.0406 - val_accuracy: 0.8887
Epoch 14/150
 - 26s - loss: 0.1290 - accuracy: 0.9583 - val_loss: 0.0454 - val_accuracy: 0.8840
Epoch 15/150
 - 25s - loss: 0.1423 - accuracy: 0.9540 - val_loss: 0.3514 - val_accuracy: 0.8972
Epoch 16/150
 - 25s - loss: 0.1285 - accuracy: 0.9589 - val_loss: 0.8610 - val_accuracy: 0.9032
Epoch 17/150
 - 25s - loss: 0.1392 - accuracy: 0.9549 - val_loss: 0.3994 - val_accuracy: 0.8834
Epoch 18/150
 - 25s - loss: 0.1251 - accuracy: 0.9616 - val_loss: 0.5803 - val_accuracy: 0.8850
Epoch 19/150
 - 26s - loss: 0.1343 - accuracy: 0.9563 - val_loss: 0.2684 - val_accuracy: 0.8977
Epoch 20/150
 - 26s - loss: 0.1043 - accuracy: 0.9688 - val_loss: 0.3648 - val_accuracy: 0.8986
Epoch 21/150
 - 26s - loss: 0.1106 - accuracy: 0.9665 - val_loss: 0.4089 - val_accuracy: 0.8876
Epoch 22/150
 - 27s - loss: 0.1408 - accuracy: 0.9540 - val_loss: 0.0535 - val_accuracy: 0.9000
Epoch 23/150
 - 26s - loss: 0.1149 - accuracy: 0.9642 - val_loss: 0.4247 - val_accuracy: 0.8941
Epoch 24/150
 - 26s - loss: 0.1137 - accuracy: 0.9651 - val_loss: 0.1154 - val_accuracy: 0.9041
Epoch 25/150
 - 26s - loss: 0.1148 - accuracy: 0.9629 - val_loss: 0.2256 - val_accuracy: 0.8968
Epoch 26/150
 - 26s - loss: 0.1184 - accuracy: 0.9622 - val_loss: 0.2417 - val_accuracy: 0.9001
Epoch 27/150
 - 25s - loss: 0.1223 - accuracy: 0.9617 - val_loss: 0.3482 - val_accuracy: 0.9006
Epoch 28/150
 - 25s - loss: 0.1202 - accuracy: 0.9622 - val_loss: 0.3185 - val_accuracy: 0.8959
Epoch 29/150
 - 25s - loss: 0.1156 - accuracy: 0.9642 - val_loss: 0.1830 - val_accuracy: 0.8966
Epoch 30/150
 - 25s - loss: 0.1213 - accuracy: 0.9620 - val_loss: 0.3670 - val_accuracy: 0.9066
Epoch 31/150
 - 25s - loss: 0.1164 - accuracy: 0.9629 - val_loss: 0.4336 - val_accuracy: 0.9011
Epoch 32/150
 - 25s - loss: 0.1256 - accuracy: 0.9601 - val_loss: 0.5283 - val_accuracy: 0.9015
Epoch 33/150
 - 25s - loss: 0.1306 - accuracy: 0.9582 - val_loss: 0.1770 - val_accuracy: 0.9012
Epoch 34/150
 - 25s - loss: 0.1176 - accuracy: 0.9635 - val_loss: 0.1159 - val_accuracy: 0.8992
Epoch 35/150
 - 26s - loss: 0.1364 - accuracy: 0.9564 - val_loss: 0.1670 - val_accuracy: 0.8984
Epoch 36/150
 - 25s - loss: 0.1046 - accuracy: 0.9666 - val_loss: 0.1803 - val_accuracy: 0.9006
Epoch 37/150
 - 25s - loss: 0.1290 - accuracy: 0.9588 - val_loss: 0.5160 - val_accuracy: 0.8999
Epoch 38/150
 - 25s - loss: 0.1166 - accuracy: 0.9647 - val_loss: 0.0441 - val_accuracy: 0.9074
Epoch 39/150
 - 26s - loss: 0.1315 - accuracy: 0.9579 - val_loss: 0.3317 - val_accuracy: 0.8945
Epoch 40/150
 - 25s - loss: 0.1324 - accuracy: 0.9580 - val_loss: 0.0428 - val_accuracy: 0.8983
Epoch 41/150
 - 25s - loss: 0.1134 - accuracy: 0.9629 - val_loss: 0.3798 - val_accuracy: 0.9040
Epoch 42/150
 - 25s - loss: 0.1279 - accuracy: 0.9594 - val_loss: 0.6769 - val_accuracy: 0.9075
Epoch 43/150
 - 25s - loss: 0.1264 - accuracy: 0.9595 - val_loss: 0.6379 - val_accuracy: 0.8985
Epoch 44/150
 - 25s - loss: 0.1284 - accuracy: 0.9585 - val_loss: 0.6266 - val_accuracy: 0.8974
Epoch 45/150
 - 25s - loss: 0.1232 - accuracy: 0.9620 - val_loss: 0.1470 - val_accuracy: 0.9038
Epoch 46/150
 - 25s - loss: 0.1363 - accuracy: 0.9553 - val_loss: 0.2931 - val_accuracy: 0.9029
Epoch 47/150
 - 25s - loss: 0.1463 - accuracy: 0.9514 - val_loss: 0.1200 - val_accuracy: 0.9069
Epoch 48/150
 - 25s - loss: 0.1105 - accuracy: 0.9661 - val_loss: 0.1602 - val_accuracy: 0.9043
Epoch 49/150
 - 25s - loss: 0.1470 - accuracy: 0.9517 - val_loss: 0.6374 - val_accuracy: 0.8971
Epoch 50/150
 - 25s - loss: 0.1283 - accuracy: 0.9607 - val_loss: 0.3713 - val_accuracy: 0.8923
Epoch 51/150
 - 25s - loss: 0.1315 - accuracy: 0.9569 - val_loss: 0.0298 - val_accuracy: 0.9030
Epoch 52/150
 - 26s - loss: 0.1309 - accuracy: 0.9577 - val_loss: 0.0372 - val_accuracy: 0.8982
Epoch 53/150
 - 25s - loss: 0.1319 - accuracy: 0.9581 - val_loss: 0.4852 - val_accuracy: 0.9023
Epoch 54/150
 - 25s - loss: 0.1221 - accuracy: 0.9634 - val_loss: 0.0396 - val_accuracy: 0.8991
Epoch 55/150
 - 25s - loss: 0.1438 - accuracy: 0.9537 - val_loss: 0.3653 - val_accuracy: 0.9080
Epoch 56/150
 - 25s - loss: 0.1082 - accuracy: 0.9651 - val_loss: 0.4204 - val_accuracy: 0.8985
Epoch 57/150
 - 25s - loss: 0.1216 - accuracy: 0.9601 - val_loss: 0.3269 - val_accuracy: 0.9027
Epoch 58/150
 - 25s - loss: 0.1275 - accuracy: 0.9592 - val_loss: 0.3698 - val_accuracy: 0.9017
Epoch 59/150
 - 25s - loss: 0.1180 - accuracy: 0.9624 - val_loss: 0.3555 - val_accuracy: 0.9064
Epoch 60/150
 - 25s - loss: 0.1203 - accuracy: 0.9598 - val_loss: 0.3099 - val_accuracy: 0.8946
Epoch 61/150
 - 25s - loss: 0.1259 - accuracy: 0.9591 - val_loss: 0.4734 - val_accuracy: 0.8982
Epoch 62/150
 - 25s - loss: 0.1198 - accuracy: 0.9623 - val_loss: 0.3497 - val_accuracy: 0.9093
Epoch 63/150
 - 25s - loss: 0.1140 - accuracy: 0.9649 - val_loss: 0.5123 - val_accuracy: 0.9000
Epoch 64/150
 - 25s - loss: 0.1314 - accuracy: 0.9584 - val_loss: 0.2482 - val_accuracy: 0.8956
Epoch 65/150
 - 25s - loss: 0.1315 - accuracy: 0.9563 - val_loss: 0.0283 - val_accuracy: 0.9081
Epoch 66/150
 - 25s - loss: 0.1449 - accuracy: 0.9504 - val_loss: 0.1170 - val_accuracy: 0.9090
Epoch 67/150
 - 25s - loss: 0.1292 - accuracy: 0.9573 - val_loss: 0.4436 - val_accuracy: 0.9113
Epoch 68/150
 - 25s - loss: 0.1165 - accuracy: 0.9625 - val_loss: 0.0107 - val_accuracy: 0.8932
Epoch 69/150
 - 25s - loss: 0.1070 - accuracy: 0.9675 - val_loss: 0.5476 - val_accuracy: 0.8961
Epoch 70/150
 - 25s - loss: 0.1383 - accuracy: 0.9548 - val_loss: 0.5437 - val_accuracy: 0.8927
Epoch 71/150
 - 25s - loss: 0.1310 - accuracy: 0.9569 - val_loss: 0.3566 - val_accuracy: 0.9082
Epoch 72/150
 - 25s - loss: 0.1398 - accuracy: 0.9527 - val_loss: 0.1402 - val_accuracy: 0.9068
Epoch 73/150
 - 25s - loss: 0.1176 - accuracy: 0.9622 - val_loss: 0.4483 - val_accuracy: 0.9102
Epoch 74/150
 - 25s - loss: 0.1208 - accuracy: 0.9624 - val_loss: 0.5995 - val_accuracy: 0.9015
Epoch 75/150
 - 25s - loss: 0.1433 - accuracy: 0.9516 - val_loss: 0.3949 - val_accuracy: 0.9058
Epoch 76/150
 - 25s - loss: 0.1401 - accuracy: 0.9521 - val_loss: 0.3596 - val_accuracy: 0.8931
Epoch 77/150
 - 25s - loss: 0.1408 - accuracy: 0.9530 - val_loss: 0.5428 - val_accuracy: 0.9041
Epoch 78/150
 - 25s - loss: 0.1182 - accuracy: 0.9621 - val_loss: 0.2672 - val_accuracy: 0.9039
Epoch 79/150
 - 25s - loss: 0.1146 - accuracy: 0.9632 - val_loss: 0.5081 - val_accuracy: 0.9044
Epoch 80/150
 - 25s - loss: 0.1000 - accuracy: 0.9690 - val_loss: 0.3094 - val_accuracy: 0.9026
Epoch 81/150
 - 25s - loss: 0.1030 - accuracy: 0.9672 - val_loss: 0.1375 - val_accuracy: 0.9017
Epoch 82/150
 - 25s - loss: 0.1140 - accuracy: 0.9643 - val_loss: 0.3311 - val_accuracy: 0.9041
Epoch 83/150
 - 25s - loss: 0.1215 - accuracy: 0.9614 - val_loss: 0.4777 - val_accuracy: 0.9046
Epoch 84/150
 - 25s - loss: 0.1372 - accuracy: 0.9544 - val_loss: 0.0499 - val_accuracy: 0.9011
Epoch 85/150
 - 25s - loss: 0.1152 - accuracy: 0.9615 - val_loss: 0.2766 - val_accuracy: 0.8998
Epoch 86/150
 - 25s - loss: 0.1243 - accuracy: 0.9590 - val_loss: 0.2087 - val_accuracy: 0.8974
Epoch 87/150
 - 26s - loss: 0.1236 - accuracy: 0.9603 - val_loss: 0.2280 - val_accuracy: 0.9087
Epoch 88/150
 - 25s - loss: 0.1199 - accuracy: 0.9624 - val_loss: 0.3406 - val_accuracy: 0.9047
Epoch 89/150
 - 25s - loss: 0.1382 - accuracy: 0.9543 - val_loss: 0.4083 - val_accuracy: 0.8963
Epoch 90/150
 - 25s - loss: 0.1278 - accuracy: 0.9581 - val_loss: 0.4158 - val_accuracy: 0.9095
Epoch 91/150
 - 25s - loss: 0.1281 - accuracy: 0.9553 - val_loss: 0.5124 - val_accuracy: 0.9069
Epoch 92/150
 - 25s - loss: 0.1377 - accuracy: 0.9524 - val_loss: 0.1600 - val_accuracy: 0.9019
Epoch 93/150
 - 25s - loss: 0.1295 - accuracy: 0.9570 - val_loss: 0.3812 - val_accuracy: 0.9080
Epoch 94/150
 - 25s - loss: 0.1380 - accuracy: 0.9525 - val_loss: 0.1863 - val_accuracy: 0.9041
Epoch 95/150
 - 25s - loss: 0.1355 - accuracy: 0.9547 - val_loss: 0.3243 - val_accuracy: 0.9056
Epoch 96/150
 - 25s - loss: 0.1416 - accuracy: 0.9527 - val_loss: 0.2083 - val_accuracy: 0.9078
Epoch 97/150
 - 25s - loss: 0.1399 - accuracy: 0.9516 - val_loss: 0.3027 - val_accuracy: 0.8973
Epoch 98/150
 - 25s - loss: 0.1516 - accuracy: 0.9476 - val_loss: 0.2075 - val_accuracy: 0.9091
Epoch 99/150
 - 25s - loss: 0.1620 - accuracy: 0.9430 - val_loss: 0.0326 - val_accuracy: 0.9097
Epoch 100/150
 - 26s - loss: 0.1596 - accuracy: 0.9429 - val_loss: 0.1383 - val_accuracy: 0.9088
Epoch 101/150
 - 25s - loss: 0.1322 - accuracy: 0.9536 - val_loss: 0.3442 - val_accuracy: 0.9019
Epoch 102/150
 - 25s - loss: 0.1372 - accuracy: 0.9532 - val_loss: 0.3100 - val_accuracy: 0.9038
Epoch 103/150
 - 25s - loss: 0.1098 - accuracy: 0.9638 - val_loss: 0.1542 - val_accuracy: 0.9117
Epoch 104/150
 - 25s - loss: 0.1444 - accuracy: 0.9500 - val_loss: 0.0445 - val_accuracy: 0.9076
Epoch 105/150
 - 25s - loss: 0.1266 - accuracy: 0.9580 - val_loss: 0.5361 - val_accuracy: 0.9115
Epoch 106/150
 - 25s - loss: 0.1178 - accuracy: 0.9610 - val_loss: 0.3217 - val_accuracy: 0.9045
Epoch 107/150
 - 25s - loss: 0.1561 - accuracy: 0.9469 - val_loss: 0.4532 - val_accuracy: 0.9022
Epoch 108/150
 - 25s - loss: 0.1312 - accuracy: 0.9559 - val_loss: 0.3284 - val_accuracy: 0.9063
Epoch 109/150
 - 25s - loss: 0.1329 - accuracy: 0.9545 - val_loss: 0.5020 - val_accuracy: 0.8978
Epoch 110/150
 - 25s - loss: 0.1370 - accuracy: 0.9534 - val_loss: 0.4580 - val_accuracy: 0.8996
Epoch 111/150
 - 25s - loss: 0.1294 - accuracy: 0.9565 - val_loss: 0.4038 - val_accuracy: 0.9088
Epoch 112/150
 - 25s - loss: 0.1346 - accuracy: 0.9530 - val_loss: 0.0336 - val_accuracy: 0.9018
Epoch 113/150
 - 25s - loss: 0.1289 - accuracy: 0.9571 - val_loss: 0.2297 - val_accuracy: 0.9051
Epoch 114/150
 - 26s - loss: 0.1194 - accuracy: 0.9603 - val_loss: 0.4666 - val_accuracy: 0.9052
Epoch 115/150
 - 25s - loss: 0.1356 - accuracy: 0.9532 - val_loss: 0.3707 - val_accuracy: 0.9028
Epoch 116/150
 - 25s - loss: 0.1487 - accuracy: 0.9493 - val_loss: 0.2617 - val_accuracy: 0.8971
Epoch 117/150
 - 25s - loss: 0.1537 - accuracy: 0.9458 - val_loss: 0.2222 - val_accuracy: 0.9074
Epoch 118/150
 - 25s - loss: 0.1308 - accuracy: 0.9557 - val_loss: 0.4361 - val_accuracy: 0.9006
Epoch 119/150
 - 25s - loss: 0.1321 - accuracy: 0.9542 - val_loss: 0.4932 - val_accuracy: 0.8987
Epoch 120/150
 - 26s - loss: 0.1482 - accuracy: 0.9471 - val_loss: 0.2106 - val_accuracy: 0.8976
Epoch 121/150
 - 25s - loss: 0.1357 - accuracy: 0.9522 - val_loss: 0.0154 - val_accuracy: 0.9065
Epoch 122/150
 - 25s - loss: 0.1307 - accuracy: 0.9553 - val_loss: 0.4670 - val_accuracy: 0.9048
Epoch 123/150
 - 25s - loss: 0.1245 - accuracy: 0.9584 - val_loss: 0.5823 - val_accuracy: 0.8945
Epoch 124/150
 - 25s - loss: 0.1593 - accuracy: 0.9437 - val_loss: 0.2182 - val_accuracy: 0.8985
Epoch 125/150
 - 25s - loss: 0.1335 - accuracy: 0.9525 - val_loss: 0.4260 - val_accuracy: 0.8981
Epoch 126/150
 - 26s - loss: 0.1497 - accuracy: 0.9486 - val_loss: 0.4032 - val_accuracy: 0.9053
Epoch 127/150
 - 25s - loss: 0.1387 - accuracy: 0.9510 - val_loss: 0.1943 - val_accuracy: 0.8989
Epoch 128/150
 - 26s - loss: 0.1346 - accuracy: 0.9548 - val_loss: 0.1050 - val_accuracy: 0.9043
Epoch 129/150
 - 26s - loss: 0.1270 - accuracy: 0.9569 - val_loss: 0.6272 - val_accuracy: 0.8971
Epoch 130/150
 - 25s - loss: 0.1267 - accuracy: 0.9574 - val_loss: 0.4246 - val_accuracy: 0.8931
Epoch 131/150
 - 25s - loss: 0.1244 - accuracy: 0.9573 - val_loss: 0.3744 - val_accuracy: 0.8966
Epoch 132/150
 - 26s - loss: 0.1264 - accuracy: 0.9578 - val_loss: 0.2046 - val_accuracy: 0.9015
Epoch 133/150
 - 25s - loss: 0.1405 - accuracy: 0.9518 - val_loss: 0.1755 - val_accuracy: 0.9012
Epoch 134/150
 - 26s - loss: 0.1467 - accuracy: 0.9507 - val_loss: 0.6187 - val_accuracy: 0.9138
Epoch 135/150
 - 26s - loss: 0.1585 - accuracy: 0.9436 - val_loss: 0.4169 - val_accuracy: 0.9133
Epoch 136/150
 - 26s - loss: 0.1319 - accuracy: 0.9541 - val_loss: 0.3081 - val_accuracy: 0.8983
Epoch 137/150
 - 25s - loss: 0.1228 - accuracy: 0.9597 - val_loss: 0.0938 - val_accuracy: 0.9027
Epoch 138/150
 - 25s - loss: 0.1226 - accuracy: 0.9586 - val_loss: 0.1768 - val_accuracy: 0.9093
Epoch 139/150
 - 26s - loss: 0.1306 - accuracy: 0.9552 - val_loss: 0.4546 - val_accuracy: 0.8891
Epoch 140/150
 - 26s - loss: 0.1274 - accuracy: 0.9560 - val_loss: 0.2557 - val_accuracy: 0.9059
Epoch 141/150
 - 26s - loss: 0.1351 - accuracy: 0.9533 - val_loss: 0.4188 - val_accuracy: 0.9025
Epoch 142/150
 - 26s - loss: 0.1230 - accuracy: 0.9578 - val_loss: 0.4803 - val_accuracy: 0.9025
Epoch 143/150
 - 26s - loss: 0.1564 - accuracy: 0.9437 - val_loss: 0.1742 - val_accuracy: 0.9005
Epoch 144/150
 - 26s - loss: 0.1490 - accuracy: 0.9476 - val_loss: 0.1877 - val_accuracy: 0.9024
Epoch 145/150
 - 26s - loss: 0.1492 - accuracy: 0.9469 - val_loss: 0.1119 - val_accuracy: 0.8996
Epoch 146/150
 - 26s - loss: 0.1478 - accuracy: 0.9482 - val_loss: 0.0813 - val_accuracy: 0.9056
Epoch 147/150
 - 26s - loss: 0.1356 - accuracy: 0.9530 - val_loss: 0.3770 - val_accuracy: 0.9076
Epoch 148/150
 - 26s - loss: 0.1565 - accuracy: 0.9442 - val_loss: 0.1890 - val_accuracy: 0.9023
Epoch 149/150
 - 26s - loss: 0.1173 - accuracy: 0.9588 - val_loss: 0.3831 - val_accuracy: 0.9145
Epoch 150/150
 - 26s - loss: 0.1291 - accuracy: 0.9561 - val_loss: 0.4238 - val_accuracy: 0.9074

/home/ci411/pcen-t-varying/pcen_t/utils.py:63: H5pyDeprecationWarning: dataset.value has been deprecated. Use dataset[()] instead.
  data[k] = v.value
/home/ci411/.conda/envs/py3.5/lib/python3.6/site-packages/keras/callbacks/callbacks.py:707: RuntimeWarning: Can save best model only with val_dynamic/tags_acc available, skipping.
  'skipping.' % (self.monitor), RuntimeWarning)
/home/ci411/.conda/envs/py3.5/lib/python3.6/site-packages/keras/callbacks/callbacks.py:1042: RuntimeWarning: Reduce LR on plateau conditioned on metric `val_dynamic/tags_acc` which is not available. Available metrics are: val_loss,val_accuracy,loss,accuracy,lr
  (self.monitor, ','.join(list(logs.keys()))), RuntimeWarning
/home/ci411/.conda/envs/py3.5/lib/python3.6/site-packages/keras/callbacks/callbacks.py:846: RuntimeWarning: Early stopping conditioned on metric `val_dynamic/tags_acc` which is not available. Available metrics are: val_loss,val_accuracy,loss,accuracy,lr
  (self.monitor, ','.join(list(logs.keys()))), RuntimeWarning
Done training. Saving results to disk...
Saving Weights
2020-01-22 12:03:53.876001: I tensorflow/stream_executor/platform/default/dso_loader.cc:44] Successfully opened dynamic library libcuda.so.1
2020-01-22 12:03:53.923514: I tensorflow/core/common_runtime/gpu/gpu_device.cc:1618] Found device 0 with properties: 
name: Tesla V100-SXM2-16GB major: 7 minor: 0 memoryClockRate(GHz): 1.53
pciBusID: 0000:1e:00.0
2020-01-22 12:03:53.924152: I tensorflow/stream_executor/platform/default/dso_loader.cc:44] Successfully opened dynamic library libcudart.so.10.0
2020-01-22 12:03:53.925712: I tensorflow/stream_executor/platform/default/dso_loader.cc:44] Successfully opened dynamic library libcublas.so.10.0
2020-01-22 12:03:53.927227: I tensorflow/stream_executor/platform/default/dso_loader.cc:44] Successfully opened dynamic library libcufft.so.10.0
2020-01-22 12:03:53.927767: I tensorflow/stream_executor/platform/default/dso_loader.cc:44] Successfully opened dynamic library libcurand.so.10.0
2020-01-22 12:03:53.929515: I tensorflow/stream_executor/platform/default/dso_loader.cc:44] Successfully opened dynamic library libcusolver.so.10.0
2020-01-22 12:03:53.930911: I tensorflow/stream_executor/platform/default/dso_loader.cc:44] Successfully opened dynamic library libcusparse.so.10.0
2020-01-22 12:03:53.934846: I tensorflow/stream_executor/platform/default/dso_loader.cc:44] Successfully opened dynamic library libcudnn.so.7
2020-01-22 12:03:53.937165: I tensorflow/core/common_runtime/gpu/gpu_device.cc:1746] Adding visible gpu devices: 0
2020-01-22 12:03:53.937469: I tensorflow/core/platform/cpu_feature_guard.cc:142] Your CPU supports instructions that this TensorFlow binary was not compiled to use: AVX2 AVX512F FMA
2020-01-22 12:03:53.943280: I tensorflow/core/platform/profile_utils/cpu_utils.cc:94] CPU Frequency: 2400000000 Hz
2020-01-22 12:03:53.943443: I tensorflow/compiler/xla/service/service.cc:168] XLA service 0x576a550 executing computations on platform Host. Devices:
2020-01-22 12:03:53.943459: I tensorflow/compiler/xla/service/service.cc:175]   StreamExecutor device (0): Host, Default Version
2020-01-22 12:03:54.056867: I tensorflow/compiler/xla/service/service.cc:168] XLA service 0x576ca60 executing computations on platform CUDA. Devices:
2020-01-22 12:03:54.056901: I tensorflow/compiler/xla/service/service.cc:175]   StreamExecutor device (0): Tesla V100-SXM2-16GB, Compute Capability 7.0
2020-01-22 12:03:54.058194: I tensorflow/core/common_runtime/gpu/gpu_device.cc:1618] Found device 0 with properties: 
name: Tesla V100-SXM2-16GB major: 7 minor: 0 memoryClockRate(GHz): 1.53
pciBusID: 0000:1e:00.0
2020-01-22 12:03:54.058238: I tensorflow/stream_executor/platform/default/dso_loader.cc:44] Successfully opened dynamic library libcudart.so.10.0
2020-01-22 12:03:54.058249: I tensorflow/stream_executor/platform/default/dso_loader.cc:44] Successfully opened dynamic library libcublas.so.10.0
2020-01-22 12:03:54.058260: I tensorflow/stream_executor/platform/default/dso_loader.cc:44] Successfully opened dynamic library libcufft.so.10.0
2020-01-22 12:03:54.058270: I tensorflow/stream_executor/platform/default/dso_loader.cc:44] Successfully opened dynamic library libcurand.so.10.0
2020-01-22 12:03:54.058280: I tensorflow/stream_executor/platform/default/dso_loader.cc:44] Successfully opened dynamic library libcusolver.so.10.0
2020-01-22 12:03:54.058290: I tensorflow/stream_executor/platform/default/dso_loader.cc:44] Successfully opened dynamic library libcusparse.so.10.0
2020-01-22 12:03:54.058300: I tensorflow/stream_executor/platform/default/dso_loader.cc:44] Successfully opened dynamic library libcudnn.so.7
2020-01-22 12:03:54.060452: I tensorflow/core/common_runtime/gpu/gpu_device.cc:1746] Adding visible gpu devices: 0
2020-01-22 12:03:54.060481: I tensorflow/stream_executor/platform/default/dso_loader.cc:44] Successfully opened dynamic library libcudart.so.10.0
2020-01-22 12:03:54.062351: I tensorflow/core/common_runtime/gpu/gpu_device.cc:1159] Device interconnect StreamExecutor with strength 1 edge matrix:
2020-01-22 12:03:54.062361: I tensorflow/core/common_runtime/gpu/gpu_device.cc:1165]      0 
2020-01-22 12:03:54.062366: I tensorflow/core/common_runtime/gpu/gpu_device.cc:1178] 0:   N 
2020-01-22 12:03:54.065009: I tensorflow/core/common_runtime/gpu/gpu_device.cc:1304] Created TensorFlow device (/job:localhost/replica:0/task:0/device:GPU:0 with 15023 MB memory) -> physical GPU (device: 0, name: Tesla V100-SXM2-16GB, pci bus id: 0000:1e:00.0, compute capability: 7.0)
2020-01-22 12:03:55.950332: I tensorflow/stream_executor/platform/default/dso_loader.cc:44] Successfully opened dynamic library libcublas.so.10.0
2020-01-22 12:03:56.231733: I tensorflow/stream_executor/platform/default/dso_loader.cc:44] Successfully opened dynamic library libcudnn.so.7
2020-01-22 12:03:57.745177: W tensorflow/stream_executor/cuda/redzone_allocator.cc:312] Not found: ./bin/ptxas not found
Relying on driver to perform ptx compilation. This message will be only logged once.
Using TensorFlow backend.
/home/ci411/pcen-t-varying/pcen_t/utils.py:63: H5pyDeprecationWarning: dataset.value has been deprecated. Use dataset[()] instead.
  data[k] = v.value
Accuracy: 0.7572296476306197
Segment based metrics
========================================
  Evaluated length                  : 130965.48 sec
  Evaluated files                   : 14000 
  Segment length                    : 1.00 sec

  Overall metrics (micro-average)
  ======================================
  F-measure
    F-measure (F1)                  : 22.53 %
    Precision                       : 20.64 %
    Recall                          : 24.80 %
  Error rate
    Error rate (ER)                 : 1.30 
    Substitution rate               : 0.41 
    Deletion rate                   : 0.34 
    Insertion rate                  : 0.54 
  Accuracy
    Sensitivity                     : 24.80 %
    Specificity                     : 84.17 %
    Balanced accuracy               : 54.49 %
    Accuracy                        : 75.72 %

  Class-wise average metrics (macro-average)
  ======================================
  F-measure
    F-measure (F1)                  : 19.18 %
    Precision                       : 35.75 %
    Recall                          : 25.35 %
  Error rate
    Error rate (ER)                 : 1.73 
    Deletion rate                   : 0.75 
    Insertion rate                  : 0.98 
  Accuracy
    Sensitivity                     : 25.35 %
    Specificity                     : 84.22 %
    Balanced accuracy               : 54.79 %
    Accuracy                        : 75.72 %
  

  Class-wise metrics
  ======================================
    Event label  | Nref    Nsys  | F        Pre      Rec    | ER       Del      Ins    | Sens     Spec     Bacc     Acc     
    ------------ | -----   ----- | ------   ------   ------ | ------   ------   ------ | ------   ------   ------   ------  
    air_condit.. | 19405   62788 | 27.5%    18.0%    58.2%  | 3.07     0.42     2.65   | 58.2%    55.4%    56.8%    55.8%   
    car_horn     | 15995   48678 | 28.6%    19.0%    57.9%  | 2.89     0.42     2.46   | 57.9%    66.9%    62.4%    65.8%   
    children_p.. | 20801   2560  | 11.5%    52.5%    6.5%   | 0.99     0.94     0.06   | 6.5%     98.9%    52.7%    84.7%   
    dog_bark     | 18939   10365 | 18.7%    26.4%    14.5%  | 1.26     0.86     0.40   | 14.5%    93.4%    53.9%    82.3%   
    drilling     | 20205   36824 | 24.6%    19.0%    34.7%  | 2.13     0.65     1.48   | 34.7%    74.0%    54.4%    68.1%   
    engine_idl.. | 20837   3211  | 13.7%    51.2%    7.9%   | 1.00     0.92     0.08   | 7.9%     98.6%    53.3%    84.6%   
    gun_shot     | 16528   7658  | 14.9%    23.5%    10.9%  | 1.25     0.89     0.35   | 10.9%    95.1%    53.0%    84.7%   
    jackhammer   | 19290   1062  | 8.1%     77.8%    4.3%   | 0.97     0.96     0.01   | 4.3%     99.8%    52.0%    86.1%   
    siren        | 20216   4312  | 18.4%    52.4%    11.2%  | 0.99     0.89     0.10   | 11.2%    98.2%    54.7%    85.2%   
    street_music | 19920   53392 | 25.9%    17.8%    47.6%  | 2.73     0.52     2.20   | 47.6%    61.8%    54.7%    59.7%   


Saving results to /beegfs/ci411/pcen/models/models_122/model122_dry_0/results.json
Done!
