
The following have been reloaded with a version change:
  1) cuda/10.1.105 => cuda/10.0.130

2020-01-30 13:21:25.893238: I tensorflow/stream_executor/platform/default/dso_loader.cc:44] Successfully opened dynamic library libcuda.so.1
2020-01-30 13:21:25.953291: I tensorflow/core/common_runtime/gpu/gpu_device.cc:1618] Found device 0 with properties: 
name: Tesla K80 major: 3 minor: 7 memoryClockRate(GHz): 0.8235
pciBusID: 0000:05:00.0
2020-01-30 13:21:25.953869: I tensorflow/stream_executor/platform/default/dso_loader.cc:44] Successfully opened dynamic library libcudart.so.10.0
2020-01-30 13:21:25.956022: I tensorflow/stream_executor/platform/default/dso_loader.cc:44] Successfully opened dynamic library libcublas.so.10.0
2020-01-30 13:21:25.958147: I tensorflow/stream_executor/platform/default/dso_loader.cc:44] Successfully opened dynamic library libcufft.so.10.0
2020-01-30 13:21:25.958744: I tensorflow/stream_executor/platform/default/dso_loader.cc:44] Successfully opened dynamic library libcurand.so.10.0
2020-01-30 13:21:25.961264: I tensorflow/stream_executor/platform/default/dso_loader.cc:44] Successfully opened dynamic library libcusolver.so.10.0
2020-01-30 13:21:25.963308: I tensorflow/stream_executor/platform/default/dso_loader.cc:44] Successfully opened dynamic library libcusparse.so.10.0
2020-01-30 13:21:25.968721: I tensorflow/stream_executor/platform/default/dso_loader.cc:44] Successfully opened dynamic library libcudnn.so.7
2020-01-30 13:21:25.984770: I tensorflow/core/common_runtime/gpu/gpu_device.cc:1746] Adding visible gpu devices: 0
2020-01-30 13:21:25.985201: I tensorflow/core/platform/cpu_feature_guard.cc:142] Your CPU supports instructions that this TensorFlow binary was not compiled to use: AVX2 FMA
2020-01-30 13:21:25.993538: I tensorflow/core/platform/profile_utils/cpu_utils.cc:94] CPU Frequency: 2600175000 Hz
2020-01-30 13:21:25.993759: I tensorflow/compiler/xla/service/service.cc:168] XLA service 0x51b2310 executing computations on platform Host. Devices:
2020-01-30 13:21:25.993778: I tensorflow/compiler/xla/service/service.cc:175]   StreamExecutor device (0): Host, Default Version
2020-01-30 13:21:26.157656: I tensorflow/compiler/xla/service/service.cc:168] XLA service 0x51b4600 executing computations on platform CUDA. Devices:
2020-01-30 13:21:26.157688: I tensorflow/compiler/xla/service/service.cc:175]   StreamExecutor device (0): Tesla K80, Compute Capability 3.7
2020-01-30 13:21:26.162228: I tensorflow/core/common_runtime/gpu/gpu_device.cc:1618] Found device 0 with properties: 
name: Tesla K80 major: 3 minor: 7 memoryClockRate(GHz): 0.8235
pciBusID: 0000:05:00.0
2020-01-30 13:21:26.162320: I tensorflow/stream_executor/platform/default/dso_loader.cc:44] Successfully opened dynamic library libcudart.so.10.0
2020-01-30 13:21:26.162358: I tensorflow/stream_executor/platform/default/dso_loader.cc:44] Successfully opened dynamic library libcublas.so.10.0
2020-01-30 13:21:26.162390: I tensorflow/stream_executor/platform/default/dso_loader.cc:44] Successfully opened dynamic library libcufft.so.10.0
2020-01-30 13:21:26.162420: I tensorflow/stream_executor/platform/default/dso_loader.cc:44] Successfully opened dynamic library libcurand.so.10.0
2020-01-30 13:21:26.162450: I tensorflow/stream_executor/platform/default/dso_loader.cc:44] Successfully opened dynamic library libcusolver.so.10.0
2020-01-30 13:21:26.162480: I tensorflow/stream_executor/platform/default/dso_loader.cc:44] Successfully opened dynamic library libcusparse.so.10.0
2020-01-30 13:21:26.162512: I tensorflow/stream_executor/platform/default/dso_loader.cc:44] Successfully opened dynamic library libcudnn.so.7
2020-01-30 13:21:26.170843: I tensorflow/core/common_runtime/gpu/gpu_device.cc:1746] Adding visible gpu devices: 0
2020-01-30 13:21:26.170908: I tensorflow/stream_executor/platform/default/dso_loader.cc:44] Successfully opened dynamic library libcudart.so.10.0
2020-01-30 13:21:26.176479: I tensorflow/core/common_runtime/gpu/gpu_device.cc:1159] Device interconnect StreamExecutor with strength 1 edge matrix:
2020-01-30 13:21:26.176503: I tensorflow/core/common_runtime/gpu/gpu_device.cc:1165]      0 
2020-01-30 13:21:26.176525: I tensorflow/core/common_runtime/gpu/gpu_device.cc:1178] 0:   N 
2020-01-30 13:21:26.191007: I tensorflow/core/common_runtime/gpu/gpu_device.cc:1304] Created TensorFlow device (/job:localhost/replica:0/task:0/device:GPU:0 with 10805 MB memory) -> physical GPU (device: 0, name: Tesla K80, pci bus id: 0000:05:00.0, compute capability: 3.7)
Using TensorFlow backend.
  0%|          | 0/6000 [00:00<?, ?it/s] 59%|█████▊    | 3523/6000 [00:00<00:00, 29022.99it/s]100%|██████████| 6000/6000 [00:00<00:00, 44538.84it/s]
  0%|          | 0/2000 [00:00<?, ?it/s]100%|██████████| 2000/2000 [00:00<00:00, 229761.93it/s]2020-01-30 13:21:39.063471: I tensorflow/stream_executor/platform/default/dso_loader.cc:44] Successfully opened dynamic library libcublas.so.10.0
2020-01-30 13:21:39.213584: I tensorflow/stream_executor/platform/default/dso_loader.cc:44] Successfully opened dynamic library libcudnn.so.7
2020-01-30 13:21:39.811493: W tensorflow/stream_executor/cuda/redzone_allocator.cc:312] Not found: ./bin/ptxas not found
Relying on driver to perform ptx compilation. This message will be only logged once.
/beegfs/ci411/pcen/pumps/full_test/pump.pkl
Fit model...
Epoch 1/150
 - 72s - loss: 0.3295 - accuracy: 0.8738 - val_loss: 0.2691 - val_accuracy: 0.8001
Epoch 2/150
 - 58s - loss: 0.2289 - accuracy: 0.9133 - val_loss: 0.4527 - val_accuracy: 0.8178
Epoch 3/150
 - 54s - loss: 0.2233 - accuracy: 0.9159 - val_loss: 0.1393 - val_accuracy: 0.8564
Epoch 4/150
 - 51s - loss: 0.2095 - accuracy: 0.9219 - val_loss: 0.3465 - val_accuracy: 0.8491
Epoch 5/150
 - 49s - loss: 0.2037 - accuracy: 0.9236 - val_loss: 3.0373 - val_accuracy: 0.6889
Epoch 6/150
 - 49s - loss: 0.1825 - accuracy: 0.9337 - val_loss: 0.0514 - val_accuracy: 0.8745
Epoch 7/150
 - 50s - loss: 0.1629 - accuracy: 0.9437 - val_loss: 0.2020 - val_accuracy: 0.8755
Epoch 8/150
 - 46s - loss: 0.1646 - accuracy: 0.9417 - val_loss: 0.4141 - val_accuracy: 0.8251
Epoch 9/150
 - 46s - loss: 0.1530 - accuracy: 0.9486 - val_loss: 0.3610 - val_accuracy: 0.8280
Epoch 10/150
 - 44s - loss: 0.1586 - accuracy: 0.9451 - val_loss: 6.2386 - val_accuracy: 0.7493
Epoch 11/150
 - 46s - loss: 0.1670 - accuracy: 0.9411 - val_loss: 0.1145 - val_accuracy: 0.8895
Epoch 12/150
 - 44s - loss: 0.1570 - accuracy: 0.9452 - val_loss: 0.6207 - val_accuracy: 0.7965
Epoch 13/150
 - 42s - loss: 0.1627 - accuracy: 0.9432 - val_loss: 0.1013 - val_accuracy: 0.8770
Epoch 14/150
 - 42s - loss: 0.1483 - accuracy: 0.9498 - val_loss: 0.0932 - val_accuracy: 0.8721
Epoch 15/150
 - 41s - loss: 0.1676 - accuracy: 0.9411 - val_loss: 0.3627 - val_accuracy: 0.8905
Epoch 16/150
 - 42s - loss: 0.1496 - accuracy: 0.9495 - val_loss: 0.7298 - val_accuracy: 0.8332
Epoch 17/150
 - 43s - loss: 0.1459 - accuracy: 0.9514 - val_loss: 0.8554 - val_accuracy: 0.7445
Epoch 18/150
 - 40s - loss: 0.1344 - accuracy: 0.9562 - val_loss: 0.9634 - val_accuracy: 0.7764
Epoch 19/150
 - 40s - loss: 0.1493 - accuracy: 0.9488 - val_loss: 0.1590 - val_accuracy: 0.8904
Epoch 20/150
 - 39s - loss: 0.1183 - accuracy: 0.9623 - val_loss: 0.4940 - val_accuracy: 0.7985
Epoch 21/150
 - 40s - loss: 0.1225 - accuracy: 0.9610 - val_loss: 0.6465 - val_accuracy: 0.8712
Epoch 22/150
 - 40s - loss: 0.1560 - accuracy: 0.9467 - val_loss: 0.2348 - val_accuracy: 0.8753
Epoch 23/150
 - 39s - loss: 0.1385 - accuracy: 0.9534 - val_loss: 0.4351 - val_accuracy: 0.8788
Epoch 24/150
 - 40s - loss: 0.1303 - accuracy: 0.9573 - val_loss: 0.1518 - val_accuracy: 0.8770
Epoch 25/150
 - 40s - loss: 0.1438 - accuracy: 0.9502 - val_loss: 0.0974 - val_accuracy: 0.8741
Epoch 26/150
 - 39s - loss: 0.1381 - accuracy: 0.9531 - val_loss: 0.2542 - val_accuracy: 0.8798
Epoch 27/150
 - 39s - loss: 0.1428 - accuracy: 0.9511 - val_loss: 0.6693 - val_accuracy: 0.8684
Epoch 28/150
 - 40s - loss: 0.1318 - accuracy: 0.9560 - val_loss: 1.1582 - val_accuracy: 0.8748
Epoch 29/150
 - 39s - loss: 0.1313 - accuracy: 0.9563 - val_loss: 0.2004 - val_accuracy: 0.8604
Epoch 30/150
 - 39s - loss: 0.1321 - accuracy: 0.9563 - val_loss: 0.4704 - val_accuracy: 0.9025
Epoch 31/150
 - 39s - loss: 0.1332 - accuracy: 0.9537 - val_loss: 0.7790 - val_accuracy: 0.8592
Epoch 32/150
 - 40s - loss: 0.1389 - accuracy: 0.9544 - val_loss: 0.6220 - val_accuracy: 0.8625
Epoch 33/150
 - 39s - loss: 0.1515 - accuracy: 0.9475 - val_loss: 0.9184 - val_accuracy: 0.8159
Epoch 34/150
 - 38s - loss: 0.1345 - accuracy: 0.9555 - val_loss: 0.3743 - val_accuracy: 0.8683
Epoch 35/150
 - 39s - loss: 0.1449 - accuracy: 0.9513 - val_loss: 0.1054 - val_accuracy: 0.8808
Epoch 36/150
 - 39s - loss: 0.1149 - accuracy: 0.9617 - val_loss: 0.4302 - val_accuracy: 0.8793
Epoch 37/150
 - 39s - loss: 0.1460 - accuracy: 0.9506 - val_loss: 1.1751 - val_accuracy: 0.8833
Epoch 38/150
 - 40s - loss: 0.1348 - accuracy: 0.9564 - val_loss: 0.1443 - val_accuracy: 0.8596
Epoch 39/150
 - 40s - loss: 0.1535 - accuracy: 0.9470 - val_loss: 1.0238 - val_accuracy: 0.8514
Epoch 40/150
 - 39s - loss: 0.1451 - accuracy: 0.9504 - val_loss: 0.8476 - val_accuracy: 0.8358
Epoch 41/150
 - 39s - loss: 0.1381 - accuracy: 0.9514 - val_loss: 1.1601 - val_accuracy: 0.8329
Epoch 42/150
 - 41s - loss: 0.1402 - accuracy: 0.9539 - val_loss: 0.8610 - val_accuracy: 0.8520
Epoch 43/150
 - 40s - loss: 0.1464 - accuracy: 0.9504 - val_loss: 0.4482 - val_accuracy: 0.8785
Epoch 44/150
 - 38s - loss: 0.1492 - accuracy: 0.9486 - val_loss: 0.7927 - val_accuracy: 0.8869
Epoch 45/150
 - 39s - loss: 0.1470 - accuracy: 0.9503 - val_loss: 0.5398 - val_accuracy: 0.8320
Epoch 46/150
 - 39s - loss: 0.1477 - accuracy: 0.9495 - val_loss: 0.3864 - val_accuracy: 0.8786
Epoch 47/150
 - 39s - loss: 0.1603 - accuracy: 0.9435 - val_loss: 1.2090 - val_accuracy: 0.7610
Epoch 48/150
 - 40s - loss: 0.1247 - accuracy: 0.9593 - val_loss: 0.4128 - val_accuracy: 0.8555
Epoch 49/150
 - 39s - loss: 0.1639 - accuracy: 0.9443 - val_loss: 2.3858 - val_accuracy: 0.7661
Epoch 50/150
 - 40s - loss: 0.1468 - accuracy: 0.9510 - val_loss: 1.1513 - val_accuracy: 0.7923
Epoch 51/150
 - 39s - loss: 0.1532 - accuracy: 0.9456 - val_loss: 1.0782 - val_accuracy: 0.7628
Epoch 52/150
 - 40s - loss: 0.1461 - accuracy: 0.9500 - val_loss: 0.8345 - val_accuracy: 0.8056
Epoch 53/150
 - 40s - loss: 0.1535 - accuracy: 0.9471 - val_loss: 0.9210 - val_accuracy: 0.8515
Epoch 54/150
 - 39s - loss: 0.1410 - accuracy: 0.9539 - val_loss: 1.2275 - val_accuracy: 0.8282
Epoch 55/150
 - 39s - loss: 0.1544 - accuracy: 0.9485 - val_loss: 1.7508 - val_accuracy: 0.7916
Epoch 56/150
 - 39s - loss: 0.1137 - accuracy: 0.9632 - val_loss: 0.8797 - val_accuracy: 0.8660
Epoch 57/150
 - 40s - loss: 0.1290 - accuracy: 0.9567 - val_loss: 1.6320 - val_accuracy: 0.8368
Epoch 58/150
 - 39s - loss: 0.1468 - accuracy: 0.9505 - val_loss: 0.3183 - val_accuracy: 0.8921
Epoch 59/150
 - 40s - loss: 0.1439 - accuracy: 0.9503 - val_loss: 0.4422 - val_accuracy: 0.8626
Epoch 60/150
 - 39s - loss: 0.1412 - accuracy: 0.9504 - val_loss: 0.3205 - val_accuracy: 0.8576
Epoch 61/150
 - 39s - loss: 0.1446 - accuracy: 0.9493 - val_loss: 2.2772 - val_accuracy: 0.7750
Epoch 62/150
 - 39s - loss: 0.1410 - accuracy: 0.9519 - val_loss: 0.3828 - val_accuracy: 0.8720
Epoch 63/150
 - 40s - loss: 0.1460 - accuracy: 0.9493 - val_loss: 0.7952 - val_accuracy: 0.8831
Epoch 64/150
 - 39s - loss: 0.1371 - accuracy: 0.9558 - val_loss: 0.4115 - val_accuracy: 0.8700
Epoch 65/150
 - 40s - loss: 0.1418 - accuracy: 0.9515 - val_loss: 0.1800 - val_accuracy: 0.8574
Epoch 66/150
 - 39s - loss: 0.1579 - accuracy: 0.9449 - val_loss: 0.5731 - val_accuracy: 0.8903
Epoch 67/150
 - 40s - loss: 0.1469 - accuracy: 0.9479 - val_loss: 0.5252 - val_accuracy: 0.8960
Epoch 68/150
 - 39s - loss: 0.1364 - accuracy: 0.9533 - val_loss: 0.0779 - val_accuracy: 0.8578
Epoch 69/150
 - 39s - loss: 0.1233 - accuracy: 0.9595 - val_loss: 1.0857 - val_accuracy: 0.8651
Epoch 70/150
 - 40s - loss: 0.1542 - accuracy: 0.9465 - val_loss: 0.8781 - val_accuracy: 0.8602
Epoch 71/150
 - 39s - loss: 0.1391 - accuracy: 0.9519 - val_loss: 1.5407 - val_accuracy: 0.7574
Epoch 72/150
 - 40s - loss: 0.1345 - accuracy: 0.9554 - val_loss: 2.9882 - val_accuracy: 0.6675
Epoch 73/150
 - 39s - loss: 0.1259 - accuracy: 0.9582 - val_loss: 2.3027 - val_accuracy: 0.7340
Epoch 74/150
 - 39s - loss: 0.1449 - accuracy: 0.9511 - val_loss: 1.3580 - val_accuracy: 0.7249
Epoch 75/150
 - 40s - loss: 0.1485 - accuracy: 0.9488 - val_loss: 1.0452 - val_accuracy: 0.8201
Epoch 76/150
 - 39s - loss: 0.1464 - accuracy: 0.9501 - val_loss: 0.2985 - val_accuracy: 0.8618
Epoch 77/150
 - 40s - loss: 0.1579 - accuracy: 0.9446 - val_loss: 0.5376 - val_accuracy: 0.8851
Epoch 78/150
 - 40s - loss: 0.1306 - accuracy: 0.9556 - val_loss: 0.3321 - val_accuracy: 0.8816
Epoch 79/150
 - 40s - loss: 0.1350 - accuracy: 0.9534 - val_loss: 0.4867 - val_accuracy: 0.8911
Epoch 80/150
 - 39s - loss: 0.1215 - accuracy: 0.9591 - val_loss: 0.1478 - val_accuracy: 0.8809
Epoch 81/150
 - 39s - loss: 0.1301 - accuracy: 0.9549 - val_loss: 0.4117 - val_accuracy: 0.8468
Epoch 82/150
 - 38s - loss: 0.1360 - accuracy: 0.9540 - val_loss: 0.3416 - val_accuracy: 0.8743
Epoch 83/150
 - 40s - loss: 0.1394 - accuracy: 0.9534 - val_loss: 0.6835 - val_accuracy: 0.8549
Epoch 84/150
 - 39s - loss: 0.1662 - accuracy: 0.9415 - val_loss: 0.1455 - val_accuracy: 0.8803
Epoch 85/150
 - 40s - loss: 0.1322 - accuracy: 0.9546 - val_loss: 0.3364 - val_accuracy: 0.8808
Epoch 86/150
 - 40s - loss: 0.1345 - accuracy: 0.9531 - val_loss: 0.5852 - val_accuracy: 0.8358
Epoch 87/150
 - 40s - loss: 0.1383 - accuracy: 0.9520 - val_loss: 0.4435 - val_accuracy: 0.8272
Epoch 88/150
 - 39s - loss: 0.1361 - accuracy: 0.9535 - val_loss: 1.1713 - val_accuracy: 0.7896
Epoch 89/150
 - 39s - loss: 0.1445 - accuracy: 0.9510 - val_loss: 1.3258 - val_accuracy: 0.8290
Epoch 90/150
 - 39s - loss: 0.1424 - accuracy: 0.9511 - val_loss: 0.4780 - val_accuracy: 0.8691
Epoch 91/150
 - 39s - loss: 0.1312 - accuracy: 0.9541 - val_loss: 0.7843 - val_accuracy: 0.8539
Epoch 92/150
 - 39s - loss: 0.1479 - accuracy: 0.9481 - val_loss: 0.6029 - val_accuracy: 0.8613
Epoch 93/150
 - 40s - loss: 0.1427 - accuracy: 0.9509 - val_loss: 0.7148 - val_accuracy: 0.8829
Epoch 94/150
 - 40s - loss: 0.1404 - accuracy: 0.9514 - val_loss: 0.2342 - val_accuracy: 0.8275
Epoch 95/150
 - 39s - loss: 0.1446 - accuracy: 0.9496 - val_loss: 0.4356 - val_accuracy: 0.8240
Epoch 96/150
 - 40s - loss: 0.1501 - accuracy: 0.9486 - val_loss: 0.2225 - val_accuracy: 0.8787
Epoch 97/150
 - 40s - loss: 0.1439 - accuracy: 0.9504 - val_loss: 0.3706 - val_accuracy: 0.8748
Epoch 98/150
 - 39s - loss: 0.1440 - accuracy: 0.9497 - val_loss: 0.3511 - val_accuracy: 0.8174
Epoch 99/150
 - 39s - loss: 0.1618 - accuracy: 0.9441 - val_loss: 0.1486 - val_accuracy: 0.8889
Epoch 100/150
 - 40s - loss: 0.1512 - accuracy: 0.9475 - val_loss: 0.2891 - val_accuracy: 0.8244
Epoch 101/150
 - 40s - loss: 0.1474 - accuracy: 0.9472 - val_loss: 0.7593 - val_accuracy: 0.8119
Epoch 102/150
 - 40s - loss: 0.1452 - accuracy: 0.9497 - val_loss: 0.5011 - val_accuracy: 0.8622
Epoch 103/150
 - 40s - loss: 0.1286 - accuracy: 0.9558 - val_loss: 0.2921 - val_accuracy: 0.8690
Epoch 104/150
 - 39s - loss: 0.1541 - accuracy: 0.9458 - val_loss: 0.0674 - val_accuracy: 0.8805
Epoch 105/150
 - 39s - loss: 0.1675 - accuracy: 0.9408 - val_loss: 1.1540 - val_accuracy: 0.8216
Epoch 106/150
 - 40s - loss: 0.1431 - accuracy: 0.9511 - val_loss: 1.1067 - val_accuracy: 0.8121
Epoch 107/150
 - 40s - loss: 0.1739 - accuracy: 0.9390 - val_loss: 0.5372 - val_accuracy: 0.8840
Epoch 108/150
 - 39s - loss: 0.1483 - accuracy: 0.9477 - val_loss: 0.5037 - val_accuracy: 0.8472
Epoch 109/150
 - 39s - loss: 0.1471 - accuracy: 0.9489 - val_loss: 0.5193 - val_accuracy: 0.8801
Epoch 110/150
 - 39s - loss: 0.1502 - accuracy: 0.9481 - val_loss: 0.3227 - val_accuracy: 0.8855
Epoch 111/150
 - 43s - loss: 0.1476 - accuracy: 0.9477 - val_loss: 0.3321 - val_accuracy: 0.8933
Epoch 112/150
 - 41s - loss: 0.1441 - accuracy: 0.9488 - val_loss: 0.1536 - val_accuracy: 0.8303
Epoch 113/150
 - 40s - loss: 0.1484 - accuracy: 0.9480 - val_loss: 0.3465 - val_accuracy: 0.8538
Epoch 114/150
 - 41s - loss: 0.1363 - accuracy: 0.9523 - val_loss: 0.4095 - val_accuracy: 0.8733
Epoch 115/150
 - 40s - loss: 0.1446 - accuracy: 0.9504 - val_loss: 0.3556 - val_accuracy: 0.8748
Epoch 116/150
 - 40s - loss: 0.1442 - accuracy: 0.9497 - val_loss: 0.3737 - val_accuracy: 0.8469
Epoch 117/150
 - 39s - loss: 0.1505 - accuracy: 0.9482 - val_loss: 0.4874 - val_accuracy: 0.8695
Epoch 118/150
 - 40s - loss: 0.1472 - accuracy: 0.9479 - val_loss: 0.4968 - val_accuracy: 0.8931
Epoch 119/150
 - 39s - loss: 0.1491 - accuracy: 0.9470 - val_loss: 0.5646 - val_accuracy: 0.8778
Epoch 120/150
 - 39s - loss: 0.1460 - accuracy: 0.9479 - val_loss: 0.2586 - val_accuracy: 0.8903
Epoch 121/150
 - 40s - loss: 0.1436 - accuracy: 0.9498 - val_loss: 0.1204 - val_accuracy: 0.8855
Epoch 122/150
 - 40s - loss: 0.1331 - accuracy: 0.9542 - val_loss: 0.5510 - val_accuracy: 0.8963
Epoch 123/150
 - 40s - loss: 0.1329 - accuracy: 0.9535 - val_loss: 0.4251 - val_accuracy: 0.8511
Epoch 124/150
 - 40s - loss: 0.1576 - accuracy: 0.9450 - val_loss: 0.3744 - val_accuracy: 0.8796
Epoch 125/150
 - 39s - loss: 0.1305 - accuracy: 0.9544 - val_loss: 0.6188 - val_accuracy: 0.8613
Epoch 126/150
 - 39s - loss: 0.1491 - accuracy: 0.9496 - val_loss: 0.7543 - val_accuracy: 0.8340
Epoch 127/150
 - 40s - loss: 0.1405 - accuracy: 0.9510 - val_loss: 0.2642 - val_accuracy: 0.8704
Epoch 128/150
 - 40s - loss: 0.1398 - accuracy: 0.9519 - val_loss: 0.1537 - val_accuracy: 0.8780
Epoch 129/150
 - 39s - loss: 0.1339 - accuracy: 0.9541 - val_loss: 0.7956 - val_accuracy: 0.8686
Epoch 130/150
 - 39s - loss: 0.1335 - accuracy: 0.9539 - val_loss: 0.4872 - val_accuracy: 0.8767
Epoch 131/150
 - 38s - loss: 0.1493 - accuracy: 0.9473 - val_loss: 0.8786 - val_accuracy: 0.8081
Epoch 132/150
 - 39s - loss: 0.1476 - accuracy: 0.9485 - val_loss: 0.2821 - val_accuracy: 0.8114
Epoch 133/150
 - 40s - loss: 0.1447 - accuracy: 0.9490 - val_loss: 0.1984 - val_accuracy: 0.8823
Epoch 134/150
 - 39s - loss: 0.1408 - accuracy: 0.9527 - val_loss: 0.7650 - val_accuracy: 0.9028
Epoch 135/150
 - 40s - loss: 0.1540 - accuracy: 0.9460 - val_loss: 0.4205 - val_accuracy: 0.8932
Epoch 136/150
 - 39s - loss: 0.1209 - accuracy: 0.9590 - val_loss: 0.3590 - val_accuracy: 0.8808
Epoch 137/150
 - 39s - loss: 0.1250 - accuracy: 0.9580 - val_loss: 0.1713 - val_accuracy: 0.8913
Epoch 138/150
 - 39s - loss: 0.1230 - accuracy: 0.9585 - val_loss: 0.2509 - val_accuracy: 0.8800
Epoch 139/150
 - 39s - loss: 0.1347 - accuracy: 0.9535 - val_loss: 0.3181 - val_accuracy: 0.8675
Epoch 140/150
 - 40s - loss: 0.1325 - accuracy: 0.9530 - val_loss: 0.3215 - val_accuracy: 0.8897
Epoch 141/150
 - 40s - loss: 0.1401 - accuracy: 0.9509 - val_loss: 0.4492 - val_accuracy: 0.8867
Epoch 142/150
 - 39s - loss: 0.1343 - accuracy: 0.9527 - val_loss: 0.7346 - val_accuracy: 0.8030
Epoch 143/150
 - 39s - loss: 0.1567 - accuracy: 0.9449 - val_loss: 0.8096 - val_accuracy: 0.7980
Epoch 144/150
 - 40s - loss: 0.1400 - accuracy: 0.9511 - val_loss: 0.1914 - val_accuracy: 0.8231
Epoch 145/150
 - 39s - loss: 0.1440 - accuracy: 0.9491 - val_loss: 2.5727 - val_accuracy: 0.7212
Epoch 146/150
 - 40s - loss: 0.1478 - accuracy: 0.9480 - val_loss: 0.1609 - val_accuracy: 0.8674
Epoch 147/150
 - 40s - loss: 0.1346 - accuracy: 0.9537 - val_loss: 0.9980 - val_accuracy: 0.8380
Epoch 148/150
 - 41s - loss: 0.1493 - accuracy: 0.9473 - val_loss: 1.0881 - val_accuracy: 0.8086
Epoch 149/150
 - 41s - loss: 0.1174 - accuracy: 0.9596 - val_loss: 0.9511 - val_accuracy: 0.7876
Epoch 150/150
 - 39s - loss: 0.1346 - accuracy: 0.9547 - val_loss: 0.3903 - val_accuracy: 0.8826

/home/ci411/pcen-t-varying/pcen_t/utils.py:63: H5pyDeprecationWarning: dataset.value has been deprecated. Use dataset[()] instead.
  data[k] = v.value
/home/ci411/.conda/envs/py3.5/lib/python3.6/site-packages/keras/callbacks/callbacks.py:707: RuntimeWarning: Can save best model only with val_dynamic/tags_acc available, skipping.
  'skipping.' % (self.monitor), RuntimeWarning)
/home/ci411/.conda/envs/py3.5/lib/python3.6/site-packages/keras/callbacks/callbacks.py:1042: RuntimeWarning: Reduce LR on plateau conditioned on metric `val_dynamic/tags_acc` which is not available. Available metrics are: val_loss,val_accuracy,loss,accuracy,lr
  (self.monitor, ','.join(list(logs.keys()))), RuntimeWarning
/home/ci411/.conda/envs/py3.5/lib/python3.6/site-packages/keras/callbacks/callbacks.py:846: RuntimeWarning: Early stopping conditioned on metric `val_dynamic/tags_acc` which is not available. Available metrics are: val_loss,val_accuracy,loss,accuracy,lr
  (self.monitor, ','.join(list(logs.keys()))), RuntimeWarning
Done training. Saving results to disk...
Saving Weights
2020-01-30 15:03:00.916579: I tensorflow/stream_executor/platform/default/dso_loader.cc:44] Successfully opened dynamic library libcuda.so.1
2020-01-30 15:03:00.939167: I tensorflow/core/common_runtime/gpu/gpu_device.cc:1618] Found device 0 with properties: 
name: Tesla K80 major: 3 minor: 7 memoryClockRate(GHz): 0.8235
pciBusID: 0000:05:00.0
2020-01-30 15:03:00.939793: I tensorflow/stream_executor/platform/default/dso_loader.cc:44] Successfully opened dynamic library libcudart.so.10.0
2020-01-30 15:03:00.942843: I tensorflow/stream_executor/platform/default/dso_loader.cc:44] Successfully opened dynamic library libcublas.so.10.0
2020-01-30 15:03:00.944526: I tensorflow/stream_executor/platform/default/dso_loader.cc:44] Successfully opened dynamic library libcufft.so.10.0
2020-01-30 15:03:00.945269: I tensorflow/stream_executor/platform/default/dso_loader.cc:44] Successfully opened dynamic library libcurand.so.10.0
2020-01-30 15:03:00.948929: I tensorflow/stream_executor/platform/default/dso_loader.cc:44] Successfully opened dynamic library libcusolver.so.10.0
2020-01-30 15:03:00.950460: I tensorflow/stream_executor/platform/default/dso_loader.cc:44] Successfully opened dynamic library libcusparse.so.10.0
2020-01-30 15:03:00.957976: I tensorflow/stream_executor/platform/default/dso_loader.cc:44] Successfully opened dynamic library libcudnn.so.7
2020-01-30 15:03:00.962190: I tensorflow/core/common_runtime/gpu/gpu_device.cc:1746] Adding visible gpu devices: 0
2020-01-30 15:03:00.962760: I tensorflow/core/platform/cpu_feature_guard.cc:142] Your CPU supports instructions that this TensorFlow binary was not compiled to use: AVX2 FMA
2020-01-30 15:03:00.975628: I tensorflow/core/platform/profile_utils/cpu_utils.cc:94] CPU Frequency: 2600175000 Hz
2020-01-30 15:03:00.975898: I tensorflow/compiler/xla/service/service.cc:168] XLA service 0x524cd20 executing computations on platform Host. Devices:
2020-01-30 15:03:00.975926: I tensorflow/compiler/xla/service/service.cc:175]   StreamExecutor device (0): Host, Default Version
2020-01-30 15:03:01.050959: I tensorflow/compiler/xla/service/service.cc:168] XLA service 0x524f230 executing computations on platform CUDA. Devices:
2020-01-30 15:03:01.050998: I tensorflow/compiler/xla/service/service.cc:175]   StreamExecutor device (0): Tesla K80, Compute Capability 3.7
2020-01-30 15:03:01.053402: I tensorflow/core/common_runtime/gpu/gpu_device.cc:1618] Found device 0 with properties: 
name: Tesla K80 major: 3 minor: 7 memoryClockRate(GHz): 0.8235
pciBusID: 0000:05:00.0
2020-01-30 15:03:01.053480: I tensorflow/stream_executor/platform/default/dso_loader.cc:44] Successfully opened dynamic library libcudart.so.10.0
2020-01-30 15:03:01.053515: I tensorflow/stream_executor/platform/default/dso_loader.cc:44] Successfully opened dynamic library libcublas.so.10.0
2020-01-30 15:03:01.053546: I tensorflow/stream_executor/platform/default/dso_loader.cc:44] Successfully opened dynamic library libcufft.so.10.0
2020-01-30 15:03:01.053577: I tensorflow/stream_executor/platform/default/dso_loader.cc:44] Successfully opened dynamic library libcurand.so.10.0
2020-01-30 15:03:01.053606: I tensorflow/stream_executor/platform/default/dso_loader.cc:44] Successfully opened dynamic library libcusolver.so.10.0
2020-01-30 15:03:01.053636: I tensorflow/stream_executor/platform/default/dso_loader.cc:44] Successfully opened dynamic library libcusparse.so.10.0
2020-01-30 15:03:01.053667: I tensorflow/stream_executor/platform/default/dso_loader.cc:44] Successfully opened dynamic library libcudnn.so.7
2020-01-30 15:03:01.058084: I tensorflow/core/common_runtime/gpu/gpu_device.cc:1746] Adding visible gpu devices: 0
2020-01-30 15:03:01.058164: I tensorflow/stream_executor/platform/default/dso_loader.cc:44] Successfully opened dynamic library libcudart.so.10.0
2020-01-30 15:03:01.062176: I tensorflow/core/common_runtime/gpu/gpu_device.cc:1159] Device interconnect StreamExecutor with strength 1 edge matrix:
2020-01-30 15:03:01.062204: I tensorflow/core/common_runtime/gpu/gpu_device.cc:1165]      0 
2020-01-30 15:03:01.062215: I tensorflow/core/common_runtime/gpu/gpu_device.cc:1178] 0:   N 
2020-01-30 15:03:01.067648: I tensorflow/core/common_runtime/gpu/gpu_device.cc:1304] Created TensorFlow device (/job:localhost/replica:0/task:0/device:GPU:0 with 10805 MB memory) -> physical GPU (device: 0, name: Tesla K80, pci bus id: 0000:05:00.0, compute capability: 3.7)
2020-01-30 15:03:02.860210: I tensorflow/stream_executor/platform/default/dso_loader.cc:44] Successfully opened dynamic library libcublas.so.10.0
2020-01-30 15:03:02.993544: I tensorflow/stream_executor/platform/default/dso_loader.cc:44] Successfully opened dynamic library libcudnn.so.7
2020-01-30 15:03:03.528060: W tensorflow/stream_executor/cuda/redzone_allocator.cc:312] Not found: ./bin/ptxas not found
Relying on driver to perform ptx compilation. This message will be only logged once.
Using TensorFlow backend.
/home/ci411/pcen-t-varying/pcen_t/utils.py:63: H5pyDeprecationWarning: dataset.value has been deprecated. Use dataset[()] instead.
  data[k] = v.value
Accuracy: 0.7710659212846583
Segment based metrics
========================================
  Evaluated length                  : 128618.99 sec
  Evaluated files                   : 14000 
  Segment length                    : 1.00 sec

  Overall metrics (micro-average)
  ======================================
  F-measure
    F-measure (F1)                  : 23.18 %
    Precision                       : 22.45 %
    Recall                          : 23.96 %
  Error rate
    Error rate (ER)                 : 1.21 
    Substitution rate               : 0.38 
    Deletion rate                   : 0.38 
    Insertion rate                  : 0.45 
  Accuracy
    Sensitivity                     : 23.96 %
    Specificity                     : 86.06 %
    Balanced accuracy               : 55.01 %
    Accuracy                        : 77.11 %

  Class-wise average metrics (macro-average)
  ======================================
  F-measure
    F-measure (F1)                  : 19.56 %
    Precision                       : 29.86 %
    Recall                          : 23.50 %
  Error rate
    Error rate (ER)                 : 1.58 
    Deletion rate                   : 0.76 
    Insertion rate                  : 0.81 
  Accuracy
    Sensitivity                     : 23.50 %
    Specificity                     : 86.01 %
    Balanced accuracy               : 54.76 %
    Accuracy                        : 77.11 %
  

  Class-wise metrics
  ======================================
    Event label  | Nref    Nsys  | F        Pre      Rec    | ER       Del      Ins    | Sens     Spec     Bacc     Acc     
    ------------ | -----   ----- | ------   ------   ------ | ------   ------   ------ | ------   ------   ------   ------  
    air_condit.. | 19405   53208 | 27.8%    19.0%    52.0%  | 2.70     0.48     2.22   | 52.0%    62.1%    57.0%    60.6%   
    car_horn     | 15995   2902  | 14.2%    46.2%    8.4%   | 1.01     0.92     0.10   | 8.4%     98.7%    53.5%    87.8%   
    children_p.. | 20801   20805 | 25.6%    25.6%    25.6%  | 1.49     0.74     0.74   | 25.6%    86.2%    55.9%    76.8%   
    dog_bark     | 18939   50764 | 25.4%    17.4%    46.7%  | 2.75     0.53     2.21   | 46.7%    63.3%    55.0%    61.0%   
    drilling     | 20205   40193 | 31.8%    23.9%    47.5%  | 2.04     0.52     1.51   | 47.5%    72.9%    60.2%    69.1%   
    engine_idl.. | 20837   4150  | 8.4%     25.3%    5.0%   | 1.10     0.95     0.15   | 5.0%     97.2%    51.1%    82.8%   
    gun_shot     | 16528   2041  | 8.0%     36.3%    4.5%   | 1.03     0.96     0.08   | 4.5%     98.9%    51.7%    87.2%   
    jackhammer   | 19290   11050 | 13.5%    18.6%    10.6%  | 1.36     0.89     0.47   | 10.6%    92.1%    51.4%    80.3%   
    siren        | 20216   17860 | 31.0%    33.1%    29.2%  | 1.30     0.71     0.59   | 29.2%    89.4%    59.3%    80.3%   
    street_music | 19920   2058  | 10.0%    53.4%    5.5%   | 0.99     0.94     0.05   | 5.5%     99.2%    52.3%    85.2%   


Saving results to /beegfs/ci411/pcen/models/models_122/model122_dry_9/results.json
Done!
