2019-12-02 09:28:49.573100: W tensorflow/stream_executor/platform/default/dso_loader.cc:55] Could not load dynamic library 'libcuda.so.1'; dlerror: libcuda.so.1: cannot open shared object file: No such file or directory; LD_LIBRARY_PATH: /share/apps/anaconda3/4.3.1/lib:/share/apps/cudnn/8.0v6.0/lib64:/share/apps/cuda/8.0.44/extras/CUPTI/lib64:/share/apps/cuda/8.0.44/lib64:/share/apps/centos/7/usr/lib64:/opt/slurm/lib64
2019-12-02 09:28:49.573142: E tensorflow/stream_executor/cuda/cuda_driver.cc:318] failed call to cuInit: UNKNOWN ERROR (303)
2019-12-02 09:28:49.573168: I tensorflow/stream_executor/cuda/cuda_diagnostics.cc:156] kernel driver does not appear to be running on this host (c38-09): /proc/driver/nvidia/version does not exist
2019-12-02 09:28:49.580262: I tensorflow/core/platform/profile_utils/cpu_utils.cc:94] CPU Frequency: 2999970000 Hz
2019-12-02 09:28:49.580432: I tensorflow/compiler/xla/service/service.cc:168] XLA service 0x5cc58e0 executing computations on platform Host. Devices:
2019-12-02 09:28:49.580449: I tensorflow/compiler/xla/service/service.cc:175]   StreamExecutor device (0): Host, Default Version
Using TensorFlow backend.
  0%|          | 0/6000 [00:00<?, ?it/s] 65%|██████▌   | 3928/6000 [00:00<00:00, 39278.91it/s]100%|██████████| 6000/6000 [00:00<00:00, 51893.65it/s]
  0%|          | 0/2000 [00:00<?, ?it/s]100%|██████████| 2000/2000 [00:00<00:00, 133273.09it/s]Fit model...
Epoch 1/150
 - 208s - loss: 0.2752 - accuracy: 0.8931 - val_loss: 0.2416 - val_accuracy: 0.8879
Epoch 2/150
 - 206s - loss: 0.1743 - accuracy: 0.9380 - val_loss: 0.3931 - val_accuracy: 0.8844
Epoch 3/150
 - 208s - loss: 0.1705 - accuracy: 0.9413 - val_loss: 0.1571 - val_accuracy: 0.8701
Epoch 4/150
 - 207s - loss: 0.1509 - accuracy: 0.9499 - val_loss: 0.2848 - val_accuracy: 0.8895
Epoch 5/150
 - 202s - loss: 0.1615 - accuracy: 0.9455 - val_loss: 0.1916 - val_accuracy: 0.8897
Epoch 6/150
 - 206s - loss: 0.1438 - accuracy: 0.9524 - val_loss: 0.0537 - val_accuracy: 0.8793
Epoch 7/150
 - 209s - loss: 0.1368 - accuracy: 0.9552 - val_loss: 0.1124 - val_accuracy: 0.8808
Epoch 8/150
 - 208s - loss: 0.1382 - accuracy: 0.9551 - val_loss: 0.4885 - val_accuracy: 0.8961
Epoch 9/150
 - 207s - loss: 0.1295 - accuracy: 0.9585 - val_loss: 0.3349 - val_accuracy: 0.8964
Epoch 10/150
 - 208s - loss: 0.1315 - accuracy: 0.9581 - val_loss: 0.1391 - val_accuracy: 0.8989
Epoch 11/150
 - 207s - loss: 0.1391 - accuracy: 0.9543 - val_loss: 0.1998 - val_accuracy: 0.8940
Epoch 12/150
 - 211s - loss: 0.1374 - accuracy: 0.9547 - val_loss: 0.4435 - val_accuracy: 0.8885
Epoch 13/150
 - 206s - loss: 0.1371 - accuracy: 0.9560 - val_loss: 0.0383 - val_accuracy: 0.8942
Epoch 14/150
 - 202s - loss: 0.1267 - accuracy: 0.9590 - val_loss: 0.0306 - val_accuracy: 0.8895
Epoch 15/150
 - 203s - loss: 0.1437 - accuracy: 0.9528 - val_loss: 0.3594 - val_accuracy: 0.8873
Epoch 16/150
 - 205s - loss: 0.1282 - accuracy: 0.9582 - val_loss: 0.7444 - val_accuracy: 0.9049
Epoch 17/150
 - 204s - loss: 0.1360 - accuracy: 0.9561 - val_loss: 0.4894 - val_accuracy: 0.8830
Epoch 18/150
 - 204s - loss: 0.1224 - accuracy: 0.9628 - val_loss: 0.7282 - val_accuracy: 0.8798
Epoch 19/150
 - 203s - loss: 0.1333 - accuracy: 0.9562 - val_loss: 0.2659 - val_accuracy: 0.8951
Epoch 20/150
 - 203s - loss: 0.1034 - accuracy: 0.9688 - val_loss: 0.4665 - val_accuracy: 0.9038
Epoch 21/150
 - 202s - loss: 0.1100 - accuracy: 0.9670 - val_loss: 0.3670 - val_accuracy: 0.8909
Epoch 22/150
 - 203s - loss: 0.1397 - accuracy: 0.9547 - val_loss: 0.0690 - val_accuracy: 0.8964
Epoch 23/150
 - 201s - loss: 0.1161 - accuracy: 0.9637 - val_loss: 0.3767 - val_accuracy: 0.8936
Epoch 24/150
 - 195s - loss: 0.1137 - accuracy: 0.9648 - val_loss: 0.1295 - val_accuracy: 0.9073
Epoch 25/150
 - 196s - loss: 0.1148 - accuracy: 0.9629 - val_loss: 0.1927 - val_accuracy: 0.8926
Epoch 26/150
 - 197s - loss: 0.1184 - accuracy: 0.9616 - val_loss: 0.3629 - val_accuracy: 0.8913
Epoch 27/150
 - 196s - loss: 0.1226 - accuracy: 0.9615 - val_loss: 0.3519 - val_accuracy: 0.8952
Epoch 28/150
 - 195s - loss: 0.1265 - accuracy: 0.9593 - val_loss: 0.6705 - val_accuracy: 0.9003
Epoch 29/150
 - 195s - loss: 0.1186 - accuracy: 0.9624 - val_loss: 0.1391 - val_accuracy: 0.8984
Epoch 30/150
 - 196s - loss: 0.1183 - accuracy: 0.9625 - val_loss: 0.4458 - val_accuracy: 0.9094
Epoch 31/150
 - 196s - loss: 0.1166 - accuracy: 0.9622 - val_loss: 0.4360 - val_accuracy: 0.8994
Epoch 32/150
 - 192s - loss: 0.1250 - accuracy: 0.9599 - val_loss: 0.4391 - val_accuracy: 0.9012
Epoch 33/150
 - 192s - loss: 0.1326 - accuracy: 0.9564 - val_loss: 0.1746 - val_accuracy: 0.8978
Epoch 34/150
 - 191s - loss: 0.1236 - accuracy: 0.9610 - val_loss: 0.1258 - val_accuracy: 0.9000
Epoch 35/150
 - 190s - loss: 0.1308 - accuracy: 0.9589 - val_loss: 0.1611 - val_accuracy: 0.8961
Epoch 36/150
 - 199s - loss: 0.1035 - accuracy: 0.9674 - val_loss: 0.1480 - val_accuracy: 0.9023
Epoch 37/150
 - 205s - loss: 0.1262 - accuracy: 0.9596 - val_loss: 0.6334 - val_accuracy: 0.9007
Epoch 38/150
 - 205s - loss: 0.1117 - accuracy: 0.9667 - val_loss: 0.0628 - val_accuracy: 0.9076
Epoch 39/150
 - 203s - loss: 0.1328 - accuracy: 0.9572 - val_loss: 0.3034 - val_accuracy: 0.8944
Epoch 40/150
 - 198s - loss: 0.1308 - accuracy: 0.9581 - val_loss: 0.0347 - val_accuracy: 0.8967
Epoch 41/150
 - 206s - loss: 0.1092 - accuracy: 0.9643 - val_loss: 0.3802 - val_accuracy: 0.9033
Epoch 42/150
 - 207s - loss: 0.1257 - accuracy: 0.9598 - val_loss: 0.8940 - val_accuracy: 0.9035
Epoch 43/150
 - 199s - loss: 0.1256 - accuracy: 0.9595 - val_loss: 0.5890 - val_accuracy: 0.8915
Epoch 44/150
 - 191s - loss: 0.1400 - accuracy: 0.9531 - val_loss: 0.5504 - val_accuracy: 0.9005
Epoch 45/150
 - 190s - loss: 0.1215 - accuracy: 0.9620 - val_loss: 0.1192 - val_accuracy: 0.8988
Epoch 46/150
 - 190s - loss: 0.1231 - accuracy: 0.9614 - val_loss: 0.3091 - val_accuracy: 0.9049
Epoch 47/150
 - 191s - loss: 0.1293 - accuracy: 0.9592 - val_loss: 0.1239 - val_accuracy: 0.9046
Epoch 48/150
 - 200s - loss: 0.1082 - accuracy: 0.9663 - val_loss: 0.1155 - val_accuracy: 0.9045
Epoch 49/150
 - 209s - loss: 0.1415 - accuracy: 0.9541 - val_loss: 0.4814 - val_accuracy: 0.9005
Epoch 50/150
 - 197s - loss: 0.1315 - accuracy: 0.9586 - val_loss: 0.3355 - val_accuracy: 0.8932
Epoch 51/150
 - 191s - loss: 0.1269 - accuracy: 0.9584 - val_loss: 0.0517 - val_accuracy: 0.9030
Epoch 52/150
 - 198s - loss: 0.1346 - accuracy: 0.9558 - val_loss: 0.0540 - val_accuracy: 0.8969
Epoch 53/150
 - 209s - loss: 0.1361 - accuracy: 0.9560 - val_loss: 0.4872 - val_accuracy: 0.9012
Epoch 54/150
 - 206s - loss: 0.1212 - accuracy: 0.9631 - val_loss: 0.0505 - val_accuracy: 0.8948
Epoch 55/150
 - 208s - loss: 0.1481 - accuracy: 0.9516 - val_loss: 0.3808 - val_accuracy: 0.9054
Epoch 56/150
 - 205s - loss: 0.1020 - accuracy: 0.9678 - val_loss: 0.4647 - val_accuracy: 0.9008
Epoch 57/150
 - 195s - loss: 0.1145 - accuracy: 0.9637 - val_loss: 0.3029 - val_accuracy: 0.9010
Epoch 58/150
 - 192s - loss: 0.1283 - accuracy: 0.9585 - val_loss: 0.3669 - val_accuracy: 0.9038
Epoch 59/150
 - 191s - loss: 0.1220 - accuracy: 0.9612 - val_loss: 0.3973 - val_accuracy: 0.9063
Epoch 60/150
 - 191s - loss: 0.1294 - accuracy: 0.9559 - val_loss: 0.2001 - val_accuracy: 0.8979
Epoch 61/150
 - 191s - loss: 0.1259 - accuracy: 0.9593 - val_loss: 0.4805 - val_accuracy: 0.9003
Epoch 62/150
 - 191s - loss: 0.1266 - accuracy: 0.9592 - val_loss: 0.3598 - val_accuracy: 0.9123
Epoch 63/150
 - 191s - loss: 0.1211 - accuracy: 0.9622 - val_loss: 0.5687 - val_accuracy: 0.9089
Epoch 64/150
 - 191s - loss: 0.1300 - accuracy: 0.9588 - val_loss: 0.2419 - val_accuracy: 0.8949
Epoch 65/150
 - 194s - loss: 0.1240 - accuracy: 0.9604 - val_loss: 0.0393 - val_accuracy: 0.9081
Epoch 66/150
 - 194s - loss: 0.1442 - accuracy: 0.9509 - val_loss: 0.1314 - val_accuracy: 0.8972
Epoch 67/150
 - 192s - loss: 0.1431 - accuracy: 0.9499 - val_loss: 0.4134 - val_accuracy: 0.9134
Epoch 68/150
 - 192s - loss: 0.1253 - accuracy: 0.9582 - val_loss: 0.2986 - val_accuracy: 0.8913
Epoch 69/150
 - 193s - loss: 0.1201 - accuracy: 0.9608 - val_loss: 0.4603 - val_accuracy: 0.9053
Epoch 70/150
 - 192s - loss: 0.1453 - accuracy: 0.9508 - val_loss: 0.4720 - val_accuracy: 0.9061
Epoch 71/150
 - 197s - loss: 0.1344 - accuracy: 0.9544 - val_loss: 0.2300 - val_accuracy: 0.9094
Epoch 72/150
 - 200s - loss: 0.1233 - accuracy: 0.9608 - val_loss: 0.1091 - val_accuracy: 0.9067
Epoch 73/150
 - 206s - loss: 0.1159 - accuracy: 0.9625 - val_loss: 0.4524 - val_accuracy: 0.9120
Epoch 74/150
 - 205s - loss: 0.1219 - accuracy: 0.9613 - val_loss: 0.6012 - val_accuracy: 0.9027
Epoch 75/150
 - 206s - loss: 0.1329 - accuracy: 0.9570 - val_loss: 0.4126 - val_accuracy: 0.9032
Epoch 76/150
 - 203s - loss: 0.1374 - accuracy: 0.9543 - val_loss: 0.4238 - val_accuracy: 0.8938
Epoch 77/150
 - 208s - loss: 0.1430 - accuracy: 0.9507 - val_loss: 0.5510 - val_accuracy: 0.9021
Epoch 78/150
 - 204s - loss: 0.1252 - accuracy: 0.9580 - val_loss: 0.2477 - val_accuracy: 0.9080
Epoch 79/150
 - 204s - loss: 0.1199 - accuracy: 0.9596 - val_loss: 0.5354 - val_accuracy: 0.9059
Epoch 80/150
 - 209s - loss: 0.1102 - accuracy: 0.9638 - val_loss: 0.4059 - val_accuracy: 0.9050
Epoch 81/150
 - 209s - loss: 0.1179 - accuracy: 0.9607 - val_loss: 0.1548 - val_accuracy: 0.9069
Epoch 82/150
 - 208s - loss: 0.1219 - accuracy: 0.9595 - val_loss: 0.3150 - val_accuracy: 0.9062
Epoch 83/150
 - 209s - loss: 0.1352 - accuracy: 0.9555 - val_loss: 0.4621 - val_accuracy: 0.9061
Epoch 84/150
 - 207s - loss: 0.1594 - accuracy: 0.9438 - val_loss: 0.0457 - val_accuracy: 0.8981
Epoch 85/150
 - 204s - loss: 0.1218 - accuracy: 0.9583 - val_loss: 0.1900 - val_accuracy: 0.8988
Epoch 86/150
 - 207s - loss: 0.1379 - accuracy: 0.9529 - val_loss: 0.2016 - val_accuracy: 0.8974
Epoch 87/150
 - 204s - loss: 0.1462 - accuracy: 0.9489 - val_loss: 0.2353 - val_accuracy: 0.9050
Epoch 88/150
 - 205s - loss: 0.1434 - accuracy: 0.9511 - val_loss: 0.4272 - val_accuracy: 0.9070
Epoch 89/150
 - 205s - loss: 0.1405 - accuracy: 0.9527 - val_loss: 0.3879 - val_accuracy: 0.8960
Epoch 90/150
 - 204s - loss: 0.1402 - accuracy: 0.9533 - val_loss: 0.4639 - val_accuracy: 0.9142
Epoch 91/150
 - 204s - loss: 0.1212 - accuracy: 0.9582 - val_loss: 0.5786 - val_accuracy: 0.9083
Epoch 92/150
 - 207s - loss: 0.1266 - accuracy: 0.9573 - val_loss: 0.2362 - val_accuracy: 0.9043
Epoch 93/150
 - 204s - loss: 0.1251 - accuracy: 0.9578 - val_loss: 0.3990 - val_accuracy: 0.9040
Epoch 94/150
 - 211s - loss: 0.1209 - accuracy: 0.9602 - val_loss: 0.2103 - val_accuracy: 0.8999
Epoch 95/150
 - 205s - loss: 0.1294 - accuracy: 0.9554 - val_loss: 0.4372 - val_accuracy: 0.9032
Epoch 96/150
 - 202s - loss: 0.1428 - accuracy: 0.9519 - val_loss: 0.2703 - val_accuracy: 0.9083
Epoch 97/150
 - 202s - loss: 0.1445 - accuracy: 0.9495 - val_loss: 0.3067 - val_accuracy: 0.8959
Epoch 98/150
 - 206s - loss: 0.1584 - accuracy: 0.9440 - val_loss: 0.2310 - val_accuracy: 0.9098
Epoch 99/150
 - 198s - loss: 0.1595 - accuracy: 0.9442 - val_loss: 0.1094 - val_accuracy: 0.9083
Epoch 100/150
 - 210s - loss: 0.1471 - accuracy: 0.9490 - val_loss: 0.1164 - val_accuracy: 0.9116
Epoch 101/150
 - 204s - loss: 0.1346 - accuracy: 0.9525 - val_loss: 0.2640 - val_accuracy: 0.8991
Epoch 102/150
 - 200s - loss: 0.1408 - accuracy: 0.9518 - val_loss: 0.3195 - val_accuracy: 0.9044
Epoch 103/150
 - 203s - loss: 0.1189 - accuracy: 0.9601 - val_loss: 0.1474 - val_accuracy: 0.9123
Epoch 104/150
 - 202s - loss: 0.1542 - accuracy: 0.9453 - val_loss: 0.0665 - val_accuracy: 0.9071
Epoch 105/150
 - 210s - loss: 0.1334 - accuracy: 0.9538 - val_loss: 0.5676 - val_accuracy: 0.9135
Epoch 106/150
 - 207s - loss: 0.1208 - accuracy: 0.9581 - val_loss: 0.3058 - val_accuracy: 0.9058
Epoch 107/150
 - 202s - loss: 0.1665 - accuracy: 0.9412 - val_loss: 0.5401 - val_accuracy: 0.9023
Epoch 108/150
 - 205s - loss: 0.1486 - accuracy: 0.9480 - val_loss: 0.3646 - val_accuracy: 0.9065
Epoch 109/150
 - 207s - loss: 0.1359 - accuracy: 0.9526 - val_loss: 0.4735 - val_accuracy: 0.8996
Epoch 110/150
 - 203s - loss: 0.1356 - accuracy: 0.9544 - val_loss: 0.3580 - val_accuracy: 0.9031
Epoch 111/150
 - 207s - loss: 0.1271 - accuracy: 0.9571 - val_loss: 0.3719 - val_accuracy: 0.9092
Epoch 112/150
 - 198s - loss: 0.1319 - accuracy: 0.9535 - val_loss: 0.0147 - val_accuracy: 0.9033
Epoch 113/150
 - 199s - loss: 0.1349 - accuracy: 0.9535 - val_loss: 0.2134 - val_accuracy: 0.9079
Epoch 114/150
 - 209s - loss: 0.1280 - accuracy: 0.9550 - val_loss: 0.4264 - val_accuracy: 0.9046
Epoch 115/150
 - 195s - loss: 0.1332 - accuracy: 0.9536 - val_loss: 0.2012 - val_accuracy: 0.9004
Epoch 116/150
 - 193s - loss: 0.1649 - accuracy: 0.9426 - val_loss: 0.2301 - val_accuracy: 0.8989
Epoch 117/150
 - 192s - loss: 0.1650 - accuracy: 0.9413 - val_loss: 0.1855 - val_accuracy: 0.9076
Epoch 118/150
 - 192s - loss: 0.1416 - accuracy: 0.9498 - val_loss: 0.5420 - val_accuracy: 0.8957
Epoch 119/150
 - 191s - loss: 0.1481 - accuracy: 0.9466 - val_loss: 0.3871 - val_accuracy: 0.8986
Epoch 120/150
 - 192s - loss: 0.1481 - accuracy: 0.9467 - val_loss: 0.1906 - val_accuracy: 0.9062
Epoch 121/150
 - 191s - loss: 0.1486 - accuracy: 0.9460 - val_loss: 0.0378 - val_accuracy: 0.8986
Epoch 122/150
 - 192s - loss: 0.1399 - accuracy: 0.9511 - val_loss: 0.4844 - val_accuracy: 0.9049
Epoch 123/150
 - 192s - loss: 0.1374 - accuracy: 0.9521 - val_loss: 0.4694 - val_accuracy: 0.8965
Epoch 124/150
 - 192s - loss: 0.1520 - accuracy: 0.9464 - val_loss: 0.1773 - val_accuracy: 0.8977
Epoch 125/150
 - 193s - loss: 0.1392 - accuracy: 0.9502 - val_loss: 0.5193 - val_accuracy: 0.8985
Epoch 126/150
 - 192s - loss: 0.1501 - accuracy: 0.9482 - val_loss: 0.4061 - val_accuracy: 0.9079
Epoch 127/150
 - 192s - loss: 0.1412 - accuracy: 0.9487 - val_loss: 0.2019 - val_accuracy: 0.9013
Epoch 128/150
 - 192s - loss: 0.1340 - accuracy: 0.9531 - val_loss: 0.0473 - val_accuracy: 0.9023
Epoch 129/150
 - 192s - loss: 0.1290 - accuracy: 0.9559 - val_loss: 0.5162 - val_accuracy: 0.8936
Epoch 130/150
 - 192s - loss: 0.1294 - accuracy: 0.9554 - val_loss: 0.3850 - val_accuracy: 0.9013
Epoch 131/150
 - 193s - loss: 0.1370 - accuracy: 0.9508 - val_loss: 0.4954 - val_accuracy: 0.8998
Epoch 132/150
 - 192s - loss: 0.1362 - accuracy: 0.9531 - val_loss: 0.2272 - val_accuracy: 0.9005
Epoch 133/150
 - 193s - loss: 0.1368 - accuracy: 0.9520 - val_loss: 0.1974 - val_accuracy: 0.9068
Epoch 134/150
 - 192s - loss: 0.1371 - accuracy: 0.9544 - val_loss: 0.7407 - val_accuracy: 0.9120
Epoch 135/150
 - 192s - loss: 0.1494 - accuracy: 0.9470 - val_loss: 0.3342 - val_accuracy: 0.9062
Epoch 136/150
 - 192s - loss: 0.1245 - accuracy: 0.9572 - val_loss: 0.1597 - val_accuracy: 0.9013
Epoch 137/150
 - 193s - loss: 0.1170 - accuracy: 0.9615 - val_loss: 0.1402 - val_accuracy: 0.9073
Epoch 138/150
 - 192s - loss: 0.1142 - accuracy: 0.9617 - val_loss: 0.1645 - val_accuracy: 0.9098
Epoch 139/150
 - 192s - loss: 0.1333 - accuracy: 0.9538 - val_loss: 0.3473 - val_accuracy: 0.8947
Epoch 140/150
 - 193s - loss: 0.1274 - accuracy: 0.9555 - val_loss: 0.2470 - val_accuracy: 0.9092
Epoch 141/150
 - 192s - loss: 0.1348 - accuracy: 0.9532 - val_loss: 0.4432 - val_accuracy: 0.9013
Epoch 142/150
 - 193s - loss: 0.1217 - accuracy: 0.9576 - val_loss: 0.4465 - val_accuracy: 0.9013
Epoch 143/150
 - 192s - loss: 0.1449 - accuracy: 0.9482 - val_loss: 0.1813 - val_accuracy: 0.9006
Epoch 144/150
 - 193s - loss: 0.1371 - accuracy: 0.9527 - val_loss: 0.1882 - val_accuracy: 0.9011
Epoch 145/150
 - 193s - loss: 0.1446 - accuracy: 0.9482 - val_loss: 0.1116 - val_accuracy: 0.8967
Epoch 146/150
 - 192s - loss: 0.1572 - accuracy: 0.9436 - val_loss: 0.0766 - val_accuracy: 0.9065
Epoch 147/150
 - 192s - loss: 0.1404 - accuracy: 0.9503 - val_loss: 0.3561 - val_accuracy: 0.9103
Epoch 148/150
 - 193s - loss: 0.1496 - accuracy: 0.9469 - val_loss: 0.1755 - val_accuracy: 0.9054
Epoch 149/150
 - 204s - loss: 0.1218 - accuracy: 0.9569 - val_loss: 0.3152 - val_accuracy: 0.9140
Epoch 150/150
 - 204s - loss: 0.1385 - accuracy: 0.9524 - val_loss: 0.3769 - val_accuracy: 0.9058

../utils.py:56: H5pyDeprecationWarning: dataset.value has been deprecated. Use dataset[()] instead.
  data[k] = v.value
/home/ci411/.conda/envs/py3.5/lib/python3.6/site-packages/keras/callbacks/callbacks.py:707: RuntimeWarning: Can save best model only with val_dynamic/tags_acc available, skipping.
  'skipping.' % (self.monitor), RuntimeWarning)
/home/ci411/.conda/envs/py3.5/lib/python3.6/site-packages/keras/callbacks/callbacks.py:1042: RuntimeWarning: Reduce LR on plateau conditioned on metric `val_dynamic/tags_acc` which is not available. Available metrics are: val_loss,val_accuracy,loss,accuracy,lr
  (self.monitor, ','.join(list(logs.keys()))), RuntimeWarning
/home/ci411/.conda/envs/py3.5/lib/python3.6/site-packages/keras/callbacks/callbacks.py:846: RuntimeWarning: Early stopping conditioned on metric `val_dynamic/tags_acc` which is not available. Available metrics are: val_loss,val_accuracy,loss,accuracy,lr
  (self.monitor, ','.join(list(logs.keys()))), RuntimeWarning
Done training. Saving results to disk...
Saving Weights
2019-12-02 17:47:25.859088: W tensorflow/stream_executor/platform/default/dso_loader.cc:55] Could not load dynamic library 'libcuda.so.1'; dlerror: libcuda.so.1: cannot open shared object file: No such file or directory; LD_LIBRARY_PATH: /share/apps/anaconda3/4.3.1/lib:/share/apps/cudnn/8.0v6.0/lib64:/share/apps/cuda/8.0.44/extras/CUPTI/lib64:/share/apps/cuda/8.0.44/lib64:/share/apps/centos/7/usr/lib64:/opt/slurm/lib64
2019-12-02 17:47:25.859350: E tensorflow/stream_executor/cuda/cuda_driver.cc:318] failed call to cuInit: UNKNOWN ERROR (303)
2019-12-02 17:47:25.859383: I tensorflow/stream_executor/cuda/cuda_diagnostics.cc:156] kernel driver does not appear to be running on this host (c38-09): /proc/driver/nvidia/version does not exist
2019-12-02 17:47:25.866361: I tensorflow/core/platform/profile_utils/cpu_utils.cc:94] CPU Frequency: 2999970000 Hz
2019-12-02 17:47:25.866539: I tensorflow/compiler/xla/service/service.cc:168] XLA service 0x4b8bbe0 executing computations on platform Host. Devices:
2019-12-02 17:47:25.866556: I tensorflow/compiler/xla/service/service.cc:175]   StreamExecutor device (0): Host, Default Version
Using TensorFlow backend.
../utils.py:56: H5pyDeprecationWarning: dataset.value has been deprecated. Use dataset[()] instead.
  data[k] = v.value
Accuracy: 0.8630167837417556
Segment based metrics
========================================
  Evaluated length                  : 17989.43 sec
  Evaluated files                   : 2000 
  Segment length                    : 1.00 sec

  Overall metrics (micro-average)
  ======================================
  F-measure
    F-measure (F1)                  : 51.14 %
    Precision                       : 54.49 %
    Recall                          : 48.18 %
  Error rate
    Error rate (ER)                 : 0.68 
    Substitution rate               : 0.24 
    Deletion rate                   : 0.28 
    Insertion rate                  : 0.16 
  Accuracy
    Sensitivity                     : 48.18 %
    Specificity                     : 92.97 %
    Balanced accuracy               : 70.57 %
    Accuracy                        : 86.30 %

  Class-wise average metrics (macro-average)
  ======================================
  F-measure
    F-measure (F1)                  : 50.65 %
    Precision                       : 56.90 %
    Recall                          : 47.97 %
  Error rate
    Error rate (ER)                 : 0.92 
    Deletion rate                   : 0.52 
    Insertion rate                  : 0.40 
  Accuracy
    Sensitivity                     : 47.97 %
    Specificity                     : 92.94 %
    Balanced accuracy               : 70.46 %
    Accuracy                        : 86.30 %
  

  Class-wise metrics
  ======================================
    Event label  | Nref    Nsys  | F        Pre      Rec    | ER       Del      Ins    | Sens     Spec     Bacc     Acc     
    ------------ | -----   ----- | ------   ------   ------ | ------   ------   ------ | ------   ------   ------   ------  
    air_condit.. | 2798    4139  | 47.3%    39.6%    58.6%  | 1.31     0.41     0.89   | 58.6%    84.2%    71.4%    80.4%   
    car_horn     | 2328    2074  | 55.9%    59.4%    52.9%  | 0.83     0.47     0.36   | 52.9%    94.8%    73.9%    89.6%   
    children_p.. | 2997    2062  | 39.8%    48.8%    33.6%  | 1.02     0.66     0.35   | 33.6%    93.3%    63.4%    83.7%   
    dog_bark     | 2740    2623  | 51.6%    52.7%    50.5%  | 0.95     0.50     0.45   | 50.5%    92.2%    71.3%    86.1%   
    drilling     | 2912    2070  | 54.2%    65.3%    46.4%  | 0.78     0.54     0.25   | 46.4%    95.4%    70.9%    87.8%   
    engine_idl.. | 3009    3243  | 55.8%    53.8%    58.0%  | 0.92     0.42     0.50   | 58.0%    90.4%    74.2%    85.2%   
    gun_shot     | 2385    1076  | 43.5%    69.9%    31.5%  | 0.82     0.68     0.14   | 31.5%    98.0%    64.8%    89.5%   
    jackhammer   | 2780    1432  | 44.9%    66.1%    34.0%  | 0.83     0.66     0.17   | 34.0%    96.9%    65.5%    87.6%   
    siren        | 2911    3224  | 62.2%    59.2%    65.6%  | 0.80     0.34     0.45   | 65.6%    91.6%    78.6%    87.6%   
    street_music | 2889    2592  | 51.2%    54.2%    48.6%  | 0.93     0.51     0.41   | 48.6%    92.5%    70.5%    85.7%   


Saving results to /beegfs/ci411/pcen/models/model_single_0/results.json
Done!
