2019-12-02 09:28:50.279355: W tensorflow/stream_executor/platform/default/dso_loader.cc:55] Could not load dynamic library 'libcuda.so.1'; dlerror: libcuda.so.1: cannot open shared object file: No such file or directory; LD_LIBRARY_PATH: /share/apps/anaconda3/4.3.1/lib:/share/apps/cudnn/8.0v6.0/lib64:/share/apps/cuda/8.0.44/extras/CUPTI/lib64:/share/apps/cuda/8.0.44/lib64:/share/apps/centos/7/usr/lib64:/opt/slurm/lib64
2019-12-02 09:28:50.279502: E tensorflow/stream_executor/cuda/cuda_driver.cc:318] failed call to cuInit: UNKNOWN ERROR (303)
2019-12-02 09:28:50.279539: I tensorflow/stream_executor/cuda/cuda_diagnostics.cc:156] kernel driver does not appear to be running on this host (c27-01): /proc/driver/nvidia/version does not exist
2019-12-02 09:28:50.279916: I tensorflow/core/platform/cpu_feature_guard.cc:142] Your CPU supports instructions that this TensorFlow binary was not compiled to use: AVX2 FMA
2019-12-02 09:28:50.289517: I tensorflow/core/platform/profile_utils/cpu_utils.cc:94] CPU Frequency: 2593920000 Hz
2019-12-02 09:28:50.289752: I tensorflow/compiler/xla/service/service.cc:168] XLA service 0x4a134d0 executing computations on platform Host. Devices:
2019-12-02 09:28:50.289786: I tensorflow/compiler/xla/service/service.cc:175]   StreamExecutor device (0): Host, Default Version
Using TensorFlow backend.
  0%|          | 0/6000 [00:00<?, ?it/s] 66%|██████▋   | 3978/6000 [00:00<00:00, 39779.85it/s]100%|██████████| 6000/6000 [00:00<00:00, 54344.44it/s]
  0%|          | 0/2000 [00:00<?, ?it/s]100%|██████████| 2000/2000 [00:00<00:00, 194455.32it/s]Fit model...
Epoch 1/150
 - 160s - loss: 0.3304 - accuracy: 0.8739 - val_loss: 0.1883 - val_accuracy: 0.8553
Epoch 2/150
 - 157s - loss: 0.2273 - accuracy: 0.9136 - val_loss: 0.5359 - val_accuracy: 0.7885
Epoch 3/150
 - 157s - loss: 0.2213 - accuracy: 0.9157 - val_loss: 0.0871 - val_accuracy: 0.8898
Epoch 4/150
 - 156s - loss: 0.2029 - accuracy: 0.9250 - val_loss: 0.2235 - val_accuracy: 0.8448
Epoch 5/150
 - 157s - loss: 0.2040 - accuracy: 0.9240 - val_loss: 0.5842 - val_accuracy: 0.8119
Epoch 6/150
 - 157s - loss: 0.1803 - accuracy: 0.9349 - val_loss: 0.0267 - val_accuracy: 0.8923
Epoch 7/150
 - 157s - loss: 0.1638 - accuracy: 0.9432 - val_loss: 0.1628 - val_accuracy: 0.7745
Epoch 8/150
 - 156s - loss: 0.1612 - accuracy: 0.9435 - val_loss: 0.4340 - val_accuracy: 0.8979
Epoch 9/150
 - 156s - loss: 0.1480 - accuracy: 0.9505 - val_loss: 0.3799 - val_accuracy: 0.8645
Epoch 10/150
 - 156s - loss: 0.1588 - accuracy: 0.9451 - val_loss: 0.5519 - val_accuracy: 0.8951
Epoch 11/150
 - 157s - loss: 0.1579 - accuracy: 0.9451 - val_loss: 0.1330 - val_accuracy: 0.8888
Epoch 12/150
 - 156s - loss: 0.1595 - accuracy: 0.9436 - val_loss: 0.4632 - val_accuracy: 0.8871
Epoch 13/150
 - 157s - loss: 0.1613 - accuracy: 0.9446 - val_loss: 0.1140 - val_accuracy: 0.8868
Epoch 14/150
 - 158s - loss: 0.1436 - accuracy: 0.9518 - val_loss: 1.3703 - val_accuracy: 0.7303
Epoch 15/150
 - 158s - loss: 0.1616 - accuracy: 0.9435 - val_loss: 0.4193 - val_accuracy: 0.8620
Epoch 16/150
 - 157s - loss: 0.1553 - accuracy: 0.9464 - val_loss: 1.4002 - val_accuracy: 0.7934
Epoch 17/150
 - 158s - loss: 0.1518 - accuracy: 0.9479 - val_loss: 0.4029 - val_accuracy: 0.8766
Epoch 18/150
 - 157s - loss: 0.1356 - accuracy: 0.9564 - val_loss: 0.5906 - val_accuracy: 0.8706
Epoch 19/150
 - 157s - loss: 0.1480 - accuracy: 0.9505 - val_loss: 0.2513 - val_accuracy: 0.8821
Epoch 20/150
 - 159s - loss: 0.1194 - accuracy: 0.9624 - val_loss: 0.5144 - val_accuracy: 0.8591
Epoch 21/150
 - 157s - loss: 0.1235 - accuracy: 0.9607 - val_loss: 0.4165 - val_accuracy: 0.8494
Epoch 22/150
 - 158s - loss: 0.1564 - accuracy: 0.9466 - val_loss: 0.4314 - val_accuracy: 0.8137
Epoch 23/150
 - 157s - loss: 0.1336 - accuracy: 0.9554 - val_loss: 0.6053 - val_accuracy: 0.8269
Epoch 24/150
 - 158s - loss: 0.1242 - accuracy: 0.9598 - val_loss: 0.4523 - val_accuracy: 0.8728
Epoch 25/150
 - 157s - loss: 0.1334 - accuracy: 0.9544 - val_loss: 0.1287 - val_accuracy: 0.8782
Epoch 26/150
 - 157s - loss: 0.1350 - accuracy: 0.9536 - val_loss: 0.3921 - val_accuracy: 0.8391
Epoch 27/150
 - 157s - loss: 0.1379 - accuracy: 0.9540 - val_loss: 0.5385 - val_accuracy: 0.7940
Epoch 28/150
 - 157s - loss: 0.1372 - accuracy: 0.9542 - val_loss: 0.7871 - val_accuracy: 0.8283
Epoch 29/150
 - 157s - loss: 0.1288 - accuracy: 0.9573 - val_loss: 0.2028 - val_accuracy: 0.8371
Epoch 30/150
 - 156s - loss: 0.1262 - accuracy: 0.9582 - val_loss: 0.3433 - val_accuracy: 0.8931
Epoch 31/150
 - 157s - loss: 0.1307 - accuracy: 0.9553 - val_loss: 0.9494 - val_accuracy: 0.8275
Epoch 32/150
 - 156s - loss: 0.1423 - accuracy: 0.9526 - val_loss: 0.5581 - val_accuracy: 0.8898
Epoch 33/150
 - 156s - loss: 0.1526 - accuracy: 0.9475 - val_loss: 0.2740 - val_accuracy: 0.8859
Epoch 34/150
 - 156s - loss: 0.1299 - accuracy: 0.9578 - val_loss: 0.2364 - val_accuracy: 0.8684
Epoch 35/150
 - 156s - loss: 0.1433 - accuracy: 0.9530 - val_loss: 1.1109 - val_accuracy: 0.7463
Epoch 36/150
 - 156s - loss: 0.1163 - accuracy: 0.9616 - val_loss: 0.2606 - val_accuracy: 0.8360
Epoch 37/150
 - 156s - loss: 0.1393 - accuracy: 0.9534 - val_loss: 0.8863 - val_accuracy: 0.8349
Epoch 38/150
 - 156s - loss: 0.1330 - accuracy: 0.9576 - val_loss: 0.4236 - val_accuracy: 0.8282
Epoch 39/150
 - 156s - loss: 0.1528 - accuracy: 0.9473 - val_loss: 0.4061 - val_accuracy: 0.8887
Epoch 40/150
 - 156s - loss: 0.1443 - accuracy: 0.9512 - val_loss: 1.1792 - val_accuracy: 0.7633
Epoch 41/150
 - 156s - loss: 0.1311 - accuracy: 0.9556 - val_loss: 2.2916 - val_accuracy: 0.7236
Epoch 42/150
 - 156s - loss: 0.1314 - accuracy: 0.9573 - val_loss: 1.5677 - val_accuracy: 0.7265
Epoch 43/150
 - 156s - loss: 0.1370 - accuracy: 0.9544 - val_loss: 1.3959 - val_accuracy: 0.8297
Epoch 44/150
 - 156s - loss: 0.1448 - accuracy: 0.9510 - val_loss: 1.1341 - val_accuracy: 0.8178
Epoch 45/150
 - 156s - loss: 0.1335 - accuracy: 0.9553 - val_loss: 0.4300 - val_accuracy: 0.8522
Epoch 46/150
 - 157s - loss: 0.1423 - accuracy: 0.9520 - val_loss: 0.2480 - val_accuracy: 0.8940
Epoch 47/150
 - 156s - loss: 0.1539 - accuracy: 0.9477 - val_loss: 1.8310 - val_accuracy: 0.7627
Epoch 48/150
 - 156s - loss: 0.1214 - accuracy: 0.9602 - val_loss: 1.7423 - val_accuracy: 0.7177
Epoch 49/150
 - 156s - loss: 0.1580 - accuracy: 0.9459 - val_loss: 0.5562 - val_accuracy: 0.8483
Epoch 50/150
 - 156s - loss: 0.1521 - accuracy: 0.9494 - val_loss: 1.4407 - val_accuracy: 0.7741
Epoch 51/150
 - 156s - loss: 0.1472 - accuracy: 0.9487 - val_loss: 0.0493 - val_accuracy: 0.8588
Epoch 52/150
 - 156s - loss: 0.1370 - accuracy: 0.9540 - val_loss: 5.2614 - val_accuracy: 0.6880
Epoch 53/150
 - 155s - loss: 0.1604 - accuracy: 0.9444 - val_loss: 1.1113 - val_accuracy: 0.7641
Epoch 54/150
 - 156s - loss: 0.1430 - accuracy: 0.9531 - val_loss: 0.5658 - val_accuracy: 0.7780
Epoch 55/150
 - 156s - loss: 0.1622 - accuracy: 0.9447 - val_loss: 2.0706 - val_accuracy: 0.7078
Epoch 56/150
 - 156s - loss: 0.1155 - accuracy: 0.9628 - val_loss: 0.7752 - val_accuracy: 0.7843
Epoch 57/150
 - 156s - loss: 0.1192 - accuracy: 0.9610 - val_loss: 2.4903 - val_accuracy: 0.6264
Epoch 58/150
 - 156s - loss: 0.1453 - accuracy: 0.9514 - val_loss: 0.4144 - val_accuracy: 0.8020
Epoch 59/150
 - 156s - loss: 0.1460 - accuracy: 0.9505 - val_loss: 0.4728 - val_accuracy: 0.8522
Epoch 60/150
 - 156s - loss: 0.1385 - accuracy: 0.9510 - val_loss: 0.3739 - val_accuracy: 0.8239
Epoch 61/150
 - 157s - loss: 0.1373 - accuracy: 0.9540 - val_loss: 2.4576 - val_accuracy: 0.7581
Epoch 62/150
 - 156s - loss: 0.1349 - accuracy: 0.9548 - val_loss: 0.4481 - val_accuracy: 0.8689
Epoch 63/150
 - 156s - loss: 0.1272 - accuracy: 0.9579 - val_loss: 0.3454 - val_accuracy: 0.8861
Epoch 64/150
 - 156s - loss: 0.1229 - accuracy: 0.9615 - val_loss: 0.3835 - val_accuracy: 0.8061
Epoch 65/150
 - 156s - loss: 0.1366 - accuracy: 0.9539 - val_loss: 0.6007 - val_accuracy: 0.7333
Epoch 66/150
 - 156s - loss: 0.1526 - accuracy: 0.9483 - val_loss: 5.6432 - val_accuracy: 0.6373
Epoch 67/150
 - 156s - loss: 0.1363 - accuracy: 0.9540 - val_loss: 1.0232 - val_accuracy: 0.8705
Epoch 68/150
 - 156s - loss: 0.1273 - accuracy: 0.9580 - val_loss: 0.0944 - val_accuracy: 0.8439
Epoch 69/150
 - 156s - loss: 0.1140 - accuracy: 0.9643 - val_loss: 1.1771 - val_accuracy: 0.8329
Epoch 70/150
 - 156s - loss: 0.1378 - accuracy: 0.9544 - val_loss: 2.3277 - val_accuracy: 0.5843
Epoch 71/150
 - 157s - loss: 0.1324 - accuracy: 0.9547 - val_loss: 3.5547 - val_accuracy: 0.6440
Epoch 72/150
 - 156s - loss: 0.1266 - accuracy: 0.9581 - val_loss: 2.2568 - val_accuracy: 0.6440
Epoch 73/150
 - 156s - loss: 0.1165 - accuracy: 0.9620 - val_loss: 3.0548 - val_accuracy: 0.6985
Epoch 74/150
 - 156s - loss: 0.1292 - accuracy: 0.9576 - val_loss: 2.9483 - val_accuracy: 0.6143
Epoch 75/150
 - 156s - loss: 0.1415 - accuracy: 0.9533 - val_loss: 1.8911 - val_accuracy: 0.7602
Epoch 76/150
 - 156s - loss: 0.1418 - accuracy: 0.9532 - val_loss: 2.8747 - val_accuracy: 0.6444
Epoch 77/150
 - 156s - loss: 0.1415 - accuracy: 0.9516 - val_loss: 2.4702 - val_accuracy: 0.5964
Epoch 78/150
 - 156s - loss: 0.1263 - accuracy: 0.9579 - val_loss: 0.6141 - val_accuracy: 0.7342
Epoch 79/150
 - 156s - loss: 0.1259 - accuracy: 0.9569 - val_loss: 2.7822 - val_accuracy: 0.6150
Epoch 80/150
 - 156s - loss: 0.1176 - accuracy: 0.9613 - val_loss: 0.2856 - val_accuracy: 0.8189
Epoch 81/150
 - 156s - loss: 0.1269 - accuracy: 0.9574 - val_loss: 5.9958 - val_accuracy: 0.5861
Epoch 82/150
 - 156s - loss: 0.1244 - accuracy: 0.9583 - val_loss: 2.5643 - val_accuracy: 0.7141
Epoch 83/150
 - 156s - loss: 0.1268 - accuracy: 0.9593 - val_loss: 0.4633 - val_accuracy: 0.8471
Epoch 84/150
 - 157s - loss: 0.1399 - accuracy: 0.9529 - val_loss: 4.6212 - val_accuracy: 0.7381
Epoch 85/150
 - 156s - loss: 0.1217 - accuracy: 0.9580 - val_loss: 1.7628 - val_accuracy: 0.7559
Epoch 86/150
 - 157s - loss: 0.1301 - accuracy: 0.9557 - val_loss: 0.3843 - val_accuracy: 0.8339
Epoch 87/150
 - 158s - loss: 0.1301 - accuracy: 0.9564 - val_loss: 0.4290 - val_accuracy: 0.7847
Epoch 88/150
 - 158s - loss: 0.1364 - accuracy: 0.9540 - val_loss: 0.6723 - val_accuracy: 0.7949
Epoch 89/150
 - 158s - loss: 0.1412 - accuracy: 0.9527 - val_loss: 1.6486 - val_accuracy: 0.7129
Epoch 90/150
 - 157s - loss: 0.1379 - accuracy: 0.9540 - val_loss: 2.3071 - val_accuracy: 0.7068
Epoch 91/150
 - 157s - loss: 0.1297 - accuracy: 0.9551 - val_loss: 1.4736 - val_accuracy: 0.7297
Epoch 92/150
 - 157s - loss: 0.1360 - accuracy: 0.9527 - val_loss: 0.3335 - val_accuracy: 0.8818
Epoch 93/150
 - 156s - loss: 0.1365 - accuracy: 0.9532 - val_loss: 0.7379 - val_accuracy: 0.8856
Epoch 94/150
 - 156s - loss: 0.1307 - accuracy: 0.9567 - val_loss: 0.5121 - val_accuracy: 0.8024
Epoch 95/150
 - 156s - loss: 0.1279 - accuracy: 0.9573 - val_loss: 0.7241 - val_accuracy: 0.7856
Epoch 96/150
 - 157s - loss: 0.1418 - accuracy: 0.9527 - val_loss: 0.4479 - val_accuracy: 0.7633
Epoch 97/150
 - 158s - loss: 0.1419 - accuracy: 0.9513 - val_loss: 0.6849 - val_accuracy: 0.7819
Epoch 98/150
 - 158s - loss: 0.1411 - accuracy: 0.9508 - val_loss: 0.4493 - val_accuracy: 0.7903
Epoch 99/150
 - 159s - loss: 0.1512 - accuracy: 0.9485 - val_loss: 2.4820 - val_accuracy: 0.7748
Epoch 100/150
 - 159s - loss: 0.1390 - accuracy: 0.9535 - val_loss: 0.6834 - val_accuracy: 0.8164
Epoch 101/150
 - 159s - loss: 0.1226 - accuracy: 0.9581 - val_loss: 0.9230 - val_accuracy: 0.7876
Epoch 102/150
 - 159s - loss: 0.1345 - accuracy: 0.9542 - val_loss: 0.3395 - val_accuracy: 0.8830
Epoch 103/150
 - 158s - loss: 0.1225 - accuracy: 0.9585 - val_loss: 0.5236 - val_accuracy: 0.8311
Epoch 104/150
 - 158s - loss: 0.1417 - accuracy: 0.9516 - val_loss: 0.2132 - val_accuracy: 0.8119
Epoch 105/150
 - 158s - loss: 0.1304 - accuracy: 0.9554 - val_loss: 1.8865 - val_accuracy: 0.7715
Epoch 106/150
 - 158s - loss: 0.1198 - accuracy: 0.9606 - val_loss: 0.6525 - val_accuracy: 0.7803
Epoch 107/150
 - 158s - loss: 0.1573 - accuracy: 0.9464 - val_loss: 0.7734 - val_accuracy: 0.8039
Epoch 108/150
 - 159s - loss: 0.1376 - accuracy: 0.9531 - val_loss: 0.4687 - val_accuracy: 0.8627
Epoch 109/150
 - 159s - loss: 0.1342 - accuracy: 0.9544 - val_loss: 0.7562 - val_accuracy: 0.8500
Epoch 110/150
 - 159s - loss: 0.1360 - accuracy: 0.9554 - val_loss: 3.1549 - val_accuracy: 0.6721
Epoch 111/150
 - 157s - loss: 0.1332 - accuracy: 0.9548 - val_loss: 2.6583 - val_accuracy: 0.6779
Epoch 112/150
 - 159s - loss: 0.1324 - accuracy: 0.9549 - val_loss: 2.0740 - val_accuracy: 0.7985
Epoch 113/150
 - 157s - loss: 0.1467 - accuracy: 0.9505 - val_loss: 0.7895 - val_accuracy: 0.8360
Epoch 114/150
 - 157s - loss: 0.1338 - accuracy: 0.9546 - val_loss: 0.7598 - val_accuracy: 0.8187
Epoch 115/150
 - 157s - loss: 0.1407 - accuracy: 0.9514 - val_loss: 0.3016 - val_accuracy: 0.8865
Epoch 116/150
 - 158s - loss: 0.1369 - accuracy: 0.9544 - val_loss: 0.3496 - val_accuracy: 0.8287
Epoch 117/150
 - 157s - loss: 0.1460 - accuracy: 0.9508 - val_loss: 0.5304 - val_accuracy: 0.8415
Epoch 118/150
 - 157s - loss: 0.1258 - accuracy: 0.9579 - val_loss: 0.4765 - val_accuracy: 0.8467
Epoch 119/150
 - 157s - loss: 0.1352 - accuracy: 0.9532 - val_loss: 0.8189 - val_accuracy: 0.8232
Epoch 120/150
 - 157s - loss: 0.1354 - accuracy: 0.9533 - val_loss: 0.2337 - val_accuracy: 0.8712
Epoch 121/150
 - 156s - loss: 0.1280 - accuracy: 0.9571 - val_loss: 0.0908 - val_accuracy: 0.8951
Epoch 122/150
 - 157s - loss: 0.1192 - accuracy: 0.9604 - val_loss: 0.6439 - val_accuracy: 0.8394
Epoch 123/150
 - 156s - loss: 0.1227 - accuracy: 0.9593 - val_loss: 0.6524 - val_accuracy: 0.8179
Epoch 124/150
 - 157s - loss: 0.1393 - accuracy: 0.9538 - val_loss: 0.5270 - val_accuracy: 0.8366
Epoch 125/150
 - 156s - loss: 0.1207 - accuracy: 0.9597 - val_loss: 0.6460 - val_accuracy: 0.8210
Epoch 126/150
 - 156s - loss: 0.1343 - accuracy: 0.9557 - val_loss: 0.7912 - val_accuracy: 0.8254
Epoch 127/150
 - 156s - loss: 0.1262 - accuracy: 0.9582 - val_loss: 0.2873 - val_accuracy: 0.8725
Epoch 128/150
 - 156s - loss: 0.1204 - accuracy: 0.9604 - val_loss: 0.5339 - val_accuracy: 0.8057
Epoch 129/150
 - 156s - loss: 0.1149 - accuracy: 0.9629 - val_loss: 1.1766 - val_accuracy: 0.7801
Epoch 130/150
 - 156s - loss: 0.1303 - accuracy: 0.9562 - val_loss: 1.1074 - val_accuracy: 0.8241
Epoch 131/150
 - 156s - loss: 0.1392 - accuracy: 0.9520 - val_loss: 1.3370 - val_accuracy: 0.8156
Epoch 132/150
 - 155s - loss: 0.1342 - accuracy: 0.9548 - val_loss: 0.4934 - val_accuracy: 0.8333
Epoch 133/150
 - 155s - loss: 0.1327 - accuracy: 0.9556 - val_loss: 0.3132 - val_accuracy: 0.8680
Epoch 134/150
 - 155s - loss: 0.1306 - accuracy: 0.9577 - val_loss: 1.0468 - val_accuracy: 0.8849
Epoch 135/150
 - 156s - loss: 0.1474 - accuracy: 0.9500 - val_loss: 0.4824 - val_accuracy: 0.8417
Epoch 136/150
 - 156s - loss: 0.1128 - accuracy: 0.9621 - val_loss: 0.6511 - val_accuracy: 0.8647
Epoch 137/150
 - 156s - loss: 0.1158 - accuracy: 0.9621 - val_loss: 0.2443 - val_accuracy: 0.8741
Epoch 138/150
 - 156s - loss: 0.1148 - accuracy: 0.9622 - val_loss: 0.9706 - val_accuracy: 0.8156
Epoch 139/150
 - 159s - loss: 0.1258 - accuracy: 0.9575 - val_loss: 0.9190 - val_accuracy: 0.7457
Epoch 140/150
 - 159s - loss: 0.1214 - accuracy: 0.9582 - val_loss: 0.6374 - val_accuracy: 0.8681
Epoch 141/150
 - 159s - loss: 0.1310 - accuracy: 0.9553 - val_loss: 0.4280 - val_accuracy: 0.8335
Epoch 142/150
 - 159s - loss: 0.1188 - accuracy: 0.9606 - val_loss: 0.9975 - val_accuracy: 0.8644
Epoch 143/150
 - 159s - loss: 0.1369 - accuracy: 0.9541 - val_loss: 0.4378 - val_accuracy: 0.8261
Epoch 144/150
 - 158s - loss: 0.1313 - accuracy: 0.9565 - val_loss: 2.5228 - val_accuracy: 0.7492
Epoch 145/150
 - 159s - loss: 0.1346 - accuracy: 0.9541 - val_loss: 0.0634 - val_accuracy: 0.8666
Epoch 146/150
 - 159s - loss: 0.1351 - accuracy: 0.9548 - val_loss: 0.7156 - val_accuracy: 0.8062
Epoch 147/150
 - 158s - loss: 0.1292 - accuracy: 0.9561 - val_loss: 0.4502 - val_accuracy: 0.8628
Epoch 148/150
 - 158s - loss: 0.1460 - accuracy: 0.9496 - val_loss: 0.3710 - val_accuracy: 0.8573
Epoch 149/150
 - 158s - loss: 0.1096 - accuracy: 0.9626 - val_loss: 0.4650 - val_accuracy: 0.8780
Epoch 150/150
 - 159s - loss: 0.1259 - accuracy: 0.9591 - val_loss: 0.4771 - val_accuracy: 0.8143

../utils.py:56: H5pyDeprecationWarning: dataset.value has been deprecated. Use dataset[()] instead.
  data[k] = v.value
/home/ci411/.conda/envs/py3.5/lib/python3.6/site-packages/keras/callbacks/callbacks.py:707: RuntimeWarning: Can save best model only with val_dynamic/tags_acc available, skipping.
  'skipping.' % (self.monitor), RuntimeWarning)
/home/ci411/.conda/envs/py3.5/lib/python3.6/site-packages/keras/callbacks/callbacks.py:1042: RuntimeWarning: Reduce LR on plateau conditioned on metric `val_dynamic/tags_acc` which is not available. Available metrics are: val_loss,val_accuracy,loss,accuracy,lr
  (self.monitor, ','.join(list(logs.keys()))), RuntimeWarning
/home/ci411/.conda/envs/py3.5/lib/python3.6/site-packages/keras/callbacks/callbacks.py:846: RuntimeWarning: Early stopping conditioned on metric `val_dynamic/tags_acc` which is not available. Available metrics are: val_loss,val_accuracy,loss,accuracy,lr
  (self.monitor, ','.join(list(logs.keys()))), RuntimeWarning
Done training. Saving results to disk...
Saving Weights
2019-12-02 16:01:24.795658: W tensorflow/stream_executor/platform/default/dso_loader.cc:55] Could not load dynamic library 'libcuda.so.1'; dlerror: libcuda.so.1: cannot open shared object file: No such file or directory; LD_LIBRARY_PATH: /share/apps/anaconda3/4.3.1/lib:/share/apps/cudnn/8.0v6.0/lib64:/share/apps/cuda/8.0.44/extras/CUPTI/lib64:/share/apps/cuda/8.0.44/lib64:/share/apps/centos/7/usr/lib64:/opt/slurm/lib64
2019-12-02 16:01:24.795893: E tensorflow/stream_executor/cuda/cuda_driver.cc:318] failed call to cuInit: UNKNOWN ERROR (303)
2019-12-02 16:01:24.795920: I tensorflow/stream_executor/cuda/cuda_diagnostics.cc:156] kernel driver does not appear to be running on this host (c27-01): /proc/driver/nvidia/version does not exist
2019-12-02 16:01:24.796131: I tensorflow/core/platform/cpu_feature_guard.cc:142] Your CPU supports instructions that this TensorFlow binary was not compiled to use: AVX2 FMA
2019-12-02 16:01:24.803073: I tensorflow/core/platform/profile_utils/cpu_utils.cc:94] CPU Frequency: 2593920000 Hz
2019-12-02 16:01:24.803300: I tensorflow/compiler/xla/service/service.cc:168] XLA service 0x49a5180 executing computations on platform Host. Devices:
2019-12-02 16:01:24.803316: I tensorflow/compiler/xla/service/service.cc:175]   StreamExecutor device (0): Host, Default Version
Using TensorFlow backend.
../utils.py:56: H5pyDeprecationWarning: dataset.value has been deprecated. Use dataset[()] instead.
  data[k] = v.value
Accuracy: 0.7845121218192747
Segment based metrics
========================================
  Evaluated length                  : 19569.81 sec
  Evaluated files                   : 2000 
  Segment length                    : 1.00 sec

  Overall metrics (micro-average)
  ======================================
  F-measure
    F-measure (F1)                  : 34.26 %
    Precision                       : 29.74 %
    Recall                          : 40.39 %
  Error rate
    Error rate (ER)                 : 1.15 
    Substitution rate               : 0.40 
    Deletion rate                   : 0.19 
    Insertion rate                  : 0.55 
  Accuracy
    Sensitivity                     : 40.39 %
    Specificity                     : 84.59 %
    Balanced accuracy               : 62.49 %
    Accuracy                        : 78.45 %

  Class-wise average metrics (macro-average)
  ======================================
  F-measure
    F-measure (F1)                  : 33.91 %
    Precision                       : 41.11 %
    Recall                          : 41.26 %
  Error rate
    Error rate (ER)                 : 1.58 
    Deletion rate                   : 0.59 
    Insertion rate                  : 1.00 
  Accuracy
    Sensitivity                     : 41.26 %
    Specificity                     : 84.68 %
    Balanced accuracy               : 62.97 %
    Accuracy                        : 78.45 %
  

  Class-wise metrics
  ======================================
    Event label  | Nref    Nsys  | F        Pre      Rec    | ER       Del      Ins    | Sens     Spec     Bacc     Acc     
    ------------ | -----   ----- | ------   ------   ------ | ------   ------   ------ | ------   ------   ------   ------  
    air_condit.. | 2798    3599  | 30.1%    26.8%    34.4%  | 1.60     0.66     0.94   | 34.4%    84.6%    59.5%    77.6%   
    car_horn     | 2328    3441  | 49.3%    41.4%    61.1%  | 1.26     0.39     0.87   | 61.1%    88.6%    74.8%    85.4%   
    children_p.. | 2997    948   | 25.4%    53.0%    16.8%  | 0.98     0.83     0.15   | 16.8%    97.4%    57.1%    85.3%   
    dog_bark     | 2740    13213 | 28.5%    17.2%    83.0%  | 4.16     0.17     3.99   | 83.0%    36.5%    59.7%    42.9%   
    drilling     | 2912    4082  | 49.9%    42.7%    59.9%  | 1.20     0.40     0.80   | 59.9%    86.3%    73.1%    82.4%   
    engine_idl.. | 3009    904   | 19.9%    43.0%    12.9%  | 1.04     0.87     0.17   | 12.9%    97.0%    54.9%    84.3%   
    gun_shot     | 2385    6828  | 23.5%    15.9%    45.5%  | 2.95     0.55     2.41   | 45.5%    67.3%    56.4%    64.7%   
    jackhammer   | 2780    1517  | 50.7%    71.9%    39.2%  | 0.76     0.61     0.15   | 39.2%    97.5%    68.4%    89.4%   
    siren        | 2911    2971  | 56.4%    55.8%    57.0%  | 0.88     0.43     0.45   | 57.0%    92.3%    74.6%    87.2%   
    street_music | 2889    186   | 5.3%     43.5%    2.8%   | 1.01     0.97     0.04   | 2.8%     99.4%    51.1%    85.4%   


Saving results to /beegfs/ci411/pcen/models/model_single_9/results.json
Done!
