2019-12-02 09:28:49.589428: W tensorflow/stream_executor/platform/default/dso_loader.cc:55] Could not load dynamic library 'libcuda.so.1'; dlerror: libcuda.so.1: cannot open shared object file: No such file or directory; LD_LIBRARY_PATH: /share/apps/anaconda3/4.3.1/lib:/share/apps/cudnn/8.0v6.0/lib64:/share/apps/cuda/8.0.44/extras/CUPTI/lib64:/share/apps/cuda/8.0.44/lib64:/share/apps/centos/7/usr/lib64:/opt/slurm/lib64
2019-12-02 09:28:49.589470: E tensorflow/stream_executor/cuda/cuda_driver.cc:318] failed call to cuInit: UNKNOWN ERROR (303)
2019-12-02 09:28:49.589495: I tensorflow/stream_executor/cuda/cuda_diagnostics.cc:156] kernel driver does not appear to be running on this host (c38-12): /proc/driver/nvidia/version does not exist
2019-12-02 09:28:49.596667: I tensorflow/core/platform/profile_utils/cpu_utils.cc:94] CPU Frequency: 2999820000 Hz
2019-12-02 09:28:49.596853: I tensorflow/compiler/xla/service/service.cc:168] XLA service 0x59c97c0 executing computations on platform Host. Devices:
2019-12-02 09:28:49.596869: I tensorflow/compiler/xla/service/service.cc:175]   StreamExecutor device (0): Host, Default Version
Using TensorFlow backend.
  0%|          | 0/6000 [00:00<?, ?it/s] 63%|██████▎   | 3775/6000 [00:00<00:00, 37747.52it/s]100%|██████████| 6000/6000 [00:00<00:00, 51383.57it/s]
  0%|          | 0/2000 [00:00<?, ?it/s]100%|██████████| 2000/2000 [00:00<00:00, 133150.39it/s]Fit model...
Epoch 1/150
 - 183s - loss: 0.3026 - accuracy: 0.8852 - val_loss: 0.1619 - val_accuracy: 0.8844
Epoch 2/150
 - 179s - loss: 0.1904 - accuracy: 0.9314 - val_loss: 0.3545 - val_accuracy: 0.8824
Epoch 3/150
 - 180s - loss: 0.1811 - accuracy: 0.9371 - val_loss: 0.0817 - val_accuracy: 0.8940
Epoch 4/150
 - 179s - loss: 0.1578 - accuracy: 0.9466 - val_loss: 0.2270 - val_accuracy: 0.8932
Epoch 5/150
 - 179s - loss: 0.1728 - accuracy: 0.9401 - val_loss: 0.1947 - val_accuracy: 0.8864
Epoch 6/150
 - 179s - loss: 0.1488 - accuracy: 0.9509 - val_loss: 0.0364 - val_accuracy: 0.8907
Epoch 7/150
 - 180s - loss: 0.1380 - accuracy: 0.9552 - val_loss: 0.0729 - val_accuracy: 0.8911
Epoch 8/150
 - 180s - loss: 0.1355 - accuracy: 0.9561 - val_loss: 0.5110 - val_accuracy: 0.8973
Epoch 9/150
 - 179s - loss: 0.1316 - accuracy: 0.9588 - val_loss: 0.3577 - val_accuracy: 0.8935
Epoch 10/150
 - 179s - loss: 0.1414 - accuracy: 0.9542 - val_loss: 0.3059 - val_accuracy: 0.9014
Epoch 11/150
 - 179s - loss: 0.1409 - accuracy: 0.9532 - val_loss: 0.1796 - val_accuracy: 0.8932
Epoch 12/150
 - 179s - loss: 0.1410 - accuracy: 0.9541 - val_loss: 0.4758 - val_accuracy: 0.8928
Epoch 13/150
 - 180s - loss: 0.1386 - accuracy: 0.9555 - val_loss: 0.0260 - val_accuracy: 0.8897
Epoch 14/150
 - 180s - loss: 0.1315 - accuracy: 0.9576 - val_loss: 0.0542 - val_accuracy: 0.8942
Epoch 15/150
 - 180s - loss: 0.1490 - accuracy: 0.9512 - val_loss: 0.5759 - val_accuracy: 0.8929
Epoch 16/150
 - 179s - loss: 0.1387 - accuracy: 0.9548 - val_loss: 0.6076 - val_accuracy: 0.9033
Epoch 17/150
 - 179s - loss: 0.1399 - accuracy: 0.9550 - val_loss: 0.5037 - val_accuracy: 0.8852
Epoch 18/150
 - 180s - loss: 0.1278 - accuracy: 0.9614 - val_loss: 0.6530 - val_accuracy: 0.8899
Epoch 19/150
 - 179s - loss: 0.1432 - accuracy: 0.9522 - val_loss: 0.2557 - val_accuracy: 0.8966
Epoch 20/150
 - 175s - loss: 0.1140 - accuracy: 0.9651 - val_loss: 0.5837 - val_accuracy: 0.8985
Epoch 21/150
 - 174s - loss: 0.1142 - accuracy: 0.9652 - val_loss: 0.5403 - val_accuracy: 0.8889
Epoch 22/150
 - 174s - loss: 0.1451 - accuracy: 0.9522 - val_loss: 0.0863 - val_accuracy: 0.8947
Epoch 23/150
 - 173s - loss: 0.1243 - accuracy: 0.9603 - val_loss: 0.4995 - val_accuracy: 0.8946
Epoch 24/150
 - 174s - loss: 0.1197 - accuracy: 0.9624 - val_loss: 0.1671 - val_accuracy: 0.8973
Epoch 25/150
 - 174s - loss: 0.1269 - accuracy: 0.9581 - val_loss: 0.2423 - val_accuracy: 0.8919
Epoch 26/150
 - 172s - loss: 0.1334 - accuracy: 0.9557 - val_loss: 0.2631 - val_accuracy: 0.8937
Epoch 27/150
 - 173s - loss: 0.1335 - accuracy: 0.9570 - val_loss: 0.2642 - val_accuracy: 0.8946
Epoch 28/150
 - 174s - loss: 0.1282 - accuracy: 0.9591 - val_loss: 0.3878 - val_accuracy: 0.8953
Epoch 29/150
 - 174s - loss: 0.1265 - accuracy: 0.9587 - val_loss: 0.2607 - val_accuracy: 0.8950
Epoch 30/150
 - 174s - loss: 0.1279 - accuracy: 0.9586 - val_loss: 0.3774 - val_accuracy: 0.9068
Epoch 31/150
 - 173s - loss: 0.1256 - accuracy: 0.9588 - val_loss: 0.4215 - val_accuracy: 0.8962
Epoch 32/150
 - 173s - loss: 0.1467 - accuracy: 0.9516 - val_loss: 0.4640 - val_accuracy: 0.8940
Epoch 33/150
 - 173s - loss: 0.1634 - accuracy: 0.9430 - val_loss: 0.1553 - val_accuracy: 0.8979
Epoch 34/150
 - 174s - loss: 0.1321 - accuracy: 0.9586 - val_loss: 0.1303 - val_accuracy: 0.8972
Epoch 35/150
 - 173s - loss: 0.1379 - accuracy: 0.9561 - val_loss: 0.2435 - val_accuracy: 0.8921
Epoch 36/150
 - 174s - loss: 0.1262 - accuracy: 0.9579 - val_loss: 0.2428 - val_accuracy: 0.8999
Epoch 37/150
 - 174s - loss: 0.1461 - accuracy: 0.9512 - val_loss: 0.5075 - val_accuracy: 0.8972
Epoch 38/150
 - 174s - loss: 0.1290 - accuracy: 0.9599 - val_loss: 0.0404 - val_accuracy: 0.9052
Epoch 39/150
 - 174s - loss: 0.1468 - accuracy: 0.9506 - val_loss: 0.3514 - val_accuracy: 0.8954
Epoch 40/150
 - 174s - loss: 0.1454 - accuracy: 0.9519 - val_loss: 0.0247 - val_accuracy: 0.8932
Epoch 41/150
 - 179s - loss: 0.1260 - accuracy: 0.9574 - val_loss: 0.3786 - val_accuracy: 0.9028
Epoch 42/150
 - 182s - loss: 0.1365 - accuracy: 0.9555 - val_loss: 0.5880 - val_accuracy: 0.9035
Epoch 43/150
 - 182s - loss: 0.1511 - accuracy: 0.9486 - val_loss: 0.5531 - val_accuracy: 0.8987
Epoch 44/150
 - 183s - loss: 0.1517 - accuracy: 0.9476 - val_loss: 0.2932 - val_accuracy: 0.8965
Epoch 45/150
 - 182s - loss: 0.1333 - accuracy: 0.9581 - val_loss: 0.0953 - val_accuracy: 0.8962
Epoch 46/150
 - 181s - loss: 0.1439 - accuracy: 0.9532 - val_loss: 0.4482 - val_accuracy: 0.9021
Epoch 47/150
 - 183s - loss: 0.1525 - accuracy: 0.9492 - val_loss: 0.1990 - val_accuracy: 0.9040
Epoch 48/150
 - 183s - loss: 0.1169 - accuracy: 0.9630 - val_loss: 0.1540 - val_accuracy: 0.9038
Epoch 49/150
 - 177s - loss: 0.1679 - accuracy: 0.9420 - val_loss: 0.4823 - val_accuracy: 0.8950
Epoch 50/150
 - 179s - loss: 0.1467 - accuracy: 0.9503 - val_loss: 0.3428 - val_accuracy: 0.8915
Epoch 51/150
 - 174s - loss: 0.1490 - accuracy: 0.9500 - val_loss: 0.0241 - val_accuracy: 0.9015
Epoch 52/150
 - 173s - loss: 0.1538 - accuracy: 0.9475 - val_loss: 0.0452 - val_accuracy: 0.9012
Epoch 53/150
 - 174s - loss: 0.1616 - accuracy: 0.9431 - val_loss: 0.4238 - val_accuracy: 0.9033
Epoch 54/150
 - 175s - loss: 0.1509 - accuracy: 0.9497 - val_loss: 0.0340 - val_accuracy: 0.8969
Epoch 55/150
 - 181s - loss: 0.1626 - accuracy: 0.9457 - val_loss: 0.3739 - val_accuracy: 0.9001
Epoch 56/150
 - 181s - loss: 0.1242 - accuracy: 0.9578 - val_loss: 0.2939 - val_accuracy: 0.8961
Epoch 57/150
 - 178s - loss: 0.1433 - accuracy: 0.9510 - val_loss: 0.3322 - val_accuracy: 0.8987
Epoch 58/150
 - 174s - loss: 0.1561 - accuracy: 0.9463 - val_loss: 0.3140 - val_accuracy: 0.8958
Epoch 59/150
 - 177s - loss: 0.1486 - accuracy: 0.9497 - val_loss: 0.2696 - val_accuracy: 0.9061
Epoch 60/150
 - 180s - loss: 0.1581 - accuracy: 0.9428 - val_loss: 0.2568 - val_accuracy: 0.8981
Epoch 61/150
 - 181s - loss: 0.1629 - accuracy: 0.9404 - val_loss: 0.4420 - val_accuracy: 0.8936
Epoch 62/150
 - 182s - loss: 0.1606 - accuracy: 0.9431 - val_loss: 0.3822 - val_accuracy: 0.9079
Epoch 63/150
 - 178s - loss: 0.1591 - accuracy: 0.9442 - val_loss: 0.3332 - val_accuracy: 0.9065
Epoch 64/150
 - 182s - loss: 0.1534 - accuracy: 0.9473 - val_loss: 0.1752 - val_accuracy: 0.8932
Epoch 65/150
 - 181s - loss: 0.1428 - accuracy: 0.9506 - val_loss: 0.0477 - val_accuracy: 0.9008
Epoch 66/150
 - 179s - loss: 0.1748 - accuracy: 0.9360 - val_loss: 0.1211 - val_accuracy: 0.9044
Epoch 67/150
 - 174s - loss: 0.1479 - accuracy: 0.9477 - val_loss: 0.3978 - val_accuracy: 0.9065
Epoch 68/150
 - 173s - loss: 0.1503 - accuracy: 0.9463 - val_loss: 0.0209 - val_accuracy: 0.8889
Epoch 69/150
 - 172s - loss: 0.1371 - accuracy: 0.9538 - val_loss: 0.3761 - val_accuracy: 0.9002
Epoch 70/150
 - 172s - loss: 0.1635 - accuracy: 0.9418 - val_loss: 0.4511 - val_accuracy: 0.8975
Epoch 71/150
 - 173s - loss: 0.1749 - accuracy: 0.9350 - val_loss: 0.2062 - val_accuracy: 0.9066
Epoch 72/150
 - 173s - loss: 0.1570 - accuracy: 0.9452 - val_loss: 0.1181 - val_accuracy: 0.9071
Epoch 73/150
 - 173s - loss: 0.1381 - accuracy: 0.9524 - val_loss: 0.4246 - val_accuracy: 0.9075
Epoch 74/150
 - 173s - loss: 0.1632 - accuracy: 0.9428 - val_loss: 0.5199 - val_accuracy: 0.9032
Epoch 75/150
 - 173s - loss: 0.1667 - accuracy: 0.9406 - val_loss: 0.4797 - val_accuracy: 0.9032
Epoch 76/150
 - 173s - loss: 0.1768 - accuracy: 0.9354 - val_loss: 0.3333 - val_accuracy: 0.8954
Epoch 77/150
 - 173s - loss: 0.1672 - accuracy: 0.9392 - val_loss: 0.6877 - val_accuracy: 0.8991
Epoch 78/150
 - 173s - loss: 0.1465 - accuracy: 0.9482 - val_loss: 0.3020 - val_accuracy: 0.9064
Epoch 79/150
 - 173s - loss: 0.1444 - accuracy: 0.9486 - val_loss: 0.4598 - val_accuracy: 0.9028
Epoch 80/150
 - 176s - loss: 0.1409 - accuracy: 0.9498 - val_loss: 0.0941 - val_accuracy: 0.9039
Epoch 81/150
 - 178s - loss: 0.1448 - accuracy: 0.9471 - val_loss: 0.2019 - val_accuracy: 0.9035
Epoch 82/150
 - 178s - loss: 0.1534 - accuracy: 0.9460 - val_loss: 0.3864 - val_accuracy: 0.9029
Epoch 83/150
 - 177s - loss: 0.1687 - accuracy: 0.9420 - val_loss: 0.5038 - val_accuracy: 0.8976
Epoch 84/150
 - 177s - loss: 0.1885 - accuracy: 0.9298 - val_loss: 0.0536 - val_accuracy: 0.9027
Epoch 85/150
 - 178s - loss: 0.1568 - accuracy: 0.9421 - val_loss: 0.1958 - val_accuracy: 0.9040
Epoch 86/150
 - 178s - loss: 0.1698 - accuracy: 0.9388 - val_loss: 0.2425 - val_accuracy: 0.8983
Epoch 87/150
 - 178s - loss: 0.1703 - accuracy: 0.9383 - val_loss: 0.2882 - val_accuracy: 0.9093
Epoch 88/150
 - 179s - loss: 0.1622 - accuracy: 0.9429 - val_loss: 0.3450 - val_accuracy: 0.9064
Epoch 89/150
 - 178s - loss: 0.1697 - accuracy: 0.9398 - val_loss: 0.3951 - val_accuracy: 0.8986
Epoch 90/150
 - 178s - loss: 0.1643 - accuracy: 0.9420 - val_loss: 0.3413 - val_accuracy: 0.9136
Epoch 91/150
 - 178s - loss: 0.1470 - accuracy: 0.9469 - val_loss: 0.4653 - val_accuracy: 0.9056
Epoch 92/150
 - 178s - loss: 0.1609 - accuracy: 0.9420 - val_loss: 0.2199 - val_accuracy: 0.9029
Epoch 93/150
 - 178s - loss: 0.1623 - accuracy: 0.9410 - val_loss: 0.4052 - val_accuracy: 0.9051
Epoch 94/150
 - 178s - loss: 0.1573 - accuracy: 0.9426 - val_loss: 0.0848 - val_accuracy: 0.9006
Epoch 95/150
 - 178s - loss: 0.1642 - accuracy: 0.9401 - val_loss: 0.3516 - val_accuracy: 0.9059
Epoch 96/150
 - 177s - loss: 0.1845 - accuracy: 0.9323 - val_loss: 0.1782 - val_accuracy: 0.9041
Epoch 97/150
 - 178s - loss: 0.1690 - accuracy: 0.9366 - val_loss: 0.2565 - val_accuracy: 0.9022
Epoch 98/150
 - 180s - loss: 0.1775 - accuracy: 0.9344 - val_loss: 0.1952 - val_accuracy: 0.9066
Epoch 99/150
 - 180s - loss: 0.1857 - accuracy: 0.9317 - val_loss: 0.0368 - val_accuracy: 0.9047
Epoch 100/150
 - 181s - loss: 0.1707 - accuracy: 0.9371 - val_loss: 0.1293 - val_accuracy: 0.9071
Epoch 101/150
 - 181s - loss: 0.1642 - accuracy: 0.9377 - val_loss: 0.3550 - val_accuracy: 0.8957
Epoch 102/150
 - 180s - loss: 0.1692 - accuracy: 0.9376 - val_loss: 0.3522 - val_accuracy: 0.9009
Epoch 103/150
 - 179s - loss: 0.1567 - accuracy: 0.9433 - val_loss: 0.1540 - val_accuracy: 0.9106
Epoch 104/150
 - 179s - loss: 0.1803 - accuracy: 0.9344 - val_loss: 0.0737 - val_accuracy: 0.9028
Epoch 105/150
 - 180s - loss: 0.1552 - accuracy: 0.9443 - val_loss: 0.4689 - val_accuracy: 0.9042
Epoch 106/150
 - 181s - loss: 0.1566 - accuracy: 0.9438 - val_loss: 0.3522 - val_accuracy: 0.8992
Epoch 107/150
 - 179s - loss: 0.2107 - accuracy: 0.9204 - val_loss: 0.3874 - val_accuracy: 0.9049
Epoch 108/150
 - 178s - loss: 0.1817 - accuracy: 0.9316 - val_loss: 0.3435 - val_accuracy: 0.8990
Epoch 109/150
 - 177s - loss: 0.1676 - accuracy: 0.9379 - val_loss: 0.3577 - val_accuracy: 0.9053
Epoch 110/150
 - 178s - loss: 0.1679 - accuracy: 0.9396 - val_loss: 0.3377 - val_accuracy: 0.9011
Epoch 111/150
 - 177s - loss: 0.1728 - accuracy: 0.9376 - val_loss: 0.3827 - val_accuracy: 0.9097
Epoch 112/150
 - 177s - loss: 0.1718 - accuracy: 0.9359 - val_loss: 0.0179 - val_accuracy: 0.9022
Epoch 113/150
 - 176s - loss: 0.1734 - accuracy: 0.9359 - val_loss: 0.2025 - val_accuracy: 0.9073
Epoch 114/150
 - 177s - loss: 0.1591 - accuracy: 0.9405 - val_loss: 0.4194 - val_accuracy: 0.9021
Epoch 115/150
 - 177s - loss: 0.1649 - accuracy: 0.9396 - val_loss: 0.1851 - val_accuracy: 0.9072
Epoch 116/150
 - 176s - loss: 0.1627 - accuracy: 0.9426 - val_loss: 0.2899 - val_accuracy: 0.8973
Epoch 117/150
 - 177s - loss: 0.1872 - accuracy: 0.9319 - val_loss: 0.2360 - val_accuracy: 0.9035
Epoch 118/150
 - 176s - loss: 0.1623 - accuracy: 0.9418 - val_loss: 0.2936 - val_accuracy: 0.9021
Epoch 119/150
 - 177s - loss: 0.1718 - accuracy: 0.9354 - val_loss: 0.4509 - val_accuracy: 0.9010
Epoch 120/150
 - 177s - loss: 0.1736 - accuracy: 0.9349 - val_loss: 0.4119 - val_accuracy: 0.9012
Epoch 121/150
 - 177s - loss: 0.1898 - accuracy: 0.9286 - val_loss: 0.0715 - val_accuracy: 0.9100
Epoch 122/150
 - 177s - loss: 0.1683 - accuracy: 0.9374 - val_loss: 0.4793 - val_accuracy: 0.9096
Epoch 123/150
 - 179s - loss: 0.1589 - accuracy: 0.9429 - val_loss: 0.4387 - val_accuracy: 0.9016
Epoch 124/150
 - 179s - loss: 0.1782 - accuracy: 0.9347 - val_loss: 0.2302 - val_accuracy: 0.8982
Epoch 125/150
 - 179s - loss: 0.1533 - accuracy: 0.9444 - val_loss: 0.5320 - val_accuracy: 0.8992
Epoch 126/150
 - 179s - loss: 0.1697 - accuracy: 0.9386 - val_loss: 0.4246 - val_accuracy: 0.9016
Epoch 127/150
 - 179s - loss: 0.1610 - accuracy: 0.9401 - val_loss: 0.1538 - val_accuracy: 0.8982
Epoch 128/150
 - 176s - loss: 0.1619 - accuracy: 0.9418 - val_loss: 0.0723 - val_accuracy: 0.9051
Epoch 129/150
 - 175s - loss: 0.1570 - accuracy: 0.9439 - val_loss: 0.5831 - val_accuracy: 0.8983
Epoch 130/150
 - 175s - loss: 0.1709 - accuracy: 0.9383 - val_loss: 0.5105 - val_accuracy: 0.8976
Epoch 131/150
 - 175s - loss: 0.1713 - accuracy: 0.9348 - val_loss: 0.3346 - val_accuracy: 0.8958
Epoch 132/150
 - 175s - loss: 0.1656 - accuracy: 0.9389 - val_loss: 0.1762 - val_accuracy: 0.9009
Epoch 133/150
 - 175s - loss: 0.1697 - accuracy: 0.9365 - val_loss: 0.2486 - val_accuracy: 0.9014
Epoch 134/150
 - 175s - loss: 0.1762 - accuracy: 0.9369 - val_loss: 0.6186 - val_accuracy: 0.9097
Epoch 135/150
 - 175s - loss: 0.1962 - accuracy: 0.9259 - val_loss: 0.3593 - val_accuracy: 0.9094
Epoch 136/150
 - 175s - loss: 0.1741 - accuracy: 0.9349 - val_loss: 0.2242 - val_accuracy: 0.9004
Epoch 137/150
 - 175s - loss: 0.1710 - accuracy: 0.9376 - val_loss: 0.0768 - val_accuracy: 0.9081
Epoch 138/150
 - 176s - loss: 0.1599 - accuracy: 0.9412 - val_loss: 0.2421 - val_accuracy: 0.9053
Epoch 139/150
 - 175s - loss: 0.1731 - accuracy: 0.9335 - val_loss: 0.1133 - val_accuracy: 0.9035
Epoch 140/150
 - 175s - loss: 0.1739 - accuracy: 0.9338 - val_loss: 0.2035 - val_accuracy: 0.9068
Epoch 141/150
 - 175s - loss: 0.1702 - accuracy: 0.9370 - val_loss: 0.4354 - val_accuracy: 0.9067
Epoch 142/150
 - 175s - loss: 0.1598 - accuracy: 0.9404 - val_loss: 0.5676 - val_accuracy: 0.9016
Epoch 143/150
 - 174s - loss: 0.1838 - accuracy: 0.9306 - val_loss: 0.1933 - val_accuracy: 0.8966
Epoch 144/150
 - 175s - loss: 0.1724 - accuracy: 0.9356 - val_loss: 0.0954 - val_accuracy: 0.9014
Epoch 145/150
 - 175s - loss: 0.1807 - accuracy: 0.9315 - val_loss: 0.0929 - val_accuracy: 0.8973
Epoch 146/150
 - 175s - loss: 0.1746 - accuracy: 0.9347 - val_loss: 0.1080 - val_accuracy: 0.9042
Epoch 147/150
 - 175s - loss: 0.1578 - accuracy: 0.9422 - val_loss: 0.3284 - val_accuracy: 0.9091
Epoch 148/150
 - 174s - loss: 0.1740 - accuracy: 0.9364 - val_loss: 0.1952 - val_accuracy: 0.9038
Epoch 149/150
 - 175s - loss: 0.1482 - accuracy: 0.9450 - val_loss: 0.3530 - val_accuracy: 0.9144
Epoch 150/150
 - 174s - loss: 0.1676 - accuracy: 0.9396 - val_loss: 0.3995 - val_accuracy: 0.9008

../utils.py:56: H5pyDeprecationWarning: dataset.value has been deprecated. Use dataset[()] instead.
  data[k] = v.value
/home/ci411/.conda/envs/py3.5/lib/python3.6/site-packages/keras/callbacks/callbacks.py:707: RuntimeWarning: Can save best model only with val_dynamic/tags_acc available, skipping.
  'skipping.' % (self.monitor), RuntimeWarning)
/home/ci411/.conda/envs/py3.5/lib/python3.6/site-packages/keras/callbacks/callbacks.py:1042: RuntimeWarning: Reduce LR on plateau conditioned on metric `val_dynamic/tags_acc` which is not available. Available metrics are: val_loss,val_accuracy,loss,accuracy,lr
  (self.monitor, ','.join(list(logs.keys()))), RuntimeWarning
/home/ci411/.conda/envs/py3.5/lib/python3.6/site-packages/keras/callbacks/callbacks.py:846: RuntimeWarning: Early stopping conditioned on metric `val_dynamic/tags_acc` which is not available. Available metrics are: val_loss,val_accuracy,loss,accuracy,lr
  (self.monitor, ','.join(list(logs.keys()))), RuntimeWarning
Done training. Saving results to disk...
Saving Weights
2019-12-02 16:51:24.436965: W tensorflow/stream_executor/platform/default/dso_loader.cc:55] Could not load dynamic library 'libcuda.so.1'; dlerror: libcuda.so.1: cannot open shared object file: No such file or directory; LD_LIBRARY_PATH: /share/apps/anaconda3/4.3.1/lib:/share/apps/cudnn/8.0v6.0/lib64:/share/apps/cuda/8.0.44/extras/CUPTI/lib64:/share/apps/cuda/8.0.44/lib64:/share/apps/centos/7/usr/lib64:/opt/slurm/lib64
2019-12-02 16:51:24.437187: E tensorflow/stream_executor/cuda/cuda_driver.cc:318] failed call to cuInit: UNKNOWN ERROR (303)
2019-12-02 16:51:24.437215: I tensorflow/stream_executor/cuda/cuda_diagnostics.cc:156] kernel driver does not appear to be running on this host (c38-12): /proc/driver/nvidia/version does not exist
2019-12-02 16:51:24.444130: I tensorflow/core/platform/profile_utils/cpu_utils.cc:94] CPU Frequency: 2999820000 Hz
2019-12-02 16:51:24.444303: I tensorflow/compiler/xla/service/service.cc:168] XLA service 0x480d940 executing computations on platform Host. Devices:
2019-12-02 16:51:24.444320: I tensorflow/compiler/xla/service/service.cc:175]   StreamExecutor device (0): Host, Default Version
Using TensorFlow backend.
../utils.py:56: H5pyDeprecationWarning: dataset.value has been deprecated. Use dataset[()] instead.
  data[k] = v.value
Accuracy: 0.856249663127257
Segment based metrics
========================================
  Evaluated length                  : 17888.49 sec
  Evaluated files                   : 2000 
  Segment length                    : 1.00 sec

  Overall metrics (micro-average)
  ======================================
  F-measure
    F-measure (F1)                  : 50.43 %
    Precision                       : 52.07 %
    Recall                          : 48.90 %
  Error rate
    Error rate (ER)                 : 0.70 
    Substitution rate               : 0.26 
    Deletion rate                   : 0.25 
    Insertion rate                  : 0.19 
  Accuracy
    Sensitivity                     : 48.90 %
    Specificity                     : 92.08 %
    Balanced accuracy               : 70.49 %
    Accuracy                        : 85.62 %

  Class-wise average metrics (macro-average)
  ======================================
  F-measure
    F-measure (F1)                  : 49.31 %
    Precision                       : 56.58 %
    Recall                          : 49.10 %
  Error rate
    Error rate (ER)                 : 0.96 
    Deletion rate                   : 0.51 
    Insertion rate                  : 0.45 
  Accuracy
    Sensitivity                     : 49.10 %
    Specificity                     : 92.07 %
    Balanced accuracy               : 70.59 %
    Accuracy                        : 85.62 %
  

  Class-wise metrics
  ======================================
    Event label  | Nref    Nsys  | F        Pre      Rec    | ER       Del      Ins    | Sens     Spec     Bacc     Acc     
    ------------ | -----   ----- | ------   ------   ------ | ------   ------   ------ | ------   ------   ------   ------  
    air_condit.. | 2798    3352  | 42.1%    38.6%    46.3%  | 1.27     0.54     0.74   | 46.3%    86.9%    66.6%    80.8%   
    car_horn     | 2328    2163  | 54.7%    56.8%    52.8%  | 0.87     0.47     0.40   | 52.8%    94.2%    73.5%    89.0%   
    children_p.. | 2997    788   | 30.1%    72.2%    19.0%  | 0.88     0.81     0.07   | 19.0%    98.6%    58.8%    85.7%   
    dog_bark     | 2740    1710  | 52.3%    68.1%    42.5%  | 0.77     0.58     0.20   | 42.5%    96.5%    69.5%    88.6%   
    drilling     | 2912    3867  | 55.8%    48.9%    64.9%  | 1.03     0.35     0.68   | 64.9%    87.4%    76.1%    83.8%   
    engine_idl.. | 3009    2985  | 50.4%    50.6%    50.2%  | 0.99     0.50     0.49   | 50.2%    90.5%    70.3%    84.0%   
    gun_shot     | 2385    1617  | 53.7%    66.4%    45.0%  | 0.78     0.55     0.23   | 45.0%    96.6%    70.8%    90.0%   
    jackhammer   | 2780    4092  | 67.8%    56.9%    83.7%  | 0.80     0.16     0.63   | 83.7%    88.8%    86.3%    88.1%   
    siren        | 2911    1158  | 38.3%    67.4%    26.8%  | 0.86     0.73     0.13   | 26.8%    97.6%    62.2%    86.5%   
    street_music | 2889    4325  | 47.9%    40.0%    59.8%  | 1.30     0.40     0.90   | 59.8%    83.4%    71.6%    79.8%   


Saving results to /beegfs/ci411/pcen/models/model_single_3/results.json
Done!
